[1.479s] Invoking command in '/home/matteo-melzer/gazebo_test/build/onrobot_rg_control': PYTHONPATH=/home/matteo-melzer/gazebo_test/build/onrobot_rg_control/prefix_override:/usr/lib/python3/dist-packages/colcon_core/task/python/colcon_distutils_commands:/home/matteo-melzer/gazebo_test/install/onrobot_rg_control/lib/python3.10/site-packages:${PYTHONPATH} /usr/bin/python3 -W ignore:setup.py install is deprecated -W ignore:easy_install command is deprecated setup.py develop --editable --build-directory /home/matteo-melzer/gazebo_test/build/onrobot_rg_control/build --no-deps symlink_data --force
[2.177s] running develop
[2.488s] running egg_info
[2.490s] writing onrobot_rg_control.egg-info/PKG-INFO
[2.491s] writing dependency_links to onrobot_rg_control.egg-info/dependency_links.txt
[2.492s] writing entry points to onrobot_rg_control.egg-info/entry_points.txt
[2.495s] writing requirements to onrobot_rg_control.egg-info/requires.txt
[2.500s] writing top-level names to onrobot_rg_control.egg-info/top_level.txt
[2.502s] reading manifest file 'onrobot_rg_control.egg-info/SOURCES.txt'
[2.502s] writing manifest file 'onrobot_rg_control.egg-info/SOURCES.txt'
[2.506s] running build_ext
[2.507s] Creating /home/matteo-melzer/gazebo_test/install/onrobot_rg_control/lib/python3.10/site-packages/onrobot-rg-control.egg-link (link to .)
[2.510s] Installing OnRobotRGController script to /home/matteo-melzer/gazebo_test/install/onrobot_rg_control/lib/onrobot_rg_control
[2.511s] Installing OnRobotRGControllerServer script to /home/matteo-melzer/gazebo_test/install/onrobot_rg_control/lib/onrobot_rg_control
[2.512s] 
[2.512s] Installed /home/matteo-melzer/gazebo_test/build/onrobot_rg_control
[2.518s] running symlink_data
[2.518s] symbolically linking /home/matteo-melzer/gazebo_test/build/onrobot_rg_control/resource/onrobot_rg_control -> /home/matteo-melzer/gazebo_test/install/onrobot_rg_control/share/ament_index/resource_index/packages
[2.518s] symbolically linking /home/matteo-melzer/gazebo_test/build/onrobot_rg_control/package.xml -> /home/matteo-melzer/gazebo_test/install/onrobot_rg_control/share/onrobot_rg_control
[2.518s] symbolically linking /home/matteo-melzer/gazebo_test/build/onrobot_rg_control/launch/bringup.launch.py -> /home/matteo-melzer/gazebo_test/install/onrobot_rg_control/share/onrobot_rg_control/launch
[2.583s] Invoked command in '/home/matteo-melzer/gazebo_test/build/onrobot_rg_control' returned '0': PYTHONPATH=/home/matteo-melzer/gazebo_test/build/onrobot_rg_control/prefix_override:/usr/lib/python3/dist-packages/colcon_core/task/python/colcon_distutils_commands:/home/matteo-melzer/gazebo_test/install/onrobot_rg_control/lib/python3.10/site-packages:${PYTHONPATH} /usr/bin/python3 -W ignore:setup.py install is deprecated -W ignore:easy_install command is deprecated setup.py develop --editable --build-directory /home/matteo-melzer/gazebo_test/build/onrobot_rg_control/build --no-deps symlink_data --force
