running develop
running egg_info
creating onrobot_rg_control.egg-info
writing onrobot_rg_control.egg-info/PKG-INFO
writing dependency_links to onrobot_rg_control.egg-info/dependency_links.txt
writing entry points to onrobot_rg_control.egg-info/entry_points.txt
writing requirements to onrobot_rg_control.egg-info/requires.txt
writing top-level names to onrobot_rg_control.egg-info/top_level.txt
writing manifest file 'onrobot_rg_control.egg-info/SOURCES.txt'
reading manifest file 'onrobot_rg_control.egg-info/SOURCES.txt'
writing manifest file 'onrobot_rg_control.egg-info/SOURCES.txt'
running build_ext
Creating /home/matteo-melzer/gazebo_test/install/onrobot_rg_control/lib/python3.10/site-packages/onrobot-rg-control.egg-link (link to .)
Installing OnRobotRGController script to /home/matteo-melzer/gazebo_test/install/onrobot_rg_control/lib/onrobot_rg_control
Installing OnRobotRGControllerServer script to /home/matteo-melzer/gazebo_test/install/onrobot_rg_control/lib/onrobot_rg_control

Installed /home/matteo-melzer/gazebo_test/build/onrobot_rg_control
running symlink_data
creating /home/matteo-melzer/gazebo_test/install/onrobot_rg_control/share/ament_index
creating /home/matteo-melzer/gazebo_test/install/onrobot_rg_control/share/ament_index/resource_index
creating /home/matteo-melzer/gazebo_test/install/onrobot_rg_control/share/ament_index/resource_index/packages
symbolically linking /home/matteo-melzer/gazebo_test/build/onrobot_rg_control/resource/onrobot_rg_control -> /home/matteo-melzer/gazebo_test/install/onrobot_rg_control/share/ament_index/resource_index/packages
symbolically linking /home/matteo-melzer/gazebo_test/build/onrobot_rg_control/package.xml -> /home/matteo-melzer/gazebo_test/install/onrobot_rg_control/share/onrobot_rg_control
creating /home/matteo-melzer/gazebo_test/install/onrobot_rg_control/share/onrobot_rg_control/launch
symbolically linking /home/matteo-melzer/gazebo_test/build/onrobot_rg_control/launch/bringup.launch.py -> /home/matteo-melzer/gazebo_test/install/onrobot_rg_control/share/onrobot_rg_control/launch
