-- Install configuration: ""
-- Up-to-date: /home/matteo-melzer/gazebo_test/install/onrobot_control/share/onrobot_control/launch
-- Up-to-date: /home/matteo-melzer/gazebo_test/install/onrobot_control/share/onrobot_control/launch/onrobot_rg_controller.launch.py
-- Up-to-date: /home/matteo-melzer/gazebo_test/install/onrobot_control/share/onrobot_control/config
-- Up-to-date: /home/matteo-melzer/gazebo_test/install/onrobot_control/share/onrobot_control/config/onrobot_rg_standalone.yaml
-- Up-to-date: /home/matteo-melzer/gazebo_test/install/onrobot_control/share/ament_index/resource_index/package_run_dependencies/onrobot_control
-- Up-to-date: /home/matteo-melzer/gazebo_test/install/onrobot_control/share/ament_index/resource_index/parent_prefix_path/onrobot_control
-- Up-to-date: /home/matteo-melzer/gazebo_test/install/onrobot_control/share/onrobot_control/environment/ament_prefix_path.sh
-- Up-to-date: /home/matteo-melzer/gazebo_test/install/onrobot_control/share/onrobot_control/environment/ament_prefix_path.dsv
-- Up-to-date: /home/matteo-melzer/gazebo_test/install/onrobot_control/share/onrobot_control/environment/path.sh
-- Up-to-date: /home/matteo-melzer/gazebo_test/install/onrobot_control/share/onrobot_control/environment/path.dsv
-- Up-to-date: /home/matteo-melzer/gazebo_test/install/onrobot_control/share/onrobot_control/local_setup.bash
-- Up-to-date: /home/matteo-melzer/gazebo_test/install/onrobot_control/share/onrobot_control/local_setup.sh
-- Up-to-date: /home/matteo-melzer/gazebo_test/install/onrobot_control/share/onrobot_control/local_setup.zsh
-- Up-to-date: /home/matteo-melzer/gazebo_test/install/onrobot_control/share/onrobot_control/local_setup.dsv
-- Up-to-date: /home/matteo-melzer/gazebo_test/install/onrobot_control/share/onrobot_control/package.dsv
-- Up-to-date: /home/matteo-melzer/gazebo_test/install/onrobot_control/share/ament_index/resource_index/packages/onrobot_control
-- Up-to-date: /home/matteo-melzer/gazebo_test/install/onrobot_control/share/onrobot_control/cmake/onrobot_controlConfig.cmake
-- Up-to-date: /home/matteo-melzer/gazebo_test/install/onrobot_control/share/onrobot_control/cmake/onrobot_controlConfig-version.cmake
-- Up-to-date: /home/matteo-melzer/gazebo_test/install/onrobot_control/share/onrobot_control/package.xml
