[0.017s] Invoking command in '/home/matteo-melzer/gazebo_test/build/net_ft_driver': CMAKE_PREFIX_PATH=${CMAKE_PREFIX_PATH}:/home/matteo-melzer/gazebo_test/install/onrobot_rg_modbus_tcp:/home/matteo-melzer/gazebo_test/install/onrobot_rg_control:/home/matteo-melzer/gazebo_test/install/onrobot_driver:/home/matteo-melzer/ros2_ws/install/py_srvcli:/home/matteo-melzer/ros2_ws/install/py_pubsub:/home/matteo-melzer/ws_moveit/install/moveit_configs_utils:/home/matteo-melzer/ws_moveit/install/launch_param_builder:/opt/ros/humble /usr/bin/cmake /home/matteo-melzer/gazebo_test/src/ros2_net_ft_driver/net_ft_driver -DAMENT_CMAKE_SYMLINK_INSTALL=1 -DCMAKE_INSTALL_PREFIX=/home/matteo-melzer/gazebo_test/install/net_ft_driver
[0.089s] -- The C compiler identification is GNU 11.4.0
[0.152s] -- The CXX compiler identification is GNU 11.4.0
[0.161s] -- Detecting C compiler ABI info
[0.277s] -- Detecting C compiler ABI info - done
[0.281s] -- Check for working C compiler: /usr/bin/cc - skipped
[0.282s] -- Detecting C compile features
[0.282s] -- Detecting C compile features - done
[0.285s] -- Detecting CXX compiler ABI info
[0.395s] -- Detecting CXX compiler ABI info - done
[0.404s] -- Check for working CXX compiler: /usr/bin/c++ - skipped
[0.404s] -- Detecting CXX compile features
[0.405s] -- Detecting CXX compile features - done
[0.420s] -- Found ament_cmake: 1.3.11 (/opt/ros/humble/share/ament_cmake/cmake)
[0.616s] -- Found Python3: /usr/bin/python3 (found version "3.10.12") found components: Interpreter 
[0.679s] -- Override CMake install command with custom implementation using symlinks instead of copying resources
[0.826s] -- Found asio_cmake_module: 1.2.0 (/opt/ros/humble/share/asio_cmake_module/cmake)
[0.839s] -- Found tinyxml2_vendor: 0.7.6 (/opt/ros/humble/share/tinyxml2_vendor/cmake)
[0.839s] -- Found ASIO: /usr/include  
[0.852s] -- Found PkgConfig: /usr/bin/pkg-config (found version "0.29.2") 
[0.854s] -- Checking for module 'curlpp'
[0.880s] --   Found curlpp, version 0.8.1
[1.012s] -- Found hardware_interface: 2.52.0 (/opt/ros/humble/share/hardware_interface/cmake)
[1.247s] -- Found rosidl_generator_c: 3.1.6 (/opt/ros/humble/share/rosidl_generator_c/cmake)
[1.265s] -- Found rosidl_adapter: 3.1.6 (/opt/ros/humble/share/rosidl_adapter/cmake)
[1.287s] -- Found rosidl_generator_cpp: 3.1.6 (/opt/ros/humble/share/rosidl_generator_cpp/cmake)
[1.316s] -- Using all available rosidl_typesupport_c: rosidl_typesupport_fastrtps_c;rosidl_typesupport_introspection_c
[1.360s] -- Using all available rosidl_typesupport_cpp: rosidl_typesupport_fastrtps_cpp;rosidl_typesupport_introspection_cpp
[1.732s] -- Found rmw_implementation_cmake: 6.1.2 (/opt/ros/humble/share/rmw_implementation_cmake/cmake)
[1.745s] -- Found rmw_fastrtps_cpp: 6.2.7 (/opt/ros/humble/share/rmw_fastrtps_cpp/cmake)
[1.806s] -- Found TinyXML2 via Config file: TinyXML2_DIR-NOTFOUND
[1.897s] -- Found OpenSSL: /usr/lib/x86_64-linux-gnu/libcrypto.so (found version "3.0.2")  
[1.899s] -- Found TinyXML2 via Config file: TinyXML2_DIR-NOTFOUND
[1.919s] -- Found FastRTPS: /opt/ros/humble/include  
[1.924s] -- Found TinyXML2 via Config file: TinyXML2_DIR-NOTFOUND
[1.935s] -- Found TinyXML2 via Config file: TinyXML2_DIR-NOTFOUND
[1.950s] -- Using RMW implementation 'rmw_fastrtps_cpp' as default
[1.985s] -- Looking for pthread.h
[2.101s] -- Looking for pthread.h - found
[2.101s] -- Performing Test CMAKE_HAVE_LIBC_PTHREAD
[2.215s] -- Performing Test CMAKE_HAVE_LIBC_PTHREAD - Success
[2.215s] -- Found Threads: TRUE  
[2.295s] -- Found TinyXML2 via Config file: TinyXML2_DIR-NOTFOUND
[2.392s] -- Configuring done
[2.404s] -- Generating done
[2.408s] -- Build files have been written to: /home/matteo-melzer/gazebo_test/build/net_ft_driver
[2.417s] Invoked command in '/home/matteo-melzer/gazebo_test/build/net_ft_driver' returned '0': CMAKE_PREFIX_PATH=${CMAKE_PREFIX_PATH}:/home/matteo-melzer/gazebo_test/install/onrobot_rg_modbus_tcp:/home/matteo-melzer/gazebo_test/install/onrobot_rg_control:/home/matteo-melzer/gazebo_test/install/onrobot_driver:/home/matteo-melzer/ros2_ws/install/py_srvcli:/home/matteo-melzer/ros2_ws/install/py_pubsub:/home/matteo-melzer/ws_moveit/install/moveit_configs_utils:/home/matteo-melzer/ws_moveit/install/launch_param_builder:/opt/ros/humble /usr/bin/cmake /home/matteo-melzer/gazebo_test/src/ros2_net_ft_driver/net_ft_driver -DAMENT_CMAKE_SYMLINK_INSTALL=1 -DCMAKE_INSTALL_PREFIX=/home/matteo-melzer/gazebo_test/install/net_ft_driver
[2.418s] Invoking command in '/home/matteo-melzer/gazebo_test/build/net_ft_driver': CMAKE_PREFIX_PATH=${CMAKE_PREFIX_PATH}:/home/matteo-melzer/gazebo_test/install/onrobot_rg_modbus_tcp:/home/matteo-melzer/gazebo_test/install/onrobot_rg_control:/home/matteo-melzer/gazebo_test/install/onrobot_driver:/home/matteo-melzer/ros2_ws/install/py_srvcli:/home/matteo-melzer/ros2_ws/install/py_pubsub:/home/matteo-melzer/ws_moveit/install/moveit_configs_utils:/home/matteo-melzer/ws_moveit/install/launch_param_builder:/opt/ros/humble /usr/bin/cmake --build /home/matteo-melzer/gazebo_test/build/net_ft_driver -- -j2 -l2
[2.509s] [ 16%] [32mBuilding CXX object CMakeFiles/net_ft_driver.dir/src/hardware_interface.cpp.o[0m
[6.385s] [ 33%] [32mBuilding CXX object CMakeFiles/net_ft_driver.dir/src/interfaces/net_ft_interface.cpp.o[0m
[8.217s] [ 50%] [32mBuilding CXX object CMakeFiles/net_ft_driver.dir/src/interfaces/ati_ft_interface.cpp.o[0m
[9.733s] [ 66%] [32mBuilding CXX object CMakeFiles/net_ft_driver.dir/src/interfaces/ati_axia_ft_interface.cpp.o[0m
[11.207s] [ 83%] [32mBuilding CXX object CMakeFiles/net_ft_driver.dir/src/interfaces/onrobot_ft_interface.cpp.o[0m
[12.844s] [100%] [32m[1mLinking CXX shared library libnet_ft_driver.so[0m
[13.280s] [100%] Built target net_ft_driver
[13.326s] Invoked command in '/home/matteo-melzer/gazebo_test/build/net_ft_driver' returned '0': CMAKE_PREFIX_PATH=${CMAKE_PREFIX_PATH}:/home/matteo-melzer/gazebo_test/install/onrobot_rg_modbus_tcp:/home/matteo-melzer/gazebo_test/install/onrobot_rg_control:/home/matteo-melzer/gazebo_test/install/onrobot_driver:/home/matteo-melzer/ros2_ws/install/py_srvcli:/home/matteo-melzer/ros2_ws/install/py_pubsub:/home/matteo-melzer/ws_moveit/install/moveit_configs_utils:/home/matteo-melzer/ws_moveit/install/launch_param_builder:/opt/ros/humble /usr/bin/cmake --build /home/matteo-melzer/gazebo_test/build/net_ft_driver -- -j2 -l2
[13.327s] Invoking command in '/home/matteo-melzer/gazebo_test/build/net_ft_driver': CMAKE_PREFIX_PATH=${CMAKE_PREFIX_PATH}:/home/matteo-melzer/gazebo_test/install/onrobot_rg_modbus_tcp:/home/matteo-melzer/gazebo_test/install/onrobot_rg_control:/home/matteo-melzer/gazebo_test/install/onrobot_driver:/home/matteo-melzer/ros2_ws/install/py_srvcli:/home/matteo-melzer/ros2_ws/install/py_pubsub:/home/matteo-melzer/ws_moveit/install/moveit_configs_utils:/home/matteo-melzer/ws_moveit/install/launch_param_builder:/opt/ros/humble /usr/bin/cmake --install /home/matteo-melzer/gazebo_test/build/net_ft_driver
[13.367s] -- Install configuration: ""
[13.367s] -- Execute custom install script
[13.367s] -- Symlinking: /home/matteo-melzer/gazebo_test/install/net_ft_driver/share/net_ft_driver//hardware_interface_plugin.xml
[13.400s] -- Symlinking: /home/matteo-melzer/gazebo_test/install/net_ft_driver/lib/libnet_ft_driver.so
[13.435s] -- Symlinking: /home/matteo-melzer/gazebo_test/install/net_ft_driver/include/net_ft_driver/hardware_interface.hpp
[13.462s] -- Symlinking: /home/matteo-melzer/gazebo_test/install/net_ft_driver/include/net_ft_driver/interfaces/ati_axia_ft_interface.hpp
[13.493s] -- Symlinking: /home/matteo-melzer/gazebo_test/install/net_ft_driver/include/net_ft_driver/interfaces/ati_ft_interface.hpp
[13.522s] -- Symlinking: /home/matteo-melzer/gazebo_test/install/net_ft_driver/include/net_ft_driver/interfaces/net_ft_interface.hpp
[13.561s] -- Symlinking: /home/matteo-melzer/gazebo_test/install/net_ft_driver/include/net_ft_driver/interfaces/onrobot_ft_interface.hpp
[13.585s] -- Symlinking: /home/matteo-melzer/gazebo_test/install/net_ft_driver/include/net_ft_driver/visibility_control.h
[13.601s] -- Symlinking: /home/matteo-melzer/gazebo_test/install/net_ft_driver/share/net_ft_driver/config/net_ft_broadcaster.yaml
[13.612s] -- Symlinking: /home/matteo-melzer/gazebo_test/install/net_ft_driver/share/net_ft_driver/launch/net_ft_broadcaster.launch.py
[13.646s] -- Symlinking: /home/matteo-melzer/gazebo_test/install/net_ft_driver/share/net_ft_driver/environment/library_path.sh
[13.672s] -- Symlinking: /home/matteo-melzer/gazebo_test/install/net_ft_driver/share/net_ft_driver/environment/library_path.dsv
[13.687s] -- Symlinking: /home/matteo-melzer/gazebo_test/install/net_ft_driver/share/ament_index/resource_index/package_run_dependencies/net_ft_driver
[13.700s] -- Symlinking: /home/matteo-melzer/gazebo_test/install/net_ft_driver/share/ament_index/resource_index/parent_prefix_path/net_ft_driver
[13.720s] -- Symlinking: /home/matteo-melzer/gazebo_test/install/net_ft_driver/share/net_ft_driver/environment/ament_prefix_path.sh
[13.747s] -- Symlinking: /home/matteo-melzer/gazebo_test/install/net_ft_driver/share/net_ft_driver/environment/ament_prefix_path.dsv
[13.781s] -- Symlinking: /home/matteo-melzer/gazebo_test/install/net_ft_driver/share/net_ft_driver/environment/path.sh
[13.808s] -- Symlinking: /home/matteo-melzer/gazebo_test/install/net_ft_driver/share/net_ft_driver/environment/path.dsv
[13.843s] -- Symlinking: /home/matteo-melzer/gazebo_test/install/net_ft_driver/share/net_ft_driver/local_setup.bash
[13.873s] -- Symlinking: /home/matteo-melzer/gazebo_test/install/net_ft_driver/share/net_ft_driver/local_setup.sh
[13.901s] -- Symlinking: /home/matteo-melzer/gazebo_test/install/net_ft_driver/share/net_ft_driver/local_setup.zsh
[13.933s] -- Symlinking: /home/matteo-melzer/gazebo_test/install/net_ft_driver/share/net_ft_driver/local_setup.dsv
[13.958s] -- Symlinking: /home/matteo-melzer/gazebo_test/install/net_ft_driver/share/net_ft_driver/package.dsv
[13.981s] -- Symlinking: /home/matteo-melzer/gazebo_test/install/net_ft_driver/share/ament_index/resource_index/packages/net_ft_driver
[14.000s] -- Symlinking: /home/matteo-melzer/gazebo_test/install/net_ft_driver/share/ament_index/resource_index/hardware_interface__pluginlib__plugin/net_ft_driver
[14.039s] -- Symlinking: /home/matteo-melzer/gazebo_test/install/net_ft_driver/share/net_ft_driver/cmake/ament_cmake_export_include_directories-extras.cmake
[14.080s] -- Symlinking: /home/matteo-melzer/gazebo_test/install/net_ft_driver/share/net_ft_driver/cmake/ament_cmake_export_libraries-extras.cmake
[14.123s] -- Symlinking: /home/matteo-melzer/gazebo_test/install/net_ft_driver/share/net_ft_driver/cmake/ament_cmake_export_dependencies-extras.cmake
[14.176s] -- Symlinking: /home/matteo-melzer/gazebo_test/install/net_ft_driver/share/net_ft_driver/cmake/net_ft_driverConfig.cmake
[14.220s] -- Symlinking: /home/matteo-melzer/gazebo_test/install/net_ft_driver/share/net_ft_driver/cmake/net_ft_driverConfig-version.cmake
[14.265s] -- Symlinking: /home/matteo-melzer/gazebo_test/install/net_ft_driver/share/net_ft_driver/package.xml
[14.290s] Invoked command in '/home/matteo-melzer/gazebo_test/build/net_ft_driver' returned '0': CMAKE_PREFIX_PATH=${CMAKE_PREFIX_PATH}:/home/matteo-melzer/gazebo_test/install/onrobot_rg_modbus_tcp:/home/matteo-melzer/gazebo_test/install/onrobot_rg_control:/home/matteo-melzer/gazebo_test/install/onrobot_driver:/home/matteo-melzer/ros2_ws/install/py_srvcli:/home/matteo-melzer/ros2_ws/install/py_pubsub:/home/matteo-melzer/ws_moveit/install/moveit_configs_utils:/home/matteo-melzer/ws_moveit/install/launch_param_builder:/opt/ros/humble /usr/bin/cmake --install /home/matteo-melzer/gazebo_test/build/net_ft_driver
