[0.046s] Invoking command in '/home/matteo-melzer/gazebo_test/build/net_ft_diagnostic_broadcaster': CMAKE_PREFIX_PATH=${CMAKE_PREFIX_PATH}:/home/matteo-melzer/gazebo_test/install/onrobot_rg_modbus_tcp:/home/matteo-melzer/gazebo_test/install/onrobot_rg_control:/home/matteo-melzer/gazebo_test/install/onrobot_driver:/home/matteo-melzer/ros2_ws/install/py_srvcli:/home/matteo-melzer/ros2_ws/install/py_pubsub:/home/matteo-melzer/ws_moveit/install/moveit_configs_utils:/home/matteo-melzer/ws_moveit/install/launch_param_builder:/opt/ros/humble /usr/bin/cmake /home/matteo-melzer/gazebo_test/src/ros2_net_ft_driver/net_ft_diagnostic_broadcaster -DAMENT_CMAKE_SYMLINK_INSTALL=1 -DCMAKE_INSTALL_PREFIX=/home/matteo-melzer/gazebo_test/install/net_ft_diagnostic_broadcaster
[0.237s] -- The C compiler identification is GNU 11.4.0
[0.324s] -- The CXX compiler identification is GNU 11.4.0
[0.336s] -- Detecting C compiler ABI info
[0.457s] -- Detecting C compiler ABI info - done
[0.465s] -- Check for working C compiler: /usr/bin/cc - skipped
[0.468s] -- Detecting C compile features
[0.468s] -- Detecting C compile features - done
[0.471s] -- Detecting CXX compiler ABI info
[0.647s] -- Detecting CXX compiler ABI info - done
[0.670s] -- Check for working CXX compiler: /usr/bin/c++ - skipped
[0.670s] -- Detecting CXX compile features
[0.671s] -- Detecting CXX compile features - done
[0.694s] -- Found ament_cmake: 1.3.11 (/opt/ros/humble/share/ament_cmake/cmake)
[1.077s] -- Found Python3: /usr/bin/python3 (found version "3.10.12") found components: Interpreter 
[1.159s] -- Override CMake install command with custom implementation using symlinks instead of copying resources
[1.396s] -- Found controller_interface: 2.51.0 (/opt/ros/humble/share/controller_interface/cmake)
[1.734s] -- Found rosidl_generator_c: 3.1.6 (/opt/ros/humble/share/rosidl_generator_c/cmake)
[1.787s] -- Found rosidl_adapter: 3.1.6 (/opt/ros/humble/share/rosidl_adapter/cmake)
[1.864s] -- Found rosidl_generator_cpp: 3.1.6 (/opt/ros/humble/share/rosidl_generator_cpp/cmake)
[1.924s] -- Using all available rosidl_typesupport_c: rosidl_typesupport_fastrtps_c;rosidl_typesupport_introspection_c
[2.028s] -- Using all available rosidl_typesupport_cpp: rosidl_typesupport_fastrtps_cpp;rosidl_typesupport_introspection_cpp
[3.276s] -- Found rmw_implementation_cmake: 6.1.2 (/opt/ros/humble/share/rmw_implementation_cmake/cmake)
[3.302s] -- Found rmw_fastrtps_cpp: 6.2.7 (/opt/ros/humble/share/rmw_fastrtps_cpp/cmake)
[3.442s] -- Found TinyXML2 via Config file: TinyXML2_DIR-NOTFOUND
[3.640s] -- Found OpenSSL: /usr/lib/x86_64-linux-gnu/libcrypto.so (found version "3.0.2")  
[3.645s] -- Found TinyXML2 via Config file: TinyXML2_DIR-NOTFOUND
[3.690s] -- Found FastRTPS: /opt/ros/humble/include  
[3.701s] -- Found TinyXML2 via Config file: TinyXML2_DIR-NOTFOUND
[3.720s] -- Found TinyXML2 via Config file: TinyXML2_DIR-NOTFOUND
[3.752s] -- Using RMW implementation 'rmw_fastrtps_cpp' as default
[3.816s] -- Looking for pthread.h
[3.967s] -- Looking for pthread.h - found
[3.969s] -- Performing Test CMAKE_HAVE_LIBC_PTHREAD
[4.168s] -- Performing Test CMAKE_HAVE_LIBC_PTHREAD - Success
[4.168s] -- Found Threads: TRUE  
[4.393s] -- Found diagnostic_msgs: 4.9.0 (/opt/ros/humble/share/diagnostic_msgs/cmake)
[4.426s] -- Found diagnostic_updater: 4.0.6 (/opt/ros/humble/share/diagnostic_updater/cmake)
[4.585s] -- Configuring done
[4.630s] -- Generating done
[4.641s] -- Build files have been written to: /home/matteo-melzer/gazebo_test/build/net_ft_diagnostic_broadcaster
[4.652s] Invoked command in '/home/matteo-melzer/gazebo_test/build/net_ft_diagnostic_broadcaster' returned '0': CMAKE_PREFIX_PATH=${CMAKE_PREFIX_PATH}:/home/matteo-melzer/gazebo_test/install/onrobot_rg_modbus_tcp:/home/matteo-melzer/gazebo_test/install/onrobot_rg_control:/home/matteo-melzer/gazebo_test/install/onrobot_driver:/home/matteo-melzer/ros2_ws/install/py_srvcli:/home/matteo-melzer/ros2_ws/install/py_pubsub:/home/matteo-melzer/ws_moveit/install/moveit_configs_utils:/home/matteo-melzer/ws_moveit/install/launch_param_builder:/opt/ros/humble /usr/bin/cmake /home/matteo-melzer/gazebo_test/src/ros2_net_ft_driver/net_ft_diagnostic_broadcaster -DAMENT_CMAKE_SYMLINK_INSTALL=1 -DCMAKE_INSTALL_PREFIX=/home/matteo-melzer/gazebo_test/install/net_ft_diagnostic_broadcaster
[4.653s] Invoking command in '/home/matteo-melzer/gazebo_test/build/net_ft_diagnostic_broadcaster': CMAKE_PREFIX_PATH=${CMAKE_PREFIX_PATH}:/home/matteo-melzer/gazebo_test/install/onrobot_rg_modbus_tcp:/home/matteo-melzer/gazebo_test/install/onrobot_rg_control:/home/matteo-melzer/gazebo_test/install/onrobot_driver:/home/matteo-melzer/ros2_ws/install/py_srvcli:/home/matteo-melzer/ros2_ws/install/py_pubsub:/home/matteo-melzer/ws_moveit/install/moveit_configs_utils:/home/matteo-melzer/ws_moveit/install/launch_param_builder:/opt/ros/humble /usr/bin/cmake --build /home/matteo-melzer/gazebo_test/build/net_ft_diagnostic_broadcaster -- -j2 -l2
[4.767s] [ 50%] [32mBuilding CXX object CMakeFiles/net_ft_diagnostic_broadcaster.dir/src/net_ft_diagnostic_broadcaster.cpp.o[0m
[15.162s] [100%] [32m[1mLinking CXX shared library libnet_ft_diagnostic_broadcaster.so[0m
[15.689s] [100%] Built target net_ft_diagnostic_broadcaster
[15.721s] Invoked command in '/home/matteo-melzer/gazebo_test/build/net_ft_diagnostic_broadcaster' returned '0': CMAKE_PREFIX_PATH=${CMAKE_PREFIX_PATH}:/home/matteo-melzer/gazebo_test/install/onrobot_rg_modbus_tcp:/home/matteo-melzer/gazebo_test/install/onrobot_rg_control:/home/matteo-melzer/gazebo_test/install/onrobot_driver:/home/matteo-melzer/ros2_ws/install/py_srvcli:/home/matteo-melzer/ros2_ws/install/py_pubsub:/home/matteo-melzer/ws_moveit/install/moveit_configs_utils:/home/matteo-melzer/ws_moveit/install/launch_param_builder:/opt/ros/humble /usr/bin/cmake --build /home/matteo-melzer/gazebo_test/build/net_ft_diagnostic_broadcaster -- -j2 -l2
[15.735s] Invoking command in '/home/matteo-melzer/gazebo_test/build/net_ft_diagnostic_broadcaster': CMAKE_PREFIX_PATH=${CMAKE_PREFIX_PATH}:/home/matteo-melzer/gazebo_test/install/onrobot_rg_modbus_tcp:/home/matteo-melzer/gazebo_test/install/onrobot_rg_control:/home/matteo-melzer/gazebo_test/install/onrobot_driver:/home/matteo-melzer/ros2_ws/install/py_srvcli:/home/matteo-melzer/ros2_ws/install/py_pubsub:/home/matteo-melzer/ws_moveit/install/moveit_configs_utils:/home/matteo-melzer/ws_moveit/install/launch_param_builder:/opt/ros/humble /usr/bin/cmake --install /home/matteo-melzer/gazebo_test/build/net_ft_diagnostic_broadcaster
[15.748s] -- Install configuration: ""
[15.749s] -- Execute custom install script
[15.755s] -- Symlinking: /home/matteo-melzer/gazebo_test/install/net_ft_diagnostic_broadcaster/share/net_ft_diagnostic_broadcaster//controller_plugins.xml
[15.781s] -- Symlinking: /home/matteo-melzer/gazebo_test/install/net_ft_diagnostic_broadcaster/lib/libnet_ft_diagnostic_broadcaster.so
[15.825s] -- Symlinking: /home/matteo-melzer/gazebo_test/install/net_ft_diagnostic_broadcaster/include/net_ft_diagnostic_broadcaster/net_ft_diagnostic_broadcaster.hpp
[15.869s] -- Up-to-date symlink: /home/matteo-melzer/gazebo_test/install/net_ft_diagnostic_broadcaster/share/net_ft_diagnostic_broadcaster/controller_plugins.xml
[15.869s] -- Symlinking: /home/matteo-melzer/gazebo_test/install/net_ft_diagnostic_broadcaster/share/net_ft_diagnostic_broadcaster/environment/library_path.sh
[15.897s] -- Symlinking: /home/matteo-melzer/gazebo_test/install/net_ft_diagnostic_broadcaster/share/net_ft_diagnostic_broadcaster/environment/library_path.dsv
[15.926s] -- Symlinking: /home/matteo-melzer/gazebo_test/install/net_ft_diagnostic_broadcaster/share/ament_index/resource_index/package_run_dependencies/net_ft_diagnostic_broadcaster
[15.962s] -- Symlinking: /home/matteo-melzer/gazebo_test/install/net_ft_diagnostic_broadcaster/share/ament_index/resource_index/parent_prefix_path/net_ft_diagnostic_broadcaster
[16.013s] -- Symlinking: /home/matteo-melzer/gazebo_test/install/net_ft_diagnostic_broadcaster/share/net_ft_diagnostic_broadcaster/environment/ament_prefix_path.sh
[16.048s] -- Symlinking: /home/matteo-melzer/gazebo_test/install/net_ft_diagnostic_broadcaster/share/net_ft_diagnostic_broadcaster/environment/ament_prefix_path.dsv
[16.111s] -- Symlinking: /home/matteo-melzer/gazebo_test/install/net_ft_diagnostic_broadcaster/share/net_ft_diagnostic_broadcaster/environment/path.sh
[16.159s] -- Symlinking: /home/matteo-melzer/gazebo_test/install/net_ft_diagnostic_broadcaster/share/net_ft_diagnostic_broadcaster/environment/path.dsv
[16.210s] -- Symlinking: /home/matteo-melzer/gazebo_test/install/net_ft_diagnostic_broadcaster/share/net_ft_diagnostic_broadcaster/local_setup.bash
[16.252s] -- Symlinking: /home/matteo-melzer/gazebo_test/install/net_ft_diagnostic_broadcaster/share/net_ft_diagnostic_broadcaster/local_setup.sh
[16.298s] -- Symlinking: /home/matteo-melzer/gazebo_test/install/net_ft_diagnostic_broadcaster/share/net_ft_diagnostic_broadcaster/local_setup.zsh
[16.332s] -- Symlinking: /home/matteo-melzer/gazebo_test/install/net_ft_diagnostic_broadcaster/share/net_ft_diagnostic_broadcaster/local_setup.dsv
[16.368s] -- Symlinking: /home/matteo-melzer/gazebo_test/install/net_ft_diagnostic_broadcaster/share/net_ft_diagnostic_broadcaster/package.dsv
[16.398s] -- Symlinking: /home/matteo-melzer/gazebo_test/install/net_ft_diagnostic_broadcaster/share/ament_index/resource_index/packages/net_ft_diagnostic_broadcaster
[16.426s] -- Symlinking: /home/matteo-melzer/gazebo_test/install/net_ft_diagnostic_broadcaster/share/ament_index/resource_index/controller_interface__pluginlib__plugin/net_ft_diagnostic_broadcaster
[16.470s] -- Symlinking: /home/matteo-melzer/gazebo_test/install/net_ft_diagnostic_broadcaster/share/net_ft_diagnostic_broadcaster/cmake/ament_cmake_export_dependencies-extras.cmake
[16.499s] -- Symlinking: /home/matteo-melzer/gazebo_test/install/net_ft_diagnostic_broadcaster/share/net_ft_diagnostic_broadcaster/cmake/ament_cmake_export_include_directories-extras.cmake
[16.543s] -- Symlinking: /home/matteo-melzer/gazebo_test/install/net_ft_diagnostic_broadcaster/share/net_ft_diagnostic_broadcaster/cmake/ament_cmake_export_libraries-extras.cmake
[16.577s] -- Symlinking: /home/matteo-melzer/gazebo_test/install/net_ft_diagnostic_broadcaster/share/net_ft_diagnostic_broadcaster/cmake/net_ft_diagnostic_broadcasterConfig.cmake
[16.626s] -- Symlinking: /home/matteo-melzer/gazebo_test/install/net_ft_diagnostic_broadcaster/share/net_ft_diagnostic_broadcaster/cmake/net_ft_diagnostic_broadcasterConfig-version.cmake
[16.668s] -- Symlinking: /home/matteo-melzer/gazebo_test/install/net_ft_diagnostic_broadcaster/share/net_ft_diagnostic_broadcaster/package.xml
[16.705s] Invoked command in '/home/matteo-melzer/gazebo_test/build/net_ft_diagnostic_broadcaster' returned '0': CMAKE_PREFIX_PATH=${CMAKE_PREFIX_PATH}:/home/matteo-melzer/gazebo_test/install/onrobot_rg_modbus_tcp:/home/matteo-melzer/gazebo_test/install/onrobot_rg_control:/home/matteo-melzer/gazebo_test/install/onrobot_driver:/home/matteo-melzer/ros2_ws/install/py_srvcli:/home/matteo-melzer/ros2_ws/install/py_pubsub:/home/matteo-melzer/ws_moveit/install/moveit_configs_utils:/home/matteo-melzer/ws_moveit/install/launch_param_builder:/opt/ros/humble /usr/bin/cmake --install /home/matteo-melzer/gazebo_test/build/net_ft_diagnostic_broadcaster
