[0.028s] Invoking command in '/home/matteo-melzer/gazebo_test/build/realsense2_camera_msgs': CMAKE_PREFIX_PATH=${CMAKE_PREFIX_PATH}:/home/matteo-melzer/gazebo_test/install/onrobot_rg_modbus_tcp:/home/matteo-melzer/gazebo_test/install/onrobot_rg_control:/home/matteo-melzer/gazebo_test/install/onrobot_driver:/home/matteo-melzer/ros2_ws/install/py_srvcli:/home/matteo-melzer/ros2_ws/install/py_pubsub:/home/matteo-melzer/ws_moveit/install/moveit_configs_utils:/home/matteo-melzer/ws_moveit/install/launch_param_builder:/opt/ros/humble /usr/bin/cmake --build /home/matteo-melzer/gazebo_test/build/realsense2_camera_msgs -- -j2 -l2
[0.120s] [  1%] Built target realsense2_camera_msgs__cpp
[0.187s] [ 12%] Built target realsense2_camera_msgs__rosidl_generator_c
[0.263s] [ 12%] Built target ament_cmake_python_symlink_realsense2_camera_msgs
[0.327s] [ 24%] Built target realsense2_camera_msgs__rosidl_typesupport_cpp
[0.396s] [ 35%] Built target realsense2_camera_msgs__rosidl_typesupport_fastrtps_c
[0.452s] [ 47%] Built target realsense2_camera_msgs__rosidl_typesupport_introspection_c
[0.499s] [ 58%] Built target realsense2_camera_msgs__rosidl_typesupport_c
[0.550s] [ 70%] Built target realsense2_camera_msgs__rosidl_typesupport_fastrtps_cpp
[0.610s] [ 81%] Built target realsense2_camera_msgs__rosidl_typesupport_introspection_cpp
[0.888s] running egg_info
[0.889s] writing realsense2_camera_msgs.egg-info/PKG-INFO
[0.890s] writing dependency_links to realsense2_camera_msgs.egg-info/dependency_links.txt
[0.891s] writing top-level names to realsense2_camera_msgs.egg-info/top_level.txt
[0.894s] reading manifest file 'realsense2_camera_msgs.egg-info/SOURCES.txt'
[0.895s] writing manifest file 'realsense2_camera_msgs.egg-info/SOURCES.txt'
[0.931s] [ 81%] Built target ament_cmake_python_build_realsense2_camera_msgs_egg
[0.971s] [ 81%] Built target realsense2_camera_msgs
[1.009s] [ 82%] Built target realsense2_camera_msgs__py
[1.056s] [ 93%] Built target realsense2_camera_msgs__rosidl_generator_py
[1.115s] [ 95%] Built target realsense2_camera_msgs__rosidl_typesupport_fastrtps_c__pyext
[1.162s] [ 97%] Built target realsense2_camera_msgs__rosidl_typesupport_introspection_c__pyext
[1.202s] [100%] Built target realsense2_camera_msgs__rosidl_typesupport_c__pyext
[1.231s] Invoked command in '/home/matteo-melzer/gazebo_test/build/realsense2_camera_msgs' returned '0': CMAKE_PREFIX_PATH=${CMAKE_PREFIX_PATH}:/home/matteo-melzer/gazebo_test/install/onrobot_rg_modbus_tcp:/home/matteo-melzer/gazebo_test/install/onrobot_rg_control:/home/matteo-melzer/gazebo_test/install/onrobot_driver:/home/matteo-melzer/ros2_ws/install/py_srvcli:/home/matteo-melzer/ros2_ws/install/py_pubsub:/home/matteo-melzer/ws_moveit/install/moveit_configs_utils:/home/matteo-melzer/ws_moveit/install/launch_param_builder:/opt/ros/humble /usr/bin/cmake --build /home/matteo-melzer/gazebo_test/build/realsense2_camera_msgs -- -j2 -l2
[1.232s] Invoking command in '/home/matteo-melzer/gazebo_test/build/realsense2_camera_msgs': CMAKE_PREFIX_PATH=${CMAKE_PREFIX_PATH}:/home/matteo-melzer/gazebo_test/install/onrobot_rg_modbus_tcp:/home/matteo-melzer/gazebo_test/install/onrobot_rg_control:/home/matteo-melzer/gazebo_test/install/onrobot_driver:/home/matteo-melzer/ros2_ws/install/py_srvcli:/home/matteo-melzer/ros2_ws/install/py_pubsub:/home/matteo-melzer/ws_moveit/install/moveit_configs_utils:/home/matteo-melzer/ws_moveit/install/launch_param_builder:/opt/ros/humble /usr/bin/cmake --install /home/matteo-melzer/gazebo_test/build/realsense2_camera_msgs
[1.257s] -- Install configuration: ""
[1.257s] -- Execute custom install script
[1.257s] -- Up-to-date symlink: /home/matteo-melzer/gazebo_test/install/realsense2_camera_msgs/share/ament_index/resource_index/rosidl_interfaces/realsense2_camera_msgs
[1.258s] -- Up-to-date symlink: /home/matteo-melzer/gazebo_test/install/realsense2_camera_msgs/include/realsense2_camera_msgs/realsense2_camera_msgs/action/detail/triggered_calibration__functions.h
[1.259s] -- Up-to-date symlink: /home/matteo-melzer/gazebo_test/install/realsense2_camera_msgs/include/realsense2_camera_msgs/realsense2_camera_msgs/action/detail/triggered_calibration__struct.h
[1.259s] -- Up-to-date symlink: /home/matteo-melzer/gazebo_test/install/realsense2_camera_msgs/include/realsense2_camera_msgs/realsense2_camera_msgs/action/detail/triggered_calibration__type_support.h
[1.262s] -- Up-to-date symlink: /home/matteo-melzer/gazebo_test/install/realsense2_camera_msgs/include/realsense2_camera_msgs/realsense2_camera_msgs/action/triggered_calibration.h
[1.262s] -- Up-to-date symlink: /home/matteo-melzer/gazebo_test/install/realsense2_camera_msgs/include/realsense2_camera_msgs/realsense2_camera_msgs/msg/detail/extrinsics__functions.h
[1.262s] -- Up-to-date symlink: /home/matteo-melzer/gazebo_test/install/realsense2_camera_msgs/include/realsense2_camera_msgs/realsense2_camera_msgs/msg/detail/extrinsics__struct.h
[1.262s] -- Up-to-date symlink: /home/matteo-melzer/gazebo_test/install/realsense2_camera_msgs/include/realsense2_camera_msgs/realsense2_camera_msgs/msg/detail/extrinsics__type_support.h
[1.262s] -- Up-to-date symlink: /home/matteo-melzer/gazebo_test/install/realsense2_camera_msgs/include/realsense2_camera_msgs/realsense2_camera_msgs/msg/detail/imu_info__functions.h
[1.262s] -- Up-to-date symlink: /home/matteo-melzer/gazebo_test/install/realsense2_camera_msgs/include/realsense2_camera_msgs/realsense2_camera_msgs/msg/detail/imu_info__struct.h
[1.262s] -- Up-to-date symlink: /home/matteo-melzer/gazebo_test/install/realsense2_camera_msgs/include/realsense2_camera_msgs/realsense2_camera_msgs/msg/detail/imu_info__type_support.h
[1.264s] -- Up-to-date symlink: /home/matteo-melzer/gazebo_test/install/realsense2_camera_msgs/include/realsense2_camera_msgs/realsense2_camera_msgs/msg/detail/metadata__functions.h
[1.264s] -- Up-to-date symlink: /home/matteo-melzer/gazebo_test/install/realsense2_camera_msgs/include/realsense2_camera_msgs/realsense2_camera_msgs/msg/detail/metadata__struct.h
[1.264s] -- Up-to-date symlink: /home/matteo-melzer/gazebo_test/install/realsense2_camera_msgs/include/realsense2_camera_msgs/realsense2_camera_msgs/msg/detail/metadata__type_support.h
[1.265s] -- Up-to-date symlink: /home/matteo-melzer/gazebo_test/install/realsense2_camera_msgs/include/realsense2_camera_msgs/realsense2_camera_msgs/msg/detail/rgbd__functions.h
[1.267s] -- Up-to-date symlink: /home/matteo-melzer/gazebo_test/install/realsense2_camera_msgs/include/realsense2_camera_msgs/realsense2_camera_msgs/msg/detail/rgbd__struct.h
[1.267s] -- Up-to-date symlink: /home/matteo-melzer/gazebo_test/install/realsense2_camera_msgs/include/realsense2_camera_msgs/realsense2_camera_msgs/msg/detail/rgbd__type_support.h
[1.267s] -- Up-to-date symlink: /home/matteo-melzer/gazebo_test/install/realsense2_camera_msgs/include/realsense2_camera_msgs/realsense2_camera_msgs/msg/extrinsics.h
[1.267s] -- Up-to-date symlink: /home/matteo-melzer/gazebo_test/install/realsense2_camera_msgs/include/realsense2_camera_msgs/realsense2_camera_msgs/msg/imu_info.h
[1.267s] -- Up-to-date symlink: /home/matteo-melzer/gazebo_test/install/realsense2_camera_msgs/include/realsense2_camera_msgs/realsense2_camera_msgs/msg/metadata.h
[1.267s] -- Up-to-date symlink: /home/matteo-melzer/gazebo_test/install/realsense2_camera_msgs/include/realsense2_camera_msgs/realsense2_camera_msgs/msg/rgbd.h
[1.272s] -- Up-to-date symlink: /home/matteo-melzer/gazebo_test/install/realsense2_camera_msgs/include/realsense2_camera_msgs/realsense2_camera_msgs/msg/rosidl_generator_c__visibility_control.h
[1.272s] -- Up-to-date symlink: /home/matteo-melzer/gazebo_test/install/realsense2_camera_msgs/include/realsense2_camera_msgs/realsense2_camera_msgs/srv/calib_config_read.h
[1.272s] -- Up-to-date symlink: /home/matteo-melzer/gazebo_test/install/realsense2_camera_msgs/include/realsense2_camera_msgs/realsense2_camera_msgs/srv/calib_config_write.h
[1.272s] -- Up-to-date symlink: /home/matteo-melzer/gazebo_test/install/realsense2_camera_msgs/include/realsense2_camera_msgs/realsense2_camera_msgs/srv/detail/calib_config_read__functions.h
[1.272s] -- Up-to-date symlink: /home/matteo-melzer/gazebo_test/install/realsense2_camera_msgs/include/realsense2_camera_msgs/realsense2_camera_msgs/srv/detail/calib_config_read__struct.h
[1.272s] -- Up-to-date symlink: /home/matteo-melzer/gazebo_test/install/realsense2_camera_msgs/include/realsense2_camera_msgs/realsense2_camera_msgs/srv/detail/calib_config_read__type_support.h
[1.272s] -- Up-to-date symlink: /home/matteo-melzer/gazebo_test/install/realsense2_camera_msgs/include/realsense2_camera_msgs/realsense2_camera_msgs/srv/detail/calib_config_write__functions.h
[1.272s] -- Up-to-date symlink: /home/matteo-melzer/gazebo_test/install/realsense2_camera_msgs/include/realsense2_camera_msgs/realsense2_camera_msgs/srv/detail/calib_config_write__struct.h
[1.272s] -- Up-to-date symlink: /home/matteo-melzer/gazebo_test/install/realsense2_camera_msgs/include/realsense2_camera_msgs/realsense2_camera_msgs/srv/detail/calib_config_write__type_support.h
[1.272s] -- Up-to-date symlink: /home/matteo-melzer/gazebo_test/install/realsense2_camera_msgs/include/realsense2_camera_msgs/realsense2_camera_msgs/srv/detail/device_info__functions.h
[1.272s] -- Up-to-date symlink: /home/matteo-melzer/gazebo_test/install/realsense2_camera_msgs/include/realsense2_camera_msgs/realsense2_camera_msgs/srv/detail/device_info__struct.h
[1.272s] -- Up-to-date symlink: /home/matteo-melzer/gazebo_test/install/realsense2_camera_msgs/include/realsense2_camera_msgs/realsense2_camera_msgs/srv/detail/device_info__type_support.h
[1.272s] -- Up-to-date symlink: /home/matteo-melzer/gazebo_test/install/realsense2_camera_msgs/include/realsense2_camera_msgs/realsense2_camera_msgs/srv/device_info.h
[1.275s] -- Up-to-date symlink: /home/matteo-melzer/gazebo_test/install/realsense2_camera_msgs/share/realsense2_camera_msgs/environment/library_path.sh
[1.275s] -- Up-to-date symlink: /home/matteo-melzer/gazebo_test/install/realsense2_camera_msgs/share/realsense2_camera_msgs/environment/library_path.dsv
[1.275s] -- Up-to-date symlink: /home/matteo-melzer/gazebo_test/install/realsense2_camera_msgs/include/realsense2_camera_msgs/realsense2_camera_msgs/action/detail/triggered_calibration__rosidl_typesupport_fastrtps_c.h
[1.276s] -- Up-to-date symlink: /home/matteo-melzer/gazebo_test/install/realsense2_camera_msgs/include/realsense2_camera_msgs/realsense2_camera_msgs/msg/detail/extrinsics__rosidl_typesupport_fastrtps_c.h
[1.277s] -- Up-to-date symlink: /home/matteo-melzer/gazebo_test/install/realsense2_camera_msgs/include/realsense2_camera_msgs/realsense2_camera_msgs/msg/detail/imu_info__rosidl_typesupport_fastrtps_c.h
[1.278s] -- Up-to-date symlink: /home/matteo-melzer/gazebo_test/install/realsense2_camera_msgs/include/realsense2_camera_msgs/realsense2_camera_msgs/msg/detail/metadata__rosidl_typesupport_fastrtps_c.h
[1.279s] -- Up-to-date symlink: /home/matteo-melzer/gazebo_test/install/realsense2_camera_msgs/include/realsense2_camera_msgs/realsense2_camera_msgs/msg/detail/rgbd__rosidl_typesupport_fastrtps_c.h
[1.279s] -- Up-to-date symlink: /home/matteo-melzer/gazebo_test/install/realsense2_camera_msgs/include/realsense2_camera_msgs/realsense2_camera_msgs/msg/rosidl_typesupport_fastrtps_c__visibility_control.h
[1.286s] -- Up-to-date symlink: /home/matteo-melzer/gazebo_test/install/realsense2_camera_msgs/include/realsense2_camera_msgs/realsense2_camera_msgs/srv/detail/calib_config_read__rosidl_typesupport_fastrtps_c.h
[1.286s] -- Up-to-date symlink: /home/matteo-melzer/gazebo_test/install/realsense2_camera_msgs/include/realsense2_camera_msgs/realsense2_camera_msgs/srv/detail/calib_config_write__rosidl_typesupport_fastrtps_c.h
[1.286s] -- Up-to-date symlink: /home/matteo-melzer/gazebo_test/install/realsense2_camera_msgs/include/realsense2_camera_msgs/realsense2_camera_msgs/srv/detail/device_info__rosidl_typesupport_fastrtps_c.h
[1.286s] -- Up-to-date symlink: /home/matteo-melzer/gazebo_test/install/realsense2_camera_msgs/include/realsense2_camera_msgs/realsense2_camera_msgs/action/detail/triggered_calibration__rosidl_typesupport_introspection_c.h
[1.286s] -- Up-to-date symlink: /home/matteo-melzer/gazebo_test/install/realsense2_camera_msgs/include/realsense2_camera_msgs/realsense2_camera_msgs/msg/detail/extrinsics__rosidl_typesupport_introspection_c.h
[1.286s] -- Up-to-date symlink: /home/matteo-melzer/gazebo_test/install/realsense2_camera_msgs/include/realsense2_camera_msgs/realsense2_camera_msgs/msg/detail/imu_info__rosidl_typesupport_introspection_c.h
[1.286s] -- Up-to-date symlink: /home/matteo-melzer/gazebo_test/install/realsense2_camera_msgs/include/realsense2_camera_msgs/realsense2_camera_msgs/msg/detail/metadata__rosidl_typesupport_introspection_c.h
[1.286s] -- Up-to-date symlink: /home/matteo-melzer/gazebo_test/install/realsense2_camera_msgs/include/realsense2_camera_msgs/realsense2_camera_msgs/msg/detail/rgbd__rosidl_typesupport_introspection_c.h
[1.286s] -- Up-to-date symlink: /home/matteo-melzer/gazebo_test/install/realsense2_camera_msgs/include/realsense2_camera_msgs/realsense2_camera_msgs/msg/rosidl_typesupport_introspection_c__visibility_control.h
[1.286s] -- Up-to-date symlink: /home/matteo-melzer/gazebo_test/install/realsense2_camera_msgs/include/realsense2_camera_msgs/realsense2_camera_msgs/srv/detail/calib_config_read__rosidl_typesupport_introspection_c.h
[1.286s] -- Up-to-date symlink: /home/matteo-melzer/gazebo_test/install/realsense2_camera_msgs/include/realsense2_camera_msgs/realsense2_camera_msgs/srv/detail/calib_config_write__rosidl_typesupport_introspection_c.h
[1.286s] -- Up-to-date symlink: /home/matteo-melzer/gazebo_test/install/realsense2_camera_msgs/include/realsense2_camera_msgs/realsense2_camera_msgs/srv/detail/device_info__rosidl_typesupport_introspection_c.h
[1.286s] -- Up-to-date symlink: /home/matteo-melzer/gazebo_test/install/realsense2_camera_msgs/include/realsense2_camera_msgs/realsense2_camera_msgs/action/detail/triggered_calibration__builder.hpp
[1.286s] -- Up-to-date symlink: /home/matteo-melzer/gazebo_test/install/realsense2_camera_msgs/include/realsense2_camera_msgs/realsense2_camera_msgs/action/detail/triggered_calibration__struct.hpp
[1.286s] -- Up-to-date symlink: /home/matteo-melzer/gazebo_test/install/realsense2_camera_msgs/include/realsense2_camera_msgs/realsense2_camera_msgs/action/detail/triggered_calibration__traits.hpp
[1.286s] -- Up-to-date symlink: /home/matteo-melzer/gazebo_test/install/realsense2_camera_msgs/include/realsense2_camera_msgs/realsense2_camera_msgs/action/detail/triggered_calibration__type_support.hpp
[1.286s] -- Up-to-date symlink: /home/matteo-melzer/gazebo_test/install/realsense2_camera_msgs/include/realsense2_camera_msgs/realsense2_camera_msgs/action/triggered_calibration.hpp
[1.286s] -- Up-to-date symlink: /home/matteo-melzer/gazebo_test/install/realsense2_camera_msgs/include/realsense2_camera_msgs/realsense2_camera_msgs/msg/detail/extrinsics__builder.hpp
[1.286s] -- Up-to-date symlink: /home/matteo-melzer/gazebo_test/install/realsense2_camera_msgs/include/realsense2_camera_msgs/realsense2_camera_msgs/msg/detail/extrinsics__struct.hpp
[1.287s] -- Up-to-date symlink: /home/matteo-melzer/gazebo_test/install/realsense2_camera_msgs/include/realsense2_camera_msgs/realsense2_camera_msgs/msg/detail/extrinsics__traits.hpp
[1.287s] -- Up-to-date symlink: /home/matteo-melzer/gazebo_test/install/realsense2_camera_msgs/include/realsense2_camera_msgs/realsense2_camera_msgs/msg/detail/extrinsics__type_support.hpp
[1.287s] -- Up-to-date symlink: /home/matteo-melzer/gazebo_test/install/realsense2_camera_msgs/include/realsense2_camera_msgs/realsense2_camera_msgs/msg/detail/imu_info__builder.hpp
[1.287s] -- Up-to-date symlink: /home/matteo-melzer/gazebo_test/install/realsense2_camera_msgs/include/realsense2_camera_msgs/realsense2_camera_msgs/msg/detail/imu_info__struct.hpp
[1.287s] -- Up-to-date symlink: /home/matteo-melzer/gazebo_test/install/realsense2_camera_msgs/include/realsense2_camera_msgs/realsense2_camera_msgs/msg/detail/imu_info__traits.hpp
[1.292s] -- Up-to-date symlink: /home/matteo-melzer/gazebo_test/install/realsense2_camera_msgs/include/realsense2_camera_msgs/realsense2_camera_msgs/msg/detail/imu_info__type_support.hpp
[1.292s] -- Up-to-date symlink: /home/matteo-melzer/gazebo_test/install/realsense2_camera_msgs/include/realsense2_camera_msgs/realsense2_camera_msgs/msg/detail/metadata__builder.hpp
[1.293s] -- Up-to-date symlink: /home/matteo-melzer/gazebo_test/install/realsense2_camera_msgs/include/realsense2_camera_msgs/realsense2_camera_msgs/msg/detail/metadata__struct.hpp
[1.293s] -- Up-to-date symlink: /home/matteo-melzer/gazebo_test/install/realsense2_camera_msgs/include/realsense2_camera_msgs/realsense2_camera_msgs/msg/detail/metadata__traits.hpp
[1.293s] -- Up-to-date symlink: /home/matteo-melzer/gazebo_test/install/realsense2_camera_msgs/include/realsense2_camera_msgs/realsense2_camera_msgs/msg/detail/metadata__type_support.hpp
[1.293s] -- Up-to-date symlink: /home/matteo-melzer/gazebo_test/install/realsense2_camera_msgs/include/realsense2_camera_msgs/realsense2_camera_msgs/msg/detail/rgbd__builder.hpp
[1.296s] -- Up-to-date symlink: /home/matteo-melzer/gazebo_test/install/realsense2_camera_msgs/include/realsense2_camera_msgs/realsense2_camera_msgs/msg/detail/rgbd__struct.hpp
[1.296s] -- Up-to-date symlink: /home/matteo-melzer/gazebo_test/install/realsense2_camera_msgs/include/realsense2_camera_msgs/realsense2_camera_msgs/msg/detail/rgbd__traits.hpp
[1.296s] -- Up-to-date symlink: /home/matteo-melzer/gazebo_test/install/realsense2_camera_msgs/include/realsense2_camera_msgs/realsense2_camera_msgs/msg/detail/rgbd__type_support.hpp
[1.296s] -- Up-to-date symlink: /home/matteo-melzer/gazebo_test/install/realsense2_camera_msgs/include/realsense2_camera_msgs/realsense2_camera_msgs/msg/extrinsics.hpp
[1.296s] -- Up-to-date symlink: /home/matteo-melzer/gazebo_test/install/realsense2_camera_msgs/include/realsense2_camera_msgs/realsense2_camera_msgs/msg/imu_info.hpp
[1.299s] -- Up-to-date symlink: /home/matteo-melzer/gazebo_test/install/realsense2_camera_msgs/include/realsense2_camera_msgs/realsense2_camera_msgs/msg/metadata.hpp
[1.299s] -- Up-to-date symlink: /home/matteo-melzer/gazebo_test/install/realsense2_camera_msgs/include/realsense2_camera_msgs/realsense2_camera_msgs/msg/rgbd.hpp
[1.299s] -- Up-to-date symlink: /home/matteo-melzer/gazebo_test/install/realsense2_camera_msgs/include/realsense2_camera_msgs/realsense2_camera_msgs/msg/rosidl_generator_cpp__visibility_control.hpp
[1.299s] -- Up-to-date symlink: /home/matteo-melzer/gazebo_test/install/realsense2_camera_msgs/include/realsense2_camera_msgs/realsense2_camera_msgs/srv/calib_config_read.hpp
[1.299s] -- Up-to-date symlink: /home/matteo-melzer/gazebo_test/install/realsense2_camera_msgs/include/realsense2_camera_msgs/realsense2_camera_msgs/srv/calib_config_write.hpp
[1.299s] -- Up-to-date symlink: /home/matteo-melzer/gazebo_test/install/realsense2_camera_msgs/include/realsense2_camera_msgs/realsense2_camera_msgs/srv/detail/calib_config_read__builder.hpp
[1.299s] -- Up-to-date symlink: /home/matteo-melzer/gazebo_test/install/realsense2_camera_msgs/include/realsense2_camera_msgs/realsense2_camera_msgs/srv/detail/calib_config_read__struct.hpp
[1.299s] -- Up-to-date symlink: /home/matteo-melzer/gazebo_test/install/realsense2_camera_msgs/include/realsense2_camera_msgs/realsense2_camera_msgs/srv/detail/calib_config_read__traits.hpp
[1.299s] -- Up-to-date symlink: /home/matteo-melzer/gazebo_test/install/realsense2_camera_msgs/include/realsense2_camera_msgs/realsense2_camera_msgs/srv/detail/calib_config_read__type_support.hpp
[1.299s] -- Up-to-date symlink: /home/matteo-melzer/gazebo_test/install/realsense2_camera_msgs/include/realsense2_camera_msgs/realsense2_camera_msgs/srv/detail/calib_config_write__builder.hpp
[1.299s] -- Up-to-date symlink: /home/matteo-melzer/gazebo_test/install/realsense2_camera_msgs/include/realsense2_camera_msgs/realsense2_camera_msgs/srv/detail/calib_config_write__struct.hpp
[1.299s] -- Up-to-date symlink: /home/matteo-melzer/gazebo_test/install/realsense2_camera_msgs/include/realsense2_camera_msgs/realsense2_camera_msgs/srv/detail/calib_config_write__traits.hpp
[1.299s] -- Up-to-date symlink: /home/matteo-melzer/gazebo_test/install/realsense2_camera_msgs/include/realsense2_camera_msgs/realsense2_camera_msgs/srv/detail/calib_config_write__type_support.hpp
[1.299s] -- Up-to-date symlink: /home/matteo-melzer/gazebo_test/install/realsense2_camera_msgs/include/realsense2_camera_msgs/realsense2_camera_msgs/srv/detail/device_info__builder.hpp
[1.299s] -- Up-to-date symlink: /home/matteo-melzer/gazebo_test/install/realsense2_camera_msgs/include/realsense2_camera_msgs/realsense2_camera_msgs/srv/detail/device_info__struct.hpp
[1.299s] -- Up-to-date symlink: /home/matteo-melzer/gazebo_test/install/realsense2_camera_msgs/include/realsense2_camera_msgs/realsense2_camera_msgs/srv/detail/device_info__traits.hpp
[1.299s] -- Up-to-date symlink: /home/matteo-melzer/gazebo_test/install/realsense2_camera_msgs/include/realsense2_camera_msgs/realsense2_camera_msgs/srv/detail/device_info__type_support.hpp
[1.299s] -- Up-to-date symlink: /home/matteo-melzer/gazebo_test/install/realsense2_camera_msgs/include/realsense2_camera_msgs/realsense2_camera_msgs/srv/device_info.hpp
[1.306s] -- Up-to-date symlink: /home/matteo-melzer/gazebo_test/install/realsense2_camera_msgs/include/realsense2_camera_msgs/realsense2_camera_msgs/action/detail/triggered_calibration__rosidl_typesupport_fastrtps_cpp.hpp
[1.306s] -- Up-to-date symlink: /home/matteo-melzer/gazebo_test/install/realsense2_camera_msgs/include/realsense2_camera_msgs/realsense2_camera_msgs/msg/detail/extrinsics__rosidl_typesupport_fastrtps_cpp.hpp
[1.306s] -- Up-to-date symlink: /home/matteo-melzer/gazebo_test/install/realsense2_camera_msgs/include/realsense2_camera_msgs/realsense2_camera_msgs/msg/detail/imu_info__rosidl_typesupport_fastrtps_cpp.hpp
[1.306s] -- Up-to-date symlink: /home/matteo-melzer/gazebo_test/install/realsense2_camera_msgs/include/realsense2_camera_msgs/realsense2_camera_msgs/msg/detail/metadata__rosidl_typesupport_fastrtps_cpp.hpp
[1.306s] -- Up-to-date symlink: /home/matteo-melzer/gazebo_test/install/realsense2_camera_msgs/include/realsense2_camera_msgs/realsense2_camera_msgs/msg/detail/rgbd__rosidl_typesupport_fastrtps_cpp.hpp
[1.307s] -- Up-to-date symlink: /home/matteo-melzer/gazebo_test/install/realsense2_camera_msgs/include/realsense2_camera_msgs/realsense2_camera_msgs/msg/rosidl_typesupport_fastrtps_cpp__visibility_control.h
[1.307s] -- Up-to-date symlink: /home/matteo-melzer/gazebo_test/install/realsense2_camera_msgs/include/realsense2_camera_msgs/realsense2_camera_msgs/srv/detail/calib_config_read__rosidl_typesupport_fastrtps_cpp.hpp
[1.307s] -- Up-to-date symlink: /home/matteo-melzer/gazebo_test/install/realsense2_camera_msgs/include/realsense2_camera_msgs/realsense2_camera_msgs/srv/detail/calib_config_write__rosidl_typesupport_fastrtps_cpp.hpp
[1.307s] -- Up-to-date symlink: /home/matteo-melzer/gazebo_test/install/realsense2_camera_msgs/include/realsense2_camera_msgs/realsense2_camera_msgs/srv/detail/device_info__rosidl_typesupport_fastrtps_cpp.hpp
[1.307s] -- Up-to-date symlink: /home/matteo-melzer/gazebo_test/install/realsense2_camera_msgs/include/realsense2_camera_msgs/realsense2_camera_msgs/action/detail/triggered_calibration__rosidl_typesupport_introspection_cpp.hpp
[1.307s] -- Up-to-date symlink: /home/matteo-melzer/gazebo_test/install/realsense2_camera_msgs/include/realsense2_camera_msgs/realsense2_camera_msgs/msg/detail/extrinsics__rosidl_typesupport_introspection_cpp.hpp
[1.308s] -- Up-to-date symlink: /home/matteo-melzer/gazebo_test/install/realsense2_camera_msgs/include/realsense2_camera_msgs/realsense2_camera_msgs/msg/detail/imu_info__rosidl_typesupport_introspection_cpp.hpp
[1.308s] -- Up-to-date symlink: /home/matteo-melzer/gazebo_test/install/realsense2_camera_msgs/include/realsense2_camera_msgs/realsense2_camera_msgs/msg/detail/metadata__rosidl_typesupport_introspection_cpp.hpp
[1.312s] -- Up-to-date symlink: /home/matteo-melzer/gazebo_test/install/realsense2_camera_msgs/include/realsense2_camera_msgs/realsense2_camera_msgs/msg/detail/rgbd__rosidl_typesupport_introspection_cpp.hpp
[1.312s] -- Up-to-date symlink: /home/matteo-melzer/gazebo_test/install/realsense2_camera_msgs/include/realsense2_camera_msgs/realsense2_camera_msgs/srv/detail/calib_config_read__rosidl_typesupport_introspection_cpp.hpp
[1.312s] -- Up-to-date symlink: /home/matteo-melzer/gazebo_test/install/realsense2_camera_msgs/include/realsense2_camera_msgs/realsense2_camera_msgs/srv/detail/calib_config_write__rosidl_typesupport_introspection_cpp.hpp
[1.312s] -- Up-to-date symlink: /home/matteo-melzer/gazebo_test/install/realsense2_camera_msgs/include/realsense2_camera_msgs/realsense2_camera_msgs/srv/detail/device_info__rosidl_typesupport_introspection_cpp.hpp
[1.312s] -- Up-to-date symlink: /home/matteo-melzer/gazebo_test/install/realsense2_camera_msgs/share/realsense2_camera_msgs/environment/pythonpath.sh
[1.312s] -- Up-to-date symlink: /home/matteo-melzer/gazebo_test/install/realsense2_camera_msgs/share/realsense2_camera_msgs/environment/pythonpath.dsv
[1.312s] -- Up-to-date symlink: /home/matteo-melzer/gazebo_test/install/realsense2_camera_msgs/local/lib/python3.10/dist-packages/realsense2_camera_msgs-4.56.4-py3.10.egg-info/PKG-INFO
[1.312s] -- Up-to-date symlink: /home/matteo-melzer/gazebo_test/install/realsense2_camera_msgs/local/lib/python3.10/dist-packages/realsense2_camera_msgs-4.56.4-py3.10.egg-info/SOURCES.txt
[1.312s] -- Up-to-date symlink: /home/matteo-melzer/gazebo_test/install/realsense2_camera_msgs/local/lib/python3.10/dist-packages/realsense2_camera_msgs-4.56.4-py3.10.egg-info/dependency_links.txt
[1.312s] -- Up-to-date symlink: /home/matteo-melzer/gazebo_test/install/realsense2_camera_msgs/local/lib/python3.10/dist-packages/realsense2_camera_msgs-4.56.4-py3.10.egg-info/top_level.txt
[1.313s] -- Up-to-date symlink: /home/matteo-melzer/gazebo_test/install/realsense2_camera_msgs/local/lib/python3.10/dist-packages/realsense2_camera_msgs/__init__.py
[1.313s] -- Up-to-date symlink: /home/matteo-melzer/gazebo_test/install/realsense2_camera_msgs/local/lib/python3.10/dist-packages/realsense2_camera_msgs/_realsense2_camera_msgs_s.ep.rosidl_typesupport_c.c
[1.313s] -- Up-to-date symlink: /home/matteo-melzer/gazebo_test/install/realsense2_camera_msgs/local/lib/python3.10/dist-packages/realsense2_camera_msgs/_realsense2_camera_msgs_s.ep.rosidl_typesupport_fastrtps_c.c
[1.313s] -- Up-to-date symlink: /home/matteo-melzer/gazebo_test/install/realsense2_camera_msgs/local/lib/python3.10/dist-packages/realsense2_camera_msgs/_realsense2_camera_msgs_s.ep.rosidl_typesupport_introspection_c.c
[1.313s] -- Up-to-date symlink: /home/matteo-melzer/gazebo_test/install/realsense2_camera_msgs/local/lib/python3.10/dist-packages/realsense2_camera_msgs/action/__init__.py
[1.313s] -- Up-to-date symlink: /home/matteo-melzer/gazebo_test/install/realsense2_camera_msgs/local/lib/python3.10/dist-packages/realsense2_camera_msgs/action/_triggered_calibration.py
[1.313s] -- Up-to-date symlink: /home/matteo-melzer/gazebo_test/install/realsense2_camera_msgs/local/lib/python3.10/dist-packages/realsense2_camera_msgs/action/_triggered_calibration_s.c
[1.315s] -- Up-to-date symlink: /home/matteo-melzer/gazebo_test/install/realsense2_camera_msgs/local/lib/python3.10/dist-packages/realsense2_camera_msgs/librealsense2_camera_msgs__rosidl_generator_py.so
[1.316s] -- Up-to-date symlink: /home/matteo-melzer/gazebo_test/install/realsense2_camera_msgs/local/lib/python3.10/dist-packages/realsense2_camera_msgs/msg/__init__.py
[1.317s] -- Up-to-date symlink: /home/matteo-melzer/gazebo_test/install/realsense2_camera_msgs/local/lib/python3.10/dist-packages/realsense2_camera_msgs/msg/_extrinsics.py
[1.317s] -- Up-to-date symlink: /home/matteo-melzer/gazebo_test/install/realsense2_camera_msgs/local/lib/python3.10/dist-packages/realsense2_camera_msgs/msg/_extrinsics_s.c
[1.317s] -- Up-to-date symlink: /home/matteo-melzer/gazebo_test/install/realsense2_camera_msgs/local/lib/python3.10/dist-packages/realsense2_camera_msgs/msg/_imu_info.py
[1.322s] -- Up-to-date symlink: /home/matteo-melzer/gazebo_test/install/realsense2_camera_msgs/local/lib/python3.10/dist-packages/realsense2_camera_msgs/msg/_imu_info_s.c
[1.322s] -- Up-to-date symlink: /home/matteo-melzer/gazebo_test/install/realsense2_camera_msgs/local/lib/python3.10/dist-packages/realsense2_camera_msgs/msg/_metadata.py
[1.322s] -- Up-to-date symlink: /home/matteo-melzer/gazebo_test/install/realsense2_camera_msgs/local/lib/python3.10/dist-packages/realsense2_camera_msgs/msg/_metadata_s.c
[1.322s] -- Up-to-date symlink: /home/matteo-melzer/gazebo_test/install/realsense2_camera_msgs/local/lib/python3.10/dist-packages/realsense2_camera_msgs/msg/_rgbd.py
[1.322s] -- Up-to-date symlink: /home/matteo-melzer/gazebo_test/install/realsense2_camera_msgs/local/lib/python3.10/dist-packages/realsense2_camera_msgs/msg/_rgbd_s.c
[1.322s] -- Up-to-date symlink: /home/matteo-melzer/gazebo_test/install/realsense2_camera_msgs/local/lib/python3.10/dist-packages/realsense2_camera_msgs/realsense2_camera_msgs_s__rosidl_typesupport_c.cpython-310-x86_64-linux-gnu.so
[1.322s] -- Up-to-date symlink: /home/matteo-melzer/gazebo_test/install/realsense2_camera_msgs/local/lib/python3.10/dist-packages/realsense2_camera_msgs/realsense2_camera_msgs_s__rosidl_typesupport_fastrtps_c.cpython-310-x86_64-linux-gnu.so
[1.322s] -- Up-to-date symlink: /home/matteo-melzer/gazebo_test/install/realsense2_camera_msgs/local/lib/python3.10/dist-packages/realsense2_camera_msgs/realsense2_camera_msgs_s__rosidl_typesupport_introspection_c.cpython-310-x86_64-linux-gnu.so
[1.322s] -- Up-to-date symlink: /home/matteo-melzer/gazebo_test/install/realsense2_camera_msgs/local/lib/python3.10/dist-packages/realsense2_camera_msgs/srv/__init__.py
[1.322s] -- Up-to-date symlink: /home/matteo-melzer/gazebo_test/install/realsense2_camera_msgs/local/lib/python3.10/dist-packages/realsense2_camera_msgs/srv/_calib_config_read.py
[1.322s] -- Up-to-date symlink: /home/matteo-melzer/gazebo_test/install/realsense2_camera_msgs/local/lib/python3.10/dist-packages/realsense2_camera_msgs/srv/_calib_config_read_s.c
[1.322s] -- Up-to-date symlink: /home/matteo-melzer/gazebo_test/install/realsense2_camera_msgs/local/lib/python3.10/dist-packages/realsense2_camera_msgs/srv/_calib_config_write.py
[1.323s] -- Up-to-date symlink: /home/matteo-melzer/gazebo_test/install/realsense2_camera_msgs/local/lib/python3.10/dist-packages/realsense2_camera_msgs/srv/_calib_config_write_s.c
[1.323s] -- Up-to-date symlink: /home/matteo-melzer/gazebo_test/install/realsense2_camera_msgs/local/lib/python3.10/dist-packages/realsense2_camera_msgs/srv/_device_info.py
[1.323s] -- Up-to-date symlink: /home/matteo-melzer/gazebo_test/install/realsense2_camera_msgs/local/lib/python3.10/dist-packages/realsense2_camera_msgs/srv/_device_info_s.c
[1.323s] -- Up-to-date symlink: /home/matteo-melzer/gazebo_test/install/realsense2_camera_msgs/local/lib/python3.10/dist-packages/realsense2_camera_msgs/realsense2_camera_msgs_s__rosidl_typesupport_fastrtps_c.cpython-310-x86_64-linux-gnu.so
[1.325s] -- Up-to-date symlink: /home/matteo-melzer/gazebo_test/install/realsense2_camera_msgs/local/lib/python3.10/dist-packages/realsense2_camera_msgs/realsense2_camera_msgs_s__rosidl_typesupport_introspection_c.cpython-310-x86_64-linux-gnu.so
[1.326s] -- Up-to-date symlink: /home/matteo-melzer/gazebo_test/install/realsense2_camera_msgs/local/lib/python3.10/dist-packages/realsense2_camera_msgs/realsense2_camera_msgs_s__rosidl_typesupport_c.cpython-310-x86_64-linux-gnu.so
[1.326s] -- Up-to-date symlink: /home/matteo-melzer/gazebo_test/install/realsense2_camera_msgs/share/realsense2_camera_msgs/msg/IMUInfo.idl
[1.326s] -- Up-to-date symlink: /home/matteo-melzer/gazebo_test/install/realsense2_camera_msgs/share/realsense2_camera_msgs/msg/Extrinsics.idl
[1.326s] -- Up-to-date symlink: /home/matteo-melzer/gazebo_test/install/realsense2_camera_msgs/share/realsense2_camera_msgs/msg/Metadata.idl
[1.327s] -- Up-to-date symlink: /home/matteo-melzer/gazebo_test/install/realsense2_camera_msgs/share/realsense2_camera_msgs/msg/RGBD.idl
[1.329s] -- Up-to-date symlink: /home/matteo-melzer/gazebo_test/install/realsense2_camera_msgs/share/realsense2_camera_msgs/srv/DeviceInfo.idl
[1.329s] -- Up-to-date symlink: /home/matteo-melzer/gazebo_test/install/realsense2_camera_msgs/share/realsense2_camera_msgs/srv/CalibConfigRead.idl
[1.329s] -- Up-to-date symlink: /home/matteo-melzer/gazebo_test/install/realsense2_camera_msgs/share/realsense2_camera_msgs/srv/CalibConfigWrite.idl
[1.331s] -- Up-to-date symlink: /home/matteo-melzer/gazebo_test/install/realsense2_camera_msgs/share/realsense2_camera_msgs/action/TriggeredCalibration.idl
[1.332s] -- Up-to-date symlink: /home/matteo-melzer/gazebo_test/install/realsense2_camera_msgs/share/realsense2_camera_msgs/msg/IMUInfo.msg
[1.332s] -- Up-to-date symlink: /home/matteo-melzer/gazebo_test/install/realsense2_camera_msgs/share/realsense2_camera_msgs/msg/Extrinsics.msg
[1.332s] -- Up-to-date symlink: /home/matteo-melzer/gazebo_test/install/realsense2_camera_msgs/share/realsense2_camera_msgs/msg/Metadata.msg
[1.332s] -- Up-to-date symlink: /home/matteo-melzer/gazebo_test/install/realsense2_camera_msgs/share/realsense2_camera_msgs/msg/RGBD.msg
[1.332s] -- Up-to-date symlink: /home/matteo-melzer/gazebo_test/install/realsense2_camera_msgs/share/realsense2_camera_msgs/srv/DeviceInfo.srv
[1.332s] -- Up-to-date symlink: /home/matteo-melzer/gazebo_test/install/realsense2_camera_msgs/share/realsense2_camera_msgs/srv/DeviceInfo_Request.msg
[1.332s] -- Up-to-date symlink: /home/matteo-melzer/gazebo_test/install/realsense2_camera_msgs/share/realsense2_camera_msgs/srv/DeviceInfo_Response.msg
[1.332s] -- Up-to-date symlink: /home/matteo-melzer/gazebo_test/install/realsense2_camera_msgs/share/realsense2_camera_msgs/srv/CalibConfigRead.srv
[1.332s] -- Up-to-date symlink: /home/matteo-melzer/gazebo_test/install/realsense2_camera_msgs/share/realsense2_camera_msgs/srv/CalibConfigRead_Request.msg
[1.332s] -- Up-to-date symlink: /home/matteo-melzer/gazebo_test/install/realsense2_camera_msgs/share/realsense2_camera_msgs/srv/CalibConfigRead_Response.msg
[1.332s] -- Up-to-date symlink: /home/matteo-melzer/gazebo_test/install/realsense2_camera_msgs/share/realsense2_camera_msgs/srv/CalibConfigWrite.srv
[1.332s] -- Up-to-date symlink: /home/matteo-melzer/gazebo_test/install/realsense2_camera_msgs/share/realsense2_camera_msgs/srv/CalibConfigWrite_Request.msg
[1.332s] -- Up-to-date symlink: /home/matteo-melzer/gazebo_test/install/realsense2_camera_msgs/share/realsense2_camera_msgs/srv/CalibConfigWrite_Response.msg
[1.332s] -- Up-to-date symlink: /home/matteo-melzer/gazebo_test/install/realsense2_camera_msgs/share/realsense2_camera_msgs/action/TriggeredCalibration.action
[1.338s] -- Up-to-date symlink: /home/matteo-melzer/gazebo_test/install/realsense2_camera_msgs/share/ament_index/resource_index/package_run_dependencies/realsense2_camera_msgs
[1.338s] -- Up-to-date symlink: /home/matteo-melzer/gazebo_test/install/realsense2_camera_msgs/share/ament_index/resource_index/parent_prefix_path/realsense2_camera_msgs
[1.338s] -- Up-to-date symlink: /home/matteo-melzer/gazebo_test/install/realsense2_camera_msgs/share/realsense2_camera_msgs/environment/ament_prefix_path.sh
[1.338s] -- Up-to-date symlink: /home/matteo-melzer/gazebo_test/install/realsense2_camera_msgs/share/realsense2_camera_msgs/environment/ament_prefix_path.dsv
[1.338s] -- Up-to-date symlink: /home/matteo-melzer/gazebo_test/install/realsense2_camera_msgs/share/realsense2_camera_msgs/environment/path.sh
[1.338s] -- Up-to-date symlink: /home/matteo-melzer/gazebo_test/install/realsense2_camera_msgs/share/realsense2_camera_msgs/environment/path.dsv
[1.338s] -- Up-to-date symlink: /home/matteo-melzer/gazebo_test/install/realsense2_camera_msgs/share/realsense2_camera_msgs/local_setup.bash
[1.338s] -- Up-to-date symlink: /home/matteo-melzer/gazebo_test/install/realsense2_camera_msgs/share/realsense2_camera_msgs/local_setup.sh
[1.338s] -- Up-to-date symlink: /home/matteo-melzer/gazebo_test/install/realsense2_camera_msgs/share/realsense2_camera_msgs/local_setup.zsh
[1.338s] -- Up-to-date symlink: /home/matteo-melzer/gazebo_test/install/realsense2_camera_msgs/share/realsense2_camera_msgs/local_setup.dsv
[1.338s] -- Symlinking: /home/matteo-melzer/gazebo_test/install/realsense2_camera_msgs/share/realsense2_camera_msgs/package.dsv
[1.361s] -- Up-to-date symlink: /home/matteo-melzer/gazebo_test/install/realsense2_camera_msgs/share/ament_index/resource_index/packages/realsense2_camera_msgs
[1.361s] -- Up-to-date symlink: /home/matteo-melzer/gazebo_test/install/realsense2_camera_msgs/share/realsense2_camera_msgs/cmake/rosidl_cmake-extras.cmake
[1.361s] -- Up-to-date symlink: /home/matteo-melzer/gazebo_test/install/realsense2_camera_msgs/share/realsense2_camera_msgs/cmake/ament_cmake_export_dependencies-extras.cmake
[1.361s] -- Up-to-date symlink: /home/matteo-melzer/gazebo_test/install/realsense2_camera_msgs/share/realsense2_camera_msgs/cmake/ament_cmake_export_include_directories-extras.cmake
[1.361s] -- Up-to-date symlink: /home/matteo-melzer/gazebo_test/install/realsense2_camera_msgs/share/realsense2_camera_msgs/cmake/ament_cmake_export_libraries-extras.cmake
[1.361s] -- Up-to-date symlink: /home/matteo-melzer/gazebo_test/install/realsense2_camera_msgs/share/realsense2_camera_msgs/cmake/ament_cmake_export_targets-extras.cmake
[1.361s] -- Up-to-date symlink: /home/matteo-melzer/gazebo_test/install/realsense2_camera_msgs/share/realsense2_camera_msgs/cmake/rosidl_cmake_export_typesupport_targets-extras.cmake
[1.363s] -- Up-to-date symlink: /home/matteo-melzer/gazebo_test/install/realsense2_camera_msgs/share/realsense2_camera_msgs/cmake/rosidl_cmake_export_typesupport_libraries-extras.cmake
[1.363s] -- Up-to-date symlink: /home/matteo-melzer/gazebo_test/install/realsense2_camera_msgs/share/realsense2_camera_msgs/cmake/realsense2_camera_msgsConfig.cmake
[1.363s] -- Up-to-date symlink: /home/matteo-melzer/gazebo_test/install/realsense2_camera_msgs/share/realsense2_camera_msgs/cmake/realsense2_camera_msgsConfig-version.cmake
[1.364s] -- Up-to-date symlink: /home/matteo-melzer/gazebo_test/install/realsense2_camera_msgs/share/realsense2_camera_msgs/package.xml
[1.364s] -- Up-to-date: /home/matteo-melzer/gazebo_test/install/realsense2_camera_msgs/lib/librealsense2_camera_msgs__rosidl_generator_c.so
[1.365s] -- Up-to-date: /home/matteo-melzer/gazebo_test/install/realsense2_camera_msgs/lib/librealsense2_camera_msgs__rosidl_typesupport_fastrtps_c.so
[1.365s] -- Up-to-date: /home/matteo-melzer/gazebo_test/install/realsense2_camera_msgs/lib/librealsense2_camera_msgs__rosidl_typesupport_introspection_c.so
[1.365s] -- Up-to-date: /home/matteo-melzer/gazebo_test/install/realsense2_camera_msgs/lib/librealsense2_camera_msgs__rosidl_typesupport_c.so
[1.366s] -- Up-to-date: /home/matteo-melzer/gazebo_test/install/realsense2_camera_msgs/lib/librealsense2_camera_msgs__rosidl_typesupport_fastrtps_cpp.so
[1.366s] -- Up-to-date: /home/matteo-melzer/gazebo_test/install/realsense2_camera_msgs/lib/librealsense2_camera_msgs__rosidl_typesupport_introspection_cpp.so
[1.367s] -- Up-to-date: /home/matteo-melzer/gazebo_test/install/realsense2_camera_msgs/lib/librealsense2_camera_msgs__rosidl_typesupport_cpp.so
[1.416s] Listing '/home/matteo-melzer/gazebo_test/install/realsense2_camera_msgs/local/lib/python3.10/dist-packages/realsense2_camera_msgs'...
[1.416s] Listing '/home/matteo-melzer/gazebo_test/install/realsense2_camera_msgs/local/lib/python3.10/dist-packages/realsense2_camera_msgs/action'...
[1.416s] Listing '/home/matteo-melzer/gazebo_test/install/realsense2_camera_msgs/local/lib/python3.10/dist-packages/realsense2_camera_msgs/msg'...
[1.416s] Listing '/home/matteo-melzer/gazebo_test/install/realsense2_camera_msgs/local/lib/python3.10/dist-packages/realsense2_camera_msgs/srv'...
[1.422s] -- Up-to-date: /home/matteo-melzer/gazebo_test/install/realsense2_camera_msgs/lib/librealsense2_camera_msgs__rosidl_generator_py.so
[1.429s] -- Up-to-date: /home/matteo-melzer/gazebo_test/install/realsense2_camera_msgs/share/realsense2_camera_msgs/cmake/export_realsense2_camera_msgs__rosidl_generator_cExport.cmake
[1.429s] -- Up-to-date: /home/matteo-melzer/gazebo_test/install/realsense2_camera_msgs/share/realsense2_camera_msgs/cmake/export_realsense2_camera_msgs__rosidl_generator_cExport-noconfig.cmake
[1.430s] -- Up-to-date: /home/matteo-melzer/gazebo_test/install/realsense2_camera_msgs/share/realsense2_camera_msgs/cmake/export_realsense2_camera_msgs__rosidl_typesupport_fastrtps_cExport.cmake
[1.430s] -- Up-to-date: /home/matteo-melzer/gazebo_test/install/realsense2_camera_msgs/share/realsense2_camera_msgs/cmake/export_realsense2_camera_msgs__rosidl_typesupport_fastrtps_cExport-noconfig.cmake
[1.431s] -- Up-to-date: /home/matteo-melzer/gazebo_test/install/realsense2_camera_msgs/share/realsense2_camera_msgs/cmake/realsense2_camera_msgs__rosidl_typesupport_introspection_cExport.cmake
[1.431s] -- Up-to-date: /home/matteo-melzer/gazebo_test/install/realsense2_camera_msgs/share/realsense2_camera_msgs/cmake/realsense2_camera_msgs__rosidl_typesupport_introspection_cExport-noconfig.cmake
[1.431s] -- Up-to-date: /home/matteo-melzer/gazebo_test/install/realsense2_camera_msgs/share/realsense2_camera_msgs/cmake/realsense2_camera_msgs__rosidl_typesupport_cExport.cmake
[1.431s] -- Up-to-date: /home/matteo-melzer/gazebo_test/install/realsense2_camera_msgs/share/realsense2_camera_msgs/cmake/realsense2_camera_msgs__rosidl_typesupport_cExport-noconfig.cmake
[1.431s] -- Up-to-date: /home/matteo-melzer/gazebo_test/install/realsense2_camera_msgs/share/realsense2_camera_msgs/cmake/export_realsense2_camera_msgs__rosidl_generator_cppExport.cmake
[1.431s] -- Up-to-date: /home/matteo-melzer/gazebo_test/install/realsense2_camera_msgs/share/realsense2_camera_msgs/cmake/export_realsense2_camera_msgs__rosidl_typesupport_fastrtps_cppExport.cmake
[1.431s] -- Up-to-date: /home/matteo-melzer/gazebo_test/install/realsense2_camera_msgs/share/realsense2_camera_msgs/cmake/export_realsense2_camera_msgs__rosidl_typesupport_fastrtps_cppExport-noconfig.cmake
[1.432s] -- Up-to-date: /home/matteo-melzer/gazebo_test/install/realsense2_camera_msgs/share/realsense2_camera_msgs/cmake/realsense2_camera_msgs__rosidl_typesupport_introspection_cppExport.cmake
[1.434s] -- Up-to-date: /home/matteo-melzer/gazebo_test/install/realsense2_camera_msgs/share/realsense2_camera_msgs/cmake/realsense2_camera_msgs__rosidl_typesupport_introspection_cppExport-noconfig.cmake
[1.434s] -- Up-to-date: /home/matteo-melzer/gazebo_test/install/realsense2_camera_msgs/share/realsense2_camera_msgs/cmake/realsense2_camera_msgs__rosidl_typesupport_cppExport.cmake
[1.434s] -- Up-to-date: /home/matteo-melzer/gazebo_test/install/realsense2_camera_msgs/share/realsense2_camera_msgs/cmake/realsense2_camera_msgs__rosidl_typesupport_cppExport-noconfig.cmake
[1.434s] -- Up-to-date: /home/matteo-melzer/gazebo_test/install/realsense2_camera_msgs/share/realsense2_camera_msgs/cmake/export_realsense2_camera_msgs__rosidl_generator_pyExport.cmake
[1.434s] -- Up-to-date: /home/matteo-melzer/gazebo_test/install/realsense2_camera_msgs/share/realsense2_camera_msgs/cmake/export_realsense2_camera_msgs__rosidl_generator_pyExport-noconfig.cmake
[1.444s] Invoked command in '/home/matteo-melzer/gazebo_test/build/realsense2_camera_msgs' returned '0': CMAKE_PREFIX_PATH=${CMAKE_PREFIX_PATH}:/home/matteo-melzer/gazebo_test/install/onrobot_rg_modbus_tcp:/home/matteo-melzer/gazebo_test/install/onrobot_rg_control:/home/matteo-melzer/gazebo_test/install/onrobot_driver:/home/matteo-melzer/ros2_ws/install/py_srvcli:/home/matteo-melzer/ros2_ws/install/py_pubsub:/home/matteo-melzer/ws_moveit/install/moveit_configs_utils:/home/matteo-melzer/ws_moveit/install/launch_param_builder:/opt/ros/humble /usr/bin/cmake --install /home/matteo-melzer/gazebo_test/build/realsense2_camera_msgs
