[0.634s] Invoking command in '/home/matteo-melzer/gazebo_test/src/onrobot_ros/onrobot_driver': PYTHONPATH=/home/matteo-melzer/gazebo_test/build/onrobot_driver/prefix_override:/usr/lib/python3/dist-packages/colcon_core/task/python/colcon_distutils_commands:/home/matteo-melzer/gazebo_test/install/onrobot_driver/lib/python3.10/site-packages:${PYTHONPATH} /usr/bin/python3 -W ignore:setup.py install is deprecated -W ignore:easy_install command is deprecated setup.py egg_info --egg-base ../../../build/onrobot_driver build --build-base /home/matteo-melzer/gazebo_test/build/onrobot_driver/build install --record /home/matteo-melzer/gazebo_test/build/onrobot_driver/install.log --single-version-externally-managed install_data
[0.890s] running egg_info
[0.891s] writing ../../../build/onrobot_driver/onrobot_driver.egg-info/PKG-INFO
[0.892s] writing dependency_links to ../../../build/onrobot_driver/onrobot_driver.egg-info/dependency_links.txt
[0.892s] writing entry points to ../../../build/onrobot_driver/onrobot_driver.egg-info/entry_points.txt
[0.893s] writing requirements to ../../../build/onrobot_driver/onrobot_driver.egg-info/requires.txt
[0.896s] writing top-level names to ../../../build/onrobot_driver/onrobot_driver.egg-info/top_level.txt
[0.896s] reading manifest file '../../../build/onrobot_driver/onrobot_driver.egg-info/SOURCES.txt'
[0.897s] writing manifest file '../../../build/onrobot_driver/onrobot_driver.egg-info/SOURCES.txt'
[0.898s] running build
[0.898s] running build_py
[0.899s] running install
[0.900s] running install_lib
[0.902s] running install_data
[0.902s] running install_egg_info
[0.904s] removing '/home/matteo-melzer/gazebo_test/install/onrobot_driver/lib/python3.10/site-packages/onrobot_driver-0.0.0-py3.10.egg-info' (and everything under it)
[0.912s] Copying ../../../build/onrobot_driver/onrobot_driver.egg-info to /home/matteo-melzer/gazebo_test/install/onrobot_driver/lib/python3.10/site-packages/onrobot_driver-0.0.0-py3.10.egg-info
[0.912s] running install_scripts
[0.933s] Installing gripper_action_adapter script to /home/matteo-melzer/gazebo_test/install/onrobot_driver/lib/onrobot_driver
[0.933s] Installing test script to /home/matteo-melzer/gazebo_test/install/onrobot_driver/lib/onrobot_driver
[0.933s] writing list of installed files to '/home/matteo-melzer/gazebo_test/build/onrobot_driver/install.log'
[0.954s] Invoked command in '/home/matteo-melzer/gazebo_test/src/onrobot_ros/onrobot_driver' returned '0': PYTHONPATH=/home/matteo-melzer/gazebo_test/build/onrobot_driver/prefix_override:/usr/lib/python3/dist-packages/colcon_core/task/python/colcon_distutils_commands:/home/matteo-melzer/gazebo_test/install/onrobot_driver/lib/python3.10/site-packages:${PYTHONPATH} /usr/bin/python3 -W ignore:setup.py install is deprecated -W ignore:easy_install command is deprecated setup.py egg_info --egg-base ../../../build/onrobot_driver build --build-base /home/matteo-melzer/gazebo_test/build/onrobot_driver/build install --record /home/matteo-melzer/gazebo_test/build/onrobot_driver/install.log --single-version-externally-managed install_data
