[0.000000] (-) TimerEvent: {}
[0.000303] (-) JobUnselected: {'identifier': 'librealsense2'}
[0.000450] (-) JobUnselected: {'identifier': 'net_ft_description'}
[0.000535] (-) JobUnselected: {'identifier': 'net_ft_diagnostic_broadcaster'}
[0.000610] (-) JobUnselected: {'identifier': 'net_ft_driver'}
[0.000687] (-) JobUnselected: {'identifier': 'onrobot_control'}
[0.000757] (-) JobUnselected: {'identifier': 'onrobot_description'}
[0.000830] (-) JobUnselected: {'identifier': 'onrobot_driver'}
[0.000845] (-) JobUnselected: {'identifier': 'onrobot_rg_control'}
[0.000858] (-) JobUnselected: {'identifier': 'onrobot_rg_description'}
[0.000869] (-) JobUnselected: {'identifier': 'onrobot_rg_modbus_tcp'}
[0.000880] (-) JobUnselected: {'identifier': 'onrobot_rg_msgs'}
[0.000891] (-) JobUnselected: {'identifier': 'realsense2_camera'}
[0.000902] (-) JobUnselected: {'identifier': 'realsense2_camera_msgs'}
[0.000913] (-) JobUnselected: {'identifier': 'realsense2_description'}
[0.000924] (-) JobUnselected: {'identifier': 'ur10e_flex_moveit_config'}
[0.000934] (-) JobUnselected: {'identifier': 'ur10e_ft_rg2_moveit_config'}
[0.000945] (-) JobUnselected: {'identifier': 'ur10e_gazebo_sim'}
[0.000956] (-) JobUnselected: {'identifier': 'ur_description'}
[0.000976] (-) JobUnselected: {'identifier': 'ur_simulation_gazebo'}
[0.000993] (-) EventReactorShutdown: {}
