[0.084s] Invoking command in '/home/matteo-melzer/gazebo_test/build/realsense2_camera': AMENT_PREFIX_PATH=/home/matteo-melzer/gazebo_test/install/realsense2_camera_msgs:${AMENT_PREFIX_PATH} CMAKE_PREFIX_PATH=/home/matteo-melzer/gazebo_test/install/realsense2_camera_msgs:/home/matteo-melzer/gazebo_test/install/librealsense2:/home/matteo-melzer/ros2_ws/install/ur_description:/home/matteo-melzer/ros2_ws/install/tutorial_interfaces:/home/matteo-melzer/ros2_ws/install/turtlesim:/home/matteo-melzer/ws_moveit/install/ur10e_moveit_config:/home/matteo-melzer/ws_moveit/install/ur_description:/home/matteo-melzer/ws_moveit/install/ur10e_moveit_launch:/home/matteo-melzer/ws_moveit/install/pilz_industrial_motion_planner_testutils:/home/matteo-melzer/ws_moveit/install/moveit_runtime:/home/matteo-melzer/ws_moveit/install/moveit2_tutorials:/home/matteo-melzer/ws_moveit/install/moveit:/home/matteo-melzer/ws_moveit/install/moveit_planners:/home/matteo-melzer/ws_moveit/install/pilz_industrial_motion_planner:/home/matteo-melzer/ws_moveit/install/mtc_tutorial:/home/matteo-melzer/ws_moveit/install/hello_moveit:/home/matteo-melzer/ws_moveit/install/moveit_visual_tools:/home/matteo-melzer/ws_moveit/install/moveit_task_constructor_visualization:/home/matteo-melzer/ws_moveit/install/moveit_task_constructor_demo:/home/matteo-melzer/ws_moveit/install/moveit_task_constructor_capabilities:/home/matteo-melzer/ws_moveit/install/moveit_task_constructor_core:/home/matteo-melzer/ws_moveit/install/moveit_ros_control_interface:/home/matteo-melzer/ws_moveit/install/moveit_plugins:/home/matteo-melzer/ws_moveit/install/moveit_simple_controller_manager:/home/matteo-melzer/ws_moveit/install/moveit_setup_assistant:/home/matteo-melzer/ws_moveit/install/moveit_setup_srdf_plugins:/home/matteo-melzer/ws_moveit/install/moveit_setup_core_plugins:/home/matteo-melzer/ws_moveit/install/moveit_setup_controllers:/home/matteo-melzer/ws_moveit/install/moveit_setup_app_plugins:/home/matteo-melzer/ws_moveit/install/moveit_setup_framework:/home/matteo-melzer/ws_moveit/install/moveit_servo:/home/matteo-melzer/ws_moveit/install/moveit_ros:/home/matteo-melzer/ws_moveit/install/moveit_ros_visualization:/home/matteo-melzer/ws_moveit/install/moveit_hybrid_planning:/home/matteo-melzer/ws_moveit/install/moveit_ros_planning_interface:/home/matteo-melzer/ws_moveit/install/moveit_ros_benchmarks:/home/matteo-melzer/ws_moveit/install/moveit_ros_warehouse:/home/matteo-melzer/ws_moveit/install/moveit_ros_robot_interaction:/home/matteo-melzer/ws_moveit/install/moveit_ros_perception:/home/matteo-melzer/ws_moveit/install/moveit_resources_prbt_pg70_support:/home/matteo-melzer/ws_moveit/install/moveit_resources_prbt_moveit_config:/home/matteo-melzer/ws_moveit/install/moveit_ros_move_group:/home/matteo-melzer/ws_moveit/install/moveit_planners_ompl:/home/matteo-melzer/ws_moveit/install/moveit_ros_planning:/home/matteo-melzer/ws_moveit/install/moveit_ros_occupancy_map_monitor:/home/matteo-melzer/ws_moveit/install/moveit_resources_prbt_ikfast_manipulator_plugin:/home/matteo-melzer/ws_moveit/install/moveit_planners_chomp:/home/matteo-melzer/ws_moveit/install/moveit_kinematics:/home/matteo-melzer/ws_moveit/install/moveit_chomp_optimizer_adapter:/home/matteo-melzer/ws_moveit/install/chomp_motion_planner:/home/matteo-melzer/ws_moveit/install/moveit_core:/home/matteo-melzer/ws_moveit/install/srdfdom:/home/matteo-melzer/ws_moveit/install/rviz_marker_tools:/home/matteo-melzer/ws_moveit/install/rosparam_shortcuts:/home/matteo-melzer/ws_moveit/install/moveit_task_constructor_msgs:/home/matteo-melzer/ws_moveit/install/moveit_resources_prbt_support:/home/matteo-melzer/ws_moveit/install/moveit_resources:/home/matteo-melzer/ws_moveit/install/moveit_resources_pr2_description:/home/matteo-melzer/ws_moveit/install/moveit_resources_panda_moveit_config:/home/matteo-melzer/ws_moveit/install/moveit_resources_panda_description:/home/matteo-melzer/ws_moveit/install/moveit_resources_fanuc_moveit_config:/home/matteo-melzer/ws_moveit/install/moveit_resources_fanuc_description:/home/matteo-melzer/ws_moveit/install/moveit_common:/home/matteo-melzer/ros2_ws/install/py_srvcli:/home/matteo-melzer/ros2_ws/install/py_pubsub:/home/matteo-melzer/ws_moveit/install/moveit_configs_utils:/home/matteo-melzer/ws_moveit/install/launch_param_builder:/opt/ros/humble LD_LIBRARY_PATH=/home/matteo-melzer/gazebo_test/install/realsense2_camera_msgs/lib:/home/matteo-melzer/gazebo_test/install/librealsense2/lib:${LD_LIBRARY_PATH} PATH=/home/matteo-melzer/gazebo_test/install/librealsense2/bin:${PATH} PKG_CONFIG_PATH=/home/matteo-melzer/gazebo_test/install/librealsense2/lib/x86_64-linux-gnu/pkgconfig:/home/matteo-melzer/gazebo_test/install/librealsense2/lib/pkgconfig PYTHONPATH=/home/matteo-melzer/gazebo_test/install/realsense2_camera_msgs/local/lib/python3.10/dist-packages:${PYTHONPATH} /usr/bin/cmake /home/matteo-melzer/gazebo_test/src/realsense-ros/realsense2_camera -DCMAKE_INSTALL_PREFIX=/home/matteo-melzer/gazebo_test/install/realsense2_camera
[0.392s] -- The C compiler identification is GNU 11.4.0
[0.668s] -- The CXX compiler identification is GNU 11.4.0
[0.687s] -- Detecting C compiler ABI info
[1.072s] -- Detecting C compiler ABI info - done
[1.085s] -- Check for working C compiler: /usr/bin/cc - skipped
[1.085s] -- Detecting C compile features
[1.085s] -- Detecting C compile features - done
[1.092s] -- Detecting CXX compiler ABI info
[1.438s] -- Detecting CXX compiler ABI info - done
[1.466s] -- Check for working CXX compiler: /usr/bin/c++ - skipped
[1.474s] -- Detecting CXX compile features
[1.474s] -- Detecting CXX compile features - done
[1.474s] -- Create Release Build.
[1.504s] -- Found ament_cmake: 1.3.11 (/opt/ros/humble/share/ament_cmake/cmake)
[1.953s] -- Found Python3: /usr/bin/python3 (found version "3.10.12") found components: Interpreter 
[2.375s] -- Found builtin_interfaces: 1.2.1 (/opt/ros/humble/share/builtin_interfaces/cmake)
[2.610s] -- Found rosidl_generator_c: 3.1.6 (/opt/ros/humble/share/rosidl_generator_c/cmake)
[2.657s] -- Found rosidl_adapter: 3.1.6 (/opt/ros/humble/share/rosidl_adapter/cmake)
[2.722s] -- Found rosidl_generator_cpp: 3.1.6 (/opt/ros/humble/share/rosidl_generator_cpp/cmake)
[2.812s] -- Using all available rosidl_typesupport_c: rosidl_typesupport_fastrtps_c;rosidl_typesupport_introspection_c
[2.909s] -- Using all available rosidl_typesupport_cpp: rosidl_typesupport_fastrtps_cpp;rosidl_typesupport_introspection_cpp
[3.009s] -- Found cv_bridge: 3.2.1 (/opt/ros/humble/share/cv_bridge/cmake)
[3.200s] -- Found image_transport: 3.1.12 (/opt/ros/humble/share/image_transport/cmake)
[3.508s] -- Found rmw_implementation_cmake: 6.1.2 (/opt/ros/humble/share/rmw_implementation_cmake/cmake)
[3.531s] -- Found rmw_fastrtps_cpp: 6.2.7 (/opt/ros/humble/share/rmw_fastrtps_cpp/cmake)
[4.000s] -- Found OpenSSL: /usr/lib/x86_64-linux-gnu/libcrypto.so (found version "3.0.2")  
[4.091s] -- Found FastRTPS: /opt/ros/humble/include  
[4.185s] -- Using RMW implementation 'rmw_fastrtps_cpp' as default
[4.238s] -- Looking for pthread.h
[4.449s] -- Looking for pthread.h - found
[4.449s] -- Performing Test CMAKE_HAVE_LIBC_PTHREAD
[4.797s] -- Performing Test CMAKE_HAVE_LIBC_PTHREAD - Success
[4.800s] -- Found Threads: TRUE  
[5.207s] -- Found rclcpp_action: 16.0.12 (/opt/ros/humble/share/rclcpp_action/cmake)
[5.399s] -- Found rclcpp_components: 16.0.12 (/opt/ros/humble/share/rclcpp_components/cmake)
[5.464s] -- Found realsense2_camera_msgs: 4.56.4 (/home/matteo-melzer/gazebo_test/install/realsense2_camera_msgs/share/realsense2_camera_msgs/cmake)
[5.513s] -- Found std_srvs: 4.9.0 (/opt/ros/humble/share/std_srvs/cmake)
[5.566s] -- Found nav_msgs: 4.9.0 (/opt/ros/humble/share/nav_msgs/cmake)
[5.643s] -- Found tf2_ros: 0.25.13 (/opt/ros/humble/share/tf2_ros/cmake)
[5.791s] -- Found diagnostic_updater: 4.0.6 (/opt/ros/humble/share/diagnostic_updater/cmake)
[5.881s] -- Found OpenCV: /usr (found version "4.5.4") found components: core 
[5.885s] -- Build for ROS2 Humble
[5.927s] -- Found ament_cmake_gtest: 1.3.11 (/opt/ros/humble/share/ament_cmake_gtest/cmake)
[5.957s] -- Found gtest sources under '/opt/ros/humble/src/gtest_vendor': C++ tests using 'Google Test' will be built
[5.989s] -- Found ament_cmake_pytest: 1.3.11 (/opt/ros/humble/share/ament_cmake_pytest/cmake)
[12.279s] -- rs_device_info:
[12.279s] --  18/11 17:58:41,741 ERROR [133181790451200] (context.cpp:40) No valid configuration file found at : /home/matteo-melzer/.realsense-config.json loading defaults
[12.279s] No device detected. Is it plugged in?
[12.279s] 
[12.463s] -- Configuring done
[12.546s] -- Generating done
[12.572s] -- Build files have been written to: /home/matteo-melzer/gazebo_test/build/realsense2_camera
[12.614s] Invoked command in '/home/matteo-melzer/gazebo_test/build/realsense2_camera' returned '0': AMENT_PREFIX_PATH=/home/matteo-melzer/gazebo_test/install/realsense2_camera_msgs:${AMENT_PREFIX_PATH} CMAKE_PREFIX_PATH=/home/matteo-melzer/gazebo_test/install/realsense2_camera_msgs:/home/matteo-melzer/gazebo_test/install/librealsense2:/home/matteo-melzer/ros2_ws/install/ur_description:/home/matteo-melzer/ros2_ws/install/tutorial_interfaces:/home/matteo-melzer/ros2_ws/install/turtlesim:/home/matteo-melzer/ws_moveit/install/ur10e_moveit_config:/home/matteo-melzer/ws_moveit/install/ur_description:/home/matteo-melzer/ws_moveit/install/ur10e_moveit_launch:/home/matteo-melzer/ws_moveit/install/pilz_industrial_motion_planner_testutils:/home/matteo-melzer/ws_moveit/install/moveit_runtime:/home/matteo-melzer/ws_moveit/install/moveit2_tutorials:/home/matteo-melzer/ws_moveit/install/moveit:/home/matteo-melzer/ws_moveit/install/moveit_planners:/home/matteo-melzer/ws_moveit/install/pilz_industrial_motion_planner:/home/matteo-melzer/ws_moveit/install/mtc_tutorial:/home/matteo-melzer/ws_moveit/install/hello_moveit:/home/matteo-melzer/ws_moveit/install/moveit_visual_tools:/home/matteo-melzer/ws_moveit/install/moveit_task_constructor_visualization:/home/matteo-melzer/ws_moveit/install/moveit_task_constructor_demo:/home/matteo-melzer/ws_moveit/install/moveit_task_constructor_capabilities:/home/matteo-melzer/ws_moveit/install/moveit_task_constructor_core:/home/matteo-melzer/ws_moveit/install/moveit_ros_control_interface:/home/matteo-melzer/ws_moveit/install/moveit_plugins:/home/matteo-melzer/ws_moveit/install/moveit_simple_controller_manager:/home/matteo-melzer/ws_moveit/install/moveit_setup_assistant:/home/matteo-melzer/ws_moveit/install/moveit_setup_srdf_plugins:/home/matteo-melzer/ws_moveit/install/moveit_setup_core_plugins:/home/matteo-melzer/ws_moveit/install/moveit_setup_controllers:/home/matteo-melzer/ws_moveit/install/moveit_setup_app_plugins:/home/matteo-melzer/ws_moveit/install/moveit_setup_framework:/home/matteo-melzer/ws_moveit/install/moveit_servo:/home/matteo-melzer/ws_moveit/install/moveit_ros:/home/matteo-melzer/ws_moveit/install/moveit_ros_visualization:/home/matteo-melzer/ws_moveit/install/moveit_hybrid_planning:/home/matteo-melzer/ws_moveit/install/moveit_ros_planning_interface:/home/matteo-melzer/ws_moveit/install/moveit_ros_benchmarks:/home/matteo-melzer/ws_moveit/install/moveit_ros_warehouse:/home/matteo-melzer/ws_moveit/install/moveit_ros_robot_interaction:/home/matteo-melzer/ws_moveit/install/moveit_ros_perception:/home/matteo-melzer/ws_moveit/install/moveit_resources_prbt_pg70_support:/home/matteo-melzer/ws_moveit/install/moveit_resources_prbt_moveit_config:/home/matteo-melzer/ws_moveit/install/moveit_ros_move_group:/home/matteo-melzer/ws_moveit/install/moveit_planners_ompl:/home/matteo-melzer/ws_moveit/install/moveit_ros_planning:/home/matteo-melzer/ws_moveit/install/moveit_ros_occupancy_map_monitor:/home/matteo-melzer/ws_moveit/install/moveit_resources_prbt_ikfast_manipulator_plugin:/home/matteo-melzer/ws_moveit/install/moveit_planners_chomp:/home/matteo-melzer/ws_moveit/install/moveit_kinematics:/home/matteo-melzer/ws_moveit/install/moveit_chomp_optimizer_adapter:/home/matteo-melzer/ws_moveit/install/chomp_motion_planner:/home/matteo-melzer/ws_moveit/install/moveit_core:/home/matteo-melzer/ws_moveit/install/srdfdom:/home/matteo-melzer/ws_moveit/install/rviz_marker_tools:/home/matteo-melzer/ws_moveit/install/rosparam_shortcuts:/home/matteo-melzer/ws_moveit/install/moveit_task_constructor_msgs:/home/matteo-melzer/ws_moveit/install/moveit_resources_prbt_support:/home/matteo-melzer/ws_moveit/install/moveit_resources:/home/matteo-melzer/ws_moveit/install/moveit_resources_pr2_description:/home/matteo-melzer/ws_moveit/install/moveit_resources_panda_moveit_config:/home/matteo-melzer/ws_moveit/install/moveit_resources_panda_description:/home/matteo-melzer/ws_moveit/install/moveit_resources_fanuc_moveit_config:/home/matteo-melzer/ws_moveit/install/moveit_resources_fanuc_description:/home/matteo-melzer/ws_moveit/install/moveit_common:/home/matteo-melzer/ros2_ws/install/py_srvcli:/home/matteo-melzer/ros2_ws/install/py_pubsub:/home/matteo-melzer/ws_moveit/install/moveit_configs_utils:/home/matteo-melzer/ws_moveit/install/launch_param_builder:/opt/ros/humble LD_LIBRARY_PATH=/home/matteo-melzer/gazebo_test/install/realsense2_camera_msgs/lib:/home/matteo-melzer/gazebo_test/install/librealsense2/lib:${LD_LIBRARY_PATH} PATH=/home/matteo-melzer/gazebo_test/install/librealsense2/bin:${PATH} PKG_CONFIG_PATH=/home/matteo-melzer/gazebo_test/install/librealsense2/lib/x86_64-linux-gnu/pkgconfig:/home/matteo-melzer/gazebo_test/install/librealsense2/lib/pkgconfig PYTHONPATH=/home/matteo-melzer/gazebo_test/install/realsense2_camera_msgs/local/lib/python3.10/dist-packages:${PYTHONPATH} /usr/bin/cmake /home/matteo-melzer/gazebo_test/src/realsense-ros/realsense2_camera -DCMAKE_INSTALL_PREFIX=/home/matteo-melzer/gazebo_test/install/realsense2_camera
[12.615s] Invoking command in '/home/matteo-melzer/gazebo_test/build/realsense2_camera': AMENT_PREFIX_PATH=/home/matteo-melzer/gazebo_test/install/realsense2_camera_msgs:${AMENT_PREFIX_PATH} CMAKE_PREFIX_PATH=/home/matteo-melzer/gazebo_test/install/realsense2_camera_msgs:/home/matteo-melzer/gazebo_test/install/librealsense2:/home/matteo-melzer/ros2_ws/install/ur_description:/home/matteo-melzer/ros2_ws/install/tutorial_interfaces:/home/matteo-melzer/ros2_ws/install/turtlesim:/home/matteo-melzer/ws_moveit/install/ur10e_moveit_config:/home/matteo-melzer/ws_moveit/install/ur_description:/home/matteo-melzer/ws_moveit/install/ur10e_moveit_launch:/home/matteo-melzer/ws_moveit/install/pilz_industrial_motion_planner_testutils:/home/matteo-melzer/ws_moveit/install/moveit_runtime:/home/matteo-melzer/ws_moveit/install/moveit2_tutorials:/home/matteo-melzer/ws_moveit/install/moveit:/home/matteo-melzer/ws_moveit/install/moveit_planners:/home/matteo-melzer/ws_moveit/install/pilz_industrial_motion_planner:/home/matteo-melzer/ws_moveit/install/mtc_tutorial:/home/matteo-melzer/ws_moveit/install/hello_moveit:/home/matteo-melzer/ws_moveit/install/moveit_visual_tools:/home/matteo-melzer/ws_moveit/install/moveit_task_constructor_visualization:/home/matteo-melzer/ws_moveit/install/moveit_task_constructor_demo:/home/matteo-melzer/ws_moveit/install/moveit_task_constructor_capabilities:/home/matteo-melzer/ws_moveit/install/moveit_task_constructor_core:/home/matteo-melzer/ws_moveit/install/moveit_ros_control_interface:/home/matteo-melzer/ws_moveit/install/moveit_plugins:/home/matteo-melzer/ws_moveit/install/moveit_simple_controller_manager:/home/matteo-melzer/ws_moveit/install/moveit_setup_assistant:/home/matteo-melzer/ws_moveit/install/moveit_setup_srdf_plugins:/home/matteo-melzer/ws_moveit/install/moveit_setup_core_plugins:/home/matteo-melzer/ws_moveit/install/moveit_setup_controllers:/home/matteo-melzer/ws_moveit/install/moveit_setup_app_plugins:/home/matteo-melzer/ws_moveit/install/moveit_setup_framework:/home/matteo-melzer/ws_moveit/install/moveit_servo:/home/matteo-melzer/ws_moveit/install/moveit_ros:/home/matteo-melzer/ws_moveit/install/moveit_ros_visualization:/home/matteo-melzer/ws_moveit/install/moveit_hybrid_planning:/home/matteo-melzer/ws_moveit/install/moveit_ros_planning_interface:/home/matteo-melzer/ws_moveit/install/moveit_ros_benchmarks:/home/matteo-melzer/ws_moveit/install/moveit_ros_warehouse:/home/matteo-melzer/ws_moveit/install/moveit_ros_robot_interaction:/home/matteo-melzer/ws_moveit/install/moveit_ros_perception:/home/matteo-melzer/ws_moveit/install/moveit_resources_prbt_pg70_support:/home/matteo-melzer/ws_moveit/install/moveit_resources_prbt_moveit_config:/home/matteo-melzer/ws_moveit/install/moveit_ros_move_group:/home/matteo-melzer/ws_moveit/install/moveit_planners_ompl:/home/matteo-melzer/ws_moveit/install/moveit_ros_planning:/home/matteo-melzer/ws_moveit/install/moveit_ros_occupancy_map_monitor:/home/matteo-melzer/ws_moveit/install/moveit_resources_prbt_ikfast_manipulator_plugin:/home/matteo-melzer/ws_moveit/install/moveit_planners_chomp:/home/matteo-melzer/ws_moveit/install/moveit_kinematics:/home/matteo-melzer/ws_moveit/install/moveit_chomp_optimizer_adapter:/home/matteo-melzer/ws_moveit/install/chomp_motion_planner:/home/matteo-melzer/ws_moveit/install/moveit_core:/home/matteo-melzer/ws_moveit/install/srdfdom:/home/matteo-melzer/ws_moveit/install/rviz_marker_tools:/home/matteo-melzer/ws_moveit/install/rosparam_shortcuts:/home/matteo-melzer/ws_moveit/install/moveit_task_constructor_msgs:/home/matteo-melzer/ws_moveit/install/moveit_resources_prbt_support:/home/matteo-melzer/ws_moveit/install/moveit_resources:/home/matteo-melzer/ws_moveit/install/moveit_resources_pr2_description:/home/matteo-melzer/ws_moveit/install/moveit_resources_panda_moveit_config:/home/matteo-melzer/ws_moveit/install/moveit_resources_panda_description:/home/matteo-melzer/ws_moveit/install/moveit_resources_fanuc_moveit_config:/home/matteo-melzer/ws_moveit/install/moveit_resources_fanuc_description:/home/matteo-melzer/ws_moveit/install/moveit_common:/home/matteo-melzer/ros2_ws/install/py_srvcli:/home/matteo-melzer/ros2_ws/install/py_pubsub:/home/matteo-melzer/ws_moveit/install/moveit_configs_utils:/home/matteo-melzer/ws_moveit/install/launch_param_builder:/opt/ros/humble LD_LIBRARY_PATH=/home/matteo-melzer/gazebo_test/install/realsense2_camera_msgs/lib:/home/matteo-melzer/gazebo_test/install/librealsense2/lib:${LD_LIBRARY_PATH} PATH=/home/matteo-melzer/gazebo_test/install/librealsense2/bin:${PATH} PKG_CONFIG_PATH=/home/matteo-melzer/gazebo_test/install/librealsense2/lib/x86_64-linux-gnu/pkgconfig:/home/matteo-melzer/gazebo_test/install/librealsense2/lib/pkgconfig PYTHONPATH=/home/matteo-melzer/gazebo_test/install/realsense2_camera_msgs/local/lib/python3.10/dist-packages:${PYTHONPATH} /usr/bin/cmake --build /home/matteo-melzer/gazebo_test/build/realsense2_camera -- -j2 -l2
[12.829s] [  4%] [32mBuilding CXX object CMakeFiles/realsense2_camera.dir/src/realsense_node_factory.cpp.o[0m
[32.092s] [  8%] [32mBuilding CXX object CMakeFiles/realsense2_camera.dir/src/base_realsense_node.cpp.o[0m
[51.250s] [ 12%] [32mBuilding CXX object CMakeFiles/realsense2_camera.dir/src/parameters.cpp.o[0m
[59.727s] [ 16%] [32mBuilding CXX object CMakeFiles/realsense2_camera.dir/src/rs_node_setup.cpp.o[0m
[78.171s] [ 20%] [32mBuilding CXX object CMakeFiles/realsense2_camera.dir/src/ros_sensor.cpp.o[0m
[86.030s] [ 24%] [32mBuilding CXX object CMakeFiles/realsense2_camera.dir/src/ros_utils.cpp.o[0m
[90.176s] [ 28%] [32mBuilding CXX object CMakeFiles/realsense2_camera.dir/src/dynamic_params.cpp.o[0m
[97.062s] [ 32%] [32mBuilding CXX object CMakeFiles/realsense2_camera.dir/src/sensor_params.cpp.o[0m
[102.799s] [ 36%] [32mBuilding CXX object CMakeFiles/realsense2_camera.dir/src/named_filter.cpp.o[0m
[108.256s] [ 40%] [32mBuilding CXX object CMakeFiles/realsense2_camera.dir/src/pointcloud_filter.cpp.o[0m
[116.318s] [ 44%] [32mBuilding CXX object CMakeFiles/realsense2_camera.dir/src/align_depth_filter.cpp.o[0m
[123.065s] [ 48%] [32mBuilding CXX object CMakeFiles/realsense2_camera.dir/src/profile_manager.cpp.o[0m
[140.082s] [ 52%] [32mBuilding CXX object CMakeFiles/realsense2_camera.dir/src/image_publisher.cpp.o[0m
[148.851s] [ 56%] [32mBuilding CXX object CMakeFiles/realsense2_camera.dir/src/tfs.cpp.o[0m
[165.383s] [ 60%] [32mBuilding CXX object CMakeFiles/realsense2_camera.dir/src/actions.cpp.o[0m
[176.412s] [ 64%] [32mBuilding CXX object CMakeFiles/realsense2_camera.dir/src/ros_param_backend.cpp.o[0m
[181.767s] [ 68%] [32m[1mLinking CXX shared library librealsense2_camera.so[0m
[182.910s] [ 68%] Built target realsense2_camera
[182.994s] [ 72%] [32mBuilding CXX object CMakeFiles/realsense2_camera_node.dir/rclcpp_components/node_main_realsense2_camera_node.cpp.o[0m
[188.897s] [ 76%] [32m[1mLinking CXX executable realsense2_camera_node[0m
[189.166s] [ 76%] Built target realsense2_camera_node
[189.243s] [ 80%] [32mBuilding CXX object gtest/CMakeFiles/gtest_main.dir/src/gtest_main.cc.o[0m
[190.431s] [ 84%] [32m[1mLinking CXX static library libgtest_main.a[0m
[190.595s] [ 84%] Built target gtest_main
[190.669s] [ 88%] [32mBuilding CXX object gtest/CMakeFiles/gtest.dir/src/gtest-all.cc.o[0m
[200.329s] [ 92%] [32m[1mLinking CXX static library libgtest.a[0m
[200.472s] [ 92%] Built target gtest
[200.551s] [ 96%] [32mBuilding CXX object CMakeFiles/gtest_template.dir/test/gtest_template.cpp.o[0m
[202.047s] [100%] [32m[1mLinking CXX executable gtest_template[0m
[202.249s] [100%] Built target gtest_template
[202.282s] Invoked command in '/home/matteo-melzer/gazebo_test/build/realsense2_camera' returned '0': AMENT_PREFIX_PATH=/home/matteo-melzer/gazebo_test/install/realsense2_camera_msgs:${AMENT_PREFIX_PATH} CMAKE_PREFIX_PATH=/home/matteo-melzer/gazebo_test/install/realsense2_camera_msgs:/home/matteo-melzer/gazebo_test/install/librealsense2:/home/matteo-melzer/ros2_ws/install/ur_description:/home/matteo-melzer/ros2_ws/install/tutorial_interfaces:/home/matteo-melzer/ros2_ws/install/turtlesim:/home/matteo-melzer/ws_moveit/install/ur10e_moveit_config:/home/matteo-melzer/ws_moveit/install/ur_description:/home/matteo-melzer/ws_moveit/install/ur10e_moveit_launch:/home/matteo-melzer/ws_moveit/install/pilz_industrial_motion_planner_testutils:/home/matteo-melzer/ws_moveit/install/moveit_runtime:/home/matteo-melzer/ws_moveit/install/moveit2_tutorials:/home/matteo-melzer/ws_moveit/install/moveit:/home/matteo-melzer/ws_moveit/install/moveit_planners:/home/matteo-melzer/ws_moveit/install/pilz_industrial_motion_planner:/home/matteo-melzer/ws_moveit/install/mtc_tutorial:/home/matteo-melzer/ws_moveit/install/hello_moveit:/home/matteo-melzer/ws_moveit/install/moveit_visual_tools:/home/matteo-melzer/ws_moveit/install/moveit_task_constructor_visualization:/home/matteo-melzer/ws_moveit/install/moveit_task_constructor_demo:/home/matteo-melzer/ws_moveit/install/moveit_task_constructor_capabilities:/home/matteo-melzer/ws_moveit/install/moveit_task_constructor_core:/home/matteo-melzer/ws_moveit/install/moveit_ros_control_interface:/home/matteo-melzer/ws_moveit/install/moveit_plugins:/home/matteo-melzer/ws_moveit/install/moveit_simple_controller_manager:/home/matteo-melzer/ws_moveit/install/moveit_setup_assistant:/home/matteo-melzer/ws_moveit/install/moveit_setup_srdf_plugins:/home/matteo-melzer/ws_moveit/install/moveit_setup_core_plugins:/home/matteo-melzer/ws_moveit/install/moveit_setup_controllers:/home/matteo-melzer/ws_moveit/install/moveit_setup_app_plugins:/home/matteo-melzer/ws_moveit/install/moveit_setup_framework:/home/matteo-melzer/ws_moveit/install/moveit_servo:/home/matteo-melzer/ws_moveit/install/moveit_ros:/home/matteo-melzer/ws_moveit/install/moveit_ros_visualization:/home/matteo-melzer/ws_moveit/install/moveit_hybrid_planning:/home/matteo-melzer/ws_moveit/install/moveit_ros_planning_interface:/home/matteo-melzer/ws_moveit/install/moveit_ros_benchmarks:/home/matteo-melzer/ws_moveit/install/moveit_ros_warehouse:/home/matteo-melzer/ws_moveit/install/moveit_ros_robot_interaction:/home/matteo-melzer/ws_moveit/install/moveit_ros_perception:/home/matteo-melzer/ws_moveit/install/moveit_resources_prbt_pg70_support:/home/matteo-melzer/ws_moveit/install/moveit_resources_prbt_moveit_config:/home/matteo-melzer/ws_moveit/install/moveit_ros_move_group:/home/matteo-melzer/ws_moveit/install/moveit_planners_ompl:/home/matteo-melzer/ws_moveit/install/moveit_ros_planning:/home/matteo-melzer/ws_moveit/install/moveit_ros_occupancy_map_monitor:/home/matteo-melzer/ws_moveit/install/moveit_resources_prbt_ikfast_manipulator_plugin:/home/matteo-melzer/ws_moveit/install/moveit_planners_chomp:/home/matteo-melzer/ws_moveit/install/moveit_kinematics:/home/matteo-melzer/ws_moveit/install/moveit_chomp_optimizer_adapter:/home/matteo-melzer/ws_moveit/install/chomp_motion_planner:/home/matteo-melzer/ws_moveit/install/moveit_core:/home/matteo-melzer/ws_moveit/install/srdfdom:/home/matteo-melzer/ws_moveit/install/rviz_marker_tools:/home/matteo-melzer/ws_moveit/install/rosparam_shortcuts:/home/matteo-melzer/ws_moveit/install/moveit_task_constructor_msgs:/home/matteo-melzer/ws_moveit/install/moveit_resources_prbt_support:/home/matteo-melzer/ws_moveit/install/moveit_resources:/home/matteo-melzer/ws_moveit/install/moveit_resources_pr2_description:/home/matteo-melzer/ws_moveit/install/moveit_resources_panda_moveit_config:/home/matteo-melzer/ws_moveit/install/moveit_resources_panda_description:/home/matteo-melzer/ws_moveit/install/moveit_resources_fanuc_moveit_config:/home/matteo-melzer/ws_moveit/install/moveit_resources_fanuc_description:/home/matteo-melzer/ws_moveit/install/moveit_common:/home/matteo-melzer/ros2_ws/install/py_srvcli:/home/matteo-melzer/ros2_ws/install/py_pubsub:/home/matteo-melzer/ws_moveit/install/moveit_configs_utils:/home/matteo-melzer/ws_moveit/install/launch_param_builder:/opt/ros/humble LD_LIBRARY_PATH=/home/matteo-melzer/gazebo_test/install/realsense2_camera_msgs/lib:/home/matteo-melzer/gazebo_test/install/librealsense2/lib:${LD_LIBRARY_PATH} PATH=/home/matteo-melzer/gazebo_test/install/librealsense2/bin:${PATH} PKG_CONFIG_PATH=/home/matteo-melzer/gazebo_test/install/librealsense2/lib/x86_64-linux-gnu/pkgconfig:/home/matteo-melzer/gazebo_test/install/librealsense2/lib/pkgconfig PYTHONPATH=/home/matteo-melzer/gazebo_test/install/realsense2_camera_msgs/local/lib/python3.10/dist-packages:${PYTHONPATH} /usr/bin/cmake --build /home/matteo-melzer/gazebo_test/build/realsense2_camera -- -j2 -l2
[202.285s] Invoking command in '/home/matteo-melzer/gazebo_test/build/realsense2_camera': AMENT_PREFIX_PATH=/home/matteo-melzer/gazebo_test/install/realsense2_camera_msgs:${AMENT_PREFIX_PATH} CMAKE_PREFIX_PATH=/home/matteo-melzer/gazebo_test/install/realsense2_camera_msgs:/home/matteo-melzer/gazebo_test/install/librealsense2:/home/matteo-melzer/ros2_ws/install/ur_description:/home/matteo-melzer/ros2_ws/install/tutorial_interfaces:/home/matteo-melzer/ros2_ws/install/turtlesim:/home/matteo-melzer/ws_moveit/install/ur10e_moveit_config:/home/matteo-melzer/ws_moveit/install/ur_description:/home/matteo-melzer/ws_moveit/install/ur10e_moveit_launch:/home/matteo-melzer/ws_moveit/install/pilz_industrial_motion_planner_testutils:/home/matteo-melzer/ws_moveit/install/moveit_runtime:/home/matteo-melzer/ws_moveit/install/moveit2_tutorials:/home/matteo-melzer/ws_moveit/install/moveit:/home/matteo-melzer/ws_moveit/install/moveit_planners:/home/matteo-melzer/ws_moveit/install/pilz_industrial_motion_planner:/home/matteo-melzer/ws_moveit/install/mtc_tutorial:/home/matteo-melzer/ws_moveit/install/hello_moveit:/home/matteo-melzer/ws_moveit/install/moveit_visual_tools:/home/matteo-melzer/ws_moveit/install/moveit_task_constructor_visualization:/home/matteo-melzer/ws_moveit/install/moveit_task_constructor_demo:/home/matteo-melzer/ws_moveit/install/moveit_task_constructor_capabilities:/home/matteo-melzer/ws_moveit/install/moveit_task_constructor_core:/home/matteo-melzer/ws_moveit/install/moveit_ros_control_interface:/home/matteo-melzer/ws_moveit/install/moveit_plugins:/home/matteo-melzer/ws_moveit/install/moveit_simple_controller_manager:/home/matteo-melzer/ws_moveit/install/moveit_setup_assistant:/home/matteo-melzer/ws_moveit/install/moveit_setup_srdf_plugins:/home/matteo-melzer/ws_moveit/install/moveit_setup_core_plugins:/home/matteo-melzer/ws_moveit/install/moveit_setup_controllers:/home/matteo-melzer/ws_moveit/install/moveit_setup_app_plugins:/home/matteo-melzer/ws_moveit/install/moveit_setup_framework:/home/matteo-melzer/ws_moveit/install/moveit_servo:/home/matteo-melzer/ws_moveit/install/moveit_ros:/home/matteo-melzer/ws_moveit/install/moveit_ros_visualization:/home/matteo-melzer/ws_moveit/install/moveit_hybrid_planning:/home/matteo-melzer/ws_moveit/install/moveit_ros_planning_interface:/home/matteo-melzer/ws_moveit/install/moveit_ros_benchmarks:/home/matteo-melzer/ws_moveit/install/moveit_ros_warehouse:/home/matteo-melzer/ws_moveit/install/moveit_ros_robot_interaction:/home/matteo-melzer/ws_moveit/install/moveit_ros_perception:/home/matteo-melzer/ws_moveit/install/moveit_resources_prbt_pg70_support:/home/matteo-melzer/ws_moveit/install/moveit_resources_prbt_moveit_config:/home/matteo-melzer/ws_moveit/install/moveit_ros_move_group:/home/matteo-melzer/ws_moveit/install/moveit_planners_ompl:/home/matteo-melzer/ws_moveit/install/moveit_ros_planning:/home/matteo-melzer/ws_moveit/install/moveit_ros_occupancy_map_monitor:/home/matteo-melzer/ws_moveit/install/moveit_resources_prbt_ikfast_manipulator_plugin:/home/matteo-melzer/ws_moveit/install/moveit_planners_chomp:/home/matteo-melzer/ws_moveit/install/moveit_kinematics:/home/matteo-melzer/ws_moveit/install/moveit_chomp_optimizer_adapter:/home/matteo-melzer/ws_moveit/install/chomp_motion_planner:/home/matteo-melzer/ws_moveit/install/moveit_core:/home/matteo-melzer/ws_moveit/install/srdfdom:/home/matteo-melzer/ws_moveit/install/rviz_marker_tools:/home/matteo-melzer/ws_moveit/install/rosparam_shortcuts:/home/matteo-melzer/ws_moveit/install/moveit_task_constructor_msgs:/home/matteo-melzer/ws_moveit/install/moveit_resources_prbt_support:/home/matteo-melzer/ws_moveit/install/moveit_resources:/home/matteo-melzer/ws_moveit/install/moveit_resources_pr2_description:/home/matteo-melzer/ws_moveit/install/moveit_resources_panda_moveit_config:/home/matteo-melzer/ws_moveit/install/moveit_resources_panda_description:/home/matteo-melzer/ws_moveit/install/moveit_resources_fanuc_moveit_config:/home/matteo-melzer/ws_moveit/install/moveit_resources_fanuc_description:/home/matteo-melzer/ws_moveit/install/moveit_common:/home/matteo-melzer/ros2_ws/install/py_srvcli:/home/matteo-melzer/ros2_ws/install/py_pubsub:/home/matteo-melzer/ws_moveit/install/moveit_configs_utils:/home/matteo-melzer/ws_moveit/install/launch_param_builder:/opt/ros/humble LD_LIBRARY_PATH=/home/matteo-melzer/gazebo_test/install/realsense2_camera_msgs/lib:/home/matteo-melzer/gazebo_test/install/librealsense2/lib:${LD_LIBRARY_PATH} PATH=/home/matteo-melzer/gazebo_test/install/librealsense2/bin:${PATH} PKG_CONFIG_PATH=/home/matteo-melzer/gazebo_test/install/librealsense2/lib/x86_64-linux-gnu/pkgconfig:/home/matteo-melzer/gazebo_test/install/librealsense2/lib/pkgconfig PYTHONPATH=/home/matteo-melzer/gazebo_test/install/realsense2_camera_msgs/local/lib/python3.10/dist-packages:${PYTHONPATH} /usr/bin/cmake --install /home/matteo-melzer/gazebo_test/build/realsense2_camera
[202.320s] -- Install configuration: "Release"
[202.321s] -- Installing: /home/matteo-melzer/gazebo_test/install/realsense2_camera/share/realsense2_camera/config/global_settings.yaml
[202.322s] -- Installing: /home/matteo-melzer/gazebo_test/install/realsense2_camera/lib/realsense2_camera/realsense2_camera_node
[202.322s] -- Set runtime path of "/home/matteo-melzer/gazebo_test/install/realsense2_camera/lib/realsense2_camera/realsense2_camera_node" to ""
[202.322s] -- Installing: /home/matteo-melzer/gazebo_test/install/realsense2_camera/lib/librealsense2_camera.so
[202.340s] -- Set runtime path of "/home/matteo-melzer/gazebo_test/install/realsense2_camera/lib/librealsense2_camera.so" to ""
[202.340s] -- Installing: /home/matteo-melzer/gazebo_test/install/realsense2_camera/include
[202.340s] -- Installing: /home/matteo-melzer/gazebo_test/install/realsense2_camera/include/constants.h
[202.340s] -- Installing: /home/matteo-melzer/gazebo_test/install/realsense2_camera/include/named_filter.h
[202.340s] -- Installing: /home/matteo-melzer/gazebo_test/install/realsense2_camera/include/realsense_node_factory.h
[202.340s] -- Installing: /home/matteo-melzer/gazebo_test/install/realsense2_camera/include/gl_window.h
[202.349s] -- Installing: /home/matteo-melzer/gazebo_test/install/realsense2_camera/include/dynamic_params.h
[202.349s] -- Installing: /home/matteo-melzer/gazebo_test/install/realsense2_camera/include/align_depth_filter.h
[202.349s] -- Installing: /home/matteo-melzer/gazebo_test/install/realsense2_camera/include/profile_manager.h
[202.349s] -- Installing: /home/matteo-melzer/gazebo_test/install/realsense2_camera/include/ros_utils.h
[202.349s] -- Installing: /home/matteo-melzer/gazebo_test/install/realsense2_camera/include/ros_node_base.h
[202.349s] -- Installing: /home/matteo-melzer/gazebo_test/install/realsense2_camera/include/image_publisher.h
[202.350s] -- Installing: /home/matteo-melzer/gazebo_test/install/realsense2_camera/include/pointcloud_filter.h
[202.350s] -- Installing: /home/matteo-melzer/gazebo_test/install/realsense2_camera/include/base_realsense_node.h
[202.350s] -- Installing: /home/matteo-melzer/gazebo_test/install/realsense2_camera/include/ros_sensor.h
[202.350s] -- Installing: /home/matteo-melzer/gazebo_test/install/realsense2_camera/include/ros_param_backend.h
[202.350s] -- Installing: /home/matteo-melzer/gazebo_test/install/realsense2_camera/include/sensor_params.h
[202.350s] -- Installing: /home/matteo-melzer/gazebo_test/install/realsense2_camera/share/realsense2_camera/launch
[202.350s] -- Installing: /home/matteo-melzer/gazebo_test/install/realsense2_camera/share/realsense2_camera/launch/rs_multi_camera_launch.py
[202.350s] -- Installing: /home/matteo-melzer/gazebo_test/install/realsense2_camera/share/realsense2_camera/launch/rs_multi_camera_launch_sync.py
[202.350s] -- Installing: /home/matteo-melzer/gazebo_test/install/realsense2_camera/share/realsense2_camera/launch/rs_launch.py
[202.350s] -- Installing: /home/matteo-melzer/gazebo_test/install/realsense2_camera/share/realsense2_camera/launch/default.rviz
[202.360s] -- Installing: /home/matteo-melzer/gazebo_test/install/realsense2_camera/share/realsense2_camera/launch/rs_intra_process_demo_launch.py
[202.361s] -- Installing: /home/matteo-melzer/gazebo_test/install/realsense2_camera/share/realsense2_camera/examples
[202.361s] -- Installing: /home/matteo-melzer/gazebo_test/install/realsense2_camera/share/realsense2_camera/examples/launch_params_from_file
[202.361s] -- Installing: /home/matteo-melzer/gazebo_test/install/realsense2_camera/share/realsense2_camera/examples/launch_params_from_file/rs_launch_get_params_from_yaml.py
[202.361s] -- Installing: /home/matteo-melzer/gazebo_test/install/realsense2_camera/share/realsense2_camera/examples/launch_params_from_file/config
[202.361s] -- Installing: /home/matteo-melzer/gazebo_test/install/realsense2_camera/share/realsense2_camera/examples/launch_params_from_file/config/config.yaml
[202.361s] -- Installing: /home/matteo-melzer/gazebo_test/install/realsense2_camera/share/realsense2_camera/examples/launch_params_from_file/README.md
[202.361s] -- Installing: /home/matteo-melzer/gazebo_test/install/realsense2_camera/share/realsense2_camera/examples/dual_camera
[202.361s] -- Installing: /home/matteo-melzer/gazebo_test/install/realsense2_camera/share/realsense2_camera/examples/dual_camera/rviz
[202.361s] -- Installing: /home/matteo-melzer/gazebo_test/install/realsense2_camera/share/realsense2_camera/examples/dual_camera/rviz/dual_camera_pointcloud.rviz
[202.361s] -- Installing: /home/matteo-melzer/gazebo_test/install/realsense2_camera/share/realsense2_camera/examples/dual_camera/README.md
[202.361s] -- Installing: /home/matteo-melzer/gazebo_test/install/realsense2_camera/share/realsense2_camera/examples/dual_camera/rs_dual_camera_launch.py
[202.361s] -- Installing: /home/matteo-melzer/gazebo_test/install/realsense2_camera/share/realsense2_camera/examples/launch_from_rosbag
[202.361s] -- Installing: /home/matteo-melzer/gazebo_test/install/realsense2_camera/share/realsense2_camera/examples/launch_from_rosbag/rs_launch_from_rosbag.py
[202.361s] -- Installing: /home/matteo-melzer/gazebo_test/install/realsense2_camera/share/realsense2_camera/examples/launch_from_rosbag/README.md
[202.364s] -- Installing: /home/matteo-melzer/gazebo_test/install/realsense2_camera/share/realsense2_camera/examples/align_depth
[202.364s] -- Installing: /home/matteo-melzer/gazebo_test/install/realsense2_camera/share/realsense2_camera/examples/align_depth/README.md
[202.364s] -- Installing: /home/matteo-melzer/gazebo_test/install/realsense2_camera/share/realsense2_camera/examples/align_depth/rs_align_depth_launch.py
[202.365s] -- Installing: /home/matteo-melzer/gazebo_test/install/realsense2_camera/share/realsense2_camera/examples/d500_tables
[202.368s] -- Installing: /home/matteo-melzer/gazebo_test/install/realsense2_camera/share/realsense2_camera/examples/d500_tables/calib_config_example.json
[202.368s] -- Installing: /home/matteo-melzer/gazebo_test/install/realsense2_camera/share/realsense2_camera/examples/pointcloud
[202.368s] -- Installing: /home/matteo-melzer/gazebo_test/install/realsense2_camera/share/realsense2_camera/examples/pointcloud/rviz
[202.368s] -- Installing: /home/matteo-melzer/gazebo_test/install/realsense2_camera/share/realsense2_camera/examples/pointcloud/rviz/urdf_pointcloud.rviz
[202.368s] -- Installing: /home/matteo-melzer/gazebo_test/install/realsense2_camera/share/realsense2_camera/examples/pointcloud/rviz/pointcloud.rviz
[202.368s] -- Installing: /home/matteo-melzer/gazebo_test/install/realsense2_camera/share/realsense2_camera/examples/pointcloud/rs_pointcloud_infra_launch.py
[202.368s] -- Installing: /home/matteo-melzer/gazebo_test/install/realsense2_camera/share/realsense2_camera/examples/pointcloud/README.md
[202.368s] -- Installing: /home/matteo-melzer/gazebo_test/install/realsense2_camera/share/realsense2_camera/examples/pointcloud/rs_pointcloud_launch.py
[202.368s] -- Installing: /home/matteo-melzer/gazebo_test/install/realsense2_camera/share/realsense2_camera/examples/pointcloud/rs_d405_pointcloud_launch.py
[202.368s] -- Installing: /home/matteo-melzer/gazebo_test/install/realsense2_camera/share/realsense2_camera/examples/pointcloud/rs_d455_pointcloud_launch.py
[202.368s] -- Installing: /home/matteo-melzer/gazebo_test/install/realsense2_camera/share/realsense2_camera/environment/library_path.sh
[202.368s] -- Installing: /home/matteo-melzer/gazebo_test/install/realsense2_camera/share/realsense2_camera/environment/library_path.dsv
[202.368s] -- Installing: /home/matteo-melzer/gazebo_test/install/realsense2_camera/share/ament_index/resource_index/package_run_dependencies/realsense2_camera
[202.368s] -- Installing: /home/matteo-melzer/gazebo_test/install/realsense2_camera/share/ament_index/resource_index/parent_prefix_path/realsense2_camera
[202.368s] -- Installing: /home/matteo-melzer/gazebo_test/install/realsense2_camera/share/realsense2_camera/environment/ament_prefix_path.sh
[202.368s] -- Installing: /home/matteo-melzer/gazebo_test/install/realsense2_camera/share/realsense2_camera/environment/ament_prefix_path.dsv
[202.368s] -- Installing: /home/matteo-melzer/gazebo_test/install/realsense2_camera/share/realsense2_camera/environment/path.sh
[202.368s] -- Installing: /home/matteo-melzer/gazebo_test/install/realsense2_camera/share/realsense2_camera/environment/path.dsv
[202.368s] -- Installing: /home/matteo-melzer/gazebo_test/install/realsense2_camera/share/realsense2_camera/local_setup.bash
[202.368s] -- Installing: /home/matteo-melzer/gazebo_test/install/realsense2_camera/share/realsense2_camera/local_setup.sh
[202.368s] -- Installing: /home/matteo-melzer/gazebo_test/install/realsense2_camera/share/realsense2_camera/local_setup.zsh
[202.368s] -- Installing: /home/matteo-melzer/gazebo_test/install/realsense2_camera/share/realsense2_camera/local_setup.dsv
[202.369s] -- Installing: /home/matteo-melzer/gazebo_test/install/realsense2_camera/share/realsense2_camera/package.dsv
[202.369s] -- Installing: /home/matteo-melzer/gazebo_test/install/realsense2_camera/share/ament_index/resource_index/packages/realsense2_camera
[202.369s] -- Installing: /home/matteo-melzer/gazebo_test/install/realsense2_camera/share/ament_index/resource_index/rclcpp_components/realsense2_camera
[202.369s] -- Installing: /home/matteo-melzer/gazebo_test/install/realsense2_camera/share/realsense2_camera/cmake/ament_cmake_export_include_directories-extras.cmake
[202.369s] -- Installing: /home/matteo-melzer/gazebo_test/install/realsense2_camera/share/realsense2_camera/cmake/ament_cmake_export_libraries-extras.cmake
[202.373s] -- Installing: /home/matteo-melzer/gazebo_test/install/realsense2_camera/share/realsense2_camera/cmake/ament_cmake_export_dependencies-extras.cmake
[202.373s] -- Installing: /home/matteo-melzer/gazebo_test/install/realsense2_camera/share/realsense2_camera/cmake/realsense2_cameraConfig.cmake
[202.373s] -- Installing: /home/matteo-melzer/gazebo_test/install/realsense2_camera/share/realsense2_camera/cmake/realsense2_cameraConfig-version.cmake
[202.374s] -- Installing: /home/matteo-melzer/gazebo_test/install/realsense2_camera/share/realsense2_camera/package.xml
[202.379s] Invoked command in '/home/matteo-melzer/gazebo_test/build/realsense2_camera' returned '0': AMENT_PREFIX_PATH=/home/matteo-melzer/gazebo_test/install/realsense2_camera_msgs:${AMENT_PREFIX_PATH} CMAKE_PREFIX_PATH=/home/matteo-melzer/gazebo_test/install/realsense2_camera_msgs:/home/matteo-melzer/gazebo_test/install/librealsense2:/home/matteo-melzer/ros2_ws/install/ur_description:/home/matteo-melzer/ros2_ws/install/tutorial_interfaces:/home/matteo-melzer/ros2_ws/install/turtlesim:/home/matteo-melzer/ws_moveit/install/ur10e_moveit_config:/home/matteo-melzer/ws_moveit/install/ur_description:/home/matteo-melzer/ws_moveit/install/ur10e_moveit_launch:/home/matteo-melzer/ws_moveit/install/pilz_industrial_motion_planner_testutils:/home/matteo-melzer/ws_moveit/install/moveit_runtime:/home/matteo-melzer/ws_moveit/install/moveit2_tutorials:/home/matteo-melzer/ws_moveit/install/moveit:/home/matteo-melzer/ws_moveit/install/moveit_planners:/home/matteo-melzer/ws_moveit/install/pilz_industrial_motion_planner:/home/matteo-melzer/ws_moveit/install/mtc_tutorial:/home/matteo-melzer/ws_moveit/install/hello_moveit:/home/matteo-melzer/ws_moveit/install/moveit_visual_tools:/home/matteo-melzer/ws_moveit/install/moveit_task_constructor_visualization:/home/matteo-melzer/ws_moveit/install/moveit_task_constructor_demo:/home/matteo-melzer/ws_moveit/install/moveit_task_constructor_capabilities:/home/matteo-melzer/ws_moveit/install/moveit_task_constructor_core:/home/matteo-melzer/ws_moveit/install/moveit_ros_control_interface:/home/matteo-melzer/ws_moveit/install/moveit_plugins:/home/matteo-melzer/ws_moveit/install/moveit_simple_controller_manager:/home/matteo-melzer/ws_moveit/install/moveit_setup_assistant:/home/matteo-melzer/ws_moveit/install/moveit_setup_srdf_plugins:/home/matteo-melzer/ws_moveit/install/moveit_setup_core_plugins:/home/matteo-melzer/ws_moveit/install/moveit_setup_controllers:/home/matteo-melzer/ws_moveit/install/moveit_setup_app_plugins:/home/matteo-melzer/ws_moveit/install/moveit_setup_framework:/home/matteo-melzer/ws_moveit/install/moveit_servo:/home/matteo-melzer/ws_moveit/install/moveit_ros:/home/matteo-melzer/ws_moveit/install/moveit_ros_visualization:/home/matteo-melzer/ws_moveit/install/moveit_hybrid_planning:/home/matteo-melzer/ws_moveit/install/moveit_ros_planning_interface:/home/matteo-melzer/ws_moveit/install/moveit_ros_benchmarks:/home/matteo-melzer/ws_moveit/install/moveit_ros_warehouse:/home/matteo-melzer/ws_moveit/install/moveit_ros_robot_interaction:/home/matteo-melzer/ws_moveit/install/moveit_ros_perception:/home/matteo-melzer/ws_moveit/install/moveit_resources_prbt_pg70_support:/home/matteo-melzer/ws_moveit/install/moveit_resources_prbt_moveit_config:/home/matteo-melzer/ws_moveit/install/moveit_ros_move_group:/home/matteo-melzer/ws_moveit/install/moveit_planners_ompl:/home/matteo-melzer/ws_moveit/install/moveit_ros_planning:/home/matteo-melzer/ws_moveit/install/moveit_ros_occupancy_map_monitor:/home/matteo-melzer/ws_moveit/install/moveit_resources_prbt_ikfast_manipulator_plugin:/home/matteo-melzer/ws_moveit/install/moveit_planners_chomp:/home/matteo-melzer/ws_moveit/install/moveit_kinematics:/home/matteo-melzer/ws_moveit/install/moveit_chomp_optimizer_adapter:/home/matteo-melzer/ws_moveit/install/chomp_motion_planner:/home/matteo-melzer/ws_moveit/install/moveit_core:/home/matteo-melzer/ws_moveit/install/srdfdom:/home/matteo-melzer/ws_moveit/install/rviz_marker_tools:/home/matteo-melzer/ws_moveit/install/rosparam_shortcuts:/home/matteo-melzer/ws_moveit/install/moveit_task_constructor_msgs:/home/matteo-melzer/ws_moveit/install/moveit_resources_prbt_support:/home/matteo-melzer/ws_moveit/install/moveit_resources:/home/matteo-melzer/ws_moveit/install/moveit_resources_pr2_description:/home/matteo-melzer/ws_moveit/install/moveit_resources_panda_moveit_config:/home/matteo-melzer/ws_moveit/install/moveit_resources_panda_description:/home/matteo-melzer/ws_moveit/install/moveit_resources_fanuc_moveit_config:/home/matteo-melzer/ws_moveit/install/moveit_resources_fanuc_description:/home/matteo-melzer/ws_moveit/install/moveit_common:/home/matteo-melzer/ros2_ws/install/py_srvcli:/home/matteo-melzer/ros2_ws/install/py_pubsub:/home/matteo-melzer/ws_moveit/install/moveit_configs_utils:/home/matteo-melzer/ws_moveit/install/launch_param_builder:/opt/ros/humble LD_LIBRARY_PATH=/home/matteo-melzer/gazebo_test/install/realsense2_camera_msgs/lib:/home/matteo-melzer/gazebo_test/install/librealsense2/lib:${LD_LIBRARY_PATH} PATH=/home/matteo-melzer/gazebo_test/install/librealsense2/bin:${PATH} PKG_CONFIG_PATH=/home/matteo-melzer/gazebo_test/install/librealsense2/lib/x86_64-linux-gnu/pkgconfig:/home/matteo-melzer/gazebo_test/install/librealsense2/lib/pkgconfig PYTHONPATH=/home/matteo-melzer/gazebo_test/install/realsense2_camera_msgs/local/lib/python3.10/dist-packages:${PYTHONPATH} /usr/bin/cmake --install /home/matteo-melzer/gazebo_test/build/realsense2_camera
