[0.024s] Invoking command in '/home/matteo-melzer/gazebo_test/build/net_ft_description': CMAKE_PREFIX_PATH=${CMAKE_PREFIX_PATH}:/home/matteo-melzer/ros2_ws/install/py_srvcli:/home/matteo-melzer/ros2_ws/install/py_pubsub:/home/matteo-melzer/ws_moveit/install/moveit_configs_utils:/home/matteo-melzer/ws_moveit/install/launch_param_builder:/opt/ros/humble /usr/bin/cmake /home/matteo-melzer/gazebo_test/src/ros2_net_ft_driver/net_ft_description -DCMAKE_INSTALL_PREFIX=/home/matteo-melzer/gazebo_test/install/net_ft_description
[0.065s] -- Found ament_cmake: 1.3.11 (/opt/ros/humble/share/ament_cmake/cmake)
[0.312s] -- Override CMake install command with custom implementation using symlinks instead of copying resources
[0.425s] -- Configuring done
[0.433s] -- Generating done
[0.437s] -- Build files have been written to: /home/matteo-melzer/gazebo_test/build/net_ft_description
[0.441s] Invoked command in '/home/matteo-melzer/gazebo_test/build/net_ft_description' returned '0': CMAKE_PREFIX_PATH=${CMAKE_PREFIX_PATH}:/home/matteo-melzer/ros2_ws/install/py_srvcli:/home/matteo-melzer/ros2_ws/install/py_pubsub:/home/matteo-melzer/ws_moveit/install/moveit_configs_utils:/home/matteo-melzer/ws_moveit/install/launch_param_builder:/opt/ros/humble /usr/bin/cmake /home/matteo-melzer/gazebo_test/src/ros2_net_ft_driver/net_ft_description -DCMAKE_INSTALL_PREFIX=/home/matteo-melzer/gazebo_test/install/net_ft_description
[0.446s] Invoking command in '/home/matteo-melzer/gazebo_test/build/net_ft_description': CMAKE_PREFIX_PATH=${CMAKE_PREFIX_PATH}:/home/matteo-melzer/ros2_ws/install/py_srvcli:/home/matteo-melzer/ros2_ws/install/py_pubsub:/home/matteo-melzer/ws_moveit/install/moveit_configs_utils:/home/matteo-melzer/ws_moveit/install/launch_param_builder:/opt/ros/humble /usr/bin/cmake --build /home/matteo-melzer/gazebo_test/build/net_ft_description -- -j2 -l2
[0.547s] Invoked command in '/home/matteo-melzer/gazebo_test/build/net_ft_description' returned '0': CMAKE_PREFIX_PATH=${CMAKE_PREFIX_PATH}:/home/matteo-melzer/ros2_ws/install/py_srvcli:/home/matteo-melzer/ros2_ws/install/py_pubsub:/home/matteo-melzer/ws_moveit/install/moveit_configs_utils:/home/matteo-melzer/ws_moveit/install/launch_param_builder:/opt/ros/humble /usr/bin/cmake --build /home/matteo-melzer/gazebo_test/build/net_ft_description -- -j2 -l2
[0.577s] Invoking command in '/home/matteo-melzer/gazebo_test/build/net_ft_description': CMAKE_PREFIX_PATH=${CMAKE_PREFIX_PATH}:/home/matteo-melzer/ros2_ws/install/py_srvcli:/home/matteo-melzer/ros2_ws/install/py_pubsub:/home/matteo-melzer/ws_moveit/install/moveit_configs_utils:/home/matteo-melzer/ws_moveit/install/launch_param_builder:/opt/ros/humble /usr/bin/cmake --install /home/matteo-melzer/gazebo_test/build/net_ft_description
[0.596s] -- Install configuration: ""
[0.597s] -- Execute custom install script
[0.598s] -- Up-to-date symlink: /home/matteo-melzer/gazebo_test/install/net_ft_description/share/net_ft_description/urdf/net_ft_sensor.ros2_control.xacro
[0.598s] -- Up-to-date symlink: /home/matteo-melzer/gazebo_test/install/net_ft_description/share/net_ft_description/urdf/net_ft_sensor.urdf.xacro
[0.599s] -- Up-to-date symlink: /home/matteo-melzer/gazebo_test/install/net_ft_description/share/net_ft_description/urdf/net_ft_sensor_macro.urdf.xacro
[0.599s] -- Up-to-date symlink: /home/matteo-melzer/gazebo_test/install/net_ft_description/share/net_ft_description/meshes/collision/ati_axia80_ft_sensor.stl
[0.600s] -- Up-to-date symlink: /home/matteo-melzer/gazebo_test/install/net_ft_description/share/net_ft_description/meshes/collision/ati_gamma_ip65_ft_sensor.stl
[0.600s] -- Up-to-date symlink: /home/matteo-melzer/gazebo_test/install/net_ft_description/share/net_ft_description/meshes/collision/onrobot_hexe_v2_ft_sensor.stl
[0.601s] -- Up-to-date symlink: /home/matteo-melzer/gazebo_test/install/net_ft_description/share/net_ft_description/meshes/visual/ati_axia80_ft_sensor.dae
[0.601s] -- Up-to-date symlink: /home/matteo-melzer/gazebo_test/install/net_ft_description/share/net_ft_description/meshes/visual/ati_gamma_ip65_ft_sensor.dae
[0.601s] -- Up-to-date symlink: /home/matteo-melzer/gazebo_test/install/net_ft_description/share/net_ft_description/meshes/visual/onrobot_hexe_v2_ft_sensor.dae
[0.602s] -- Up-to-date symlink: /home/matteo-melzer/gazebo_test/install/net_ft_description/share/ament_index/resource_index/package_run_dependencies/net_ft_description
[0.602s] -- Up-to-date symlink: /home/matteo-melzer/gazebo_test/install/net_ft_description/share/ament_index/resource_index/parent_prefix_path/net_ft_description
[0.602s] -- Up-to-date symlink: /home/matteo-melzer/gazebo_test/install/net_ft_description/share/net_ft_description/environment/ament_prefix_path.sh
[0.603s] -- Up-to-date symlink: /home/matteo-melzer/gazebo_test/install/net_ft_description/share/net_ft_description/environment/ament_prefix_path.dsv
[0.603s] -- Up-to-date symlink: /home/matteo-melzer/gazebo_test/install/net_ft_description/share/net_ft_description/environment/path.sh
[0.603s] -- Up-to-date symlink: /home/matteo-melzer/gazebo_test/install/net_ft_description/share/net_ft_description/environment/path.dsv
[0.603s] -- Up-to-date symlink: /home/matteo-melzer/gazebo_test/install/net_ft_description/share/net_ft_description/local_setup.bash
[0.604s] -- Up-to-date symlink: /home/matteo-melzer/gazebo_test/install/net_ft_description/share/net_ft_description/local_setup.sh
[0.604s] -- Up-to-date symlink: /home/matteo-melzer/gazebo_test/install/net_ft_description/share/net_ft_description/local_setup.zsh
[0.604s] -- Up-to-date symlink: /home/matteo-melzer/gazebo_test/install/net_ft_description/share/net_ft_description/local_setup.dsv
[0.604s] -- Symlinking: /home/matteo-melzer/gazebo_test/install/net_ft_description/share/net_ft_description/package.dsv
[0.625s] -- Up-to-date symlink: /home/matteo-melzer/gazebo_test/install/net_ft_description/share/ament_index/resource_index/packages/net_ft_description
[0.626s] -- Up-to-date symlink: /home/matteo-melzer/gazebo_test/install/net_ft_description/share/net_ft_description/cmake/net_ft_descriptionConfig.cmake
[0.627s] -- Up-to-date symlink: /home/matteo-melzer/gazebo_test/install/net_ft_description/share/net_ft_description/cmake/net_ft_descriptionConfig-version.cmake
[0.627s] -- Up-to-date symlink: /home/matteo-melzer/gazebo_test/install/net_ft_description/share/net_ft_description/package.xml
[0.635s] Invoked command in '/home/matteo-melzer/gazebo_test/build/net_ft_description' returned '0': CMAKE_PREFIX_PATH=${CMAKE_PREFIX_PATH}:/home/matteo-melzer/ros2_ws/install/py_srvcli:/home/matteo-melzer/ros2_ws/install/py_pubsub:/home/matteo-melzer/ws_moveit/install/moveit_configs_utils:/home/matteo-melzer/ws_moveit/install/launch_param_builder:/opt/ros/humble /usr/bin/cmake --install /home/matteo-melzer/gazebo_test/build/net_ft_description
