[0.054s] Invoking command in '/home/matteo-melzer/gazebo_test/build/onrobot_control': /usr/bin/cmake /home/matteo-melzer/gazebo_test/src/onrobot_ros/onrobot_control -DCATKIN_INSTALL_INTO_PREFIX_ROOT=0 -DCMAKE_INSTALL_PREFIX=/home/matteo-melzer/gazebo_test/install/onrobot_control
[0.068s] [0mCMake Deprecation Warning at CMakeLists.txt:1 (cmake_minimum_required):
[0.068s]   Compatibility with CMake < 2.8.12 will be removed from a future version of
[0.068s]   CMake.
[0.068s] 
[0.068s]   Update the VERSION argument <min> value or use a ...<max> suffix to tell
[0.068s]   CMake that the project does not need compatibility with older versions.
[0.068s] 
[0.068s] [0m
[0.129s] -- The C compiler identification is GNU 11.4.0
[0.193s] -- The CXX compiler identification is GNU 11.4.0
[0.203s] -- Detecting C compiler ABI info
[0.328s] -- Detecting C compiler ABI info - done
[0.338s] -- Check for working C compiler: /usr/bin/cc - skipped
[0.338s] -- Detecting C compile features
[0.343s] -- Detecting C compile features - done
[0.353s] -- Detecting CXX compiler ABI info
[0.478s] -- Detecting CXX compiler ABI info - done
[0.485s] -- Check for working CXX compiler: /usr/bin/c++ - skipped
[0.486s] -- Detecting CXX compile features
[0.486s] -- Detecting CXX compile features - done
[0.507s] -- Configuring incomplete, errors occurred!
[0.507s] See also "/home/matteo-melzer/gazebo_test/build/onrobot_control/CMakeFiles/CMakeOutput.log".
[0.507s] [31mCMake Error at CMakeLists.txt:3 (find_package):
[0.507s]   By not providing "Findcatkin.cmake" in CMAKE_MODULE_PATH this project has
[0.507s]   asked CMake to find a package configuration file provided by "catkin", but
[0.507s]   CMake did not find one.
[0.507s] 
[0.507s]   Could not find a package configuration file provided by "catkin" with any
[0.507s]   of the following names:
[0.507s] 
[0.507s]     catkinConfig.cmake
[0.507s]     catkin-config.cmake
[0.507s] 
[0.507s]   Add the installation prefix of "catkin" to CMAKE_PREFIX_PATH or set
[0.507s]   "catkin_DIR" to a directory containing one of the above files.  If "catkin"
[0.507s]   provides a separate development package or SDK, be sure it has been
[0.507s]   installed.
[0.508s] 
[0.508s] [0m
[0.512s] Invoked command in '/home/matteo-melzer/gazebo_test/build/onrobot_control' returned '1': /usr/bin/cmake /home/matteo-melzer/gazebo_test/src/onrobot_ros/onrobot_control -DCATKIN_INSTALL_INTO_PREFIX_ROOT=0 -DCMAKE_INSTALL_PREFIX=/home/matteo-melzer/gazebo_test/install/onrobot_control
