[0.033s] Invoking command in '/home/matteo-melzer/gazebo_test/build/net_ft_diagnostic_broadcaster': CMAKE_PREFIX_PATH=${CMAKE_PREFIX_PATH}:/home/matteo-melzer/gazebo_test/install/onrobot_rg_modbus_tcp:/home/matteo-melzer/gazebo_test/install/onrobot_rg_control:/home/matteo-melzer/gazebo_test/install/onrobot_driver:/home/matteo-melzer/ros2_ws/install/py_srvcli:/home/matteo-melzer/ros2_ws/install/py_pubsub:/home/matteo-melzer/ws_moveit/install/moveit_configs_utils:/home/matteo-melzer/ws_moveit/install/launch_param_builder:/opt/ros/humble /usr/bin/cmake /home/matteo-melzer/gazebo_test/src/ros2_net_ft_driver/net_ft_diagnostic_broadcaster -DAMENT_CMAKE_SYMLINK_INSTALL=1 -DCMAKE_INSTALL_PREFIX=/home/matteo-melzer/gazebo_test/install/net_ft_diagnostic_broadcaster
[0.176s] -- The C compiler identification is GNU 11.4.0
[0.234s] -- The CXX compiler identification is GNU 11.4.0
[0.242s] -- Detecting C compiler ABI info
[0.356s] -- Detecting C compiler ABI info - done
[0.356s] -- Check for working C compiler: /usr/bin/cc - skipped
[0.356s] -- Detecting C compile features
[0.356s] -- Detecting C compile features - done
[0.359s] -- Detecting CXX compiler ABI info
[0.567s] -- Detecting CXX compiler ABI info - done
[0.577s] -- Check for working CXX compiler: /usr/bin/c++ - skipped
[0.577s] -- Detecting CXX compile features
[0.578s] -- Detecting CXX compile features - done
[0.601s] -- Found ament_cmake: 1.3.11 (/opt/ros/humble/share/ament_cmake/cmake)
[0.874s] -- Found Python3: /usr/bin/python3 (found version "3.10.12") found components: Interpreter 
[0.940s] -- Override CMake install command with custom implementation using symlinks instead of copying resources
[1.196s] -- Found controller_interface: 2.51.0 (/opt/ros/humble/share/controller_interface/cmake)
[1.425s] -- Found rosidl_generator_c: 3.1.6 (/opt/ros/humble/share/rosidl_generator_c/cmake)
[1.471s] -- Found rosidl_adapter: 3.1.6 (/opt/ros/humble/share/rosidl_adapter/cmake)
[1.522s] -- Found rosidl_generator_cpp: 3.1.6 (/opt/ros/humble/share/rosidl_generator_cpp/cmake)
[1.589s] -- Using all available rosidl_typesupport_c: rosidl_typesupport_fastrtps_c;rosidl_typesupport_introspection_c
[1.680s] -- Using all available rosidl_typesupport_cpp: rosidl_typesupport_fastrtps_cpp;rosidl_typesupport_introspection_cpp
[2.315s] -- Found rmw_implementation_cmake: 6.1.2 (/opt/ros/humble/share/rmw_implementation_cmake/cmake)
[2.346s] -- Found rmw_fastrtps_cpp: 6.2.7 (/opt/ros/humble/share/rmw_fastrtps_cpp/cmake)
[2.418s] -- Found TinyXML2 via Config file: TinyXML2_DIR-NOTFOUND
[2.603s] -- Found OpenSSL: /usr/lib/x86_64-linux-gnu/libcrypto.so (found version "3.0.2")  
[2.607s] -- Found TinyXML2 via Config file: TinyXML2_DIR-NOTFOUND
[2.645s] -- Found FastRTPS: /opt/ros/humble/include  
[2.655s] -- Found TinyXML2 via Config file: TinyXML2_DIR-NOTFOUND
[2.669s] -- Found TinyXML2 via Config file: TinyXML2_DIR-NOTFOUND
[2.703s] -- Using RMW implementation 'rmw_fastrtps_cpp' as default
[2.769s] -- Looking for pthread.h
[2.865s] -- Looking for pthread.h - found
[2.865s] -- Performing Test CMAKE_HAVE_LIBC_PTHREAD
[3.052s] -- Performing Test CMAKE_HAVE_LIBC_PTHREAD - Success
[3.052s] -- Found Threads: TRUE  
[3.184s] -- Found diagnostic_msgs: 4.9.0 (/opt/ros/humble/share/diagnostic_msgs/cmake)
[3.205s] -- Found diagnostic_updater: 4.0.6 (/opt/ros/humble/share/diagnostic_updater/cmake)
[3.319s] -- Configuring done
[3.361s] -- Generating done
[3.371s] -- Build files have been written to: /home/matteo-melzer/gazebo_test/build/net_ft_diagnostic_broadcaster
[3.399s] Invoked command in '/home/matteo-melzer/gazebo_test/build/net_ft_diagnostic_broadcaster' returned '0': CMAKE_PREFIX_PATH=${CMAKE_PREFIX_PATH}:/home/matteo-melzer/gazebo_test/install/onrobot_rg_modbus_tcp:/home/matteo-melzer/gazebo_test/install/onrobot_rg_control:/home/matteo-melzer/gazebo_test/install/onrobot_driver:/home/matteo-melzer/ros2_ws/install/py_srvcli:/home/matteo-melzer/ros2_ws/install/py_pubsub:/home/matteo-melzer/ws_moveit/install/moveit_configs_utils:/home/matteo-melzer/ws_moveit/install/launch_param_builder:/opt/ros/humble /usr/bin/cmake /home/matteo-melzer/gazebo_test/src/ros2_net_ft_driver/net_ft_diagnostic_broadcaster -DAMENT_CMAKE_SYMLINK_INSTALL=1 -DCMAKE_INSTALL_PREFIX=/home/matteo-melzer/gazebo_test/install/net_ft_diagnostic_broadcaster
[3.403s] Invoking command in '/home/matteo-melzer/gazebo_test/build/net_ft_diagnostic_broadcaster': CMAKE_PREFIX_PATH=${CMAKE_PREFIX_PATH}:/home/matteo-melzer/gazebo_test/install/onrobot_rg_modbus_tcp:/home/matteo-melzer/gazebo_test/install/onrobot_rg_control:/home/matteo-melzer/gazebo_test/install/onrobot_driver:/home/matteo-melzer/ros2_ws/install/py_srvcli:/home/matteo-melzer/ros2_ws/install/py_pubsub:/home/matteo-melzer/ws_moveit/install/moveit_configs_utils:/home/matteo-melzer/ws_moveit/install/launch_param_builder:/opt/ros/humble /usr/bin/cmake --build /home/matteo-melzer/gazebo_test/build/net_ft_diagnostic_broadcaster -- -j2 -l2
[3.598s] [ 50%] [32mBuilding CXX object CMakeFiles/net_ft_diagnostic_broadcaster.dir/src/net_ft_diagnostic_broadcaster.cpp.o[0m
[9.337s] [100%] [32m[1mLinking CXX shared library libnet_ft_diagnostic_broadcaster.so[0m
[9.719s] [100%] Built target net_ft_diagnostic_broadcaster
[9.755s] Invoked command in '/home/matteo-melzer/gazebo_test/build/net_ft_diagnostic_broadcaster' returned '0': CMAKE_PREFIX_PATH=${CMAKE_PREFIX_PATH}:/home/matteo-melzer/gazebo_test/install/onrobot_rg_modbus_tcp:/home/matteo-melzer/gazebo_test/install/onrobot_rg_control:/home/matteo-melzer/gazebo_test/install/onrobot_driver:/home/matteo-melzer/ros2_ws/install/py_srvcli:/home/matteo-melzer/ros2_ws/install/py_pubsub:/home/matteo-melzer/ws_moveit/install/moveit_configs_utils:/home/matteo-melzer/ws_moveit/install/launch_param_builder:/opt/ros/humble /usr/bin/cmake --build /home/matteo-melzer/gazebo_test/build/net_ft_diagnostic_broadcaster -- -j2 -l2
[9.757s] Invoking command in '/home/matteo-melzer/gazebo_test/build/net_ft_diagnostic_broadcaster': CMAKE_PREFIX_PATH=${CMAKE_PREFIX_PATH}:/home/matteo-melzer/gazebo_test/install/onrobot_rg_modbus_tcp:/home/matteo-melzer/gazebo_test/install/onrobot_rg_control:/home/matteo-melzer/gazebo_test/install/onrobot_driver:/home/matteo-melzer/ros2_ws/install/py_srvcli:/home/matteo-melzer/ros2_ws/install/py_pubsub:/home/matteo-melzer/ws_moveit/install/moveit_configs_utils:/home/matteo-melzer/ws_moveit/install/launch_param_builder:/opt/ros/humble /usr/bin/cmake --install /home/matteo-melzer/gazebo_test/build/net_ft_diagnostic_broadcaster
[9.784s] -- Install configuration: ""
[9.784s] -- Execute custom install script
[9.785s] -- Symlinking: /home/matteo-melzer/gazebo_test/install/net_ft_diagnostic_broadcaster/share/net_ft_diagnostic_broadcaster//controller_plugins.xml
[9.806s] -- Symlinking: /home/matteo-melzer/gazebo_test/install/net_ft_diagnostic_broadcaster/lib/libnet_ft_diagnostic_broadcaster.so
[9.823s] -- Symlinking: /home/matteo-melzer/gazebo_test/install/net_ft_diagnostic_broadcaster/include/net_ft_diagnostic_broadcaster/net_ft_diagnostic_broadcaster.hpp
[9.847s] -- Up-to-date symlink: /home/matteo-melzer/gazebo_test/install/net_ft_diagnostic_broadcaster/share/net_ft_diagnostic_broadcaster/controller_plugins.xml
[9.847s] -- Symlinking: /home/matteo-melzer/gazebo_test/install/net_ft_diagnostic_broadcaster/share/net_ft_diagnostic_broadcaster/environment/library_path.sh
[9.871s] -- Symlinking: /home/matteo-melzer/gazebo_test/install/net_ft_diagnostic_broadcaster/share/net_ft_diagnostic_broadcaster/environment/library_path.dsv
[9.886s] -- Symlinking: /home/matteo-melzer/gazebo_test/install/net_ft_diagnostic_broadcaster/share/ament_index/resource_index/package_run_dependencies/net_ft_diagnostic_broadcaster
[9.907s] -- Symlinking: /home/matteo-melzer/gazebo_test/install/net_ft_diagnostic_broadcaster/share/ament_index/resource_index/parent_prefix_path/net_ft_diagnostic_broadcaster
[9.926s] -- Symlinking: /home/matteo-melzer/gazebo_test/install/net_ft_diagnostic_broadcaster/share/net_ft_diagnostic_broadcaster/environment/ament_prefix_path.sh
[9.942s] -- Symlinking: /home/matteo-melzer/gazebo_test/install/net_ft_diagnostic_broadcaster/share/net_ft_diagnostic_broadcaster/environment/ament_prefix_path.dsv
[9.963s] -- Symlinking: /home/matteo-melzer/gazebo_test/install/net_ft_diagnostic_broadcaster/share/net_ft_diagnostic_broadcaster/environment/path.sh
[9.985s] -- Symlinking: /home/matteo-melzer/gazebo_test/install/net_ft_diagnostic_broadcaster/share/net_ft_diagnostic_broadcaster/environment/path.dsv
[10.001s] -- Symlinking: /home/matteo-melzer/gazebo_test/install/net_ft_diagnostic_broadcaster/share/net_ft_diagnostic_broadcaster/local_setup.bash
[10.015s] -- Symlinking: /home/matteo-melzer/gazebo_test/install/net_ft_diagnostic_broadcaster/share/net_ft_diagnostic_broadcaster/local_setup.sh
[10.033s] -- Symlinking: /home/matteo-melzer/gazebo_test/install/net_ft_diagnostic_broadcaster/share/net_ft_diagnostic_broadcaster/local_setup.zsh
[10.046s] -- Symlinking: /home/matteo-melzer/gazebo_test/install/net_ft_diagnostic_broadcaster/share/net_ft_diagnostic_broadcaster/local_setup.dsv
[10.066s] -- Symlinking: /home/matteo-melzer/gazebo_test/install/net_ft_diagnostic_broadcaster/share/net_ft_diagnostic_broadcaster/package.dsv
[10.083s] -- Symlinking: /home/matteo-melzer/gazebo_test/install/net_ft_diagnostic_broadcaster/share/ament_index/resource_index/packages/net_ft_diagnostic_broadcaster
[10.096s] -- Symlinking: /home/matteo-melzer/gazebo_test/install/net_ft_diagnostic_broadcaster/share/ament_index/resource_index/controller_interface__pluginlib__plugin/net_ft_diagnostic_broadcaster
[10.112s] -- Symlinking: /home/matteo-melzer/gazebo_test/install/net_ft_diagnostic_broadcaster/share/net_ft_diagnostic_broadcaster/cmake/ament_cmake_export_dependencies-extras.cmake
[10.134s] -- Symlinking: /home/matteo-melzer/gazebo_test/install/net_ft_diagnostic_broadcaster/share/net_ft_diagnostic_broadcaster/cmake/ament_cmake_export_include_directories-extras.cmake
[10.157s] -- Symlinking: /home/matteo-melzer/gazebo_test/install/net_ft_diagnostic_broadcaster/share/net_ft_diagnostic_broadcaster/cmake/ament_cmake_export_libraries-extras.cmake
[10.177s] -- Symlinking: /home/matteo-melzer/gazebo_test/install/net_ft_diagnostic_broadcaster/share/net_ft_diagnostic_broadcaster/cmake/net_ft_diagnostic_broadcasterConfig.cmake
[10.193s] -- Symlinking: /home/matteo-melzer/gazebo_test/install/net_ft_diagnostic_broadcaster/share/net_ft_diagnostic_broadcaster/cmake/net_ft_diagnostic_broadcasterConfig-version.cmake
[10.213s] -- Symlinking: /home/matteo-melzer/gazebo_test/install/net_ft_diagnostic_broadcaster/share/net_ft_diagnostic_broadcaster/package.xml
[10.234s] Invoked command in '/home/matteo-melzer/gazebo_test/build/net_ft_diagnostic_broadcaster' returned '0': CMAKE_PREFIX_PATH=${CMAKE_PREFIX_PATH}:/home/matteo-melzer/gazebo_test/install/onrobot_rg_modbus_tcp:/home/matteo-melzer/gazebo_test/install/onrobot_rg_control:/home/matteo-melzer/gazebo_test/install/onrobot_driver:/home/matteo-melzer/ros2_ws/install/py_srvcli:/home/matteo-melzer/ros2_ws/install/py_pubsub:/home/matteo-melzer/ws_moveit/install/moveit_configs_utils:/home/matteo-melzer/ws_moveit/install/launch_param_builder:/opt/ros/humble /usr/bin/cmake --install /home/matteo-melzer/gazebo_test/build/net_ft_diagnostic_broadcaster
