[0.032s] Invoking command in '/home/matteo-melzer/gazebo_test/build/net_ft_diagnostic_broadcaster': CMAKE_PREFIX_PATH=${CMAKE_PREFIX_PATH}:/home/matteo-melzer/gazebo_test/install/onrobot_rg_modbus_tcp:/home/matteo-melzer/gazebo_test/install/onrobot_rg_control:/home/matteo-melzer/gazebo_test/install/onrobot_driver:/home/matteo-melzer/ros2_ws/install/py_srvcli:/home/matteo-melzer/ros2_ws/install/py_pubsub:/home/matteo-melzer/ws_moveit/install/moveit_configs_utils:/home/matteo-melzer/ws_moveit/install/launch_param_builder:/opt/ros/humble /usr/bin/cmake /home/matteo-melzer/gazebo_test/src/ros2_net_ft_driver/net_ft_diagnostic_broadcaster -DAMENT_CMAKE_SYMLINK_INSTALL=1 -DCMAKE_INSTALL_PREFIX=/home/matteo-melzer/gazebo_test/install/net_ft_diagnostic_broadcaster
[0.113s] -- The C compiler identification is GNU 11.4.0
[0.169s] -- The CXX compiler identification is GNU 11.4.0
[0.178s] -- Detecting C compiler ABI info
[0.399s] -- Detecting C compiler ABI info - done
[0.419s] -- Check for working C compiler: /usr/bin/cc - skipped
[0.419s] -- Detecting C compile features
[0.419s] -- Detecting C compile features - done
[0.428s] -- Detecting CXX compiler ABI info
[0.645s] -- Detecting CXX compiler ABI info - done
[0.655s] -- Check for working CXX compiler: /usr/bin/c++ - skipped
[0.655s] -- Detecting CXX compile features
[0.656s] -- Detecting CXX compile features - done
[0.682s] -- Found ament_cmake: 1.3.11 (/opt/ros/humble/share/ament_cmake/cmake)
[1.090s] -- Found Python3: /usr/bin/python3 (found version "3.10.12") found components: Interpreter 
[1.253s] -- Override CMake install command with custom implementation using symlinks instead of copying resources
[1.539s] -- Found controller_interface: 2.51.0 (/opt/ros/humble/share/controller_interface/cmake)
[1.744s] -- Found rosidl_generator_c: 3.1.6 (/opt/ros/humble/share/rosidl_generator_c/cmake)
[1.770s] -- Found rosidl_adapter: 3.1.6 (/opt/ros/humble/share/rosidl_adapter/cmake)
[1.807s] -- Found rosidl_generator_cpp: 3.1.6 (/opt/ros/humble/share/rosidl_generator_cpp/cmake)
[1.852s] -- Using all available rosidl_typesupport_c: rosidl_typesupport_fastrtps_c;rosidl_typesupport_introspection_c
[1.894s] -- Using all available rosidl_typesupport_cpp: rosidl_typesupport_fastrtps_cpp;rosidl_typesupport_introspection_cpp
[2.401s] -- Found rmw_implementation_cmake: 6.1.2 (/opt/ros/humble/share/rmw_implementation_cmake/cmake)
[2.424s] -- Found rmw_fastrtps_cpp: 6.2.7 (/opt/ros/humble/share/rmw_fastrtps_cpp/cmake)
[2.513s] -- Found TinyXML2 via Config file: TinyXML2_DIR-NOTFOUND
[2.622s] -- Found OpenSSL: /usr/lib/x86_64-linux-gnu/libcrypto.so (found version "3.0.2")  
[2.628s] -- Found TinyXML2 via Config file: TinyXML2_DIR-NOTFOUND
[2.650s] -- Found FastRTPS: /opt/ros/humble/include  
[2.655s] -- Found TinyXML2 via Config file: TinyXML2_DIR-NOTFOUND
[2.662s] -- Found TinyXML2 via Config file: TinyXML2_DIR-NOTFOUND
[2.679s] -- Using RMW implementation 'rmw_fastrtps_cpp' as default
[2.748s] -- Looking for pthread.h
[2.945s] -- Looking for pthread.h - found
[2.947s] -- Performing Test CMAKE_HAVE_LIBC_PTHREAD
[3.151s] -- Performing Test CMAKE_HAVE_LIBC_PTHREAD - Success
[3.154s] -- Found Threads: TRUE  
[3.292s] -- Found diagnostic_msgs: 4.9.0 (/opt/ros/humble/share/diagnostic_msgs/cmake)
[3.323s] -- Found diagnostic_updater: 4.0.6 (/opt/ros/humble/share/diagnostic_updater/cmake)
[3.518s] -- Configuring done
[3.546s] -- Generating done
[3.559s] -- Build files have been written to: /home/matteo-melzer/gazebo_test/build/net_ft_diagnostic_broadcaster
[3.578s] Invoked command in '/home/matteo-melzer/gazebo_test/build/net_ft_diagnostic_broadcaster' returned '0': CMAKE_PREFIX_PATH=${CMAKE_PREFIX_PATH}:/home/matteo-melzer/gazebo_test/install/onrobot_rg_modbus_tcp:/home/matteo-melzer/gazebo_test/install/onrobot_rg_control:/home/matteo-melzer/gazebo_test/install/onrobot_driver:/home/matteo-melzer/ros2_ws/install/py_srvcli:/home/matteo-melzer/ros2_ws/install/py_pubsub:/home/matteo-melzer/ws_moveit/install/moveit_configs_utils:/home/matteo-melzer/ws_moveit/install/launch_param_builder:/opt/ros/humble /usr/bin/cmake /home/matteo-melzer/gazebo_test/src/ros2_net_ft_driver/net_ft_diagnostic_broadcaster -DAMENT_CMAKE_SYMLINK_INSTALL=1 -DCMAKE_INSTALL_PREFIX=/home/matteo-melzer/gazebo_test/install/net_ft_diagnostic_broadcaster
[3.579s] Invoking command in '/home/matteo-melzer/gazebo_test/build/net_ft_diagnostic_broadcaster': CMAKE_PREFIX_PATH=${CMAKE_PREFIX_PATH}:/home/matteo-melzer/gazebo_test/install/onrobot_rg_modbus_tcp:/home/matteo-melzer/gazebo_test/install/onrobot_rg_control:/home/matteo-melzer/gazebo_test/install/onrobot_driver:/home/matteo-melzer/ros2_ws/install/py_srvcli:/home/matteo-melzer/ros2_ws/install/py_pubsub:/home/matteo-melzer/ws_moveit/install/moveit_configs_utils:/home/matteo-melzer/ws_moveit/install/launch_param_builder:/opt/ros/humble /usr/bin/cmake --build /home/matteo-melzer/gazebo_test/build/net_ft_diagnostic_broadcaster -- -j2 -l2
[3.683s] [ 50%] [32mBuilding CXX object CMakeFiles/net_ft_diagnostic_broadcaster.dir/src/net_ft_diagnostic_broadcaster.cpp.o[0m
[9.975s] [100%] [32m[1mLinking CXX shared library libnet_ft_diagnostic_broadcaster.so[0m
[10.250s] [100%] Built target net_ft_diagnostic_broadcaster
[10.268s] Invoked command in '/home/matteo-melzer/gazebo_test/build/net_ft_diagnostic_broadcaster' returned '0': CMAKE_PREFIX_PATH=${CMAKE_PREFIX_PATH}:/home/matteo-melzer/gazebo_test/install/onrobot_rg_modbus_tcp:/home/matteo-melzer/gazebo_test/install/onrobot_rg_control:/home/matteo-melzer/gazebo_test/install/onrobot_driver:/home/matteo-melzer/ros2_ws/install/py_srvcli:/home/matteo-melzer/ros2_ws/install/py_pubsub:/home/matteo-melzer/ws_moveit/install/moveit_configs_utils:/home/matteo-melzer/ws_moveit/install/launch_param_builder:/opt/ros/humble /usr/bin/cmake --build /home/matteo-melzer/gazebo_test/build/net_ft_diagnostic_broadcaster -- -j2 -l2
[10.272s] Invoking command in '/home/matteo-melzer/gazebo_test/build/net_ft_diagnostic_broadcaster': CMAKE_PREFIX_PATH=${CMAKE_PREFIX_PATH}:/home/matteo-melzer/gazebo_test/install/onrobot_rg_modbus_tcp:/home/matteo-melzer/gazebo_test/install/onrobot_rg_control:/home/matteo-melzer/gazebo_test/install/onrobot_driver:/home/matteo-melzer/ros2_ws/install/py_srvcli:/home/matteo-melzer/ros2_ws/install/py_pubsub:/home/matteo-melzer/ws_moveit/install/moveit_configs_utils:/home/matteo-melzer/ws_moveit/install/launch_param_builder:/opt/ros/humble /usr/bin/cmake --install /home/matteo-melzer/gazebo_test/build/net_ft_diagnostic_broadcaster
[10.285s] -- Install configuration: ""
[10.285s] -- Execute custom install script
[10.288s] -- Symlinking: /home/matteo-melzer/gazebo_test/install/net_ft_diagnostic_broadcaster/share/net_ft_diagnostic_broadcaster//controller_plugins.xml
[10.308s] -- Symlinking: /home/matteo-melzer/gazebo_test/install/net_ft_diagnostic_broadcaster/lib/libnet_ft_diagnostic_broadcaster.so
[10.324s] -- Symlinking: /home/matteo-melzer/gazebo_test/install/net_ft_diagnostic_broadcaster/include/net_ft_diagnostic_broadcaster/net_ft_diagnostic_broadcaster.hpp
[10.338s] -- Up-to-date symlink: /home/matteo-melzer/gazebo_test/install/net_ft_diagnostic_broadcaster/share/net_ft_diagnostic_broadcaster/controller_plugins.xml
[10.338s] -- Symlinking: /home/matteo-melzer/gazebo_test/install/net_ft_diagnostic_broadcaster/share/net_ft_diagnostic_broadcaster/environment/library_path.sh
[10.354s] -- Symlinking: /home/matteo-melzer/gazebo_test/install/net_ft_diagnostic_broadcaster/share/net_ft_diagnostic_broadcaster/environment/library_path.dsv
[10.370s] -- Symlinking: /home/matteo-melzer/gazebo_test/install/net_ft_diagnostic_broadcaster/share/ament_index/resource_index/package_run_dependencies/net_ft_diagnostic_broadcaster
[10.388s] -- Symlinking: /home/matteo-melzer/gazebo_test/install/net_ft_diagnostic_broadcaster/share/ament_index/resource_index/parent_prefix_path/net_ft_diagnostic_broadcaster
[10.407s] -- Symlinking: /home/matteo-melzer/gazebo_test/install/net_ft_diagnostic_broadcaster/share/net_ft_diagnostic_broadcaster/environment/ament_prefix_path.sh
[10.422s] -- Symlinking: /home/matteo-melzer/gazebo_test/install/net_ft_diagnostic_broadcaster/share/net_ft_diagnostic_broadcaster/environment/ament_prefix_path.dsv
[10.437s] -- Symlinking: /home/matteo-melzer/gazebo_test/install/net_ft_diagnostic_broadcaster/share/net_ft_diagnostic_broadcaster/environment/path.sh
[10.455s] -- Symlinking: /home/matteo-melzer/gazebo_test/install/net_ft_diagnostic_broadcaster/share/net_ft_diagnostic_broadcaster/environment/path.dsv
[10.467s] -- Symlinking: /home/matteo-melzer/gazebo_test/install/net_ft_diagnostic_broadcaster/share/net_ft_diagnostic_broadcaster/local_setup.bash
[10.481s] -- Symlinking: /home/matteo-melzer/gazebo_test/install/net_ft_diagnostic_broadcaster/share/net_ft_diagnostic_broadcaster/local_setup.sh
[10.496s] -- Symlinking: /home/matteo-melzer/gazebo_test/install/net_ft_diagnostic_broadcaster/share/net_ft_diagnostic_broadcaster/local_setup.zsh
[10.524s] -- Symlinking: /home/matteo-melzer/gazebo_test/install/net_ft_diagnostic_broadcaster/share/net_ft_diagnostic_broadcaster/local_setup.dsv
[10.541s] -- Symlinking: /home/matteo-melzer/gazebo_test/install/net_ft_diagnostic_broadcaster/share/net_ft_diagnostic_broadcaster/package.dsv
[10.553s] -- Symlinking: /home/matteo-melzer/gazebo_test/install/net_ft_diagnostic_broadcaster/share/ament_index/resource_index/packages/net_ft_diagnostic_broadcaster
[10.573s] -- Symlinking: /home/matteo-melzer/gazebo_test/install/net_ft_diagnostic_broadcaster/share/ament_index/resource_index/controller_interface__pluginlib__plugin/net_ft_diagnostic_broadcaster
[10.587s] -- Symlinking: /home/matteo-melzer/gazebo_test/install/net_ft_diagnostic_broadcaster/share/net_ft_diagnostic_broadcaster/cmake/ament_cmake_export_dependencies-extras.cmake
[10.600s] -- Symlinking: /home/matteo-melzer/gazebo_test/install/net_ft_diagnostic_broadcaster/share/net_ft_diagnostic_broadcaster/cmake/ament_cmake_export_include_directories-extras.cmake
[10.614s] -- Symlinking: /home/matteo-melzer/gazebo_test/install/net_ft_diagnostic_broadcaster/share/net_ft_diagnostic_broadcaster/cmake/ament_cmake_export_libraries-extras.cmake
[10.632s] -- Symlinking: /home/matteo-melzer/gazebo_test/install/net_ft_diagnostic_broadcaster/share/net_ft_diagnostic_broadcaster/cmake/net_ft_diagnostic_broadcasterConfig.cmake
[10.646s] -- Symlinking: /home/matteo-melzer/gazebo_test/install/net_ft_diagnostic_broadcaster/share/net_ft_diagnostic_broadcaster/cmake/net_ft_diagnostic_broadcasterConfig-version.cmake
[10.663s] -- Symlinking: /home/matteo-melzer/gazebo_test/install/net_ft_diagnostic_broadcaster/share/net_ft_diagnostic_broadcaster/package.xml
[10.681s] Invoked command in '/home/matteo-melzer/gazebo_test/build/net_ft_diagnostic_broadcaster' returned '0': CMAKE_PREFIX_PATH=${CMAKE_PREFIX_PATH}:/home/matteo-melzer/gazebo_test/install/onrobot_rg_modbus_tcp:/home/matteo-melzer/gazebo_test/install/onrobot_rg_control:/home/matteo-melzer/gazebo_test/install/onrobot_driver:/home/matteo-melzer/ros2_ws/install/py_srvcli:/home/matteo-melzer/ros2_ws/install/py_pubsub:/home/matteo-melzer/ws_moveit/install/moveit_configs_utils:/home/matteo-melzer/ws_moveit/install/launch_param_builder:/opt/ros/humble /usr/bin/cmake --install /home/matteo-melzer/gazebo_test/build/net_ft_diagnostic_broadcaster
