[0.028s] Invoking command in '/home/matteo-melzer/gazebo_test/build/onrobot_control': CMAKE_PREFIX_PATH=${CMAKE_PREFIX_PATH}:/home/matteo-melzer/ros2_ws/install/py_srvcli:/home/matteo-melzer/ros2_ws/install/py_pubsub:/home/matteo-melzer/ws_moveit/install/moveit_configs_utils:/home/matteo-melzer/ws_moveit/install/launch_param_builder:/opt/ros/humble /usr/bin/cmake --build /home/matteo-melzer/gazebo_test/build/onrobot_control -- -j2 -l2
[0.123s] Invoked command in '/home/matteo-melzer/gazebo_test/build/onrobot_control' returned '0': CMAKE_PREFIX_PATH=${CMAKE_PREFIX_PATH}:/home/matteo-melzer/ros2_ws/install/py_srvcli:/home/matteo-melzer/ros2_ws/install/py_pubsub:/home/matteo-melzer/ws_moveit/install/moveit_configs_utils:/home/matteo-melzer/ws_moveit/install/launch_param_builder:/opt/ros/humble /usr/bin/cmake --build /home/matteo-melzer/gazebo_test/build/onrobot_control -- -j2 -l2
[0.127s] Invoking command in '/home/matteo-melzer/gazebo_test/build/onrobot_control': CMAKE_PREFIX_PATH=${CMAKE_PREFIX_PATH}:/home/matteo-melzer/ros2_ws/install/py_srvcli:/home/matteo-melzer/ros2_ws/install/py_pubsub:/home/matteo-melzer/ws_moveit/install/moveit_configs_utils:/home/matteo-melzer/ws_moveit/install/launch_param_builder:/opt/ros/humble /usr/bin/cmake --install /home/matteo-melzer/gazebo_test/build/onrobot_control
[0.144s] -- Install configuration: ""
[0.146s] -- Execute custom install script
[0.147s] -- Up-to-date symlink: /home/matteo-melzer/gazebo_test/install/onrobot_control/share/onrobot_control/launch/onrobot_rg_controller.launch.py
[0.148s] -- Up-to-date symlink: /home/matteo-melzer/gazebo_test/install/onrobot_control/share/onrobot_control/config/onrobot_rg_standalone.yaml
[0.148s] -- Up-to-date symlink: /home/matteo-melzer/gazebo_test/install/onrobot_control/share/ament_index/resource_index/package_run_dependencies/onrobot_control
[0.149s] -- Up-to-date symlink: /home/matteo-melzer/gazebo_test/install/onrobot_control/share/ament_index/resource_index/parent_prefix_path/onrobot_control
[0.153s] -- Up-to-date symlink: /home/matteo-melzer/gazebo_test/install/onrobot_control/share/onrobot_control/environment/ament_prefix_path.sh
[0.153s] -- Up-to-date symlink: /home/matteo-melzer/gazebo_test/install/onrobot_control/share/onrobot_control/environment/ament_prefix_path.dsv
[0.159s] -- Up-to-date symlink: /home/matteo-melzer/gazebo_test/install/onrobot_control/share/onrobot_control/environment/path.sh
[0.159s] -- Up-to-date symlink: /home/matteo-melzer/gazebo_test/install/onrobot_control/share/onrobot_control/environment/path.dsv
[0.160s] -- Up-to-date symlink: /home/matteo-melzer/gazebo_test/install/onrobot_control/share/onrobot_control/local_setup.bash
[0.160s] -- Up-to-date symlink: /home/matteo-melzer/gazebo_test/install/onrobot_control/share/onrobot_control/local_setup.sh
[0.160s] -- Up-to-date symlink: /home/matteo-melzer/gazebo_test/install/onrobot_control/share/onrobot_control/local_setup.zsh
[0.160s] -- Up-to-date symlink: /home/matteo-melzer/gazebo_test/install/onrobot_control/share/onrobot_control/local_setup.dsv
[0.160s] -- Symlinking: /home/matteo-melzer/gazebo_test/install/onrobot_control/share/onrobot_control/package.dsv
[0.189s] -- Up-to-date symlink: /home/matteo-melzer/gazebo_test/install/onrobot_control/share/ament_index/resource_index/packages/onrobot_control
[0.193s] -- Up-to-date symlink: /home/matteo-melzer/gazebo_test/install/onrobot_control/share/onrobot_control/cmake/onrobot_controlConfig.cmake
[0.193s] -- Up-to-date symlink: /home/matteo-melzer/gazebo_test/install/onrobot_control/share/onrobot_control/cmake/onrobot_controlConfig-version.cmake
[0.202s] -- Up-to-date symlink: /home/matteo-melzer/gazebo_test/install/onrobot_control/share/onrobot_control/package.xml
[0.204s] Invoked command in '/home/matteo-melzer/gazebo_test/build/onrobot_control' returned '0': CMAKE_PREFIX_PATH=${CMAKE_PREFIX_PATH}:/home/matteo-melzer/ros2_ws/install/py_srvcli:/home/matteo-melzer/ros2_ws/install/py_pubsub:/home/matteo-melzer/ws_moveit/install/moveit_configs_utils:/home/matteo-melzer/ws_moveit/install/launch_param_builder:/opt/ros/humble /usr/bin/cmake --install /home/matteo-melzer/gazebo_test/build/onrobot_control
