[0.019s] Invoking command in '/home/matteo-melzer/gazebo_test/build/librealsense2': CMAKE_PREFIX_PATH=${CMAKE_PREFIX_PATH}:/home/matteo-melzer/gazebo_test/install/onrobot_rg_modbus_tcp:/home/matteo-melzer/gazebo_test/install/onrobot_rg_control:/home/matteo-melzer/gazebo_test/install/onrobot_driver:/home/matteo-melzer/ros2_ws/install/py_srvcli:/home/matteo-melzer/ros2_ws/install/py_pubsub:/home/matteo-melzer/ws_moveit/install/moveit_configs_utils:/home/matteo-melzer/ws_moveit/install/launch_param_builder:/opt/ros/humble /usr/bin/cmake --build /home/matteo-melzer/gazebo_test/build/librealsense2 -- -j2 -l2
[0.139s] [35m[1mConsolidate compiler generated dependencies of target realsense-file[0m
[0.147s] [  2%] Built target libcurl
[0.200s] [35m[1mConsolidate compiler generated dependencies of target rsutils[0m
[0.206s] [  6%] Built target realsense-file
[0.239s] [35m[1mConsolidate compiler generated dependencies of target rs-embed[0m
[0.268s] [  6%] Built target rs-embed
[0.287s] [ 11%] Built target rsutils
[0.287s] [35m[1mConsolidate compiler generated dependencies of target fw[0m
[0.311s] [ 11%] Built target fw
[0.401s] [35m[1mConsolidate compiler generated dependencies of target realsense2[0m
[0.887s] [ 41%] Built target realsense2
[0.926s] [35m[1mConsolidate compiler generated dependencies of target rs-hello-realsense[0m
[0.937s] [35m[1mConsolidate compiler generated dependencies of target realsense2-gl[0m
[0.994s] [ 41%] Built target rs-hello-realsense
[1.003s] [ 44%] Built target realsense2-gl
[1.029s] [35m[1mConsolidate compiler generated dependencies of target rs-software-device[0m
[1.043s] [35m[1mConsolidate compiler generated dependencies of target rs-capture[0m
[1.091s] [ 46%] Built target rs-capture
[1.105s] [ 48%] Built target rs-software-device
[1.116s] [35m[1mConsolidate compiler generated dependencies of target rs-callback[0m
[1.155s] [ 49%] Built target rs-callback
[1.182s] [35m[1mConsolidate compiler generated dependencies of target rs-save-to-disk[0m
[1.182s] [35m[1mConsolidate compiler generated dependencies of target rs-multicam[0m
[1.291s] [ 49%] Built target rs-save-to-disk
[1.299s] [ 51%] Built target rs-multicam
[1.347s] [35m[1mConsolidate compiler generated dependencies of target rs-align[0m
[1.368s] [35m[1mConsolidate compiler generated dependencies of target rs-pointcloud[0m
[1.434s] [ 53%] Built target rs-pointcloud
[1.453s] [ 55%] Built target rs-align
[1.481s] [35m[1mConsolidate compiler generated dependencies of target rs-align-gl[0m
[1.533s] [35m[1mConsolidate compiler generated dependencies of target rs-align-advanced[0m
[1.588s] [ 57%] Built target rs-align-gl
[1.618s] [ 59%] Built target rs-align-advanced
[1.642s] [35m[1mConsolidate compiler generated dependencies of target rs-sensor-control[0m
[1.649s] [35m[1mConsolidate compiler generated dependencies of target rs-measure[0m
[1.734s] [ 62%] Built target rs-measure
[1.734s] [ 63%] Built target rs-sensor-control
[1.803s] [35m[1mConsolidate compiler generated dependencies of target rs-depth[0m
[1.816s] [35m[1mConsolidate compiler generated dependencies of target rs-color[0m
[1.873s] [ 63%] Built target rs-color
[1.875s] [ 63%] Built target rs-depth
[1.909s] [35m[1mConsolidate compiler generated dependencies of target rs-distance[0m
[1.928s] [35m[1mConsolidate compiler generated dependencies of target rs-post-processing[0m
[1.951s] [ 64%] Built target rs-distance
[1.990s] [35m[1mConsolidate compiler generated dependencies of target rs-record-playback[0m
[2.000s] [ 66%] Built target rs-post-processing
[2.046s] [35m[1mConsolidate compiler generated dependencies of target rs-motion[0m
[2.051s] [ 67%] Built target rs-record-playback
[2.104s] [35m[1mConsolidate compiler generated dependencies of target rs-gl[0m
[2.105s] [ 69%] Built target rs-motion
[2.146s] [35m[1mConsolidate compiler generated dependencies of target rs-hdr[0m
[2.165s] [ 71%] Built target rs-gl
[2.201s] [35m[1mConsolidate compiler generated dependencies of target rs-on-chip-calib[0m
[2.201s] [ 73%] Built target rs-hdr
[2.238s] [35m[1mConsolidate compiler generated dependencies of target rs-convert[0m
[2.259s] [ 73%] Built target rs-on-chip-calib
[2.297s] [ 74%] Built target rs-convert
[2.302s] [35m[1mConsolidate compiler generated dependencies of target rs-enumerate-devices[0m
[2.338s] [35m[1mConsolidate compiler generated dependencies of target rs-fw-logger[0m
[2.371s] [ 75%] Built target rs-enumerate-devices
[2.383s] [ 75%] Built target rs-fw-logger
[2.415s] [35m[1mConsolidate compiler generated dependencies of target rs-record[0m
[2.431s] [35m[1mConsolidate compiler generated dependencies of target rs-terminal[0m
[2.508s] [ 76%] Built target rs-terminal
[2.516s] [ 77%] Built target rs-record
[2.558s] [35m[1mConsolidate compiler generated dependencies of target rs-fw-update[0m
[2.598s] [35m[1mConsolidate compiler generated dependencies of target rs-data-collect[0m
[2.632s] [ 78%] Built target rs-fw-update
[2.664s] [ 79%] Built target rs-data-collect
[2.722s] [35m[1mConsolidate compiler generated dependencies of target realsense-viewer[0m
[2.803s] [35m[1mConsolidate compiler generated dependencies of target rs-depth-quality[0m
[2.900s] [ 79%] [32mBuilding CXX object tools/realsense-viewer/CMakeFiles/realsense-viewer.dir/__/__/common/viewer.cpp.o[0m
[3.071s] [ 79%] [32mBuilding CXX object tools/depth-quality/CMakeFiles/rs-depth-quality.dir/__/__/common/viewer.cpp.o[0m
[27.924s] [ 79%] [32m[1mLinking CXX executable ../../Release/realsense-viewer[0m
[28.637s] [ 79%] [32m[1mLinking CXX executable ../../Release/rs-depth-quality[0m
[29.002s] [ 88%] Built target realsense-viewer
[29.318s] [ 97%] Built target rs-depth-quality
[29.349s] [35m[1mConsolidate compiler generated dependencies of target rs-rosbag-inspector[0m
[29.387s] [100%] Built target rs-rosbag-inspector
[29.408s] [35m[1mConsolidate compiler generated dependencies of target rs-benchmark[0m
[29.436s] [100%] Built target rs-benchmark
[29.462s] Invoked command in '/home/matteo-melzer/gazebo_test/build/librealsense2' returned '0': CMAKE_PREFIX_PATH=${CMAKE_PREFIX_PATH}:/home/matteo-melzer/gazebo_test/install/onrobot_rg_modbus_tcp:/home/matteo-melzer/gazebo_test/install/onrobot_rg_control:/home/matteo-melzer/gazebo_test/install/onrobot_driver:/home/matteo-melzer/ros2_ws/install/py_srvcli:/home/matteo-melzer/ros2_ws/install/py_pubsub:/home/matteo-melzer/ws_moveit/install/moveit_configs_utils:/home/matteo-melzer/ws_moveit/install/launch_param_builder:/opt/ros/humble /usr/bin/cmake --build /home/matteo-melzer/gazebo_test/build/librealsense2 -- -j2 -l2
[29.466s] Invoking command in '/home/matteo-melzer/gazebo_test/build/librealsense2': CMAKE_PREFIX_PATH=${CMAKE_PREFIX_PATH}:/home/matteo-melzer/gazebo_test/install/onrobot_rg_modbus_tcp:/home/matteo-melzer/gazebo_test/install/onrobot_rg_control:/home/matteo-melzer/gazebo_test/install/onrobot_driver:/home/matteo-melzer/ros2_ws/install/py_srvcli:/home/matteo-melzer/ros2_ws/install/py_pubsub:/home/matteo-melzer/ws_moveit/install/moveit_configs_utils:/home/matteo-melzer/ws_moveit/install/launch_param_builder:/opt/ros/humble /usr/bin/cmake --install /home/matteo-melzer/gazebo_test/build/librealsense2
[29.478s] -- Install configuration: "Release"
[29.480s] -- Up-to-date: /home/matteo-melzer/gazebo_test/install/librealsense2/lib/librealsense2.so.2.56.5
[29.480s] -- Up-to-date: /home/matteo-melzer/gazebo_test/install/librealsense2/lib/librealsense2.so.2.56
[29.481s] -- Up-to-date: /home/matteo-melzer/gazebo_test/install/librealsense2/lib/librealsense2.so
[29.481s] -- Up-to-date: /home/matteo-melzer/gazebo_test/install/librealsense2/include/librealsense2
[29.482s] -- Up-to-date: /home/matteo-melzer/gazebo_test/install/librealsense2/include/librealsense2/rsutil.h
[29.482s] -- Up-to-date: /home/matteo-melzer/gazebo_test/install/librealsense2/include/librealsense2/hpp
[29.483s] -- Up-to-date: /home/matteo-melzer/gazebo_test/install/librealsense2/include/librealsense2/hpp/rs_export.hpp
[29.483s] -- Up-to-date: /home/matteo-melzer/gazebo_test/install/librealsense2/include/librealsense2/hpp/rs_serializable_device.hpp
[29.483s] -- Up-to-date: /home/matteo-melzer/gazebo_test/install/librealsense2/include/librealsense2/hpp/rs_sensor.hpp
[29.483s] -- Up-to-date: /home/matteo-melzer/gazebo_test/install/librealsense2/include/librealsense2/hpp/rs_device.hpp
[29.484s] -- Up-to-date: /home/matteo-melzer/gazebo_test/install/librealsense2/include/librealsense2/hpp/rs_internal.hpp
[29.484s] -- Up-to-date: /home/matteo-melzer/gazebo_test/install/librealsense2/include/librealsense2/hpp/rs_options.hpp
[29.485s] -- Up-to-date: /home/matteo-melzer/gazebo_test/install/librealsense2/include/librealsense2/hpp/rs_frame.hpp
[29.485s] -- Up-to-date: /home/matteo-melzer/gazebo_test/install/librealsense2/include/librealsense2/hpp/rs_pipeline.hpp
[29.485s] -- Up-to-date: /home/matteo-melzer/gazebo_test/install/librealsense2/include/librealsense2/hpp/rs_record_playback.hpp
[29.485s] -- Up-to-date: /home/matteo-melzer/gazebo_test/install/librealsense2/include/librealsense2/hpp/rs_types.hpp
[29.486s] -- Up-to-date: /home/matteo-melzer/gazebo_test/install/librealsense2/include/librealsense2/hpp/rs_context.hpp
[29.486s] -- Up-to-date: /home/matteo-melzer/gazebo_test/install/librealsense2/include/librealsense2/hpp/rs_processing.hpp
[29.487s] -- Up-to-date: /home/matteo-melzer/gazebo_test/install/librealsense2/include/librealsense2/rs.h
[29.487s] -- Up-to-date: /home/matteo-melzer/gazebo_test/install/librealsense2/include/librealsense2/rs.hpp
[29.487s] -- Up-to-date: /home/matteo-melzer/gazebo_test/install/librealsense2/include/librealsense2/h
[29.487s] -- Up-to-date: /home/matteo-melzer/gazebo_test/install/librealsense2/include/librealsense2/h/rs_processing.h
[29.488s] -- Up-to-date: /home/matteo-melzer/gazebo_test/install/librealsense2/include/librealsense2/h/rs_context.h
[29.488s] -- Up-to-date: /home/matteo-melzer/gazebo_test/install/librealsense2/include/librealsense2/h/rs_sensor.h
[29.488s] -- Up-to-date: /home/matteo-melzer/gazebo_test/install/librealsense2/include/librealsense2/h/rs_frame.h
[29.488s] -- Up-to-date: /home/matteo-melzer/gazebo_test/install/librealsense2/include/librealsense2/h/rs_internal.h
[29.489s] -- Up-to-date: /home/matteo-melzer/gazebo_test/install/librealsense2/include/librealsense2/h/rs_option.h
[29.489s] -- Up-to-date: /home/matteo-melzer/gazebo_test/install/librealsense2/include/librealsense2/h/rs_config.h
[29.489s] -- Up-to-date: /home/matteo-melzer/gazebo_test/install/librealsense2/include/librealsense2/h/rs_advanced_mode_command.h
[29.489s] -- Up-to-date: /home/matteo-melzer/gazebo_test/install/librealsense2/include/librealsense2/h/rs_device.h
[29.489s] -- Up-to-date: /home/matteo-melzer/gazebo_test/install/librealsense2/include/librealsense2/h/rs_record_playback.h
[29.489s] -- Up-to-date: /home/matteo-melzer/gazebo_test/install/librealsense2/include/librealsense2/h/rs_types.h
[29.489s] -- Up-to-date: /home/matteo-melzer/gazebo_test/install/librealsense2/include/librealsense2/h/rs_pipeline.h
[29.491s] -- Up-to-date: /home/matteo-melzer/gazebo_test/install/librealsense2/include/librealsense2/rs_advanced_mode.hpp
[29.491s] -- Up-to-date: /home/matteo-melzer/gazebo_test/install/librealsense2/include/librealsense2/rs_advanced_mode.h
[29.492s] -- Up-to-date: /home/matteo-melzer/gazebo_test/install/librealsense2/lib/cmake/realsense2/realsense2Targets.cmake
[29.492s] -- Up-to-date: /home/matteo-melzer/gazebo_test/install/librealsense2/lib/cmake/realsense2/realsense2Targets-release.cmake
[29.493s] -- Up-to-date: /home/matteo-melzer/gazebo_test/install/librealsense2/lib/cmake/realsense2/realsense2Config.cmake
[29.493s] -- Up-to-date: /home/matteo-melzer/gazebo_test/install/librealsense2/lib/cmake/realsense2/realsense2ConfigVersion.cmake
[29.494s] -- Up-to-date: /home/matteo-melzer/gazebo_test/install/librealsense2/lib/pkgconfig/realsense2.pc
[30.059s] /sbin/ldconfig.real: Can't create temporary cache file /etc/ld.so.cache~: Permission denied
[30.060s] -- Up-to-date: /home/matteo-melzer/gazebo_test/install/librealsense2/lib/librsutils.a
[30.060s] -- Up-to-date: /home/matteo-melzer/gazebo_test/install/librealsense2/lib/librealsense-file.a
[30.061s] -- Up-to-date: /home/matteo-melzer/gazebo_test/install/librealsense2/lib/librealsense2-gl.so.2.56.5
[30.062s] -- Up-to-date: /home/matteo-melzer/gazebo_test/install/librealsense2/lib/librealsense2-gl.so.2.56
[30.062s] -- Up-to-date: /home/matteo-melzer/gazebo_test/install/librealsense2/lib/librealsense2-gl.so
[30.062s] -- Up-to-date: /home/matteo-melzer/gazebo_test/install/librealsense2/include/librealsense2-gl/rs_processing_gl.h
[30.062s] -- Up-to-date: /home/matteo-melzer/gazebo_test/install/librealsense2/include/librealsense2-gl/rs_processing_gl.hpp
[30.062s] -- Up-to-date: /home/matteo-melzer/gazebo_test/install/librealsense2/lib/cmake/realsense2-gl/realsense2-glTargets.cmake
[30.062s] -- Up-to-date: /home/matteo-melzer/gazebo_test/install/librealsense2/lib/cmake/realsense2-gl/realsense2-glTargets-release.cmake
[30.063s] -- Up-to-date: /home/matteo-melzer/gazebo_test/install/librealsense2/lib/cmake/realsense2-gl/realsense2-glConfig.cmake
[30.063s] -- Up-to-date: /home/matteo-melzer/gazebo_test/install/librealsense2/lib/cmake/realsense2-gl/realsense2-glConfigVersion.cmake
[30.063s] -- Up-to-date: /home/matteo-melzer/gazebo_test/install/librealsense2/lib/pkgconfig/realsense2-gl.pc
[30.177s] /sbin/ldconfig.real: Can't create temporary cache file /etc/ld.so.cache~: Permission denied
[30.178s] -- Up-to-date: /home/matteo-melzer/gazebo_test/install/librealsense2/bin/rs-hello-realsense
[30.179s] -- Up-to-date: /home/matteo-melzer/gazebo_test/install/librealsense2/bin/rs-software-device
[30.180s] -- Up-to-date: /home/matteo-melzer/gazebo_test/install/librealsense2/bin/rs-capture
[30.181s] -- Up-to-date: /home/matteo-melzer/gazebo_test/install/librealsense2/bin/rs-callback
[30.183s] -- Up-to-date: /home/matteo-melzer/gazebo_test/install/librealsense2/bin/rs-save-to-disk
[30.183s] -- Up-to-date: /home/matteo-melzer/gazebo_test/install/librealsense2/bin/rs-multicam
[30.185s] -- Up-to-date: /home/matteo-melzer/gazebo_test/install/librealsense2/bin/rs-pointcloud
[30.187s] -- Up-to-date: /home/matteo-melzer/gazebo_test/install/librealsense2/bin/rs-align
[30.187s] -- Up-to-date: /home/matteo-melzer/gazebo_test/install/librealsense2/bin/rs-align-gl
[30.188s] -- Up-to-date: /home/matteo-melzer/gazebo_test/install/librealsense2/bin/rs-align-advanced
[30.189s] -- Up-to-date: /home/matteo-melzer/gazebo_test/install/librealsense2/bin/rs-sensor-control
[30.191s] -- Up-to-date: /home/matteo-melzer/gazebo_test/install/librealsense2/bin/rs-measure
[30.191s] -- Up-to-date: /home/matteo-melzer/gazebo_test/install/librealsense2/bin/rs-depth
[30.194s] -- Up-to-date: /home/matteo-melzer/gazebo_test/install/librealsense2/bin/rs-color
[30.194s] -- Up-to-date: /home/matteo-melzer/gazebo_test/install/librealsense2/bin/rs-distance
[30.196s] -- Up-to-date: /home/matteo-melzer/gazebo_test/install/librealsense2/bin/rs-post-processing
[30.197s] -- Up-to-date: /home/matteo-melzer/gazebo_test/install/librealsense2/bin/rs-record-playback
[30.200s] -- Up-to-date: /home/matteo-melzer/gazebo_test/install/librealsense2/bin/rs-motion
[30.200s] -- Up-to-date: /home/matteo-melzer/gazebo_test/install/librealsense2/bin/rs-gl
[30.201s] -- Up-to-date: /home/matteo-melzer/gazebo_test/install/librealsense2/bin/rs-hdr
[30.203s] -- Up-to-date: /home/matteo-melzer/gazebo_test/install/librealsense2/bin/rs-on-chip-calib
[30.203s] -- Up-to-date: /home/matteo-melzer/gazebo_test/install/librealsense2/bin/rs-convert
[30.204s] -- Up-to-date: /home/matteo-melzer/gazebo_test/install/librealsense2/bin/rs-enumerate-devices
[30.205s] -- Up-to-date: /home/matteo-melzer/gazebo_test/install/librealsense2/bin/rs-fw-logger
[30.206s] -- Up-to-date: /home/matteo-melzer/gazebo_test/install/librealsense2/bin/rs-terminal
[30.207s] -- Up-to-date: /home/matteo-melzer/gazebo_test/install/librealsense2/bin/rs-record
[30.208s] -- Up-to-date: /home/matteo-melzer/gazebo_test/install/librealsense2/bin/rs-fw-update
[30.209s] -- Up-to-date: /home/matteo-melzer/gazebo_test/install/librealsense2/bin/rs-embed
[30.211s] -- Up-to-date: /home/matteo-melzer/gazebo_test/install/librealsense2/bin/rs-data-collect
[30.211s] -- Installing: /home/matteo-melzer/gazebo_test/install/librealsense2/bin/realsense-viewer
[30.232s] -- Set runtime path of "/home/matteo-melzer/gazebo_test/install/librealsense2/bin/realsense-viewer" to ""
[30.236s] -- Up-to-date: /home/matteo-melzer/Documents/librealsense2/presets
[30.236s] -- Up-to-date: /home/matteo-melzer/Documents/librealsense2/presets/sample.preset
[30.236s] -- Installing: /home/matteo-melzer/gazebo_test/install/librealsense2/bin/rs-depth-quality
[30.271s] -- Set runtime path of "/home/matteo-melzer/gazebo_test/install/librealsense2/bin/rs-depth-quality" to ""
[30.272s] -- Up-to-date: /home/matteo-melzer/gazebo_test/install/librealsense2/bin/rs-rosbag-inspector
[30.273s] -- Up-to-date: /home/matteo-melzer/gazebo_test/install/librealsense2/bin/rs-benchmark
[30.275s] -- Up-to-date: /home/matteo-melzer/gazebo_test/install/librealsense2/lib/libfw.a
[30.276s] Invoked command in '/home/matteo-melzer/gazebo_test/build/librealsense2' returned '0': CMAKE_PREFIX_PATH=${CMAKE_PREFIX_PATH}:/home/matteo-melzer/gazebo_test/install/onrobot_rg_modbus_tcp:/home/matteo-melzer/gazebo_test/install/onrobot_rg_control:/home/matteo-melzer/gazebo_test/install/onrobot_driver:/home/matteo-melzer/ros2_ws/install/py_srvcli:/home/matteo-melzer/ros2_ws/install/py_pubsub:/home/matteo-melzer/ws_moveit/install/moveit_configs_utils:/home/matteo-melzer/ws_moveit/install/launch_param_builder:/opt/ros/humble /usr/bin/cmake --install /home/matteo-melzer/gazebo_test/build/librealsense2
