[0.710s] Invoking command in '/home/matteo-melzer/gazebo_test/build/onrobot_rg_control': PYTHONPATH=/home/matteo-melzer/gazebo_test/build/onrobot_rg_control/prefix_override:/usr/lib/python3/dist-packages/colcon_core/task/python/colcon_distutils_commands:/home/matteo-melzer/gazebo_test/install/onrobot_rg_control/lib/python3.10/site-packages:${PYTHONPATH} /usr/bin/python3 -W ignore:setup.py install is deprecated -W ignore:easy_install command is deprecated setup.py develop --editable --build-directory /home/matteo-melzer/gazebo_test/build/onrobot_rg_control/build --no-deps symlink_data
[1.208s] running develop
[1.504s] running egg_info
[1.504s] creating onrobot_rg_control.egg-info
[1.505s] writing onrobot_rg_control.egg-info/PKG-INFO
[1.506s] writing dependency_links to onrobot_rg_control.egg-info/dependency_links.txt
[1.506s] writing entry points to onrobot_rg_control.egg-info/entry_points.txt
[1.506s] writing requirements to onrobot_rg_control.egg-info/requires.txt
[1.506s] writing top-level names to onrobot_rg_control.egg-info/top_level.txt
[1.509s] writing manifest file 'onrobot_rg_control.egg-info/SOURCES.txt'
[1.510s] reading manifest file 'onrobot_rg_control.egg-info/SOURCES.txt'
[1.511s] writing manifest file 'onrobot_rg_control.egg-info/SOURCES.txt'
[1.513s] running build_ext
[1.514s] Creating /home/matteo-melzer/gazebo_test/install/onrobot_rg_control/lib/python3.10/site-packages/onrobot-rg-control.egg-link (link to .)
[1.514s] Installing OnRobotRGController script to /home/matteo-melzer/gazebo_test/install/onrobot_rg_control/lib/onrobot_rg_control
[1.515s] Installing OnRobotRGControllerServer script to /home/matteo-melzer/gazebo_test/install/onrobot_rg_control/lib/onrobot_rg_control
[1.515s] 
[1.515s] Installed /home/matteo-melzer/gazebo_test/build/onrobot_rg_control
[1.516s] running symlink_data
[1.516s] creating /home/matteo-melzer/gazebo_test/install/onrobot_rg_control/share/ament_index
[1.516s] creating /home/matteo-melzer/gazebo_test/install/onrobot_rg_control/share/ament_index/resource_index
[1.516s] creating /home/matteo-melzer/gazebo_test/install/onrobot_rg_control/share/ament_index/resource_index/packages
[1.516s] symbolically linking /home/matteo-melzer/gazebo_test/build/onrobot_rg_control/resource/onrobot_rg_control -> /home/matteo-melzer/gazebo_test/install/onrobot_rg_control/share/ament_index/resource_index/packages
[1.517s] symbolically linking /home/matteo-melzer/gazebo_test/build/onrobot_rg_control/package.xml -> /home/matteo-melzer/gazebo_test/install/onrobot_rg_control/share/onrobot_rg_control
[1.517s] creating /home/matteo-melzer/gazebo_test/install/onrobot_rg_control/share/onrobot_rg_control/launch
[1.520s] symbolically linking /home/matteo-melzer/gazebo_test/build/onrobot_rg_control/launch/bringup.launch.py -> /home/matteo-melzer/gazebo_test/install/onrobot_rg_control/share/onrobot_rg_control/launch
[1.542s] Invoked command in '/home/matteo-melzer/gazebo_test/build/onrobot_rg_control' returned '0': PYTHONPATH=/home/matteo-melzer/gazebo_test/build/onrobot_rg_control/prefix_override:/usr/lib/python3/dist-packages/colcon_core/task/python/colcon_distutils_commands:/home/matteo-melzer/gazebo_test/install/onrobot_rg_control/lib/python3.10/site-packages:${PYTHONPATH} /usr/bin/python3 -W ignore:setup.py install is deprecated -W ignore:easy_install command is deprecated setup.py develop --editable --build-directory /home/matteo-melzer/gazebo_test/build/onrobot_rg_control/build --no-deps symlink_data
