[0.683s] Invoking command in '/home/matteo-melzer/gazebo_test/build/onrobot_rg_control': PYTHONPATH=/home/matteo-melzer/gazebo_test/build/onrobot_rg_control/prefix_override:/usr/lib/python3/dist-packages/colcon_core/task/python/colcon_distutils_commands:/home/matteo-melzer/gazebo_test/install/onrobot_rg_control/lib/python3.10/site-packages:${PYTHONPATH} /usr/bin/python3 -W ignore:setup.py install is deprecated -W ignore:easy_install command is deprecated setup.py develop --uninstall --editable --build-directory /home/matteo-melzer/gazebo_test/build/onrobot_rg_control/build
[0.913s] running develop
[1.087s] Removing /home/matteo-melzer/gazebo_test/install/onrobot_rg_control/lib/python3.10/site-packages/onrobot-rg-control.egg-link (link to .)
[1.113s] Invoked command in '/home/matteo-melzer/gazebo_test/build/onrobot_rg_control' returned '0': PYTHONPATH=/home/matteo-melzer/gazebo_test/build/onrobot_rg_control/prefix_override:/usr/lib/python3/dist-packages/colcon_core/task/python/colcon_distutils_commands:/home/matteo-melzer/gazebo_test/install/onrobot_rg_control/lib/python3.10/site-packages:${PYTHONPATH} /usr/bin/python3 -W ignore:setup.py install is deprecated -W ignore:easy_install command is deprecated setup.py develop --uninstall --editable --build-directory /home/matteo-melzer/gazebo_test/build/onrobot_rg_control/build
[1.113s] Invoking command in '/home/matteo-melzer/gazebo_test/src/onrobot-ros2/onrobot_rg_control': PYTHONPATH=/home/matteo-melzer/gazebo_test/build/onrobot_rg_control/prefix_override:/usr/lib/python3/dist-packages/colcon_core/task/python/colcon_distutils_commands:/home/matteo-melzer/gazebo_test/install/onrobot_rg_control/lib/python3.10/site-packages:${PYTHONPATH} /usr/bin/python3 -W ignore:setup.py install is deprecated -W ignore:easy_install command is deprecated setup.py egg_info --egg-base ../../../build/onrobot_rg_control build --build-base /home/matteo-melzer/gazebo_test/build/onrobot_rg_control/build install --record /home/matteo-melzer/gazebo_test/build/onrobot_rg_control/install.log --single-version-externally-managed install_data --force
[1.373s] running egg_info
[1.373s] writing ../../../build/onrobot_rg_control/onrobot_rg_control.egg-info/PKG-INFO
[1.374s] writing dependency_links to ../../../build/onrobot_rg_control/onrobot_rg_control.egg-info/dependency_links.txt
[1.375s] writing entry points to ../../../build/onrobot_rg_control/onrobot_rg_control.egg-info/entry_points.txt
[1.375s] writing requirements to ../../../build/onrobot_rg_control/onrobot_rg_control.egg-info/requires.txt
[1.376s] writing top-level names to ../../../build/onrobot_rg_control/onrobot_rg_control.egg-info/top_level.txt
[1.378s] reading manifest file '../../../build/onrobot_rg_control/onrobot_rg_control.egg-info/SOURCES.txt'
[1.379s] writing manifest file '../../../build/onrobot_rg_control/onrobot_rg_control.egg-info/SOURCES.txt'
[1.380s] running build
[1.380s] running build_py
[1.383s] running install
[1.383s] running install_lib
[1.384s] creating /home/matteo-melzer/gazebo_test/install/onrobot_rg_control/lib/python3.10/site-packages/onrobot_rg_control
[1.384s] copying /home/matteo-melzer/gazebo_test/build/onrobot_rg_control/build/lib/onrobot_rg_control/OnRobotRGController.py -> /home/matteo-melzer/gazebo_test/install/onrobot_rg_control/lib/python3.10/site-packages/onrobot_rg_control
[1.388s] copying /home/matteo-melzer/gazebo_test/build/onrobot_rg_control/build/lib/onrobot_rg_control/_OnRobotRGIsaacSimController.py -> /home/matteo-melzer/gazebo_test/install/onrobot_rg_control/lib/python3.10/site-packages/onrobot_rg_control
[1.388s] copying /home/matteo-melzer/gazebo_test/build/onrobot_rg_control/build/lib/onrobot_rg_control/_baseOnRobotRG.py -> /home/matteo-melzer/gazebo_test/install/onrobot_rg_control/lib/python3.10/site-packages/onrobot_rg_control
[1.388s] creating /home/matteo-melzer/gazebo_test/install/onrobot_rg_control/lib/python3.10/site-packages/onrobot_rg_control/onrobot_rg_communication
[1.388s] copying /home/matteo-melzer/gazebo_test/build/onrobot_rg_control/build/lib/onrobot_rg_control/onrobot_rg_communication/comBase.py -> /home/matteo-melzer/gazebo_test/install/onrobot_rg_control/lib/python3.10/site-packages/onrobot_rg_control/onrobot_rg_communication
[1.388s] copying /home/matteo-melzer/gazebo_test/build/onrobot_rg_control/build/lib/onrobot_rg_control/onrobot_rg_communication/__init__.py -> /home/matteo-melzer/gazebo_test/install/onrobot_rg_control/lib/python3.10/site-packages/onrobot_rg_control/onrobot_rg_communication
[1.388s] copying /home/matteo-melzer/gazebo_test/build/onrobot_rg_control/build/lib/onrobot_rg_control/onrobot_rg_communication/comModbusTcp.py -> /home/matteo-melzer/gazebo_test/install/onrobot_rg_control/lib/python3.10/site-packages/onrobot_rg_control/onrobot_rg_communication
[1.388s] copying /home/matteo-melzer/gazebo_test/build/onrobot_rg_control/build/lib/onrobot_rg_control/onrobot_rg_communication/comIsaacSim.py -> /home/matteo-melzer/gazebo_test/install/onrobot_rg_control/lib/python3.10/site-packages/onrobot_rg_control/onrobot_rg_communication
[1.388s] copying /home/matteo-melzer/gazebo_test/build/onrobot_rg_control/build/lib/onrobot_rg_control/_OnRobotRGStatusListener.py -> /home/matteo-melzer/gazebo_test/install/onrobot_rg_control/lib/python3.10/site-packages/onrobot_rg_control
[1.388s] copying /home/matteo-melzer/gazebo_test/build/onrobot_rg_control/build/lib/onrobot_rg_control/__init__.py -> /home/matteo-melzer/gazebo_test/install/onrobot_rg_control/lib/python3.10/site-packages/onrobot_rg_control
[1.389s] copying /home/matteo-melzer/gazebo_test/build/onrobot_rg_control/build/lib/onrobot_rg_control/OnRobotRGControllerServer.py -> /home/matteo-melzer/gazebo_test/install/onrobot_rg_control/lib/python3.10/site-packages/onrobot_rg_control
[1.391s] byte-compiling /home/matteo-melzer/gazebo_test/install/onrobot_rg_control/lib/python3.10/site-packages/onrobot_rg_control/OnRobotRGController.py to OnRobotRGController.cpython-310.pyc
[1.393s] byte-compiling /home/matteo-melzer/gazebo_test/install/onrobot_rg_control/lib/python3.10/site-packages/onrobot_rg_control/_OnRobotRGIsaacSimController.py to _OnRobotRGIsaacSimController.cpython-310.pyc
[1.394s] byte-compiling /home/matteo-melzer/gazebo_test/install/onrobot_rg_control/lib/python3.10/site-packages/onrobot_rg_control/_baseOnRobotRG.py to _baseOnRobotRG.cpython-310.pyc
[1.398s] byte-compiling /home/matteo-melzer/gazebo_test/install/onrobot_rg_control/lib/python3.10/site-packages/onrobot_rg_control/onrobot_rg_communication/comBase.py to comBase.cpython-310.pyc
[1.400s] byte-compiling /home/matteo-melzer/gazebo_test/install/onrobot_rg_control/lib/python3.10/site-packages/onrobot_rg_control/onrobot_rg_communication/__init__.py to __init__.cpython-310.pyc
[1.400s] byte-compiling /home/matteo-melzer/gazebo_test/install/onrobot_rg_control/lib/python3.10/site-packages/onrobot_rg_control/onrobot_rg_communication/comModbusTcp.py to comModbusTcp.cpython-310.pyc
[1.400s] byte-compiling /home/matteo-melzer/gazebo_test/install/onrobot_rg_control/lib/python3.10/site-packages/onrobot_rg_control/onrobot_rg_communication/comIsaacSim.py to comIsaacSim.cpython-310.pyc
[1.400s] byte-compiling /home/matteo-melzer/gazebo_test/install/onrobot_rg_control/lib/python3.10/site-packages/onrobot_rg_control/_OnRobotRGStatusListener.py to _OnRobotRGStatusListener.cpython-310.pyc
[1.400s] byte-compiling /home/matteo-melzer/gazebo_test/install/onrobot_rg_control/lib/python3.10/site-packages/onrobot_rg_control/__init__.py to __init__.cpython-310.pyc
[1.400s] byte-compiling /home/matteo-melzer/gazebo_test/install/onrobot_rg_control/lib/python3.10/site-packages/onrobot_rg_control/OnRobotRGControllerServer.py to OnRobotRGControllerServer.cpython-310.pyc
[1.400s] running install_data
[1.400s] copying resource/onrobot_rg_control -> /home/matteo-melzer/gazebo_test/install/onrobot_rg_control/share/ament_index/resource_index/packages
[1.400s] copying package.xml -> /home/matteo-melzer/gazebo_test/install/onrobot_rg_control/share/onrobot_rg_control
[1.400s] copying launch/bringup.launch.py -> /home/matteo-melzer/gazebo_test/install/onrobot_rg_control/share/onrobot_rg_control/launch
[1.400s] running install_egg_info
[1.402s] Copying ../../../build/onrobot_rg_control/onrobot_rg_control.egg-info to /home/matteo-melzer/gazebo_test/install/onrobot_rg_control/lib/python3.10/site-packages/onrobot_rg_control-2.0.0-py3.10.egg-info
[1.403s] running install_scripts
[1.424s] Installing OnRobotRGController script to /home/matteo-melzer/gazebo_test/install/onrobot_rg_control/lib/onrobot_rg_control
[1.424s] Installing OnRobotRGControllerServer script to /home/matteo-melzer/gazebo_test/install/onrobot_rg_control/lib/onrobot_rg_control
[1.430s] writing list of installed files to '/home/matteo-melzer/gazebo_test/build/onrobot_rg_control/install.log'
[1.449s] Invoked command in '/home/matteo-melzer/gazebo_test/src/onrobot-ros2/onrobot_rg_control' returned '0': PYTHONPATH=/home/matteo-melzer/gazebo_test/build/onrobot_rg_control/prefix_override:/usr/lib/python3/dist-packages/colcon_core/task/python/colcon_distutils_commands:/home/matteo-melzer/gazebo_test/install/onrobot_rg_control/lib/python3.10/site-packages:${PYTHONPATH} /usr/bin/python3 -W ignore:setup.py install is deprecated -W ignore:easy_install command is deprecated setup.py egg_info --egg-base ../../../build/onrobot_rg_control build --build-base /home/matteo-melzer/gazebo_test/build/onrobot_rg_control/build install --record /home/matteo-melzer/gazebo_test/build/onrobot_rg_control/install.log --single-version-externally-managed install_data --force
