[0.000000] (-) TimerEvent: {}
[0.000659] (-) JobUnselected: {'identifier': 'librealsense2'}
[0.000711] (-) JobUnselected: {'identifier': 'net_ft_description'}
[0.000749] (-) JobUnselected: {'identifier': 'net_ft_diagnostic_broadcaster'}
[0.000766] (-) JobUnselected: {'identifier': 'net_ft_driver'}
[0.000797] (-) JobUnselected: {'identifier': 'onrobot_control'}
[0.000829] (-) JobUnselected: {'identifier': 'onrobot_description'}
[0.000861] (-) JobUnselected: {'identifier': 'onrobot_driver'}
[0.000893] (-) JobUnselected: {'identifier': 'onrobot_rg_control'}
[0.000939] (-) JobUnselected: {'identifier': 'onrobot_rg_description'}
[0.000976] (-) JobUnselected: {'identifier': 'onrobot_rg_modbus_tcp'}
[0.001187] (-) JobUnselected: {'identifier': 'onrobot_rg_msgs'}
[0.001285] (-) JobUnselected: {'identifier': 'realsense2_camera'}
[0.001380] (-) JobUnselected: {'identifier': 'realsense2_camera_msgs'}
[0.001473] (-) JobUnselected: {'identifier': 'realsense2_description'}
[0.001565] (-) JobUnselected: {'identifier': 'ur10e_flex_moveit_config'}
[0.001678] (-) JobUnselected: {'identifier': 'ur10e_ft_rg2_moveit_config'}
[0.001775] (-) JobUnselected: {'identifier': 'ur10e_gazebo_sim'}
[0.001867] (-) JobUnselected: {'identifier': 'ur_description'}
[0.001958] (-) JobUnselected: {'identifier': 'ur_simulation_gazebo'}
[0.002051] (-) EventReactorShutdown: {}
