[0.036s] Invoking command in '/home/matteo-melzer/gazebo_test/build/librealsense2': CMAKE_PREFIX_PATH=${CMAKE_PREFIX_PATH}:/home/matteo-melzer/gazebo_test/install/onrobot_rg_modbus_tcp:/home/matteo-melzer/gazebo_test/install/onrobot_rg_control:/home/matteo-melzer/gazebo_test/install/onrobot_driver:/home/matteo-melzer/ros2_ws/install/py_srvcli:/home/matteo-melzer/ros2_ws/install/py_pubsub:/home/matteo-melzer/ws_moveit/install/moveit_configs_utils:/home/matteo-melzer/ws_moveit/install/launch_param_builder:/opt/ros/humble /usr/bin/cmake --build /home/matteo-melzer/gazebo_test/build/librealsense2 -- -j2 -l2
[0.297s] [  2%] Built target libcurl
[0.346s] [  6%] Built target realsense-file
[0.448s] [ 11%] Built target rsutils
[0.474s] [ 11%] Built target rs-embed
[0.586s] [ 11%] Built target fw
[0.726s] [ 41%] Built target realsense2
[0.877s] [ 41%] Built target rs-hello-realsense
[0.904s] [ 44%] Built target realsense2-gl
[1.002s] [ 46%] Built target rs-software-device
[1.022s] [ 48%] Built target rs-capture
[1.125s] [ 49%] Built target rs-save-to-disk
[1.126s] [ 49%] Built target rs-callback
[1.215s] [ 51%] Built target rs-pointcloud
[1.261s] [ 53%] Built target rs-multicam
[1.321s] [ 55%] Built target rs-align
[1.371s] [ 57%] Built target rs-align-gl
[1.424s] [ 59%] Built target rs-align-advanced
[1.523s] [ 61%] Built target rs-sensor-control
[1.534s] [ 63%] Built target rs-measure
[1.652s] [ 63%] Built target rs-color
[1.667s] [ 63%] Built target rs-depth
[1.766s] [ 64%] Built target rs-distance
[1.798s] [ 66%] Built target rs-post-processing
[1.909s] [ 68%] Built target rs-motion
[1.929s] [ 69%] Built target rs-record-playback
[2.029s] [ 71%] Built target rs-hdr
[2.063s] [ 73%] Built target rs-gl
[2.145s] [ 73%] Built target rs-on-chip-calib
[2.180s] [ 74%] Built target rs-convert
[2.300s] [ 75%] Built target rs-enumerate-devices
[2.305s] [ 75%] Built target rs-fw-logger
[2.435s] [ 76%] Built target rs-record
[2.439s] [ 77%] Built target rs-terminal
[2.554s] [ 78%] Built target rs-fw-update
[2.596s] [ 79%] Built target rs-data-collect
[2.714s] [ 88%] Built target realsense-viewer
[2.817s] [ 97%] Built target rs-depth-quality
[2.863s] [100%] Built target rs-rosbag-inspector
[2.926s] [100%] Built target rs-benchmark
[2.980s] Invoked command in '/home/matteo-melzer/gazebo_test/build/librealsense2' returned '0': CMAKE_PREFIX_PATH=${CMAKE_PREFIX_PATH}:/home/matteo-melzer/gazebo_test/install/onrobot_rg_modbus_tcp:/home/matteo-melzer/gazebo_test/install/onrobot_rg_control:/home/matteo-melzer/gazebo_test/install/onrobot_driver:/home/matteo-melzer/ros2_ws/install/py_srvcli:/home/matteo-melzer/ros2_ws/install/py_pubsub:/home/matteo-melzer/ws_moveit/install/moveit_configs_utils:/home/matteo-melzer/ws_moveit/install/launch_param_builder:/opt/ros/humble /usr/bin/cmake --build /home/matteo-melzer/gazebo_test/build/librealsense2 -- -j2 -l2
[2.980s] Invoking command in '/home/matteo-melzer/gazebo_test/build/librealsense2': CMAKE_PREFIX_PATH=${CMAKE_PREFIX_PATH}:/home/matteo-melzer/gazebo_test/install/onrobot_rg_modbus_tcp:/home/matteo-melzer/gazebo_test/install/onrobot_rg_control:/home/matteo-melzer/gazebo_test/install/onrobot_driver:/home/matteo-melzer/ros2_ws/install/py_srvcli:/home/matteo-melzer/ros2_ws/install/py_pubsub:/home/matteo-melzer/ws_moveit/install/moveit_configs_utils:/home/matteo-melzer/ws_moveit/install/launch_param_builder:/opt/ros/humble /usr/bin/cmake --install /home/matteo-melzer/gazebo_test/build/librealsense2
[3.007s] -- Install configuration: "Release"
[3.010s] -- Up-to-date: /home/matteo-melzer/gazebo_test/install/librealsense2/lib/librealsense2.so.2.56.5
[3.012s] -- Up-to-date: /home/matteo-melzer/gazebo_test/install/librealsense2/lib/librealsense2.so.2.56
[3.012s] -- Up-to-date: /home/matteo-melzer/gazebo_test/install/librealsense2/lib/librealsense2.so
[3.012s] -- Up-to-date: /home/matteo-melzer/gazebo_test/install/librealsense2/include/librealsense2
[3.012s] -- Up-to-date: /home/matteo-melzer/gazebo_test/install/librealsense2/include/librealsense2/rsutil.h
[3.012s] -- Up-to-date: /home/matteo-melzer/gazebo_test/install/librealsense2/include/librealsense2/hpp
[3.012s] -- Up-to-date: /home/matteo-melzer/gazebo_test/install/librealsense2/include/librealsense2/hpp/rs_export.hpp
[3.012s] -- Up-to-date: /home/matteo-melzer/gazebo_test/install/librealsense2/include/librealsense2/hpp/rs_serializable_device.hpp
[3.013s] -- Up-to-date: /home/matteo-melzer/gazebo_test/install/librealsense2/include/librealsense2/hpp/rs_sensor.hpp
[3.013s] -- Up-to-date: /home/matteo-melzer/gazebo_test/install/librealsense2/include/librealsense2/hpp/rs_device.hpp
[3.013s] -- Up-to-date: /home/matteo-melzer/gazebo_test/install/librealsense2/include/librealsense2/hpp/rs_internal.hpp
[3.013s] -- Up-to-date: /home/matteo-melzer/gazebo_test/install/librealsense2/include/librealsense2/hpp/rs_options.hpp
[3.013s] -- Up-to-date: /home/matteo-melzer/gazebo_test/install/librealsense2/include/librealsense2/hpp/rs_frame.hpp
[3.013s] -- Up-to-date: /home/matteo-melzer/gazebo_test/install/librealsense2/include/librealsense2/hpp/rs_pipeline.hpp
[3.013s] -- Up-to-date: /home/matteo-melzer/gazebo_test/install/librealsense2/include/librealsense2/hpp/rs_record_playback.hpp
[3.013s] -- Up-to-date: /home/matteo-melzer/gazebo_test/install/librealsense2/include/librealsense2/hpp/rs_types.hpp
[3.013s] -- Up-to-date: /home/matteo-melzer/gazebo_test/install/librealsense2/include/librealsense2/hpp/rs_context.hpp
[3.013s] -- Up-to-date: /home/matteo-melzer/gazebo_test/install/librealsense2/include/librealsense2/hpp/rs_processing.hpp
[3.013s] -- Up-to-date: /home/matteo-melzer/gazebo_test/install/librealsense2/include/librealsense2/rs.h
[3.013s] -- Up-to-date: /home/matteo-melzer/gazebo_test/install/librealsense2/include/librealsense2/rs.hpp
[3.013s] -- Up-to-date: /home/matteo-melzer/gazebo_test/install/librealsense2/include/librealsense2/h
[3.013s] -- Up-to-date: /home/matteo-melzer/gazebo_test/install/librealsense2/include/librealsense2/h/rs_processing.h
[3.013s] -- Up-to-date: /home/matteo-melzer/gazebo_test/install/librealsense2/include/librealsense2/h/rs_context.h
[3.013s] -- Up-to-date: /home/matteo-melzer/gazebo_test/install/librealsense2/include/librealsense2/h/rs_sensor.h
[3.013s] -- Up-to-date: /home/matteo-melzer/gazebo_test/install/librealsense2/include/librealsense2/h/rs_frame.h
[3.013s] -- Up-to-date: /home/matteo-melzer/gazebo_test/install/librealsense2/include/librealsense2/h/rs_internal.h
[3.013s] -- Up-to-date: /home/matteo-melzer/gazebo_test/install/librealsense2/include/librealsense2/h/rs_option.h
[3.013s] -- Up-to-date: /home/matteo-melzer/gazebo_test/install/librealsense2/include/librealsense2/h/rs_config.h
[3.013s] -- Up-to-date: /home/matteo-melzer/gazebo_test/install/librealsense2/include/librealsense2/h/rs_advanced_mode_command.h
[3.013s] -- Up-to-date: /home/matteo-melzer/gazebo_test/install/librealsense2/include/librealsense2/h/rs_device.h
[3.013s] -- Up-to-date: /home/matteo-melzer/gazebo_test/install/librealsense2/include/librealsense2/h/rs_record_playback.h
[3.013s] -- Up-to-date: /home/matteo-melzer/gazebo_test/install/librealsense2/include/librealsense2/h/rs_types.h
[3.013s] -- Up-to-date: /home/matteo-melzer/gazebo_test/install/librealsense2/include/librealsense2/h/rs_pipeline.h
[3.013s] -- Up-to-date: /home/matteo-melzer/gazebo_test/install/librealsense2/include/librealsense2/rs_advanced_mode.hpp
[3.014s] -- Up-to-date: /home/matteo-melzer/gazebo_test/install/librealsense2/include/librealsense2/rs_advanced_mode.h
[3.014s] -- Up-to-date: /home/matteo-melzer/gazebo_test/install/librealsense2/lib/cmake/realsense2/realsense2Targets.cmake
[3.014s] -- Up-to-date: /home/matteo-melzer/gazebo_test/install/librealsense2/lib/cmake/realsense2/realsense2Targets-release.cmake
[3.020s] -- Up-to-date: /home/matteo-melzer/gazebo_test/install/librealsense2/lib/cmake/realsense2/realsense2Config.cmake
[3.020s] -- Up-to-date: /home/matteo-melzer/gazebo_test/install/librealsense2/lib/cmake/realsense2/realsense2ConfigVersion.cmake
[3.020s] -- Up-to-date: /home/matteo-melzer/gazebo_test/install/librealsense2/lib/pkgconfig/realsense2.pc
[3.238s] /sbin/ldconfig.real: Can't create temporary cache file /etc/ld.so.cache~: Permission denied
[3.241s] -- Up-to-date: /home/matteo-melzer/gazebo_test/install/librealsense2/lib/librsutils.a
[3.241s] -- Up-to-date: /home/matteo-melzer/gazebo_test/install/librealsense2/lib/librealsense-file.a
[3.246s] -- Up-to-date: /home/matteo-melzer/gazebo_test/install/librealsense2/lib/librealsense2-gl.so.2.56.5
[3.246s] -- Up-to-date: /home/matteo-melzer/gazebo_test/install/librealsense2/lib/librealsense2-gl.so.2.56
[3.246s] -- Up-to-date: /home/matteo-melzer/gazebo_test/install/librealsense2/lib/librealsense2-gl.so
[3.246s] -- Up-to-date: /home/matteo-melzer/gazebo_test/install/librealsense2/include/librealsense2-gl/rs_processing_gl.h
[3.246s] -- Up-to-date: /home/matteo-melzer/gazebo_test/install/librealsense2/include/librealsense2-gl/rs_processing_gl.hpp
[3.246s] -- Up-to-date: /home/matteo-melzer/gazebo_test/install/librealsense2/lib/cmake/realsense2-gl/realsense2-glTargets.cmake
[3.246s] -- Up-to-date: /home/matteo-melzer/gazebo_test/install/librealsense2/lib/cmake/realsense2-gl/realsense2-glTargets-release.cmake
[3.246s] -- Up-to-date: /home/matteo-melzer/gazebo_test/install/librealsense2/lib/cmake/realsense2-gl/realsense2-glConfig.cmake
[3.246s] -- Up-to-date: /home/matteo-melzer/gazebo_test/install/librealsense2/lib/cmake/realsense2-gl/realsense2-glConfigVersion.cmake
[3.246s] -- Up-to-date: /home/matteo-melzer/gazebo_test/install/librealsense2/lib/pkgconfig/realsense2-gl.pc
[3.444s] /sbin/ldconfig.real: Can't create temporary cache file /etc/ld.so.cache~: Permission denied
[3.447s] -- Up-to-date: /home/matteo-melzer/gazebo_test/install/librealsense2/bin/rs-hello-realsense
[3.452s] -- Up-to-date: /home/matteo-melzer/gazebo_test/install/librealsense2/bin/rs-software-device
[3.454s] -- Up-to-date: /home/matteo-melzer/gazebo_test/install/librealsense2/bin/rs-capture
[3.455s] -- Up-to-date: /home/matteo-melzer/gazebo_test/install/librealsense2/bin/rs-callback
[3.455s] -- Up-to-date: /home/matteo-melzer/gazebo_test/install/librealsense2/bin/rs-save-to-disk
[3.455s] -- Up-to-date: /home/matteo-melzer/gazebo_test/install/librealsense2/bin/rs-multicam
[3.458s] -- Up-to-date: /home/matteo-melzer/gazebo_test/install/librealsense2/bin/rs-pointcloud
[3.461s] -- Up-to-date: /home/matteo-melzer/gazebo_test/install/librealsense2/bin/rs-align
[3.462s] -- Up-to-date: /home/matteo-melzer/gazebo_test/install/librealsense2/bin/rs-align-gl
[3.462s] -- Up-to-date: /home/matteo-melzer/gazebo_test/install/librealsense2/bin/rs-align-advanced
[3.462s] -- Up-to-date: /home/matteo-melzer/gazebo_test/install/librealsense2/bin/rs-sensor-control
[3.462s] -- Up-to-date: /home/matteo-melzer/gazebo_test/install/librealsense2/bin/rs-measure
[3.468s] -- Up-to-date: /home/matteo-melzer/gazebo_test/install/librealsense2/bin/rs-depth
[3.468s] -- Up-to-date: /home/matteo-melzer/gazebo_test/install/librealsense2/bin/rs-color
[3.468s] -- Up-to-date: /home/matteo-melzer/gazebo_test/install/librealsense2/bin/rs-distance
[3.468s] -- Up-to-date: /home/matteo-melzer/gazebo_test/install/librealsense2/bin/rs-post-processing
[3.469s] -- Up-to-date: /home/matteo-melzer/gazebo_test/install/librealsense2/bin/rs-record-playback
[3.471s] -- Up-to-date: /home/matteo-melzer/gazebo_test/install/librealsense2/bin/rs-motion
[3.472s] -- Up-to-date: /home/matteo-melzer/gazebo_test/install/librealsense2/bin/rs-gl
[3.472s] -- Up-to-date: /home/matteo-melzer/gazebo_test/install/librealsense2/bin/rs-hdr
[3.473s] -- Up-to-date: /home/matteo-melzer/gazebo_test/install/librealsense2/bin/rs-on-chip-calib
[3.478s] -- Up-to-date: /home/matteo-melzer/gazebo_test/install/librealsense2/bin/rs-convert
[3.478s] -- Up-to-date: /home/matteo-melzer/gazebo_test/install/librealsense2/bin/rs-enumerate-devices
[3.478s] -- Up-to-date: /home/matteo-melzer/gazebo_test/install/librealsense2/bin/rs-fw-logger
[3.478s] -- Up-to-date: /home/matteo-melzer/gazebo_test/install/librealsense2/bin/rs-terminal
[3.478s] -- Up-to-date: /home/matteo-melzer/gazebo_test/install/librealsense2/bin/rs-record
[3.479s] -- Up-to-date: /home/matteo-melzer/gazebo_test/install/librealsense2/bin/rs-fw-update
[3.481s] -- Up-to-date: /home/matteo-melzer/gazebo_test/install/librealsense2/bin/rs-embed
[3.486s] -- Up-to-date: /home/matteo-melzer/gazebo_test/install/librealsense2/bin/rs-data-collect
[3.486s] -- Up-to-date: /home/matteo-melzer/gazebo_test/install/librealsense2/bin/realsense-viewer
[3.486s] -- Up-to-date: /home/matteo-melzer/Documents/librealsense2/presets
[3.486s] -- Up-to-date: /home/matteo-melzer/Documents/librealsense2/presets/sample.preset
[3.486s] -- Up-to-date: /home/matteo-melzer/gazebo_test/install/librealsense2/bin/rs-depth-quality
[3.486s] -- Up-to-date: /home/matteo-melzer/gazebo_test/install/librealsense2/bin/rs-rosbag-inspector
[3.486s] -- Up-to-date: /home/matteo-melzer/gazebo_test/install/librealsense2/bin/rs-benchmark
[3.486s] -- Up-to-date: /home/matteo-melzer/gazebo_test/install/librealsense2/lib/libfw.a
[3.554s] Invoked command in '/home/matteo-melzer/gazebo_test/build/librealsense2' returned '0': CMAKE_PREFIX_PATH=${CMAKE_PREFIX_PATH}:/home/matteo-melzer/gazebo_test/install/onrobot_rg_modbus_tcp:/home/matteo-melzer/gazebo_test/install/onrobot_rg_control:/home/matteo-melzer/gazebo_test/install/onrobot_driver:/home/matteo-melzer/ros2_ws/install/py_srvcli:/home/matteo-melzer/ros2_ws/install/py_pubsub:/home/matteo-melzer/ws_moveit/install/moveit_configs_utils:/home/matteo-melzer/ws_moveit/install/launch_param_builder:/opt/ros/humble /usr/bin/cmake --install /home/matteo-melzer/gazebo_test/build/librealsense2
