[0.018s] Invoking command in '/home/matteo-melzer/gazebo_test/build/librealsense2': CMAKE_PREFIX_PATH=${CMAKE_PREFIX_PATH}:/home/matteo-melzer/gazebo_test/install/onrobot_rg_modbus_tcp:/home/matteo-melzer/gazebo_test/install/onrobot_rg_control:/home/matteo-melzer/gazebo_test/install/onrobot_driver:/home/matteo-melzer/ros2_ws/install/py_srvcli:/home/matteo-melzer/ros2_ws/install/py_pubsub:/home/matteo-melzer/ws_moveit/install/moveit_configs_utils:/home/matteo-melzer/ws_moveit/install/launch_param_builder:/opt/ros/humble /usr/bin/cmake --build /home/matteo-melzer/gazebo_test/build/librealsense2 -- -j2 -l2
[0.124s] [  2%] Built target libcurl
[0.173s] [  6%] Built target realsense-file
[0.220s] [ 11%] Built target rsutils
[0.261s] [ 11%] Built target rs-embed
[0.302s] [ 11%] Built target fw
[0.457s] [ 41%] Built target realsense2
[0.507s] [ 44%] Built target realsense2-gl
[0.561s] [ 44%] Built target rs-hello-realsense
[0.608s] [ 46%] Built target rs-software-device
[0.657s] [ 48%] Built target rs-capture
[0.698s] [ 49%] Built target rs-callback
[0.740s] [ 49%] Built target rs-save-to-disk
[0.785s] [ 51%] Built target rs-multicam
[0.828s] [ 53%] Built target rs-pointcloud
[0.873s] [ 55%] Built target rs-align
[0.922s] [ 57%] Built target rs-align-gl
[0.963s] [ 59%] Built target rs-align-advanced
[1.007s] [ 61%] Built target rs-sensor-control
[1.055s] [ 63%] Built target rs-measure
[1.095s] [ 63%] Built target rs-depth
[1.136s] [ 63%] Built target rs-color
[1.176s] [ 64%] Built target rs-distance
[1.219s] [ 66%] Built target rs-post-processing
[1.268s] [ 67%] Built target rs-record-playback
[1.311s] [ 69%] Built target rs-motion
[1.356s] [ 71%] Built target rs-gl
[1.399s] [ 73%] Built target rs-hdr
[1.439s] [ 73%] Built target rs-on-chip-calib
[1.483s] [ 74%] Built target rs-convert
[1.534s] [ 75%] Built target rs-enumerate-devices
[1.583s] [ 75%] Built target rs-fw-logger
[1.625s] [ 76%] Built target rs-terminal
[1.669s] [ 77%] Built target rs-record
[1.715s] [ 78%] Built target rs-fw-update
[1.757s] [ 79%] Built target rs-data-collect
[1.823s] [ 88%] Built target realsense-viewer
[1.898s] [ 97%] Built target rs-depth-quality
[1.947s] [100%] Built target rs-rosbag-inspector
[1.989s] [100%] Built target rs-benchmark
[2.011s] Invoked command in '/home/matteo-melzer/gazebo_test/build/librealsense2' returned '0': CMAKE_PREFIX_PATH=${CMAKE_PREFIX_PATH}:/home/matteo-melzer/gazebo_test/install/onrobot_rg_modbus_tcp:/home/matteo-melzer/gazebo_test/install/onrobot_rg_control:/home/matteo-melzer/gazebo_test/install/onrobot_driver:/home/matteo-melzer/ros2_ws/install/py_srvcli:/home/matteo-melzer/ros2_ws/install/py_pubsub:/home/matteo-melzer/ws_moveit/install/moveit_configs_utils:/home/matteo-melzer/ws_moveit/install/launch_param_builder:/opt/ros/humble /usr/bin/cmake --build /home/matteo-melzer/gazebo_test/build/librealsense2 -- -j2 -l2
[2.028s] Invoking command in '/home/matteo-melzer/gazebo_test/build/librealsense2': CMAKE_PREFIX_PATH=${CMAKE_PREFIX_PATH}:/home/matteo-melzer/gazebo_test/install/onrobot_rg_modbus_tcp:/home/matteo-melzer/gazebo_test/install/onrobot_rg_control:/home/matteo-melzer/gazebo_test/install/onrobot_driver:/home/matteo-melzer/ros2_ws/install/py_srvcli:/home/matteo-melzer/ros2_ws/install/py_pubsub:/home/matteo-melzer/ws_moveit/install/moveit_configs_utils:/home/matteo-melzer/ws_moveit/install/launch_param_builder:/opt/ros/humble /usr/bin/cmake --install /home/matteo-melzer/gazebo_test/build/librealsense2
[2.044s] -- Install configuration: "Release"
[2.044s] -- Up-to-date: /home/matteo-melzer/gazebo_test/install/librealsense2/lib/librealsense2.so.2.56.5
[2.045s] -- Up-to-date: /home/matteo-melzer/gazebo_test/install/librealsense2/lib/librealsense2.so.2.56
[2.045s] -- Up-to-date: /home/matteo-melzer/gazebo_test/install/librealsense2/lib/librealsense2.so
[2.045s] -- Up-to-date: /home/matteo-melzer/gazebo_test/install/librealsense2/include/librealsense2
[2.046s] -- Up-to-date: /home/matteo-melzer/gazebo_test/install/librealsense2/include/librealsense2/rsutil.h
[2.046s] -- Up-to-date: /home/matteo-melzer/gazebo_test/install/librealsense2/include/librealsense2/hpp
[2.047s] -- Up-to-date: /home/matteo-melzer/gazebo_test/install/librealsense2/include/librealsense2/hpp/rs_export.hpp
[2.047s] -- Up-to-date: /home/matteo-melzer/gazebo_test/install/librealsense2/include/librealsense2/hpp/rs_serializable_device.hpp
[2.047s] -- Up-to-date: /home/matteo-melzer/gazebo_test/install/librealsense2/include/librealsense2/hpp/rs_sensor.hpp
[2.047s] -- Up-to-date: /home/matteo-melzer/gazebo_test/install/librealsense2/include/librealsense2/hpp/rs_device.hpp
[2.047s] -- Up-to-date: /home/matteo-melzer/gazebo_test/install/librealsense2/include/librealsense2/hpp/rs_internal.hpp
[2.047s] -- Up-to-date: /home/matteo-melzer/gazebo_test/install/librealsense2/include/librealsense2/hpp/rs_options.hpp
[2.047s] -- Up-to-date: /home/matteo-melzer/gazebo_test/install/librealsense2/include/librealsense2/hpp/rs_frame.hpp
[2.047s] -- Up-to-date: /home/matteo-melzer/gazebo_test/install/librealsense2/include/librealsense2/hpp/rs_pipeline.hpp
[2.047s] -- Up-to-date: /home/matteo-melzer/gazebo_test/install/librealsense2/include/librealsense2/hpp/rs_record_playback.hpp
[2.047s] -- Up-to-date: /home/matteo-melzer/gazebo_test/install/librealsense2/include/librealsense2/hpp/rs_types.hpp
[2.047s] -- Up-to-date: /home/matteo-melzer/gazebo_test/install/librealsense2/include/librealsense2/hpp/rs_context.hpp
[2.047s] -- Up-to-date: /home/matteo-melzer/gazebo_test/install/librealsense2/include/librealsense2/hpp/rs_processing.hpp
[2.047s] -- Up-to-date: /home/matteo-melzer/gazebo_test/install/librealsense2/include/librealsense2/rs.h
[2.048s] -- Up-to-date: /home/matteo-melzer/gazebo_test/install/librealsense2/include/librealsense2/rs.hpp
[2.048s] -- Up-to-date: /home/matteo-melzer/gazebo_test/install/librealsense2/include/librealsense2/h
[2.048s] -- Up-to-date: /home/matteo-melzer/gazebo_test/install/librealsense2/include/librealsense2/h/rs_processing.h
[2.048s] -- Up-to-date: /home/matteo-melzer/gazebo_test/install/librealsense2/include/librealsense2/h/rs_context.h
[2.048s] -- Up-to-date: /home/matteo-melzer/gazebo_test/install/librealsense2/include/librealsense2/h/rs_sensor.h
[2.048s] -- Up-to-date: /home/matteo-melzer/gazebo_test/install/librealsense2/include/librealsense2/h/rs_frame.h
[2.048s] -- Up-to-date: /home/matteo-melzer/gazebo_test/install/librealsense2/include/librealsense2/h/rs_internal.h
[2.048s] -- Up-to-date: /home/matteo-melzer/gazebo_test/install/librealsense2/include/librealsense2/h/rs_option.h
[2.048s] -- Up-to-date: /home/matteo-melzer/gazebo_test/install/librealsense2/include/librealsense2/h/rs_config.h
[2.048s] -- Up-to-date: /home/matteo-melzer/gazebo_test/install/librealsense2/include/librealsense2/h/rs_advanced_mode_command.h
[2.048s] -- Up-to-date: /home/matteo-melzer/gazebo_test/install/librealsense2/include/librealsense2/h/rs_device.h
[2.048s] -- Up-to-date: /home/matteo-melzer/gazebo_test/install/librealsense2/include/librealsense2/h/rs_record_playback.h
[2.048s] -- Up-to-date: /home/matteo-melzer/gazebo_test/install/librealsense2/include/librealsense2/h/rs_types.h
[2.048s] -- Up-to-date: /home/matteo-melzer/gazebo_test/install/librealsense2/include/librealsense2/h/rs_pipeline.h
[2.048s] -- Up-to-date: /home/matteo-melzer/gazebo_test/install/librealsense2/include/librealsense2/rs_advanced_mode.hpp
[2.049s] -- Up-to-date: /home/matteo-melzer/gazebo_test/install/librealsense2/include/librealsense2/rs_advanced_mode.h
[2.049s] -- Up-to-date: /home/matteo-melzer/gazebo_test/install/librealsense2/lib/cmake/realsense2/realsense2Targets.cmake
[2.049s] -- Up-to-date: /home/matteo-melzer/gazebo_test/install/librealsense2/lib/cmake/realsense2/realsense2Targets-release.cmake
[2.050s] -- Up-to-date: /home/matteo-melzer/gazebo_test/install/librealsense2/lib/cmake/realsense2/realsense2Config.cmake
[2.050s] -- Up-to-date: /home/matteo-melzer/gazebo_test/install/librealsense2/lib/cmake/realsense2/realsense2ConfigVersion.cmake
[2.050s] -- Up-to-date: /home/matteo-melzer/gazebo_test/install/librealsense2/lib/pkgconfig/realsense2.pc
[2.205s] /sbin/ldconfig.real: Can't create temporary cache file /etc/ld.so.cache~: Permission denied
[2.206s] -- Up-to-date: /home/matteo-melzer/gazebo_test/install/librealsense2/lib/librsutils.a
[2.207s] -- Up-to-date: /home/matteo-melzer/gazebo_test/install/librealsense2/lib/librealsense-file.a
[2.208s] -- Up-to-date: /home/matteo-melzer/gazebo_test/install/librealsense2/lib/librealsense2-gl.so.2.56.5
[2.208s] -- Up-to-date: /home/matteo-melzer/gazebo_test/install/librealsense2/lib/librealsense2-gl.so.2.56
[2.209s] -- Up-to-date: /home/matteo-melzer/gazebo_test/install/librealsense2/lib/librealsense2-gl.so
[2.209s] -- Up-to-date: /home/matteo-melzer/gazebo_test/install/librealsense2/include/librealsense2-gl/rs_processing_gl.h
[2.209s] -- Up-to-date: /home/matteo-melzer/gazebo_test/install/librealsense2/include/librealsense2-gl/rs_processing_gl.hpp
[2.211s] -- Up-to-date: /home/matteo-melzer/gazebo_test/install/librealsense2/lib/cmake/realsense2-gl/realsense2-glTargets.cmake
[2.211s] -- Up-to-date: /home/matteo-melzer/gazebo_test/install/librealsense2/lib/cmake/realsense2-gl/realsense2-glTargets-release.cmake
[2.211s] -- Up-to-date: /home/matteo-melzer/gazebo_test/install/librealsense2/lib/cmake/realsense2-gl/realsense2-glConfig.cmake
[2.212s] -- Up-to-date: /home/matteo-melzer/gazebo_test/install/librealsense2/lib/cmake/realsense2-gl/realsense2-glConfigVersion.cmake
[2.213s] -- Up-to-date: /home/matteo-melzer/gazebo_test/install/librealsense2/lib/pkgconfig/realsense2-gl.pc
[2.303s] /sbin/ldconfig.real: Can't create temporary cache file /etc/ld.so.cache~: Permission denied
[2.304s] -- Up-to-date: /home/matteo-melzer/gazebo_test/install/librealsense2/bin/rs-hello-realsense
[2.305s] -- Up-to-date: /home/matteo-melzer/gazebo_test/install/librealsense2/bin/rs-software-device
[2.306s] -- Up-to-date: /home/matteo-melzer/gazebo_test/install/librealsense2/bin/rs-capture
[2.307s] -- Up-to-date: /home/matteo-melzer/gazebo_test/install/librealsense2/bin/rs-callback
[2.307s] -- Up-to-date: /home/matteo-melzer/gazebo_test/install/librealsense2/bin/rs-save-to-disk
[2.308s] -- Up-to-date: /home/matteo-melzer/gazebo_test/install/librealsense2/bin/rs-multicam
[2.309s] -- Up-to-date: /home/matteo-melzer/gazebo_test/install/librealsense2/bin/rs-pointcloud
[2.309s] -- Up-to-date: /home/matteo-melzer/gazebo_test/install/librealsense2/bin/rs-align
[2.310s] -- Up-to-date: /home/matteo-melzer/gazebo_test/install/librealsense2/bin/rs-align-gl
[2.311s] -- Up-to-date: /home/matteo-melzer/gazebo_test/install/librealsense2/bin/rs-align-advanced
[2.311s] -- Up-to-date: /home/matteo-melzer/gazebo_test/install/librealsense2/bin/rs-sensor-control
[2.312s] -- Up-to-date: /home/matteo-melzer/gazebo_test/install/librealsense2/bin/rs-measure
[2.312s] -- Up-to-date: /home/matteo-melzer/gazebo_test/install/librealsense2/bin/rs-depth
[2.313s] -- Up-to-date: /home/matteo-melzer/gazebo_test/install/librealsense2/bin/rs-color
[2.313s] -- Up-to-date: /home/matteo-melzer/gazebo_test/install/librealsense2/bin/rs-distance
[2.314s] -- Up-to-date: /home/matteo-melzer/gazebo_test/install/librealsense2/bin/rs-post-processing
[2.315s] -- Up-to-date: /home/matteo-melzer/gazebo_test/install/librealsense2/bin/rs-record-playback
[2.315s] -- Up-to-date: /home/matteo-melzer/gazebo_test/install/librealsense2/bin/rs-motion
[2.316s] -- Up-to-date: /home/matteo-melzer/gazebo_test/install/librealsense2/bin/rs-gl
[2.316s] -- Up-to-date: /home/matteo-melzer/gazebo_test/install/librealsense2/bin/rs-hdr
[2.317s] -- Up-to-date: /home/matteo-melzer/gazebo_test/install/librealsense2/bin/rs-on-chip-calib
[2.318s] -- Up-to-date: /home/matteo-melzer/gazebo_test/install/librealsense2/bin/rs-convert
[2.318s] -- Up-to-date: /home/matteo-melzer/gazebo_test/install/librealsense2/bin/rs-enumerate-devices
[2.319s] -- Up-to-date: /home/matteo-melzer/gazebo_test/install/librealsense2/bin/rs-fw-logger
[2.319s] -- Up-to-date: /home/matteo-melzer/gazebo_test/install/librealsense2/bin/rs-terminal
[2.320s] -- Up-to-date: /home/matteo-melzer/gazebo_test/install/librealsense2/bin/rs-record
[2.321s] -- Up-to-date: /home/matteo-melzer/gazebo_test/install/librealsense2/bin/rs-fw-update
[2.321s] -- Up-to-date: /home/matteo-melzer/gazebo_test/install/librealsense2/bin/rs-embed
[2.322s] -- Up-to-date: /home/matteo-melzer/gazebo_test/install/librealsense2/bin/rs-data-collect
[2.322s] -- Up-to-date: /home/matteo-melzer/gazebo_test/install/librealsense2/bin/realsense-viewer
[2.323s] -- Up-to-date: /home/matteo-melzer/Documents/librealsense2/presets
[2.324s] -- Up-to-date: /home/matteo-melzer/Documents/librealsense2/presets/sample.preset
[2.324s] -- Up-to-date: /home/matteo-melzer/gazebo_test/install/librealsense2/bin/rs-depth-quality
[2.324s] -- Up-to-date: /home/matteo-melzer/gazebo_test/install/librealsense2/bin/rs-rosbag-inspector
[2.327s] -- Up-to-date: /home/matteo-melzer/gazebo_test/install/librealsense2/bin/rs-benchmark
[2.328s] -- Up-to-date: /home/matteo-melzer/gazebo_test/install/librealsense2/lib/libfw.a
[2.330s] Invoked command in '/home/matteo-melzer/gazebo_test/build/librealsense2' returned '0': CMAKE_PREFIX_PATH=${CMAKE_PREFIX_PATH}:/home/matteo-melzer/gazebo_test/install/onrobot_rg_modbus_tcp:/home/matteo-melzer/gazebo_test/install/onrobot_rg_control:/home/matteo-melzer/gazebo_test/install/onrobot_driver:/home/matteo-melzer/ros2_ws/install/py_srvcli:/home/matteo-melzer/ros2_ws/install/py_pubsub:/home/matteo-melzer/ws_moveit/install/moveit_configs_utils:/home/matteo-melzer/ws_moveit/install/launch_param_builder:/opt/ros/humble /usr/bin/cmake --install /home/matteo-melzer/gazebo_test/build/librealsense2
