[0.000000] (-) TimerEvent: {}
[0.000636] (-) JobUnselected: {'identifier': 'librealsense2'}
[0.000718] (-) JobUnselected: {'identifier': 'net_ft_description'}
[0.000739] (-) JobUnselected: {'identifier': 'net_ft_diagnostic_broadcaster'}
[0.000754] (-) JobUnselected: {'identifier': 'net_ft_driver'}
[0.000767] (-) JobUnselected: {'identifier': 'onrobot_control'}
[0.000779] (-) JobUnselected: {'identifier': 'onrobot_description'}
[0.000790] (-) JobUnselected: {'identifier': 'onrobot_driver'}
[0.000802] (-) JobUnselected: {'identifier': 'onrobot_rg_control'}
[0.000815] (-) JobUnselected: {'identifier': 'onrobot_rg_description'}
[0.000826] (-) JobUnselected: {'identifier': 'onrobot_rg_modbus_tcp'}
[0.000837] (-) JobUnselected: {'identifier': 'onrobot_rg_msgs'}
[0.000849] (-) JobUnselected: {'identifier': 'realsense2_camera'}
[0.000860] (-) JobUnselected: {'identifier': 'realsense2_camera_msgs'}
[0.000872] (-) JobUnselected: {'identifier': 'realsense2_description'}
[0.000883] (-) JobUnselected: {'identifier': 'ur10e_flex_moveit_config'}
[0.000894] (-) JobUnselected: {'identifier': 'ur10e_ft_rg2_moveit_config'}
[0.000905] (-) JobUnselected: {'identifier': 'ur10e_gazebo_sim'}
[0.000915] (-) JobUnselected: {'identifier': 'ur_description'}
[0.000927] (-) JobUnselected: {'identifier': 'ur_simulation_gazebo'}
[0.001279] (-) EventReactorShutdown: {}
