[0.034s] Invoking command in '/home/matteo-melzer/gazebo_test/build/net_ft_description': CMAKE_PREFIX_PATH=${CMAKE_PREFIX_PATH}:/home/matteo-melzer/gazebo_test/install/onrobot_rg_modbus_tcp:/home/matteo-melzer/gazebo_test/install/onrobot_rg_control:/home/matteo-melzer/gazebo_test/install/onrobot_driver:/home/matteo-melzer/ros2_ws/install/py_srvcli:/home/matteo-melzer/ros2_ws/install/py_pubsub:/home/matteo-melzer/ws_moveit/install/moveit_configs_utils:/home/matteo-melzer/ws_moveit/install/launch_param_builder:/opt/ros/humble /usr/bin/cmake /home/matteo-melzer/gazebo_test/src/ros2_net_ft_driver/net_ft_description -DAMENT_CMAKE_SYMLINK_INSTALL=1 -DCMAKE_INSTALL_PREFIX=/home/matteo-melzer/gazebo_test/install/net_ft_description
[0.193s] -- The C compiler identification is GNU 11.4.0
[0.342s] -- The CXX compiler identification is GNU 11.4.0
[0.363s] -- Detecting C compiler ABI info
[0.723s] -- Detecting C compiler ABI info - done
[0.736s] -- Check for working C compiler: /usr/bin/cc - skipped
[0.736s] -- Detecting C compile features
[0.736s] -- Detecting C compile features - done
[0.746s] -- Detecting CXX compiler ABI info
[1.052s] -- Detecting CXX compiler ABI info - done
[1.069s] -- Check for working CXX compiler: /usr/bin/c++ - skipped
[1.069s] -- Detecting CXX compile features
[1.072s] -- Detecting CXX compile features - done
[1.097s] -- Found ament_cmake: 1.3.11 (/opt/ros/humble/share/ament_cmake/cmake)
[1.687s] -- Found Python3: /usr/bin/python3 (found version "3.10.12") found components: Interpreter 
[1.806s] -- Override CMake install command with custom implementation using symlinks instead of copying resources
[2.206s] -- Configuring done
[2.219s] -- Generating done
[2.224s] -- Build files have been written to: /home/matteo-melzer/gazebo_test/build/net_ft_description
[2.236s] Invoked command in '/home/matteo-melzer/gazebo_test/build/net_ft_description' returned '0': CMAKE_PREFIX_PATH=${CMAKE_PREFIX_PATH}:/home/matteo-melzer/gazebo_test/install/onrobot_rg_modbus_tcp:/home/matteo-melzer/gazebo_test/install/onrobot_rg_control:/home/matteo-melzer/gazebo_test/install/onrobot_driver:/home/matteo-melzer/ros2_ws/install/py_srvcli:/home/matteo-melzer/ros2_ws/install/py_pubsub:/home/matteo-melzer/ws_moveit/install/moveit_configs_utils:/home/matteo-melzer/ws_moveit/install/launch_param_builder:/opt/ros/humble /usr/bin/cmake /home/matteo-melzer/gazebo_test/src/ros2_net_ft_driver/net_ft_description -DAMENT_CMAKE_SYMLINK_INSTALL=1 -DCMAKE_INSTALL_PREFIX=/home/matteo-melzer/gazebo_test/install/net_ft_description
[2.237s] Invoking command in '/home/matteo-melzer/gazebo_test/build/net_ft_description': CMAKE_PREFIX_PATH=${CMAKE_PREFIX_PATH}:/home/matteo-melzer/gazebo_test/install/onrobot_rg_modbus_tcp:/home/matteo-melzer/gazebo_test/install/onrobot_rg_control:/home/matteo-melzer/gazebo_test/install/onrobot_driver:/home/matteo-melzer/ros2_ws/install/py_srvcli:/home/matteo-melzer/ros2_ws/install/py_pubsub:/home/matteo-melzer/ws_moveit/install/moveit_configs_utils:/home/matteo-melzer/ws_moveit/install/launch_param_builder:/opt/ros/humble /usr/bin/cmake --build /home/matteo-melzer/gazebo_test/build/net_ft_description -- -j2 -l2
[2.387s] Invoked command in '/home/matteo-melzer/gazebo_test/build/net_ft_description' returned '0': CMAKE_PREFIX_PATH=${CMAKE_PREFIX_PATH}:/home/matteo-melzer/gazebo_test/install/onrobot_rg_modbus_tcp:/home/matteo-melzer/gazebo_test/install/onrobot_rg_control:/home/matteo-melzer/gazebo_test/install/onrobot_driver:/home/matteo-melzer/ros2_ws/install/py_srvcli:/home/matteo-melzer/ros2_ws/install/py_pubsub:/home/matteo-melzer/ws_moveit/install/moveit_configs_utils:/home/matteo-melzer/ws_moveit/install/launch_param_builder:/opt/ros/humble /usr/bin/cmake --build /home/matteo-melzer/gazebo_test/build/net_ft_description -- -j2 -l2
[2.389s] Invoking command in '/home/matteo-melzer/gazebo_test/build/net_ft_description': CMAKE_PREFIX_PATH=${CMAKE_PREFIX_PATH}:/home/matteo-melzer/gazebo_test/install/onrobot_rg_modbus_tcp:/home/matteo-melzer/gazebo_test/install/onrobot_rg_control:/home/matteo-melzer/gazebo_test/install/onrobot_driver:/home/matteo-melzer/ros2_ws/install/py_srvcli:/home/matteo-melzer/ros2_ws/install/py_pubsub:/home/matteo-melzer/ws_moveit/install/moveit_configs_utils:/home/matteo-melzer/ws_moveit/install/launch_param_builder:/opt/ros/humble /usr/bin/cmake --install /home/matteo-melzer/gazebo_test/build/net_ft_description
[2.436s] -- Install configuration: ""
[2.441s] -- Execute custom install script
[2.445s] -- Symlinking: /home/matteo-melzer/gazebo_test/install/net_ft_description/share/net_ft_description/urdf/net_ft_sensor.ros2_control.xacro
[2.479s] -- Symlinking: /home/matteo-melzer/gazebo_test/install/net_ft_description/share/net_ft_description/urdf/net_ft_sensor.urdf.xacro
[2.512s] -- Symlinking: /home/matteo-melzer/gazebo_test/install/net_ft_description/share/net_ft_description/urdf/net_ft_sensor_macro.urdf.xacro
[2.548s] -- Symlinking: /home/matteo-melzer/gazebo_test/install/net_ft_description/share/net_ft_description/meshes/collision/ati_axia80_ft_sensor.stl
[2.582s] -- Symlinking: /home/matteo-melzer/gazebo_test/install/net_ft_description/share/net_ft_description/meshes/collision/ati_gamma_ip65_ft_sensor.stl
[2.623s] -- Symlinking: /home/matteo-melzer/gazebo_test/install/net_ft_description/share/net_ft_description/meshes/collision/onrobot_hexe_v2_ft_sensor.stl
[2.657s] -- Symlinking: /home/matteo-melzer/gazebo_test/install/net_ft_description/share/net_ft_description/meshes/visual/ati_axia80_ft_sensor.dae
[2.720s] -- Symlinking: /home/matteo-melzer/gazebo_test/install/net_ft_description/share/net_ft_description/meshes/visual/ati_gamma_ip65_ft_sensor.dae
[2.739s] -- Symlinking: /home/matteo-melzer/gazebo_test/install/net_ft_description/share/net_ft_description/meshes/visual/onrobot_hexe_v2_ft_sensor.dae
[2.763s] -- Symlinking: /home/matteo-melzer/gazebo_test/install/net_ft_description/share/ament_index/resource_index/package_run_dependencies/net_ft_description
[2.790s] -- Symlinking: /home/matteo-melzer/gazebo_test/install/net_ft_description/share/ament_index/resource_index/parent_prefix_path/net_ft_description
[2.833s] -- Symlinking: /home/matteo-melzer/gazebo_test/install/net_ft_description/share/net_ft_description/environment/ament_prefix_path.sh
[2.863s] -- Symlinking: /home/matteo-melzer/gazebo_test/install/net_ft_description/share/net_ft_description/environment/ament_prefix_path.dsv
[2.891s] -- Symlinking: /home/matteo-melzer/gazebo_test/install/net_ft_description/share/net_ft_description/environment/path.sh
[2.942s] -- Symlinking: /home/matteo-melzer/gazebo_test/install/net_ft_description/share/net_ft_description/environment/path.dsv
[2.974s] -- Symlinking: /home/matteo-melzer/gazebo_test/install/net_ft_description/share/net_ft_description/local_setup.bash
[3.001s] -- Symlinking: /home/matteo-melzer/gazebo_test/install/net_ft_description/share/net_ft_description/local_setup.sh
[3.014s] -- Symlinking: /home/matteo-melzer/gazebo_test/install/net_ft_description/share/net_ft_description/local_setup.zsh
[3.038s] -- Symlinking: /home/matteo-melzer/gazebo_test/install/net_ft_description/share/net_ft_description/local_setup.dsv
[3.050s] -- Symlinking: /home/matteo-melzer/gazebo_test/install/net_ft_description/share/net_ft_description/package.dsv
[3.065s] -- Symlinking: /home/matteo-melzer/gazebo_test/install/net_ft_description/share/ament_index/resource_index/packages/net_ft_description
[3.089s] -- Symlinking: /home/matteo-melzer/gazebo_test/install/net_ft_description/share/net_ft_description/cmake/net_ft_descriptionConfig.cmake
[3.118s] -- Symlinking: /home/matteo-melzer/gazebo_test/install/net_ft_description/share/net_ft_description/cmake/net_ft_descriptionConfig-version.cmake
[3.150s] -- Symlinking: /home/matteo-melzer/gazebo_test/install/net_ft_description/share/net_ft_description/package.xml
[3.178s] Invoked command in '/home/matteo-melzer/gazebo_test/build/net_ft_description' returned '0': CMAKE_PREFIX_PATH=${CMAKE_PREFIX_PATH}:/home/matteo-melzer/gazebo_test/install/onrobot_rg_modbus_tcp:/home/matteo-melzer/gazebo_test/install/onrobot_rg_control:/home/matteo-melzer/gazebo_test/install/onrobot_driver:/home/matteo-melzer/ros2_ws/install/py_srvcli:/home/matteo-melzer/ros2_ws/install/py_pubsub:/home/matteo-melzer/ws_moveit/install/moveit_configs_utils:/home/matteo-melzer/ws_moveit/install/launch_param_builder:/opt/ros/humble /usr/bin/cmake --install /home/matteo-melzer/gazebo_test/build/net_ft_description
