[0.048s] Invoking command in '/home/matteo-melzer/gazebo_test/build/onrobot_control': CMAKE_PREFIX_PATH=${CMAKE_PREFIX_PATH}:/home/matteo-melzer/gazebo_test/install/onrobot_rg_modbus_tcp:/home/matteo-melzer/gazebo_test/install/onrobot_rg_control:/home/matteo-melzer/gazebo_test/install/onrobot_driver:/home/matteo-melzer/ros2_ws/install/py_srvcli:/home/matteo-melzer/ros2_ws/install/py_pubsub:/home/matteo-melzer/ws_moveit/install/moveit_configs_utils:/home/matteo-melzer/ws_moveit/install/launch_param_builder:/opt/ros/humble /usr/bin/cmake /home/matteo-melzer/gazebo_test/src/onrobot_ros/onrobot_control -DAMENT_CMAKE_SYMLINK_INSTALL=1 -DCMAKE_INSTALL_PREFIX=/home/matteo-melzer/gazebo_test/install/onrobot_control
[0.206s] -- The C compiler identification is GNU 11.4.0
[0.332s] -- The CXX compiler identification is GNU 11.4.0
[0.349s] -- Detecting C compiler ABI info
[0.603s] -- Detecting C compiler ABI info - done
[0.615s] -- Check for working C compiler: /usr/bin/cc - skipped
[0.616s] -- Detecting C compile features
[0.618s] -- Detecting C compile features - done
[0.626s] -- Detecting CXX compiler ABI info
[0.983s] -- Detecting CXX compiler ABI info - done
[1.009s] -- Check for working CXX compiler: /usr/bin/c++ - skipped
[1.009s] -- Detecting CXX compile features
[1.009s] -- Detecting CXX compile features - done
[1.056s] -- Found ament_cmake: 1.3.11 (/opt/ros/humble/share/ament_cmake/cmake)
[1.435s] -- Found Python3: /usr/bin/python3 (found version "3.10.12") found components: Interpreter 
[1.565s] -- Override CMake install command with custom implementation using symlinks instead of copying resources
[1.744s] -- Found ament_lint_auto: 0.12.12 (/opt/ros/humble/share/ament_lint_auto/cmake)
[1.984s] -- Added test 'copyright' to check source files copyright and LICENSE
[1.994s] -- Added test 'flake8' to check Python code syntax and style conventions
[2.000s] -- Added test 'lint_cmake' to check CMake code style
[2.005s] -- Added test 'pep257' to check Python code against some of the docstring style conventions in PEP 257
[2.010s] -- Added test 'xmllint' to check XML markup files
[2.021s] -- Configuring done
[2.037s] -- Generating done
[2.041s] -- Build files have been written to: /home/matteo-melzer/gazebo_test/build/onrobot_control
[2.050s] Invoked command in '/home/matteo-melzer/gazebo_test/build/onrobot_control' returned '0': CMAKE_PREFIX_PATH=${CMAKE_PREFIX_PATH}:/home/matteo-melzer/gazebo_test/install/onrobot_rg_modbus_tcp:/home/matteo-melzer/gazebo_test/install/onrobot_rg_control:/home/matteo-melzer/gazebo_test/install/onrobot_driver:/home/matteo-melzer/ros2_ws/install/py_srvcli:/home/matteo-melzer/ros2_ws/install/py_pubsub:/home/matteo-melzer/ws_moveit/install/moveit_configs_utils:/home/matteo-melzer/ws_moveit/install/launch_param_builder:/opt/ros/humble /usr/bin/cmake /home/matteo-melzer/gazebo_test/src/onrobot_ros/onrobot_control -DAMENT_CMAKE_SYMLINK_INSTALL=1 -DCMAKE_INSTALL_PREFIX=/home/matteo-melzer/gazebo_test/install/onrobot_control
[2.056s] Invoking command in '/home/matteo-melzer/gazebo_test/build/onrobot_control': CMAKE_PREFIX_PATH=${CMAKE_PREFIX_PATH}:/home/matteo-melzer/gazebo_test/install/onrobot_rg_modbus_tcp:/home/matteo-melzer/gazebo_test/install/onrobot_rg_control:/home/matteo-melzer/gazebo_test/install/onrobot_driver:/home/matteo-melzer/ros2_ws/install/py_srvcli:/home/matteo-melzer/ros2_ws/install/py_pubsub:/home/matteo-melzer/ws_moveit/install/moveit_configs_utils:/home/matteo-melzer/ws_moveit/install/launch_param_builder:/opt/ros/humble /usr/bin/cmake --build /home/matteo-melzer/gazebo_test/build/onrobot_control -- -j2 -l2
[2.245s] Invoked command in '/home/matteo-melzer/gazebo_test/build/onrobot_control' returned '0': CMAKE_PREFIX_PATH=${CMAKE_PREFIX_PATH}:/home/matteo-melzer/gazebo_test/install/onrobot_rg_modbus_tcp:/home/matteo-melzer/gazebo_test/install/onrobot_rg_control:/home/matteo-melzer/gazebo_test/install/onrobot_driver:/home/matteo-melzer/ros2_ws/install/py_srvcli:/home/matteo-melzer/ros2_ws/install/py_pubsub:/home/matteo-melzer/ws_moveit/install/moveit_configs_utils:/home/matteo-melzer/ws_moveit/install/launch_param_builder:/opt/ros/humble /usr/bin/cmake --build /home/matteo-melzer/gazebo_test/build/onrobot_control -- -j2 -l2
[2.248s] Invoking command in '/home/matteo-melzer/gazebo_test/build/onrobot_control': CMAKE_PREFIX_PATH=${CMAKE_PREFIX_PATH}:/home/matteo-melzer/gazebo_test/install/onrobot_rg_modbus_tcp:/home/matteo-melzer/gazebo_test/install/onrobot_rg_control:/home/matteo-melzer/gazebo_test/install/onrobot_driver:/home/matteo-melzer/ros2_ws/install/py_srvcli:/home/matteo-melzer/ros2_ws/install/py_pubsub:/home/matteo-melzer/ws_moveit/install/moveit_configs_utils:/home/matteo-melzer/ws_moveit/install/launch_param_builder:/opt/ros/humble /usr/bin/cmake --install /home/matteo-melzer/gazebo_test/build/onrobot_control
[2.283s] -- Install configuration: ""
[2.284s] -- Execute custom install script
[2.287s] -- Symlinking: /home/matteo-melzer/gazebo_test/install/onrobot_control/share/onrobot_control/launch/onrobot_rg_controller.launch.py
[2.320s] -- Symlinking: /home/matteo-melzer/gazebo_test/install/onrobot_control/share/onrobot_control/config/onrobot_rg_standalone.yaml
[2.355s] -- Symlinking: /home/matteo-melzer/gazebo_test/install/onrobot_control/share/ament_index/resource_index/package_run_dependencies/onrobot_control
[2.418s] -- Symlinking: /home/matteo-melzer/gazebo_test/install/onrobot_control/share/ament_index/resource_index/parent_prefix_path/onrobot_control
[2.480s] -- Symlinking: /home/matteo-melzer/gazebo_test/install/onrobot_control/share/onrobot_control/environment/ament_prefix_path.sh
[2.523s] -- Symlinking: /home/matteo-melzer/gazebo_test/install/onrobot_control/share/onrobot_control/environment/ament_prefix_path.dsv
[2.566s] -- Symlinking: /home/matteo-melzer/gazebo_test/install/onrobot_control/share/onrobot_control/environment/path.sh
[2.601s] -- Symlinking: /home/matteo-melzer/gazebo_test/install/onrobot_control/share/onrobot_control/environment/path.dsv
[2.632s] -- Symlinking: /home/matteo-melzer/gazebo_test/install/onrobot_control/share/onrobot_control/local_setup.bash
[2.659s] -- Symlinking: /home/matteo-melzer/gazebo_test/install/onrobot_control/share/onrobot_control/local_setup.sh
[2.687s] -- Symlinking: /home/matteo-melzer/gazebo_test/install/onrobot_control/share/onrobot_control/local_setup.zsh
[2.704s] -- Symlinking: /home/matteo-melzer/gazebo_test/install/onrobot_control/share/onrobot_control/local_setup.dsv
[2.717s] -- Symlinking: /home/matteo-melzer/gazebo_test/install/onrobot_control/share/onrobot_control/package.dsv
[2.734s] -- Symlinking: /home/matteo-melzer/gazebo_test/install/onrobot_control/share/ament_index/resource_index/packages/onrobot_control
[2.752s] -- Symlinking: /home/matteo-melzer/gazebo_test/install/onrobot_control/share/onrobot_control/cmake/onrobot_controlConfig.cmake
[2.761s] -- Symlinking: /home/matteo-melzer/gazebo_test/install/onrobot_control/share/onrobot_control/cmake/onrobot_controlConfig-version.cmake
[2.774s] -- Symlinking: /home/matteo-melzer/gazebo_test/install/onrobot_control/share/onrobot_control/package.xml
[2.790s] Invoked command in '/home/matteo-melzer/gazebo_test/build/onrobot_control' returned '0': CMAKE_PREFIX_PATH=${CMAKE_PREFIX_PATH}:/home/matteo-melzer/gazebo_test/install/onrobot_rg_modbus_tcp:/home/matteo-melzer/gazebo_test/install/onrobot_rg_control:/home/matteo-melzer/gazebo_test/install/onrobot_driver:/home/matteo-melzer/ros2_ws/install/py_srvcli:/home/matteo-melzer/ros2_ws/install/py_pubsub:/home/matteo-melzer/ws_moveit/install/moveit_configs_utils:/home/matteo-melzer/ws_moveit/install/launch_param_builder:/opt/ros/humble /usr/bin/cmake --install /home/matteo-melzer/gazebo_test/build/onrobot_control
