[0.030s] Invoking command in '/home/matteo-melzer/gazebo_test/build/net_ft_driver': CMAKE_PREFIX_PATH=${CMAKE_PREFIX_PATH}:/home/matteo-melzer/gazebo_test/install/onrobot_rg_modbus_tcp:/home/matteo-melzer/gazebo_test/install/onrobot_rg_control:/home/matteo-melzer/gazebo_test/install/onrobot_driver:/home/matteo-melzer/ros2_ws/install/py_srvcli:/home/matteo-melzer/ros2_ws/install/py_pubsub:/home/matteo-melzer/ws_moveit/install/moveit_configs_utils:/home/matteo-melzer/ws_moveit/install/launch_param_builder:/opt/ros/humble /usr/bin/cmake /home/matteo-melzer/gazebo_test/src/ros2_net_ft_driver/net_ft_driver -DCMAKE_INSTALL_PREFIX=/home/matteo-melzer/gazebo_test/install/net_ft_driver
[0.061s] -- Found ament_cmake: 1.3.11 (/opt/ros/humble/share/ament_cmake/cmake)
[0.362s] -- Override CMake install command with custom implementation using symlinks instead of copying resources
[0.375s] -- Found asio_cmake_module: 1.2.0 (/opt/ros/humble/share/asio_cmake_module/cmake)
[0.377s] -- Found tinyxml2_vendor: 0.7.6 (/opt/ros/humble/share/tinyxml2_vendor/cmake)
[0.392s] -- Found hardware_interface: 2.52.0 (/opt/ros/humble/share/hardware_interface/cmake)
[0.448s] -- Found rosidl_generator_c: 3.1.6 (/opt/ros/humble/share/rosidl_generator_c/cmake)
[0.452s] -- Found rosidl_adapter: 3.1.6 (/opt/ros/humble/share/rosidl_adapter/cmake)
[0.466s] -- Found rosidl_generator_cpp: 3.1.6 (/opt/ros/humble/share/rosidl_generator_cpp/cmake)
[0.493s] -- Using all available rosidl_typesupport_c: rosidl_typesupport_fastrtps_c;rosidl_typesupport_introspection_c
[0.516s] -- Using all available rosidl_typesupport_cpp: rosidl_typesupport_fastrtps_cpp;rosidl_typesupport_introspection_cpp
[0.968s] -- Found rmw_implementation_cmake: 6.1.2 (/opt/ros/humble/share/rmw_implementation_cmake/cmake)
[0.977s] -- Found rmw_fastrtps_cpp: 6.2.7 (/opt/ros/humble/share/rmw_fastrtps_cpp/cmake)
[1.024s] -- Found TinyXML2 via Config file: TinyXML2_DIR-NOTFOUND
[1.051s] -- Found TinyXML2 via Config file: TinyXML2_DIR-NOTFOUND
[1.120s] -- Found TinyXML2 via Config file: TinyXML2_DIR-NOTFOUND
[1.162s] -- Found TinyXML2 via Config file: TinyXML2_DIR-NOTFOUND
[1.211s] -- Using RMW implementation 'rmw_fastrtps_cpp' as default
[1.324s] -- Found TinyXML2 via Config file: TinyXML2_DIR-NOTFOUND
[1.707s] -- Configuring done
[1.763s] -- Generating done
[1.778s] -- Build files have been written to: /home/matteo-melzer/gazebo_test/build/net_ft_driver
[1.811s] Invoked command in '/home/matteo-melzer/gazebo_test/build/net_ft_driver' returned '0': CMAKE_PREFIX_PATH=${CMAKE_PREFIX_PATH}:/home/matteo-melzer/gazebo_test/install/onrobot_rg_modbus_tcp:/home/matteo-melzer/gazebo_test/install/onrobot_rg_control:/home/matteo-melzer/gazebo_test/install/onrobot_driver:/home/matteo-melzer/ros2_ws/install/py_srvcli:/home/matteo-melzer/ros2_ws/install/py_pubsub:/home/matteo-melzer/ws_moveit/install/moveit_configs_utils:/home/matteo-melzer/ws_moveit/install/launch_param_builder:/opt/ros/humble /usr/bin/cmake /home/matteo-melzer/gazebo_test/src/ros2_net_ft_driver/net_ft_driver -DCMAKE_INSTALL_PREFIX=/home/matteo-melzer/gazebo_test/install/net_ft_driver
[1.811s] Invoking command in '/home/matteo-melzer/gazebo_test/build/net_ft_driver': CMAKE_PREFIX_PATH=${CMAKE_PREFIX_PATH}:/home/matteo-melzer/gazebo_test/install/onrobot_rg_modbus_tcp:/home/matteo-melzer/gazebo_test/install/onrobot_rg_control:/home/matteo-melzer/gazebo_test/install/onrobot_driver:/home/matteo-melzer/ros2_ws/install/py_srvcli:/home/matteo-melzer/ros2_ws/install/py_pubsub:/home/matteo-melzer/ws_moveit/install/moveit_configs_utils:/home/matteo-melzer/ws_moveit/install/launch_param_builder:/opt/ros/humble /usr/bin/cmake --build /home/matteo-melzer/gazebo_test/build/net_ft_driver -- -j2 -l2
[2.073s] [35m[1mConsolidate compiler generated dependencies of target net_ft_driver[0m
[2.296s] [100%] Built target net_ft_driver
[2.406s] Invoked command in '/home/matteo-melzer/gazebo_test/build/net_ft_driver' returned '0': CMAKE_PREFIX_PATH=${CMAKE_PREFIX_PATH}:/home/matteo-melzer/gazebo_test/install/onrobot_rg_modbus_tcp:/home/matteo-melzer/gazebo_test/install/onrobot_rg_control:/home/matteo-melzer/gazebo_test/install/onrobot_driver:/home/matteo-melzer/ros2_ws/install/py_srvcli:/home/matteo-melzer/ros2_ws/install/py_pubsub:/home/matteo-melzer/ws_moveit/install/moveit_configs_utils:/home/matteo-melzer/ws_moveit/install/launch_param_builder:/opt/ros/humble /usr/bin/cmake --build /home/matteo-melzer/gazebo_test/build/net_ft_driver -- -j2 -l2
[2.420s] Invoking command in '/home/matteo-melzer/gazebo_test/build/net_ft_driver': CMAKE_PREFIX_PATH=${CMAKE_PREFIX_PATH}:/home/matteo-melzer/gazebo_test/install/onrobot_rg_modbus_tcp:/home/matteo-melzer/gazebo_test/install/onrobot_rg_control:/home/matteo-melzer/gazebo_test/install/onrobot_driver:/home/matteo-melzer/ros2_ws/install/py_srvcli:/home/matteo-melzer/ros2_ws/install/py_pubsub:/home/matteo-melzer/ws_moveit/install/moveit_configs_utils:/home/matteo-melzer/ws_moveit/install/launch_param_builder:/opt/ros/humble /usr/bin/cmake --install /home/matteo-melzer/gazebo_test/build/net_ft_driver
[2.471s] -- Install configuration: ""
[2.473s] -- Execute custom install script
[2.473s] -- Up-to-date symlink: /home/matteo-melzer/gazebo_test/install/net_ft_driver/share/net_ft_driver//hardware_interface_plugin.xml
[2.473s] -- Up-to-date symlink: /home/matteo-melzer/gazebo_test/install/net_ft_driver/lib/libnet_ft_driver.so
[2.473s] -- Up-to-date symlink: /home/matteo-melzer/gazebo_test/install/net_ft_driver/include/net_ft_driver/hardware_interface.hpp
[2.473s] -- Up-to-date symlink: /home/matteo-melzer/gazebo_test/install/net_ft_driver/include/net_ft_driver/interfaces/ati_axia_ft_interface.hpp
[2.473s] -- Up-to-date symlink: /home/matteo-melzer/gazebo_test/install/net_ft_driver/include/net_ft_driver/interfaces/ati_ft_interface.hpp
[2.473s] -- Up-to-date symlink: /home/matteo-melzer/gazebo_test/install/net_ft_driver/include/net_ft_driver/interfaces/net_ft_interface.hpp
[2.478s] -- Up-to-date symlink: /home/matteo-melzer/gazebo_test/install/net_ft_driver/include/net_ft_driver/interfaces/onrobot_ft_interface.hpp
[2.478s] -- Up-to-date symlink: /home/matteo-melzer/gazebo_test/install/net_ft_driver/include/net_ft_driver/visibility_control.h
[2.480s] -- Up-to-date symlink: /home/matteo-melzer/gazebo_test/install/net_ft_driver/share/net_ft_driver/config/net_ft_broadcaster.yaml
[2.481s] -- Up-to-date symlink: /home/matteo-melzer/gazebo_test/install/net_ft_driver/share/net_ft_driver/launch/net_ft_broadcaster.launch.py
[2.481s] -- Up-to-date symlink: /home/matteo-melzer/gazebo_test/install/net_ft_driver/share/net_ft_driver/environment/library_path.sh
[2.483s] -- Up-to-date symlink: /home/matteo-melzer/gazebo_test/install/net_ft_driver/share/net_ft_driver/environment/library_path.dsv
[2.484s] -- Up-to-date symlink: /home/matteo-melzer/gazebo_test/install/net_ft_driver/share/ament_index/resource_index/package_run_dependencies/net_ft_driver
[2.484s] -- Up-to-date symlink: /home/matteo-melzer/gazebo_test/install/net_ft_driver/share/ament_index/resource_index/parent_prefix_path/net_ft_driver
[2.484s] -- Up-to-date symlink: /home/matteo-melzer/gazebo_test/install/net_ft_driver/share/net_ft_driver/environment/ament_prefix_path.sh
[2.484s] -- Up-to-date symlink: /home/matteo-melzer/gazebo_test/install/net_ft_driver/share/net_ft_driver/environment/ament_prefix_path.dsv
[2.487s] -- Up-to-date symlink: /home/matteo-melzer/gazebo_test/install/net_ft_driver/share/net_ft_driver/environment/path.sh
[2.487s] -- Up-to-date symlink: /home/matteo-melzer/gazebo_test/install/net_ft_driver/share/net_ft_driver/environment/path.dsv
[2.487s] -- Up-to-date symlink: /home/matteo-melzer/gazebo_test/install/net_ft_driver/share/net_ft_driver/local_setup.bash
[2.487s] -- Up-to-date symlink: /home/matteo-melzer/gazebo_test/install/net_ft_driver/share/net_ft_driver/local_setup.sh
[2.487s] -- Up-to-date symlink: /home/matteo-melzer/gazebo_test/install/net_ft_driver/share/net_ft_driver/local_setup.zsh
[2.492s] -- Up-to-date symlink: /home/matteo-melzer/gazebo_test/install/net_ft_driver/share/net_ft_driver/local_setup.dsv
[2.492s] -- Symlinking: /home/matteo-melzer/gazebo_test/install/net_ft_driver/share/net_ft_driver/package.dsv
[2.576s] -- Up-to-date symlink: /home/matteo-melzer/gazebo_test/install/net_ft_driver/share/ament_index/resource_index/packages/net_ft_driver
[2.576s] -- Up-to-date symlink: /home/matteo-melzer/gazebo_test/install/net_ft_driver/share/ament_index/resource_index/hardware_interface__pluginlib__plugin/net_ft_driver
[2.576s] -- Up-to-date symlink: /home/matteo-melzer/gazebo_test/install/net_ft_driver/share/net_ft_driver/cmake/ament_cmake_export_include_directories-extras.cmake
[2.580s] -- Up-to-date symlink: /home/matteo-melzer/gazebo_test/install/net_ft_driver/share/net_ft_driver/cmake/ament_cmake_export_libraries-extras.cmake
[2.581s] -- Up-to-date symlink: /home/matteo-melzer/gazebo_test/install/net_ft_driver/share/net_ft_driver/cmake/ament_cmake_export_dependencies-extras.cmake
[2.581s] -- Up-to-date symlink: /home/matteo-melzer/gazebo_test/install/net_ft_driver/share/net_ft_driver/cmake/net_ft_driverConfig.cmake
[2.581s] -- Up-to-date symlink: /home/matteo-melzer/gazebo_test/install/net_ft_driver/share/net_ft_driver/cmake/net_ft_driverConfig-version.cmake
[2.581s] -- Up-to-date symlink: /home/matteo-melzer/gazebo_test/install/net_ft_driver/share/net_ft_driver/package.xml
[2.589s] Invoked command in '/home/matteo-melzer/gazebo_test/build/net_ft_driver' returned '0': CMAKE_PREFIX_PATH=${CMAKE_PREFIX_PATH}:/home/matteo-melzer/gazebo_test/install/onrobot_rg_modbus_tcp:/home/matteo-melzer/gazebo_test/install/onrobot_rg_control:/home/matteo-melzer/gazebo_test/install/onrobot_driver:/home/matteo-melzer/ros2_ws/install/py_srvcli:/home/matteo-melzer/ros2_ws/install/py_pubsub:/home/matteo-melzer/ws_moveit/install/moveit_configs_utils:/home/matteo-melzer/ws_moveit/install/launch_param_builder:/opt/ros/humble /usr/bin/cmake --install /home/matteo-melzer/gazebo_test/build/net_ft_driver
