[2.086s] Invoking command in '/home/matteo-melzer/gazebo_test/src/onrobot-ros2/onrobot_rg_control': PYTHONPATH=/home/matteo-melzer/gazebo_test/build/onrobot_rg_control/prefix_override:/usr/lib/python3/dist-packages/colcon_core/task/python/colcon_distutils_commands:/home/matteo-melzer/gazebo_test/install/onrobot_rg_control/lib/python3.10/site-packages:${PYTHONPATH} /usr/bin/python3 -W ignore:setup.py install is deprecated -W ignore:easy_install command is deprecated setup.py egg_info --egg-base ../../../build/onrobot_rg_control build --build-base /home/matteo-melzer/gazebo_test/build/onrobot_rg_control/build install --record /home/matteo-melzer/gazebo_test/build/onrobot_rg_control/install.log --single-version-externally-managed install_data
[2.868s] running egg_info
[2.868s] writing ../../../build/onrobot_rg_control/onrobot_rg_control.egg-info/PKG-INFO
[2.868s] writing dependency_links to ../../../build/onrobot_rg_control/onrobot_rg_control.egg-info/dependency_links.txt
[2.868s] writing entry points to ../../../build/onrobot_rg_control/onrobot_rg_control.egg-info/entry_points.txt
[2.869s] writing requirements to ../../../build/onrobot_rg_control/onrobot_rg_control.egg-info/requires.txt
[2.869s] writing top-level names to ../../../build/onrobot_rg_control/onrobot_rg_control.egg-info/top_level.txt
[2.869s] reading manifest file '../../../build/onrobot_rg_control/onrobot_rg_control.egg-info/SOURCES.txt'
[2.869s] writing manifest file '../../../build/onrobot_rg_control/onrobot_rg_control.egg-info/SOURCES.txt'
[2.869s] running build
[2.869s] running build_py
[2.869s] running install
[2.869s] running install_lib
[2.875s] running install_data
[2.875s] running install_egg_info
[2.875s] removing '/home/matteo-melzer/gazebo_test/install/onrobot_rg_control/lib/python3.10/site-packages/onrobot_rg_control-2.0.0-py3.10.egg-info' (and everything under it)
[2.877s] Copying ../../../build/onrobot_rg_control/onrobot_rg_control.egg-info to /home/matteo-melzer/gazebo_test/install/onrobot_rg_control/lib/python3.10/site-packages/onrobot_rg_control-2.0.0-py3.10.egg-info
[2.882s] running install_scripts
[2.917s] Installing OnRobotRGController script to /home/matteo-melzer/gazebo_test/install/onrobot_rg_control/lib/onrobot_rg_control
[2.917s] Installing OnRobotRGControllerServer script to /home/matteo-melzer/gazebo_test/install/onrobot_rg_control/lib/onrobot_rg_control
[2.923s] writing list of installed files to '/home/matteo-melzer/gazebo_test/build/onrobot_rg_control/install.log'
[3.302s] Invoked command in '/home/matteo-melzer/gazebo_test/src/onrobot-ros2/onrobot_rg_control' returned '0': PYTHONPATH=/home/matteo-melzer/gazebo_test/build/onrobot_rg_control/prefix_override:/usr/lib/python3/dist-packages/colcon_core/task/python/colcon_distutils_commands:/home/matteo-melzer/gazebo_test/install/onrobot_rg_control/lib/python3.10/site-packages:${PYTHONPATH} /usr/bin/python3 -W ignore:setup.py install is deprecated -W ignore:easy_install command is deprecated setup.py egg_info --egg-base ../../../build/onrobot_rg_control build --build-base /home/matteo-melzer/gazebo_test/build/onrobot_rg_control/build install --record /home/matteo-melzer/gazebo_test/build/onrobot_rg_control/install.log --single-version-externally-managed install_data
