[1.087s] Invoking command in '/home/matteo-melzer/gazebo_test/build/onrobot_driver': PYTHONPATH=/home/matteo-melzer/gazebo_test/build/onrobot_driver/prefix_override:/usr/lib/python3/dist-packages/colcon_core/task/python/colcon_distutils_commands:/home/matteo-melzer/gazebo_test/install/onrobot_driver/lib/python3.10/site-packages:${PYTHONPATH} /usr/bin/python3 -W ignore:setup.py install is deprecated -W ignore:easy_install command is deprecated setup.py develop --editable --build-directory /home/matteo-melzer/gazebo_test/build/onrobot_driver/build --no-deps symlink_data --force
[1.926s] running develop
[2.330s] running egg_info
[2.331s] writing onrobot_driver.egg-info/PKG-INFO
[2.332s] writing dependency_links to onrobot_driver.egg-info/dependency_links.txt
[2.334s] writing entry points to onrobot_driver.egg-info/entry_points.txt
[2.334s] writing requirements to onrobot_driver.egg-info/requires.txt
[2.337s] writing top-level names to onrobot_driver.egg-info/top_level.txt
[2.338s] reading manifest file 'onrobot_driver.egg-info/SOURCES.txt'
[2.339s] writing manifest file 'onrobot_driver.egg-info/SOURCES.txt'
[2.341s] running build_ext
[2.342s] Creating /home/matteo-melzer/gazebo_test/install/onrobot_driver/lib/python3.10/site-packages/onrobot-driver.egg-link (link to .)
[2.343s] Installing gripper_action_adapter script to /home/matteo-melzer/gazebo_test/install/onrobot_driver/lib/onrobot_driver
[2.344s] Installing test script to /home/matteo-melzer/gazebo_test/install/onrobot_driver/lib/onrobot_driver
[2.345s] 
[2.345s] Installed /home/matteo-melzer/gazebo_test/build/onrobot_driver
[2.346s] running symlink_data
[2.347s] symbolically linking /home/matteo-melzer/gazebo_test/build/onrobot_driver/resource/onrobot_driver -> /home/matteo-melzer/gazebo_test/install/onrobot_driver/share/ament_index/resource_index/packages
[2.352s] symbolically linking /home/matteo-melzer/gazebo_test/build/onrobot_driver/package.xml -> /home/matteo-melzer/gazebo_test/install/onrobot_driver/share/onrobot_driver
[2.383s] Invoked command in '/home/matteo-melzer/gazebo_test/build/onrobot_driver' returned '0': PYTHONPATH=/home/matteo-melzer/gazebo_test/build/onrobot_driver/prefix_override:/usr/lib/python3/dist-packages/colcon_core/task/python/colcon_distutils_commands:/home/matteo-melzer/gazebo_test/install/onrobot_driver/lib/python3.10/site-packages:${PYTHONPATH} /usr/bin/python3 -W ignore:setup.py install is deprecated -W ignore:easy_install command is deprecated setup.py develop --editable --build-directory /home/matteo-melzer/gazebo_test/build/onrobot_driver/build --no-deps symlink_data --force
