[0.103s] DEBUG:colcon:Command line arguments: ['/usr/bin/colcon', 'build', '--packages-select', 'librealsense2']
[0.103s] DEBUG:colcon:Parsed command line arguments: Namespace(log_base=None, log_level=None, verb_name='build', build_base='build', install_base='install', merge_install=False, symlink_install=False, test_result_base=None, continue_on_error=False, executor='parallel', parallel_workers=2, event_handlers=None, ignore_user_meta=False, metas=['./colcon.meta'], base_paths=['.'], packages_ignore=None, packages_ignore_regex=None, paths=None, packages_up_to=None, packages_up_to_regex=None, packages_above=None, packages_above_and_dependencies=None, packages_above_depth=None, packages_select_by_dep=None, packages_skip_by_dep=None, packages_skip_up_to=None, packages_select_build_failed=False, packages_skip_build_finished=False, packages_select_test_failures=False, packages_skip_test_passed=False, packages_select=['librealsense2'], packages_skip=None, packages_select_regex=None, packages_skip_regex=None, packages_start=None, packages_end=None, allow_overriding=[], cmake_args=None, cmake_target=None, cmake_target_skip_unavailable=False, cmake_clean_cache=False, cmake_clean_first=False, cmake_force_configure=False, ament_cmake_args=None, catkin_cmake_args=None, catkin_skip_building_tests=False, mixin_files=None, mixin=None, verb_parser=<colcon_mixin.mixin.mixin_argument.MixinArgumentDecorator object at 0x7b6af1f79000>, verb_extension=<colcon_core.verb.build.BuildVerb object at 0x7b6af1f02560>, main=<bound method BuildVerb.main of <colcon_core.verb.build.BuildVerb object at 0x7b6af1f02560>>, mixin_verb=('build',))
[0.264s] Level 1:colcon.colcon_core.package_discovery:discover_packages(colcon_meta) check parameters
[0.264s] Level 1:colcon.colcon_core.package_discovery:discover_packages(recursive) check parameters
[0.265s] Level 1:colcon.colcon_core.package_discovery:discover_packages(ignore) check parameters
[0.265s] Level 1:colcon.colcon_core.package_discovery:discover_packages(path) check parameters
[0.265s] Level 1:colcon.colcon_core.package_discovery:discover_packages(colcon_meta) discover
[0.265s] Level 1:colcon.colcon_core.package_discovery:discover_packages(recursive) discover
[0.265s] INFO:colcon.colcon_core.package_discovery:Crawling recursively for packages in '/home/matteo-melzer/gazebo_test'
[0.265s] Level 1:colcon.colcon_core.package_identification:_identify(.) by extensions ['ignore', 'ignore_ament_install']
[0.265s] Level 1:colcon.colcon_core.package_identification:_identify(.) by extension 'ignore'
[0.265s] Level 1:colcon.colcon_core.package_identification:_identify(.) by extension 'ignore_ament_install'
[0.265s] Level 1:colcon.colcon_core.package_identification:_identify(.) by extensions ['colcon_pkg']
[0.265s] Level 1:colcon.colcon_core.package_identification:_identify(.) by extension 'colcon_pkg'
[0.265s] Level 1:colcon.colcon_core.package_identification:_identify(.) by extensions ['colcon_meta']
[0.265s] Level 1:colcon.colcon_core.package_identification:_identify(.) by extension 'colcon_meta'
[0.265s] Level 1:colcon.colcon_core.package_identification:_identify(.) by extensions ['ros']
[0.265s] Level 1:colcon.colcon_core.package_identification:_identify(.) by extension 'ros'
[0.274s] Level 1:colcon.colcon_core.package_identification:_identify(.) by extensions ['cmake', 'python']
[0.274s] Level 1:colcon.colcon_core.package_identification:_identify(.) by extension 'cmake'
[0.274s] Level 1:colcon.colcon_core.package_identification:_identify(.) by extension 'python'
[0.274s] Level 1:colcon.colcon_core.package_identification:_identify(.) by extensions ['python_setup_py']
[0.274s] Level 1:colcon.colcon_core.package_identification:_identify(.) by extension 'python_setup_py'
[0.274s] Level 1:colcon.colcon_core.package_identification:_identify(build) by extensions ['ignore', 'ignore_ament_install']
[0.274s] Level 1:colcon.colcon_core.package_identification:_identify(build) by extension 'ignore'
[0.274s] Level 1:colcon.colcon_core.package_identification:_identify(build) ignored
[0.275s] Level 1:colcon.colcon_core.package_identification:_identify(install) by extensions ['ignore', 'ignore_ament_install']
[0.275s] Level 1:colcon.colcon_core.package_identification:_identify(install) by extension 'ignore'
[0.275s] Level 1:colcon.colcon_core.package_identification:_identify(install) ignored
[0.275s] Level 1:colcon.colcon_core.package_identification:_identify(log) by extensions ['ignore', 'ignore_ament_install']
[0.275s] Level 1:colcon.colcon_core.package_identification:_identify(log) by extension 'ignore'
[0.275s] Level 1:colcon.colcon_core.package_identification:_identify(log) ignored
[0.275s] Level 1:colcon.colcon_core.package_identification:_identify(src) by extensions ['ignore', 'ignore_ament_install']
[0.275s] Level 1:colcon.colcon_core.package_identification:_identify(src) by extension 'ignore'
[0.275s] Level 1:colcon.colcon_core.package_identification:_identify(src) by extension 'ignore_ament_install'
[0.275s] Level 1:colcon.colcon_core.package_identification:_identify(src) by extensions ['colcon_pkg']
[0.275s] Level 1:colcon.colcon_core.package_identification:_identify(src) by extension 'colcon_pkg'
[0.275s] Level 1:colcon.colcon_core.package_identification:_identify(src) by extensions ['colcon_meta']
[0.275s] Level 1:colcon.colcon_core.package_identification:_identify(src) by extension 'colcon_meta'
[0.275s] Level 1:colcon.colcon_core.package_identification:_identify(src) by extensions ['ros']
[0.275s] Level 1:colcon.colcon_core.package_identification:_identify(src) by extension 'ros'
[0.275s] Level 1:colcon.colcon_core.package_identification:_identify(src) by extensions ['cmake', 'python']
[0.275s] Level 1:colcon.colcon_core.package_identification:_identify(src) by extension 'cmake'
[0.275s] Level 1:colcon.colcon_core.package_identification:_identify(src) by extension 'python'
[0.275s] Level 1:colcon.colcon_core.package_identification:_identify(src) by extensions ['python_setup_py']
[0.275s] Level 1:colcon.colcon_core.package_identification:_identify(src) by extension 'python_setup_py'
[0.276s] Level 1:colcon.colcon_core.package_identification:_identify(src/Universal_Robots_ROS2_Description) by extensions ['ignore', 'ignore_ament_install']
[0.276s] Level 1:colcon.colcon_core.package_identification:_identify(src/Universal_Robots_ROS2_Description) by extension 'ignore'
[0.276s] Level 1:colcon.colcon_core.package_identification:_identify(src/Universal_Robots_ROS2_Description) by extension 'ignore_ament_install'
[0.276s] Level 1:colcon.colcon_core.package_identification:_identify(src/Universal_Robots_ROS2_Description) by extensions ['colcon_pkg']
[0.276s] Level 1:colcon.colcon_core.package_identification:_identify(src/Universal_Robots_ROS2_Description) by extension 'colcon_pkg'
[0.276s] Level 1:colcon.colcon_core.package_identification:_identify(src/Universal_Robots_ROS2_Description) by extensions ['colcon_meta']
[0.276s] Level 1:colcon.colcon_core.package_identification:_identify(src/Universal_Robots_ROS2_Description) by extension 'colcon_meta'
[0.276s] Level 1:colcon.colcon_core.package_identification:_identify(src/Universal_Robots_ROS2_Description) by extensions ['ros']
[0.276s] Level 1:colcon.colcon_core.package_identification:_identify(src/Universal_Robots_ROS2_Description) by extension 'ros'
[0.285s] DEBUG:colcon.colcon_core.package_identification:Package 'src/Universal_Robots_ROS2_Description' with type 'ros.ament_cmake' and name 'ur_description'
[0.285s] Level 1:colcon.colcon_core.package_identification:_identify(src/Universal_Robots_ROS2_Gazebo_Simulation) by extensions ['ignore', 'ignore_ament_install']
[0.285s] Level 1:colcon.colcon_core.package_identification:_identify(src/Universal_Robots_ROS2_Gazebo_Simulation) by extension 'ignore'
[0.285s] Level 1:colcon.colcon_core.package_identification:_identify(src/Universal_Robots_ROS2_Gazebo_Simulation) by extension 'ignore_ament_install'
[0.285s] Level 1:colcon.colcon_core.package_identification:_identify(src/Universal_Robots_ROS2_Gazebo_Simulation) by extensions ['colcon_pkg']
[0.285s] Level 1:colcon.colcon_core.package_identification:_identify(src/Universal_Robots_ROS2_Gazebo_Simulation) by extension 'colcon_pkg'
[0.285s] Level 1:colcon.colcon_core.package_identification:_identify(src/Universal_Robots_ROS2_Gazebo_Simulation) by extensions ['colcon_meta']
[0.285s] Level 1:colcon.colcon_core.package_identification:_identify(src/Universal_Robots_ROS2_Gazebo_Simulation) by extension 'colcon_meta'
[0.285s] Level 1:colcon.colcon_core.package_identification:_identify(src/Universal_Robots_ROS2_Gazebo_Simulation) by extensions ['ros']
[0.285s] Level 1:colcon.colcon_core.package_identification:_identify(src/Universal_Robots_ROS2_Gazebo_Simulation) by extension 'ros'
[0.286s] Level 1:colcon.colcon_core.package_identification:_identify(src/Universal_Robots_ROS2_Gazebo_Simulation) by extensions ['cmake', 'python']
[0.286s] Level 1:colcon.colcon_core.package_identification:_identify(src/Universal_Robots_ROS2_Gazebo_Simulation) by extension 'cmake'
[0.286s] Level 1:colcon.colcon_core.package_identification:_identify(src/Universal_Robots_ROS2_Gazebo_Simulation) by extension 'python'
[0.286s] Level 1:colcon.colcon_core.package_identification:_identify(src/Universal_Robots_ROS2_Gazebo_Simulation) by extensions ['python_setup_py']
[0.286s] Level 1:colcon.colcon_core.package_identification:_identify(src/Universal_Robots_ROS2_Gazebo_Simulation) by extension 'python_setup_py'
[0.286s] Level 1:colcon.colcon_core.package_identification:_identify(src/Universal_Robots_ROS2_Gazebo_Simulation/ur_simulation_gazebo) by extensions ['ignore', 'ignore_ament_install']
[0.286s] Level 1:colcon.colcon_core.package_identification:_identify(src/Universal_Robots_ROS2_Gazebo_Simulation/ur_simulation_gazebo) by extension 'ignore'
[0.286s] Level 1:colcon.colcon_core.package_identification:_identify(src/Universal_Robots_ROS2_Gazebo_Simulation/ur_simulation_gazebo) by extension 'ignore_ament_install'
[0.286s] Level 1:colcon.colcon_core.package_identification:_identify(src/Universal_Robots_ROS2_Gazebo_Simulation/ur_simulation_gazebo) by extensions ['colcon_pkg']
[0.286s] Level 1:colcon.colcon_core.package_identification:_identify(src/Universal_Robots_ROS2_Gazebo_Simulation/ur_simulation_gazebo) by extension 'colcon_pkg'
[0.286s] Level 1:colcon.colcon_core.package_identification:_identify(src/Universal_Robots_ROS2_Gazebo_Simulation/ur_simulation_gazebo) by extensions ['colcon_meta']
[0.286s] Level 1:colcon.colcon_core.package_identification:_identify(src/Universal_Robots_ROS2_Gazebo_Simulation/ur_simulation_gazebo) by extension 'colcon_meta'
[0.286s] Level 1:colcon.colcon_core.package_identification:_identify(src/Universal_Robots_ROS2_Gazebo_Simulation/ur_simulation_gazebo) by extensions ['ros']
[0.286s] Level 1:colcon.colcon_core.package_identification:_identify(src/Universal_Robots_ROS2_Gazebo_Simulation/ur_simulation_gazebo) by extension 'ros'
[0.287s] DEBUG:colcon.colcon_core.package_identification:Package 'src/Universal_Robots_ROS2_Gazebo_Simulation/ur_simulation_gazebo' with type 'ros.ament_cmake' and name 'ur_simulation_gazebo'
[0.287s] Level 1:colcon.colcon_core.package_identification:_identify(src/librealsense) by extensions ['ignore', 'ignore_ament_install']
[0.287s] Level 1:colcon.colcon_core.package_identification:_identify(src/librealsense) by extension 'ignore'
[0.287s] Level 1:colcon.colcon_core.package_identification:_identify(src/librealsense) by extension 'ignore_ament_install'
[0.287s] Level 1:colcon.colcon_core.package_identification:_identify(src/librealsense) by extensions ['colcon_pkg']
[0.287s] Level 1:colcon.colcon_core.package_identification:_identify(src/librealsense) by extension 'colcon_pkg'
[0.287s] Level 1:colcon.colcon_core.package_identification:_identify(src/librealsense) by extensions ['colcon_meta']
[0.287s] Level 1:colcon.colcon_core.package_identification:_identify(src/librealsense) by extension 'colcon_meta'
[0.287s] Level 1:colcon.colcon_core.package_identification:_identify(src/librealsense) by extensions ['ros']
[0.287s] Level 1:colcon.colcon_core.package_identification:_identify(src/librealsense) by extension 'ros'
[0.288s] DEBUG:colcon.colcon_core.package_identification:Package 'src/librealsense' with type 'ros.cmake' and name 'librealsense2'
[0.288s] Level 1:colcon.colcon_core.package_identification:_identify(src/onrobot-ros2) by extensions ['ignore', 'ignore_ament_install']
[0.288s] Level 1:colcon.colcon_core.package_identification:_identify(src/onrobot-ros2) by extension 'ignore'
[0.288s] Level 1:colcon.colcon_core.package_identification:_identify(src/onrobot-ros2) by extension 'ignore_ament_install'
[0.288s] Level 1:colcon.colcon_core.package_identification:_identify(src/onrobot-ros2) by extensions ['colcon_pkg']
[0.288s] Level 1:colcon.colcon_core.package_identification:_identify(src/onrobot-ros2) by extension 'colcon_pkg'
[0.288s] Level 1:colcon.colcon_core.package_identification:_identify(src/onrobot-ros2) by extensions ['colcon_meta']
[0.288s] Level 1:colcon.colcon_core.package_identification:_identify(src/onrobot-ros2) by extension 'colcon_meta'
[0.288s] Level 1:colcon.colcon_core.package_identification:_identify(src/onrobot-ros2) by extensions ['ros']
[0.288s] Level 1:colcon.colcon_core.package_identification:_identify(src/onrobot-ros2) by extension 'ros'
[0.289s] Level 1:colcon.colcon_core.package_identification:_identify(src/onrobot-ros2) by extensions ['cmake', 'python']
[0.289s] Level 1:colcon.colcon_core.package_identification:_identify(src/onrobot-ros2) by extension 'cmake'
[0.289s] Level 1:colcon.colcon_core.package_identification:_identify(src/onrobot-ros2) by extension 'python'
[0.289s] Level 1:colcon.colcon_core.package_identification:_identify(src/onrobot-ros2) by extensions ['python_setup_py']
[0.289s] Level 1:colcon.colcon_core.package_identification:_identify(src/onrobot-ros2) by extension 'python_setup_py'
[0.289s] Level 1:colcon.colcon_core.package_identification:_identify(src/onrobot-ros2/_onrobot_rg_modbus_tcp) by extensions ['ignore', 'ignore_ament_install']
[0.289s] Level 1:colcon.colcon_core.package_identification:_identify(src/onrobot-ros2/_onrobot_rg_modbus_tcp) by extension 'ignore'
[0.289s] Level 1:colcon.colcon_core.package_identification:_identify(src/onrobot-ros2/_onrobot_rg_modbus_tcp) by extension 'ignore_ament_install'
[0.289s] Level 1:colcon.colcon_core.package_identification:_identify(src/onrobot-ros2/_onrobot_rg_modbus_tcp) by extensions ['colcon_pkg']
[0.289s] Level 1:colcon.colcon_core.package_identification:_identify(src/onrobot-ros2/_onrobot_rg_modbus_tcp) by extension 'colcon_pkg'
[0.289s] Level 1:colcon.colcon_core.package_identification:_identify(src/onrobot-ros2/_onrobot_rg_modbus_tcp) by extensions ['colcon_meta']
[0.289s] Level 1:colcon.colcon_core.package_identification:_identify(src/onrobot-ros2/_onrobot_rg_modbus_tcp) by extension 'colcon_meta'
[0.289s] Level 1:colcon.colcon_core.package_identification:_identify(src/onrobot-ros2/_onrobot_rg_modbus_tcp) by extensions ['ros']
[0.289s] Level 1:colcon.colcon_core.package_identification:_identify(src/onrobot-ros2/_onrobot_rg_modbus_tcp) by extension 'ros'
[0.290s] DEBUG:colcon.colcon_core.package_identification:Package 'src/onrobot-ros2/_onrobot_rg_modbus_tcp' with type 'ros.ament_python' and name 'onrobot_rg_modbus_tcp'
[0.290s] Level 1:colcon.colcon_core.package_identification:_identify(src/onrobot-ros2/onrobot_rg_control) by extensions ['ignore', 'ignore_ament_install']
[0.290s] Level 1:colcon.colcon_core.package_identification:_identify(src/onrobot-ros2/onrobot_rg_control) by extension 'ignore'
[0.290s] Level 1:colcon.colcon_core.package_identification:_identify(src/onrobot-ros2/onrobot_rg_control) by extension 'ignore_ament_install'
[0.290s] Level 1:colcon.colcon_core.package_identification:_identify(src/onrobot-ros2/onrobot_rg_control) by extensions ['colcon_pkg']
[0.290s] Level 1:colcon.colcon_core.package_identification:_identify(src/onrobot-ros2/onrobot_rg_control) by extension 'colcon_pkg'
[0.290s] Level 1:colcon.colcon_core.package_identification:_identify(src/onrobot-ros2/onrobot_rg_control) by extensions ['colcon_meta']
[0.290s] Level 1:colcon.colcon_core.package_identification:_identify(src/onrobot-ros2/onrobot_rg_control) by extension 'colcon_meta'
[0.290s] Level 1:colcon.colcon_core.package_identification:_identify(src/onrobot-ros2/onrobot_rg_control) by extensions ['ros']
[0.290s] Level 1:colcon.colcon_core.package_identification:_identify(src/onrobot-ros2/onrobot_rg_control) by extension 'ros'
[0.291s] DEBUG:colcon.colcon_core.package_identification:Package 'src/onrobot-ros2/onrobot_rg_control' with type 'ros.ament_python' and name 'onrobot_rg_control'
[0.291s] Level 1:colcon.colcon_core.package_identification:_identify(src/onrobot-ros2/onrobot_rg_description) by extensions ['ignore', 'ignore_ament_install']
[0.291s] Level 1:colcon.colcon_core.package_identification:_identify(src/onrobot-ros2/onrobot_rg_description) by extension 'ignore'
[0.291s] Level 1:colcon.colcon_core.package_identification:_identify(src/onrobot-ros2/onrobot_rg_description) by extension 'ignore_ament_install'
[0.291s] Level 1:colcon.colcon_core.package_identification:_identify(src/onrobot-ros2/onrobot_rg_description) by extensions ['colcon_pkg']
[0.291s] Level 1:colcon.colcon_core.package_identification:_identify(src/onrobot-ros2/onrobot_rg_description) by extension 'colcon_pkg'
[0.291s] Level 1:colcon.colcon_core.package_identification:_identify(src/onrobot-ros2/onrobot_rg_description) by extensions ['colcon_meta']
[0.291s] Level 1:colcon.colcon_core.package_identification:_identify(src/onrobot-ros2/onrobot_rg_description) by extension 'colcon_meta'
[0.291s] Level 1:colcon.colcon_core.package_identification:_identify(src/onrobot-ros2/onrobot_rg_description) by extensions ['ros']
[0.291s] Level 1:colcon.colcon_core.package_identification:_identify(src/onrobot-ros2/onrobot_rg_description) by extension 'ros'
[0.291s] DEBUG:colcon.colcon_core.package_identification:Package 'src/onrobot-ros2/onrobot_rg_description' with type 'ros.ament_cmake' and name 'onrobot_rg_description'
[0.292s] Level 1:colcon.colcon_core.package_identification:_identify(src/onrobot-ros2/onrobot_rg_msgs) by extensions ['ignore', 'ignore_ament_install']
[0.292s] Level 1:colcon.colcon_core.package_identification:_identify(src/onrobot-ros2/onrobot_rg_msgs) by extension 'ignore'
[0.292s] Level 1:colcon.colcon_core.package_identification:_identify(src/onrobot-ros2/onrobot_rg_msgs) by extension 'ignore_ament_install'
[0.292s] Level 1:colcon.colcon_core.package_identification:_identify(src/onrobot-ros2/onrobot_rg_msgs) by extensions ['colcon_pkg']
[0.292s] Level 1:colcon.colcon_core.package_identification:_identify(src/onrobot-ros2/onrobot_rg_msgs) by extension 'colcon_pkg'
[0.292s] Level 1:colcon.colcon_core.package_identification:_identify(src/onrobot-ros2/onrobot_rg_msgs) by extensions ['colcon_meta']
[0.292s] Level 1:colcon.colcon_core.package_identification:_identify(src/onrobot-ros2/onrobot_rg_msgs) by extension 'colcon_meta'
[0.292s] Level 1:colcon.colcon_core.package_identification:_identify(src/onrobot-ros2/onrobot_rg_msgs) by extensions ['ros']
[0.292s] Level 1:colcon.colcon_core.package_identification:_identify(src/onrobot-ros2/onrobot_rg_msgs) by extension 'ros'
[0.292s] DEBUG:colcon.colcon_core.package_identification:Package 'src/onrobot-ros2/onrobot_rg_msgs' with type 'ros.ament_cmake' and name 'onrobot_rg_msgs'
[0.293s] Level 1:colcon.colcon_core.package_identification:_identify(src/onrobot_ros) by extensions ['ignore', 'ignore_ament_install']
[0.293s] Level 1:colcon.colcon_core.package_identification:_identify(src/onrobot_ros) by extension 'ignore'
[0.293s] Level 1:colcon.colcon_core.package_identification:_identify(src/onrobot_ros) by extension 'ignore_ament_install'
[0.293s] Level 1:colcon.colcon_core.package_identification:_identify(src/onrobot_ros) by extensions ['colcon_pkg']
[0.293s] Level 1:colcon.colcon_core.package_identification:_identify(src/onrobot_ros) by extension 'colcon_pkg'
[0.293s] Level 1:colcon.colcon_core.package_identification:_identify(src/onrobot_ros) by extensions ['colcon_meta']
[0.293s] Level 1:colcon.colcon_core.package_identification:_identify(src/onrobot_ros) by extension 'colcon_meta'
[0.293s] Level 1:colcon.colcon_core.package_identification:_identify(src/onrobot_ros) by extensions ['ros']
[0.293s] Level 1:colcon.colcon_core.package_identification:_identify(src/onrobot_ros) by extension 'ros'
[0.293s] Level 1:colcon.colcon_core.package_identification:_identify(src/onrobot_ros) by extensions ['cmake', 'python']
[0.293s] Level 1:colcon.colcon_core.package_identification:_identify(src/onrobot_ros) by extension 'cmake'
[0.293s] Level 1:colcon.colcon_core.package_identification:_identify(src/onrobot_ros) by extension 'python'
[0.293s] Level 1:colcon.colcon_core.package_identification:_identify(src/onrobot_ros) by extensions ['python_setup_py']
[0.293s] Level 1:colcon.colcon_core.package_identification:_identify(src/onrobot_ros) by extension 'python_setup_py'
[0.293s] Level 1:colcon.colcon_core.package_identification:_identify(src/onrobot_ros/onrobot_control) by extensions ['ignore', 'ignore_ament_install']
[0.293s] Level 1:colcon.colcon_core.package_identification:_identify(src/onrobot_ros/onrobot_control) by extension 'ignore'
[0.293s] Level 1:colcon.colcon_core.package_identification:_identify(src/onrobot_ros/onrobot_control) by extension 'ignore_ament_install'
[0.293s] Level 1:colcon.colcon_core.package_identification:_identify(src/onrobot_ros/onrobot_control) by extensions ['colcon_pkg']
[0.293s] Level 1:colcon.colcon_core.package_identification:_identify(src/onrobot_ros/onrobot_control) by extension 'colcon_pkg'
[0.293s] Level 1:colcon.colcon_core.package_identification:_identify(src/onrobot_ros/onrobot_control) by extensions ['colcon_meta']
[0.293s] Level 1:colcon.colcon_core.package_identification:_identify(src/onrobot_ros/onrobot_control) by extension 'colcon_meta'
[0.294s] Level 1:colcon.colcon_core.package_identification:_identify(src/onrobot_ros/onrobot_control) by extensions ['ros']
[0.294s] Level 1:colcon.colcon_core.package_identification:_identify(src/onrobot_ros/onrobot_control) by extension 'ros'
[0.294s] DEBUG:colcon.colcon_core.package_identification:Package 'src/onrobot_ros/onrobot_control' with type 'ros.ament_cmake' and name 'onrobot_control'
[0.294s] Level 1:colcon.colcon_core.package_identification:_identify(src/onrobot_ros/onrobot_description) by extensions ['ignore', 'ignore_ament_install']
[0.294s] Level 1:colcon.colcon_core.package_identification:_identify(src/onrobot_ros/onrobot_description) by extension 'ignore'
[0.294s] Level 1:colcon.colcon_core.package_identification:_identify(src/onrobot_ros/onrobot_description) by extension 'ignore_ament_install'
[0.294s] Level 1:colcon.colcon_core.package_identification:_identify(src/onrobot_ros/onrobot_description) by extensions ['colcon_pkg']
[0.294s] Level 1:colcon.colcon_core.package_identification:_identify(src/onrobot_ros/onrobot_description) by extension 'colcon_pkg'
[0.294s] Level 1:colcon.colcon_core.package_identification:_identify(src/onrobot_ros/onrobot_description) by extensions ['colcon_meta']
[0.294s] Level 1:colcon.colcon_core.package_identification:_identify(src/onrobot_ros/onrobot_description) by extension 'colcon_meta'
[0.294s] Level 1:colcon.colcon_core.package_identification:_identify(src/onrobot_ros/onrobot_description) by extensions ['ros']
[0.294s] Level 1:colcon.colcon_core.package_identification:_identify(src/onrobot_ros/onrobot_description) by extension 'ros'
[0.295s] DEBUG:colcon.colcon_core.package_identification:Package 'src/onrobot_ros/onrobot_description' with type 'ros.ament_cmake' and name 'onrobot_description'
[0.295s] Level 1:colcon.colcon_core.package_identification:_identify(src/onrobot_ros/onrobot_driver) by extensions ['ignore', 'ignore_ament_install']
[0.295s] Level 1:colcon.colcon_core.package_identification:_identify(src/onrobot_ros/onrobot_driver) by extension 'ignore'
[0.295s] Level 1:colcon.colcon_core.package_identification:_identify(src/onrobot_ros/onrobot_driver) by extension 'ignore_ament_install'
[0.295s] Level 1:colcon.colcon_core.package_identification:_identify(src/onrobot_ros/onrobot_driver) by extensions ['colcon_pkg']
[0.295s] Level 1:colcon.colcon_core.package_identification:_identify(src/onrobot_ros/onrobot_driver) by extension 'colcon_pkg'
[0.295s] Level 1:colcon.colcon_core.package_identification:_identify(src/onrobot_ros/onrobot_driver) by extensions ['colcon_meta']
[0.295s] Level 1:colcon.colcon_core.package_identification:_identify(src/onrobot_ros/onrobot_driver) by extension 'colcon_meta'
[0.295s] Level 1:colcon.colcon_core.package_identification:_identify(src/onrobot_ros/onrobot_driver) by extensions ['ros']
[0.295s] Level 1:colcon.colcon_core.package_identification:_identify(src/onrobot_ros/onrobot_driver) by extension 'ros'
[0.296s] DEBUG:colcon.colcon_core.package_identification:Package 'src/onrobot_ros/onrobot_driver' with type 'ros.ament_python' and name 'onrobot_driver'
[0.296s] Level 1:colcon.colcon_core.package_identification:_identify(src/realsense-ros) by extensions ['ignore', 'ignore_ament_install']
[0.296s] Level 1:colcon.colcon_core.package_identification:_identify(src/realsense-ros) by extension 'ignore'
[0.296s] Level 1:colcon.colcon_core.package_identification:_identify(src/realsense-ros) by extension 'ignore_ament_install'
[0.296s] Level 1:colcon.colcon_core.package_identification:_identify(src/realsense-ros) by extensions ['colcon_pkg']
[0.296s] Level 1:colcon.colcon_core.package_identification:_identify(src/realsense-ros) by extension 'colcon_pkg'
[0.296s] Level 1:colcon.colcon_core.package_identification:_identify(src/realsense-ros) by extensions ['colcon_meta']
[0.296s] Level 1:colcon.colcon_core.package_identification:_identify(src/realsense-ros) by extension 'colcon_meta'
[0.296s] Level 1:colcon.colcon_core.package_identification:_identify(src/realsense-ros) by extensions ['ros']
[0.296s] Level 1:colcon.colcon_core.package_identification:_identify(src/realsense-ros) by extension 'ros'
[0.296s] Level 1:colcon.colcon_core.package_identification:_identify(src/realsense-ros) by extensions ['cmake', 'python']
[0.296s] Level 1:colcon.colcon_core.package_identification:_identify(src/realsense-ros) by extension 'cmake'
[0.296s] Level 1:colcon.colcon_core.package_identification:_identify(src/realsense-ros) by extension 'python'
[0.296s] Level 1:colcon.colcon_core.package_identification:_identify(src/realsense-ros) by extensions ['python_setup_py']
[0.296s] Level 1:colcon.colcon_core.package_identification:_identify(src/realsense-ros) by extension 'python_setup_py'
[0.296s] Level 1:colcon.colcon_core.package_identification:_identify(src/realsense-ros/realsense2_camera) by extensions ['ignore', 'ignore_ament_install']
[0.296s] Level 1:colcon.colcon_core.package_identification:_identify(src/realsense-ros/realsense2_camera) by extension 'ignore'
[0.296s] Level 1:colcon.colcon_core.package_identification:_identify(src/realsense-ros/realsense2_camera) by extension 'ignore_ament_install'
[0.297s] Level 1:colcon.colcon_core.package_identification:_identify(src/realsense-ros/realsense2_camera) by extensions ['colcon_pkg']
[0.297s] Level 1:colcon.colcon_core.package_identification:_identify(src/realsense-ros/realsense2_camera) by extension 'colcon_pkg'
[0.297s] Level 1:colcon.colcon_core.package_identification:_identify(src/realsense-ros/realsense2_camera) by extensions ['colcon_meta']
[0.297s] Level 1:colcon.colcon_core.package_identification:_identify(src/realsense-ros/realsense2_camera) by extension 'colcon_meta'
[0.297s] Level 1:colcon.colcon_core.package_identification:_identify(src/realsense-ros/realsense2_camera) by extensions ['ros']
[0.297s] Level 1:colcon.colcon_core.package_identification:_identify(src/realsense-ros/realsense2_camera) by extension 'ros'
[0.301s] DEBUG:colcon.colcon_core.package_identification:Package 'src/realsense-ros/realsense2_camera' with type 'ros.ament_cmake' and name 'realsense2_camera'
[0.301s] Level 1:colcon.colcon_core.package_identification:_identify(src/realsense-ros/realsense2_camera_msgs) by extensions ['ignore', 'ignore_ament_install']
[0.301s] Level 1:colcon.colcon_core.package_identification:_identify(src/realsense-ros/realsense2_camera_msgs) by extension 'ignore'
[0.301s] Level 1:colcon.colcon_core.package_identification:_identify(src/realsense-ros/realsense2_camera_msgs) by extension 'ignore_ament_install'
[0.301s] Level 1:colcon.colcon_core.package_identification:_identify(src/realsense-ros/realsense2_camera_msgs) by extensions ['colcon_pkg']
[0.301s] Level 1:colcon.colcon_core.package_identification:_identify(src/realsense-ros/realsense2_camera_msgs) by extension 'colcon_pkg'
[0.301s] Level 1:colcon.colcon_core.package_identification:_identify(src/realsense-ros/realsense2_camera_msgs) by extensions ['colcon_meta']
[0.301s] Level 1:colcon.colcon_core.package_identification:_identify(src/realsense-ros/realsense2_camera_msgs) by extension 'colcon_meta'
[0.301s] Level 1:colcon.colcon_core.package_identification:_identify(src/realsense-ros/realsense2_camera_msgs) by extensions ['ros']
[0.301s] Level 1:colcon.colcon_core.package_identification:_identify(src/realsense-ros/realsense2_camera_msgs) by extension 'ros'
[0.302s] DEBUG:colcon.colcon_core.package_identification:Package 'src/realsense-ros/realsense2_camera_msgs' with type 'ros.ament_cmake' and name 'realsense2_camera_msgs'
[0.302s] Level 1:colcon.colcon_core.package_identification:_identify(src/realsense-ros/realsense2_description) by extensions ['ignore', 'ignore_ament_install']
[0.302s] Level 1:colcon.colcon_core.package_identification:_identify(src/realsense-ros/realsense2_description) by extension 'ignore'
[0.302s] Level 1:colcon.colcon_core.package_identification:_identify(src/realsense-ros/realsense2_description) by extension 'ignore_ament_install'
[0.302s] Level 1:colcon.colcon_core.package_identification:_identify(src/realsense-ros/realsense2_description) by extensions ['colcon_pkg']
[0.302s] Level 1:colcon.colcon_core.package_identification:_identify(src/realsense-ros/realsense2_description) by extension 'colcon_pkg'
[0.302s] Level 1:colcon.colcon_core.package_identification:_identify(src/realsense-ros/realsense2_description) by extensions ['colcon_meta']
[0.302s] Level 1:colcon.colcon_core.package_identification:_identify(src/realsense-ros/realsense2_description) by extension 'colcon_meta'
[0.302s] Level 1:colcon.colcon_core.package_identification:_identify(src/realsense-ros/realsense2_description) by extensions ['ros']
[0.302s] Level 1:colcon.colcon_core.package_identification:_identify(src/realsense-ros/realsense2_description) by extension 'ros'
[0.303s] DEBUG:colcon.colcon_core.package_identification:Package 'src/realsense-ros/realsense2_description' with type 'ros.ament_cmake' and name 'realsense2_description'
[0.303s] Level 1:colcon.colcon_core.package_identification:_identify(src/realsense-ros/scripts) by extensions ['ignore', 'ignore_ament_install']
[0.303s] Level 1:colcon.colcon_core.package_identification:_identify(src/realsense-ros/scripts) by extension 'ignore'
[0.303s] Level 1:colcon.colcon_core.package_identification:_identify(src/realsense-ros/scripts) by extension 'ignore_ament_install'
[0.303s] Level 1:colcon.colcon_core.package_identification:_identify(src/realsense-ros/scripts) by extensions ['colcon_pkg']
[0.303s] Level 1:colcon.colcon_core.package_identification:_identify(src/realsense-ros/scripts) by extension 'colcon_pkg'
[0.303s] Level 1:colcon.colcon_core.package_identification:_identify(src/realsense-ros/scripts) by extensions ['colcon_meta']
[0.303s] Level 1:colcon.colcon_core.package_identification:_identify(src/realsense-ros/scripts) by extension 'colcon_meta'
[0.303s] Level 1:colcon.colcon_core.package_identification:_identify(src/realsense-ros/scripts) by extensions ['ros']
[0.303s] Level 1:colcon.colcon_core.package_identification:_identify(src/realsense-ros/scripts) by extension 'ros'
[0.303s] Level 1:colcon.colcon_core.package_identification:_identify(src/realsense-ros/scripts) by extensions ['cmake', 'python']
[0.303s] Level 1:colcon.colcon_core.package_identification:_identify(src/realsense-ros/scripts) by extension 'cmake'
[0.303s] Level 1:colcon.colcon_core.package_identification:_identify(src/realsense-ros/scripts) by extension 'python'
[0.303s] Level 1:colcon.colcon_core.package_identification:_identify(src/realsense-ros/scripts) by extensions ['python_setup_py']
[0.303s] Level 1:colcon.colcon_core.package_identification:_identify(src/realsense-ros/scripts) by extension 'python_setup_py'
[0.304s] Level 1:colcon.colcon_core.package_identification:_identify(src/ros2_net_ft_driver) by extensions ['ignore', 'ignore_ament_install']
[0.304s] Level 1:colcon.colcon_core.package_identification:_identify(src/ros2_net_ft_driver) by extension 'ignore'
[0.304s] Level 1:colcon.colcon_core.package_identification:_identify(src/ros2_net_ft_driver) by extension 'ignore_ament_install'
[0.304s] Level 1:colcon.colcon_core.package_identification:_identify(src/ros2_net_ft_driver) by extensions ['colcon_pkg']
[0.304s] Level 1:colcon.colcon_core.package_identification:_identify(src/ros2_net_ft_driver) by extension 'colcon_pkg'
[0.304s] Level 1:colcon.colcon_core.package_identification:_identify(src/ros2_net_ft_driver) by extensions ['colcon_meta']
[0.304s] Level 1:colcon.colcon_core.package_identification:_identify(src/ros2_net_ft_driver) by extension 'colcon_meta'
[0.304s] Level 1:colcon.colcon_core.package_identification:_identify(src/ros2_net_ft_driver) by extensions ['ros']
[0.304s] Level 1:colcon.colcon_core.package_identification:_identify(src/ros2_net_ft_driver) by extension 'ros'
[0.304s] Level 1:colcon.colcon_core.package_identification:_identify(src/ros2_net_ft_driver) by extensions ['cmake', 'python']
[0.304s] Level 1:colcon.colcon_core.package_identification:_identify(src/ros2_net_ft_driver) by extension 'cmake'
[0.304s] Level 1:colcon.colcon_core.package_identification:_identify(src/ros2_net_ft_driver) by extension 'python'
[0.304s] Level 1:colcon.colcon_core.package_identification:_identify(src/ros2_net_ft_driver) by extensions ['python_setup_py']
[0.304s] Level 1:colcon.colcon_core.package_identification:_identify(src/ros2_net_ft_driver) by extension 'python_setup_py'
[0.305s] Level 1:colcon.colcon_core.package_identification:_identify(src/ros2_net_ft_driver/net_ft_description) by extensions ['ignore', 'ignore_ament_install']
[0.305s] Level 1:colcon.colcon_core.package_identification:_identify(src/ros2_net_ft_driver/net_ft_description) by extension 'ignore'
[0.305s] Level 1:colcon.colcon_core.package_identification:_identify(src/ros2_net_ft_driver/net_ft_description) by extension 'ignore_ament_install'
[0.305s] Level 1:colcon.colcon_core.package_identification:_identify(src/ros2_net_ft_driver/net_ft_description) by extensions ['colcon_pkg']
[0.305s] Level 1:colcon.colcon_core.package_identification:_identify(src/ros2_net_ft_driver/net_ft_description) by extension 'colcon_pkg'
[0.305s] Level 1:colcon.colcon_core.package_identification:_identify(src/ros2_net_ft_driver/net_ft_description) by extensions ['colcon_meta']
[0.305s] Level 1:colcon.colcon_core.package_identification:_identify(src/ros2_net_ft_driver/net_ft_description) by extension 'colcon_meta'
[0.305s] Level 1:colcon.colcon_core.package_identification:_identify(src/ros2_net_ft_driver/net_ft_description) by extensions ['ros']
[0.305s] Level 1:colcon.colcon_core.package_identification:_identify(src/ros2_net_ft_driver/net_ft_description) by extension 'ros'
[0.306s] DEBUG:colcon.colcon_core.package_identification:Package 'src/ros2_net_ft_driver/net_ft_description' with type 'ros.ament_cmake' and name 'net_ft_description'
[0.306s] Level 1:colcon.colcon_core.package_identification:_identify(src/ros2_net_ft_driver/net_ft_diagnostic_broadcaster) by extensions ['ignore', 'ignore_ament_install']
[0.306s] Level 1:colcon.colcon_core.package_identification:_identify(src/ros2_net_ft_driver/net_ft_diagnostic_broadcaster) by extension 'ignore'
[0.306s] Level 1:colcon.colcon_core.package_identification:_identify(src/ros2_net_ft_driver/net_ft_diagnostic_broadcaster) by extension 'ignore_ament_install'
[0.306s] Level 1:colcon.colcon_core.package_identification:_identify(src/ros2_net_ft_driver/net_ft_diagnostic_broadcaster) by extensions ['colcon_pkg']
[0.306s] Level 1:colcon.colcon_core.package_identification:_identify(src/ros2_net_ft_driver/net_ft_diagnostic_broadcaster) by extension 'colcon_pkg'
[0.306s] Level 1:colcon.colcon_core.package_identification:_identify(src/ros2_net_ft_driver/net_ft_diagnostic_broadcaster) by extensions ['colcon_meta']
[0.306s] Level 1:colcon.colcon_core.package_identification:_identify(src/ros2_net_ft_driver/net_ft_diagnostic_broadcaster) by extension 'colcon_meta'
[0.306s] Level 1:colcon.colcon_core.package_identification:_identify(src/ros2_net_ft_driver/net_ft_diagnostic_broadcaster) by extensions ['ros']
[0.306s] Level 1:colcon.colcon_core.package_identification:_identify(src/ros2_net_ft_driver/net_ft_diagnostic_broadcaster) by extension 'ros'
[0.307s] DEBUG:colcon.colcon_core.package_identification:Package 'src/ros2_net_ft_driver/net_ft_diagnostic_broadcaster' with type 'ros.ament_cmake' and name 'net_ft_diagnostic_broadcaster'
[0.307s] Level 1:colcon.colcon_core.package_identification:_identify(src/ros2_net_ft_driver/net_ft_driver) by extensions ['ignore', 'ignore_ament_install']
[0.307s] Level 1:colcon.colcon_core.package_identification:_identify(src/ros2_net_ft_driver/net_ft_driver) by extension 'ignore'
[0.307s] Level 1:colcon.colcon_core.package_identification:_identify(src/ros2_net_ft_driver/net_ft_driver) by extension 'ignore_ament_install'
[0.308s] Level 1:colcon.colcon_core.package_identification:_identify(src/ros2_net_ft_driver/net_ft_driver) by extensions ['colcon_pkg']
[0.308s] Level 1:colcon.colcon_core.package_identification:_identify(src/ros2_net_ft_driver/net_ft_driver) by extension 'colcon_pkg'
[0.308s] Level 1:colcon.colcon_core.package_identification:_identify(src/ros2_net_ft_driver/net_ft_driver) by extensions ['colcon_meta']
[0.308s] Level 1:colcon.colcon_core.package_identification:_identify(src/ros2_net_ft_driver/net_ft_driver) by extension 'colcon_meta'
[0.308s] Level 1:colcon.colcon_core.package_identification:_identify(src/ros2_net_ft_driver/net_ft_driver) by extensions ['ros']
[0.308s] Level 1:colcon.colcon_core.package_identification:_identify(src/ros2_net_ft_driver/net_ft_driver) by extension 'ros'
[0.308s] DEBUG:colcon.colcon_core.package_identification:Package 'src/ros2_net_ft_driver/net_ft_driver' with type 'ros.ament_cmake' and name 'net_ft_driver'
[0.309s] Level 1:colcon.colcon_core.package_identification:_identify(src/ur10e_flex_moveit_config) by extensions ['ignore', 'ignore_ament_install']
[0.309s] Level 1:colcon.colcon_core.package_identification:_identify(src/ur10e_flex_moveit_config) by extension 'ignore'
[0.309s] Level 1:colcon.colcon_core.package_identification:_identify(src/ur10e_flex_moveit_config) by extension 'ignore_ament_install'
[0.309s] Level 1:colcon.colcon_core.package_identification:_identify(src/ur10e_flex_moveit_config) by extensions ['colcon_pkg']
[0.309s] Level 1:colcon.colcon_core.package_identification:_identify(src/ur10e_flex_moveit_config) by extension 'colcon_pkg'
[0.309s] Level 1:colcon.colcon_core.package_identification:_identify(src/ur10e_flex_moveit_config) by extensions ['colcon_meta']
[0.309s] Level 1:colcon.colcon_core.package_identification:_identify(src/ur10e_flex_moveit_config) by extension 'colcon_meta'
[0.309s] Level 1:colcon.colcon_core.package_identification:_identify(src/ur10e_flex_moveit_config) by extensions ['ros']
[0.309s] Level 1:colcon.colcon_core.package_identification:_identify(src/ur10e_flex_moveit_config) by extension 'ros'
[0.309s] DEBUG:colcon.colcon_core.package_identification:Package 'src/ur10e_flex_moveit_config' with type 'ros.ament_cmake' and name 'ur10e_flex_moveit_config'
[0.310s] Level 1:colcon.colcon_core.package_identification:_identify(src/ur10e_ft_rg2_moveit_config) by extensions ['ignore', 'ignore_ament_install']
[0.310s] Level 1:colcon.colcon_core.package_identification:_identify(src/ur10e_ft_rg2_moveit_config) by extension 'ignore'
[0.310s] Level 1:colcon.colcon_core.package_identification:_identify(src/ur10e_ft_rg2_moveit_config) by extension 'ignore_ament_install'
[0.310s] Level 1:colcon.colcon_core.package_identification:_identify(src/ur10e_ft_rg2_moveit_config) by extensions ['colcon_pkg']
[0.310s] Level 1:colcon.colcon_core.package_identification:_identify(src/ur10e_ft_rg2_moveit_config) by extension 'colcon_pkg'
[0.310s] Level 1:colcon.colcon_core.package_identification:_identify(src/ur10e_ft_rg2_moveit_config) by extensions ['colcon_meta']
[0.310s] Level 1:colcon.colcon_core.package_identification:_identify(src/ur10e_ft_rg2_moveit_config) by extension 'colcon_meta'
[0.310s] Level 1:colcon.colcon_core.package_identification:_identify(src/ur10e_ft_rg2_moveit_config) by extensions ['ros']
[0.310s] Level 1:colcon.colcon_core.package_identification:_identify(src/ur10e_ft_rg2_moveit_config) by extension 'ros'
[0.310s] DEBUG:colcon.colcon_core.package_identification:Package 'src/ur10e_ft_rg2_moveit_config' with type 'ros.ament_cmake' and name 'ur10e_ft_rg2_moveit_config'
[0.311s] Level 1:colcon.colcon_core.package_identification:_identify(src/ur10e_gazebo_sim) by extensions ['ignore', 'ignore_ament_install']
[0.311s] Level 1:colcon.colcon_core.package_identification:_identify(src/ur10e_gazebo_sim) by extension 'ignore'
[0.311s] Level 1:colcon.colcon_core.package_identification:_identify(src/ur10e_gazebo_sim) by extension 'ignore_ament_install'
[0.311s] Level 1:colcon.colcon_core.package_identification:_identify(src/ur10e_gazebo_sim) by extensions ['colcon_pkg']
[0.311s] Level 1:colcon.colcon_core.package_identification:_identify(src/ur10e_gazebo_sim) by extension 'colcon_pkg'
[0.311s] Level 1:colcon.colcon_core.package_identification:_identify(src/ur10e_gazebo_sim) by extensions ['colcon_meta']
[0.311s] Level 1:colcon.colcon_core.package_identification:_identify(src/ur10e_gazebo_sim) by extension 'colcon_meta'
[0.311s] Level 1:colcon.colcon_core.package_identification:_identify(src/ur10e_gazebo_sim) by extensions ['ros']
[0.311s] Level 1:colcon.colcon_core.package_identification:_identify(src/ur10e_gazebo_sim) by extension 'ros'
[0.312s] DEBUG:colcon.colcon_core.package_identification:Package 'src/ur10e_gazebo_sim' with type 'ros.ament_cmake' and name 'ur10e_gazebo_sim'
[0.312s] Level 1:colcon.colcon_core.package_discovery:discover_packages(recursive) using defaults
[0.312s] Level 1:colcon.colcon_core.package_discovery:discover_packages(ignore) discover
[0.312s] Level 1:colcon.colcon_core.package_discovery:discover_packages(ignore) using defaults
[0.312s] Level 1:colcon.colcon_core.package_discovery:discover_packages(path) discover
[0.312s] Level 1:colcon.colcon_core.package_discovery:discover_packages(path) using defaults
[0.331s] INFO:colcon.colcon_core.package_selection:Skipping not selected package 'net_ft_description' in 'src/ros2_net_ft_driver/net_ft_description'
[0.331s] INFO:colcon.colcon_core.package_selection:Skipping not selected package 'net_ft_diagnostic_broadcaster' in 'src/ros2_net_ft_driver/net_ft_diagnostic_broadcaster'
[0.332s] INFO:colcon.colcon_core.package_selection:Skipping not selected package 'net_ft_driver' in 'src/ros2_net_ft_driver/net_ft_driver'
[0.332s] INFO:colcon.colcon_core.package_selection:Skipping not selected package 'onrobot_control' in 'src/onrobot_ros/onrobot_control'
[0.332s] INFO:colcon.colcon_core.package_selection:Skipping not selected package 'onrobot_description' in 'src/onrobot_ros/onrobot_description'
[0.332s] INFO:colcon.colcon_core.package_selection:Skipping not selected package 'onrobot_driver' in 'src/onrobot_ros/onrobot_driver'
[0.332s] INFO:colcon.colcon_core.package_selection:Skipping not selected package 'onrobot_rg_control' in 'src/onrobot-ros2/onrobot_rg_control'
[0.332s] INFO:colcon.colcon_core.package_selection:Skipping not selected package 'onrobot_rg_description' in 'src/onrobot-ros2/onrobot_rg_description'
[0.332s] INFO:colcon.colcon_core.package_selection:Skipping not selected package 'onrobot_rg_modbus_tcp' in 'src/onrobot-ros2/_onrobot_rg_modbus_tcp'
[0.332s] INFO:colcon.colcon_core.package_selection:Skipping not selected package 'onrobot_rg_msgs' in 'src/onrobot-ros2/onrobot_rg_msgs'
[0.332s] INFO:colcon.colcon_core.package_selection:Skipping not selected package 'realsense2_camera_msgs' in 'src/realsense-ros/realsense2_camera_msgs'
[0.332s] INFO:colcon.colcon_core.package_selection:Skipping not selected package 'ur_description' in 'src/Universal_Robots_ROS2_Description'
[0.332s] INFO:colcon.colcon_core.package_selection:Skipping not selected package 'realsense2_camera' in 'src/realsense-ros/realsense2_camera'
[0.332s] INFO:colcon.colcon_core.package_selection:Skipping not selected package 'realsense2_description' in 'src/realsense-ros/realsense2_description'
[0.332s] INFO:colcon.colcon_core.package_selection:Skipping not selected package 'ur10e_gazebo_sim' in 'src/ur10e_gazebo_sim'
[0.332s] INFO:colcon.colcon_core.package_selection:Skipping not selected package 'ur_simulation_gazebo' in 'src/Universal_Robots_ROS2_Gazebo_Simulation/ur_simulation_gazebo'
[0.332s] INFO:colcon.colcon_core.package_selection:Skipping not selected package 'ur10e_flex_moveit_config' in 'src/ur10e_flex_moveit_config'
[0.332s] INFO:colcon.colcon_core.package_selection:Skipping not selected package 'ur10e_ft_rg2_moveit_config' in 'src/ur10e_ft_rg2_moveit_config'
[0.332s] Level 1:colcon.colcon_core.package_discovery:discover_packages(prefix_path) check parameters
[0.332s] Level 1:colcon.colcon_core.package_discovery:discover_packages(prefix_path) discover
[0.341s] DEBUG:colcon.colcon_installed_package_information.package_discovery:Found 19 installed packages in /home/matteo-melzer/gazebo_test/install
[0.343s] DEBUG:colcon.colcon_installed_package_information.package_discovery:Found 60 installed packages in /home/matteo-melzer/ws_moveit/install
[0.343s] DEBUG:colcon.colcon_installed_package_information.package_discovery:Found 5 installed packages in /home/matteo-melzer/ros2_ws/install
[0.345s] DEBUG:colcon.colcon_installed_package_information.package_discovery:Found 397 installed packages in /opt/ros/humble
[0.347s] Level 1:colcon.colcon_core.package_discovery:discover_packages(prefix_path) using defaults
[0.391s] WARNING:colcon.colcon_core.package_selection:Some selected packages are already built in one or more underlay workspaces:
	'librealsense2' is in: /home/matteo-melzer/gazebo_test/install/librealsense2
If a package in a merged underlay workspace is overridden and it installs headers, then all packages in the overlay must sort their include directories by workspace order. Failure to do so may result in build failures or undefined behavior at run time.
If the overridden package is used by another package in any underlay, then the overriding package in the overlay must be API and ABI compatible or undefined behavior at run time may occur.

If you understand the risks and want to override a package anyways, add the following to the command line:
	--allow-overriding librealsense2

This may be promoted to an error in a future release of colcon-override-check.
[0.393s] Level 5:colcon.colcon_core.verb:set package 'librealsense2' build argument 'cmake_args' from command line to 'None'
[0.393s] Level 5:colcon.colcon_core.verb:set package 'librealsense2' build argument 'cmake_target' from command line to 'None'
[0.393s] Level 5:colcon.colcon_core.verb:set package 'librealsense2' build argument 'cmake_target_skip_unavailable' from command line to 'False'
[0.393s] Level 5:colcon.colcon_core.verb:set package 'librealsense2' build argument 'cmake_clean_cache' from command line to 'False'
[0.393s] Level 5:colcon.colcon_core.verb:set package 'librealsense2' build argument 'cmake_clean_first' from command line to 'False'
[0.393s] Level 5:colcon.colcon_core.verb:set package 'librealsense2' build argument 'cmake_force_configure' from command line to 'False'
[0.393s] Level 5:colcon.colcon_core.verb:set package 'librealsense2' build argument 'ament_cmake_args' from command line to 'None'
[0.393s] Level 5:colcon.colcon_core.verb:set package 'librealsense2' build argument 'catkin_cmake_args' from command line to 'None'
[0.393s] Level 5:colcon.colcon_core.verb:set package 'librealsense2' build argument 'catkin_skip_building_tests' from command line to 'False'
[0.393s] DEBUG:colcon.colcon_core.verb:Building package 'librealsense2' with the following arguments: {'ament_cmake_args': None, 'build_base': '/home/matteo-melzer/gazebo_test/build/librealsense2', 'catkin_cmake_args': None, 'catkin_skip_building_tests': False, 'cmake_args': None, 'cmake_clean_cache': False, 'cmake_clean_first': False, 'cmake_force_configure': False, 'cmake_target': None, 'cmake_target_skip_unavailable': False, 'install_base': '/home/matteo-melzer/gazebo_test/install/librealsense2', 'merge_install': False, 'path': '/home/matteo-melzer/gazebo_test/src/librealsense', 'symlink_install': False, 'test_result_base': None}
[0.393s] INFO:colcon.colcon_core.executor:Executing jobs using 'parallel' executor
[0.394s] DEBUG:colcon.colcon_parallel_executor.executor.parallel:run_until_complete
[0.394s] INFO:colcon.colcon_ros.task.cmake.build:Building ROS package in '/home/matteo-melzer/gazebo_test/src/librealsense' with build type 'cmake'
[0.394s] INFO:colcon.colcon_cmake.task.cmake.build:Building CMake package in '/home/matteo-melzer/gazebo_test/src/librealsense'
[0.397s] INFO:colcon.colcon_core.plugin_system:Skipping extension 'colcon_core.shell.bat': Not used on non-Windows systems
[0.397s] INFO:colcon.colcon_core.shell:Skip shell extension 'powershell' for command environment: Not usable outside of PowerShell
[0.397s] DEBUG:colcon.colcon_core.shell:Skip shell extension 'dsv' for command environment
[0.414s] DEBUG:colcon.colcon_core.event_handler.log_command:Invoking command in '/home/matteo-melzer/gazebo_test/build/librealsense2': CMAKE_PREFIX_PATH=${CMAKE_PREFIX_PATH}:/home/matteo-melzer/gazebo_test/install/onrobot_rg_modbus_tcp:/home/matteo-melzer/gazebo_test/install/onrobot_rg_control:/home/matteo-melzer/gazebo_test/install/onrobot_driver:/home/matteo-melzer/ros2_ws/install/py_srvcli:/home/matteo-melzer/ros2_ws/install/py_pubsub:/home/matteo-melzer/ws_moveit/install/moveit_configs_utils:/home/matteo-melzer/ws_moveit/install/launch_param_builder:/opt/ros/humble /usr/bin/cmake --build /home/matteo-melzer/gazebo_test/build/librealsense2 -- -j2 -l2
[2.407s] DEBUG:colcon.colcon_core.event_handler.log_command:Invoked command in '/home/matteo-melzer/gazebo_test/build/librealsense2' returned '0': CMAKE_PREFIX_PATH=${CMAKE_PREFIX_PATH}:/home/matteo-melzer/gazebo_test/install/onrobot_rg_modbus_tcp:/home/matteo-melzer/gazebo_test/install/onrobot_rg_control:/home/matteo-melzer/gazebo_test/install/onrobot_driver:/home/matteo-melzer/ros2_ws/install/py_srvcli:/home/matteo-melzer/ros2_ws/install/py_pubsub:/home/matteo-melzer/ws_moveit/install/moveit_configs_utils:/home/matteo-melzer/ws_moveit/install/launch_param_builder:/opt/ros/humble /usr/bin/cmake --build /home/matteo-melzer/gazebo_test/build/librealsense2 -- -j2 -l2
[2.424s] DEBUG:colcon.colcon_core.event_handler.log_command:Invoking command in '/home/matteo-melzer/gazebo_test/build/librealsense2': CMAKE_PREFIX_PATH=${CMAKE_PREFIX_PATH}:/home/matteo-melzer/gazebo_test/install/onrobot_rg_modbus_tcp:/home/matteo-melzer/gazebo_test/install/onrobot_rg_control:/home/matteo-melzer/gazebo_test/install/onrobot_driver:/home/matteo-melzer/ros2_ws/install/py_srvcli:/home/matteo-melzer/ros2_ws/install/py_pubsub:/home/matteo-melzer/ws_moveit/install/moveit_configs_utils:/home/matteo-melzer/ws_moveit/install/launch_param_builder:/opt/ros/humble /usr/bin/cmake --install /home/matteo-melzer/gazebo_test/build/librealsense2
[2.726s] DEBUG:colcon.colcon_core.event_handler.log_command:Invoked command in '/home/matteo-melzer/gazebo_test/build/librealsense2' returned '0': CMAKE_PREFIX_PATH=${CMAKE_PREFIX_PATH}:/home/matteo-melzer/gazebo_test/install/onrobot_rg_modbus_tcp:/home/matteo-melzer/gazebo_test/install/onrobot_rg_control:/home/matteo-melzer/gazebo_test/install/onrobot_driver:/home/matteo-melzer/ros2_ws/install/py_srvcli:/home/matteo-melzer/ros2_ws/install/py_pubsub:/home/matteo-melzer/ws_moveit/install/moveit_configs_utils:/home/matteo-melzer/ws_moveit/install/launch_param_builder:/opt/ros/humble /usr/bin/cmake --install /home/matteo-melzer/gazebo_test/build/librealsense2
[2.726s] Level 1:colcon.colcon_core.shell:create_environment_hook('librealsense2', 'pkg_config_path')
[2.726s] INFO:colcon.colcon_core.shell:Creating environment hook '/home/matteo-melzer/gazebo_test/install/librealsense2/share/librealsense2/hook/pkg_config_path.ps1'
[2.727s] INFO:colcon.colcon_core.shell:Creating environment descriptor '/home/matteo-melzer/gazebo_test/install/librealsense2/share/librealsense2/hook/pkg_config_path.dsv'
[2.727s] INFO:colcon.colcon_core.shell:Creating environment hook '/home/matteo-melzer/gazebo_test/install/librealsense2/share/librealsense2/hook/pkg_config_path.sh'
[2.733s] Level 1:colcon.colcon_core.shell:create_environment_hook('librealsense2', 'pkg_config_path_multiarch')
[2.733s] INFO:colcon.colcon_core.shell:Creating environment hook '/home/matteo-melzer/gazebo_test/install/librealsense2/share/librealsense2/hook/pkg_config_path_multiarch.ps1'
[2.733s] INFO:colcon.colcon_core.shell:Creating environment descriptor '/home/matteo-melzer/gazebo_test/install/librealsense2/share/librealsense2/hook/pkg_config_path_multiarch.dsv'
[2.734s] INFO:colcon.colcon_core.shell:Creating environment hook '/home/matteo-melzer/gazebo_test/install/librealsense2/share/librealsense2/hook/pkg_config_path_multiarch.sh'
[2.735s] Level 1:colcon.colcon_core.environment:create_environment_scripts_only(librealsense2)
[2.738s] Level 1:colcon.colcon_core.environment:checking '/home/matteo-melzer/gazebo_test/install/librealsense2' for CMake module files
[2.739s] Level 1:colcon.colcon_core.environment:checking '/home/matteo-melzer/gazebo_test/install/librealsense2' for CMake config files
[2.739s] Level 1:colcon.colcon_core.shell:create_environment_hook('librealsense2', 'cmake_prefix_path')
[2.739s] INFO:colcon.colcon_core.shell:Creating environment hook '/home/matteo-melzer/gazebo_test/install/librealsense2/share/librealsense2/hook/cmake_prefix_path.ps1'
[2.739s] INFO:colcon.colcon_core.shell:Creating environment descriptor '/home/matteo-melzer/gazebo_test/install/librealsense2/share/librealsense2/hook/cmake_prefix_path.dsv'
[2.740s] INFO:colcon.colcon_core.shell:Creating environment hook '/home/matteo-melzer/gazebo_test/install/librealsense2/share/librealsense2/hook/cmake_prefix_path.sh'
[2.740s] Level 1:colcon.colcon_core.environment:checking '/home/matteo-melzer/gazebo_test/install/librealsense2/lib'
[2.741s] Level 1:colcon.colcon_core.shell:create_environment_hook('librealsense2', 'ld_library_path_lib')
[2.741s] INFO:colcon.colcon_core.shell:Creating environment hook '/home/matteo-melzer/gazebo_test/install/librealsense2/share/librealsense2/hook/ld_library_path_lib.ps1'
[2.741s] INFO:colcon.colcon_core.shell:Creating environment descriptor '/home/matteo-melzer/gazebo_test/install/librealsense2/share/librealsense2/hook/ld_library_path_lib.dsv'
[2.741s] INFO:colcon.colcon_core.shell:Creating environment hook '/home/matteo-melzer/gazebo_test/install/librealsense2/share/librealsense2/hook/ld_library_path_lib.sh'
[2.742s] Level 1:colcon.colcon_core.environment:checking '/home/matteo-melzer/gazebo_test/install/librealsense2/bin'
[2.742s] Level 1:colcon.colcon_core.shell:create_environment_hook('librealsense2', 'path')
[2.742s] INFO:colcon.colcon_core.shell:Creating environment hook '/home/matteo-melzer/gazebo_test/install/librealsense2/share/librealsense2/hook/path.ps1'
[2.742s] INFO:colcon.colcon_core.shell:Creating environment descriptor '/home/matteo-melzer/gazebo_test/install/librealsense2/share/librealsense2/hook/path.dsv'
[2.743s] INFO:colcon.colcon_core.shell:Creating environment hook '/home/matteo-melzer/gazebo_test/install/librealsense2/share/librealsense2/hook/path.sh'
[2.743s] Level 1:colcon.colcon_core.environment:checking '/home/matteo-melzer/gazebo_test/install/librealsense2/lib/pkgconfig/librealsense2.pc'
[2.743s] Level 1:colcon.colcon_core.environment:checking '/home/matteo-melzer/gazebo_test/install/librealsense2/lib/python3.10/site-packages'
[2.743s] Level 1:colcon.colcon_core.environment:checking '/home/matteo-melzer/gazebo_test/install/librealsense2/bin'
[2.744s] Level 1:colcon.colcon_core.shell:create_environment_hook('librealsense2', 'pythonscriptspath')
[2.744s] INFO:colcon.colcon_core.shell:Creating environment hook '/home/matteo-melzer/gazebo_test/install/librealsense2/share/librealsense2/hook/pythonscriptspath.ps1'
[2.744s] INFO:colcon.colcon_core.shell:Creating environment descriptor '/home/matteo-melzer/gazebo_test/install/librealsense2/share/librealsense2/hook/pythonscriptspath.dsv'
[2.745s] INFO:colcon.colcon_core.shell:Creating environment hook '/home/matteo-melzer/gazebo_test/install/librealsense2/share/librealsense2/hook/pythonscriptspath.sh'
[2.745s] INFO:colcon.colcon_core.shell:Creating package script '/home/matteo-melzer/gazebo_test/install/librealsense2/share/librealsense2/package.ps1'
[2.746s] INFO:colcon.colcon_core.shell:Creating package descriptor '/home/matteo-melzer/gazebo_test/install/librealsense2/share/librealsense2/package.dsv'
[2.747s] INFO:colcon.colcon_core.shell:Creating package script '/home/matteo-melzer/gazebo_test/install/librealsense2/share/librealsense2/package.sh'
[2.748s] INFO:colcon.colcon_core.shell:Creating package script '/home/matteo-melzer/gazebo_test/install/librealsense2/share/librealsense2/package.bash'
[2.748s] INFO:colcon.colcon_core.shell:Creating package script '/home/matteo-melzer/gazebo_test/install/librealsense2/share/librealsense2/package.zsh'
[2.749s] Level 1:colcon.colcon_core.environment:create_file_with_runtime_dependencies(/home/matteo-melzer/gazebo_test/install/librealsense2/share/colcon-core/packages/librealsense2)
[2.749s] DEBUG:colcon.colcon_parallel_executor.executor.parallel:closing loop
[2.749s] DEBUG:colcon.colcon_parallel_executor.executor.parallel:loop closed
[2.749s] DEBUG:colcon.colcon_parallel_executor.executor.parallel:run_until_complete finished with '0'
[2.749s] DEBUG:colcon.colcon_core.event_reactor:joining thread
[2.756s] INFO:colcon.colcon_core.plugin_system:Skipping extension 'colcon_notification.desktop_notification.terminal_notifier': Not used on non-Darwin systems
[2.756s] INFO:colcon.colcon_core.plugin_system:Skipping extension 'colcon_notification.desktop_notification.win32': Not used on non-Windows systems
[2.756s] INFO:colcon.colcon_notification.desktop_notification:Sending desktop notification using 'notify2'
[2.768s] DEBUG:colcon.colcon_core.event_reactor:joined thread
[2.768s] INFO:colcon.colcon_core.shell:Creating prefix script '/home/matteo-melzer/gazebo_test/install/local_setup.ps1'
[2.769s] INFO:colcon.colcon_core.shell:Creating prefix util module '/home/matteo-melzer/gazebo_test/install/_local_setup_util_ps1.py'
[2.771s] INFO:colcon.colcon_core.shell:Creating prefix chain script '/home/matteo-melzer/gazebo_test/install/setup.ps1'
[2.775s] INFO:colcon.colcon_core.shell:Creating prefix script '/home/matteo-melzer/gazebo_test/install/local_setup.sh'
[2.775s] INFO:colcon.colcon_core.shell:Creating prefix util module '/home/matteo-melzer/gazebo_test/install/_local_setup_util_sh.py'
[2.776s] INFO:colcon.colcon_core.shell:Creating prefix chain script '/home/matteo-melzer/gazebo_test/install/setup.sh'
[2.780s] INFO:colcon.colcon_core.shell:Creating prefix script '/home/matteo-melzer/gazebo_test/install/local_setup.bash'
[2.780s] INFO:colcon.colcon_core.shell:Creating prefix chain script '/home/matteo-melzer/gazebo_test/install/setup.bash'
[2.785s] INFO:colcon.colcon_core.shell:Creating prefix script '/home/matteo-melzer/gazebo_test/install/local_setup.zsh'
[2.785s] INFO:colcon.colcon_core.shell:Creating prefix chain script '/home/matteo-melzer/gazebo_test/install/setup.zsh'
