[0.018s] Invoking command in '/home/matteo-melzer/gazebo_test/build/onrobot_control': CMAKE_PREFIX_PATH=${CMAKE_PREFIX_PATH}:/home/matteo-melzer/ros2_ws/install/py_srvcli:/home/matteo-melzer/ros2_ws/install/py_pubsub:/home/matteo-melzer/ws_moveit/install/moveit_configs_utils:/home/matteo-melzer/ws_moveit/install/launch_param_builder:/opt/ros/humble /usr/bin/cmake /home/matteo-melzer/gazebo_test/src/onrobot_ros/onrobot_control -DCMAKE_EXPORT_COMPILE_COMMANDS=ON -DCMAKE_INSTALL_PREFIX=/home/matteo-melzer/gazebo_test/install/onrobot_control
[0.133s] -- The C compiler identification is GNU 11.4.0
[0.227s] -- The CXX compiler identification is GNU 11.4.0
[0.240s] -- Detecting C compiler ABI info
[0.376s] -- Detecting C compiler ABI info - done
[0.389s] -- Check for working C compiler: /usr/bin/cc - skipped
[0.389s] -- Detecting C compile features
[0.389s] -- Detecting C compile features - done
[0.389s] -- Detecting CXX compiler ABI info
[0.572s] -- Detecting CXX compiler ABI info - done
[0.584s] -- Check for working CXX compiler: /usr/bin/c++ - skipped
[0.585s] -- Detecting CXX compile features
[0.586s] -- Detecting CXX compile features - done
[0.620s] -- Found ament_cmake: 1.3.11 (/opt/ros/humble/share/ament_cmake/cmake)
[1.084s] -- Found Python3: /usr/bin/python3 (found version "3.10.12") found components: Interpreter 
[1.408s] -- Found ament_lint_auto: 0.12.12 (/opt/ros/humble/share/ament_lint_auto/cmake)
[1.657s] -- Added test 'copyright' to check source files copyright and LICENSE
[1.668s] -- Added test 'flake8' to check Python code syntax and style conventions
[1.670s] -- Added test 'lint_cmake' to check CMake code style
[1.677s] -- Added test 'pep257' to check Python code against some of the docstring style conventions in PEP 257
[1.682s] -- Added test 'xmllint' to check XML markup files
[1.691s] -- Configuring done
[1.696s] -- Generating done
[1.697s] [33mCMake Warning:
[1.697s]   Manually-specified variables were not used by the project:
[1.697s] 
[1.697s]     CMAKE_EXPORT_COMPILE_COMMANDS
[1.697s] 
[1.698s] [0m
[1.701s] -- Build files have been written to: /home/matteo-melzer/gazebo_test/build/onrobot_control
[1.715s] Invoked command in '/home/matteo-melzer/gazebo_test/build/onrobot_control' returned '0': CMAKE_PREFIX_PATH=${CMAKE_PREFIX_PATH}:/home/matteo-melzer/ros2_ws/install/py_srvcli:/home/matteo-melzer/ros2_ws/install/py_pubsub:/home/matteo-melzer/ws_moveit/install/moveit_configs_utils:/home/matteo-melzer/ws_moveit/install/launch_param_builder:/opt/ros/humble /usr/bin/cmake /home/matteo-melzer/gazebo_test/src/onrobot_ros/onrobot_control -DCMAKE_EXPORT_COMPILE_COMMANDS=ON -DCMAKE_INSTALL_PREFIX=/home/matteo-melzer/gazebo_test/install/onrobot_control
[1.722s] Invoking command in '/home/matteo-melzer/gazebo_test/build/onrobot_control': CMAKE_PREFIX_PATH=${CMAKE_PREFIX_PATH}:/home/matteo-melzer/ros2_ws/install/py_srvcli:/home/matteo-melzer/ros2_ws/install/py_pubsub:/home/matteo-melzer/ws_moveit/install/moveit_configs_utils:/home/matteo-melzer/ws_moveit/install/launch_param_builder:/opt/ros/humble /usr/bin/cmake --build /home/matteo-melzer/gazebo_test/build/onrobot_control -- -j2 -l2
[1.873s] Invoked command in '/home/matteo-melzer/gazebo_test/build/onrobot_control' returned '0': CMAKE_PREFIX_PATH=${CMAKE_PREFIX_PATH}:/home/matteo-melzer/ros2_ws/install/py_srvcli:/home/matteo-melzer/ros2_ws/install/py_pubsub:/home/matteo-melzer/ws_moveit/install/moveit_configs_utils:/home/matteo-melzer/ws_moveit/install/launch_param_builder:/opt/ros/humble /usr/bin/cmake --build /home/matteo-melzer/gazebo_test/build/onrobot_control -- -j2 -l2
[1.873s] Invoking command in '/home/matteo-melzer/gazebo_test/build/onrobot_control': CMAKE_PREFIX_PATH=${CMAKE_PREFIX_PATH}:/home/matteo-melzer/ros2_ws/install/py_srvcli:/home/matteo-melzer/ros2_ws/install/py_pubsub:/home/matteo-melzer/ws_moveit/install/moveit_configs_utils:/home/matteo-melzer/ws_moveit/install/launch_param_builder:/opt/ros/humble /usr/bin/cmake --install /home/matteo-melzer/gazebo_test/build/onrobot_control
[1.908s] -- Install configuration: ""
[1.908s] -- Installing: /home/matteo-melzer/gazebo_test/install/onrobot_control/share/onrobot_control/launch
[1.908s] -- Installing: /home/matteo-melzer/gazebo_test/install/onrobot_control/share/onrobot_control/launch/onrobot_rg_controller.launch.py
[1.911s] -- Installing: /home/matteo-melzer/gazebo_test/install/onrobot_control/share/onrobot_control/config
[1.911s] -- Installing: /home/matteo-melzer/gazebo_test/install/onrobot_control/share/onrobot_control/config/onrobot_rg_standalone.yaml
[1.911s] -- Installing: /home/matteo-melzer/gazebo_test/install/onrobot_control/share/ament_index/resource_index/package_run_dependencies/onrobot_control
[1.911s] -- Installing: /home/matteo-melzer/gazebo_test/install/onrobot_control/share/ament_index/resource_index/parent_prefix_path/onrobot_control
[1.913s] -- Installing: /home/matteo-melzer/gazebo_test/install/onrobot_control/share/onrobot_control/environment/ament_prefix_path.sh
[1.913s] -- Installing: /home/matteo-melzer/gazebo_test/install/onrobot_control/share/onrobot_control/environment/ament_prefix_path.dsv
[1.914s] -- Installing: /home/matteo-melzer/gazebo_test/install/onrobot_control/share/onrobot_control/environment/path.sh
[1.914s] -- Installing: /home/matteo-melzer/gazebo_test/install/onrobot_control/share/onrobot_control/environment/path.dsv
[1.914s] -- Installing: /home/matteo-melzer/gazebo_test/install/onrobot_control/share/onrobot_control/local_setup.bash
[1.915s] -- Installing: /home/matteo-melzer/gazebo_test/install/onrobot_control/share/onrobot_control/local_setup.sh
[1.915s] -- Installing: /home/matteo-melzer/gazebo_test/install/onrobot_control/share/onrobot_control/local_setup.zsh
[1.915s] -- Installing: /home/matteo-melzer/gazebo_test/install/onrobot_control/share/onrobot_control/local_setup.dsv
[1.915s] -- Installing: /home/matteo-melzer/gazebo_test/install/onrobot_control/share/onrobot_control/package.dsv
[1.915s] -- Installing: /home/matteo-melzer/gazebo_test/install/onrobot_control/share/ament_index/resource_index/packages/onrobot_control
[1.915s] -- Installing: /home/matteo-melzer/gazebo_test/install/onrobot_control/share/onrobot_control/cmake/onrobot_controlConfig.cmake
[1.915s] -- Installing: /home/matteo-melzer/gazebo_test/install/onrobot_control/share/onrobot_control/cmake/onrobot_controlConfig-version.cmake
[1.915s] -- Installing: /home/matteo-melzer/gazebo_test/install/onrobot_control/share/onrobot_control/package.xml
[1.918s] Invoked command in '/home/matteo-melzer/gazebo_test/build/onrobot_control' returned '0': CMAKE_PREFIX_PATH=${CMAKE_PREFIX_PATH}:/home/matteo-melzer/ros2_ws/install/py_srvcli:/home/matteo-melzer/ros2_ws/install/py_pubsub:/home/matteo-melzer/ws_moveit/install/moveit_configs_utils:/home/matteo-melzer/ws_moveit/install/launch_param_builder:/opt/ros/humble /usr/bin/cmake --install /home/matteo-melzer/gazebo_test/build/onrobot_control
