running egg_info
writing ../../../build/onrobot_driver/onrobot_driver.egg-info/PKG-INFO
writing dependency_links to ../../../build/onrobot_driver/onrobot_driver.egg-info/dependency_links.txt
writing entry points to ../../../build/onrobot_driver/onrobot_driver.egg-info/entry_points.txt
writing requirements to ../../../build/onrobot_driver/onrobot_driver.egg-info/requires.txt
writing top-level names to ../../../build/onrobot_driver/onrobot_driver.egg-info/top_level.txt
reading manifest file '../../../build/onrobot_driver/onrobot_driver.egg-info/SOURCES.txt'
writing manifest file '../../../build/onrobot_driver/onrobot_driver.egg-info/SOURCES.txt'
running build
running build_py
running install
running install_lib
running install_data
running install_egg_info
removing '/home/matteo-melzer/gazebo_test/install/onrobot_driver/lib/python3.10/site-packages/onrobot_driver-0.0.0-py3.10.egg-info' (and everything under it)
Copying ../../../build/onrobot_driver/onrobot_driver.egg-info to /home/matteo-melzer/gazebo_test/install/onrobot_driver/lib/python3.10/site-packages/onrobot_driver-0.0.0-py3.10.egg-info
running install_scripts
Installing gripper_action_adapter script to /home/matteo-melzer/gazebo_test/install/onrobot_driver/lib/onrobot_driver
Installing test script to /home/matteo-melzer/gazebo_test/install/onrobot_driver/lib/onrobot_driver
writing list of installed files to '/home/matteo-melzer/gazebo_test/build/onrobot_driver/install.log'
