[0.059s] Invoking command in '/home/matteo-melzer/gazebo_test/build/librealsense2': CMAKE_PREFIX_PATH=${CMAKE_PREFIX_PATH}:/home/matteo-melzer/ros2_ws/install/py_srvcli:/home/matteo-melzer/ros2_ws/install/py_pubsub:/home/matteo-melzer/ws_moveit/install/moveit_configs_utils:/home/matteo-melzer/ws_moveit/install/launch_param_builder:/opt/ros/humble /usr/bin/cmake --build /home/matteo-melzer/gazebo_test/build/librealsense2 -- -j2 -l2
[0.236s] [  2%] Built target libcurl
[0.286s] [35m[1mConsolidate compiler generated dependencies of target realsense-file[0m
[0.375s] [  6%] Built target realsense-file
[0.435s] [35m[1mConsolidate compiler generated dependencies of target rsutils[0m
[0.530s] [ 11%] Built target rsutils
[0.567s] [35m[1mConsolidate compiler generated dependencies of target rs-embed[0m
[0.594s] [ 11%] Built target rs-embed
[0.626s] [35m[1mConsolidate compiler generated dependencies of target fw[0m
[0.652s] [ 11%] Built target fw
[0.786s] [35m[1mConsolidate compiler generated dependencies of target realsense2[0m
[1.213s] [ 41%] Built target realsense2
[1.253s] [35m[1mConsolidate compiler generated dependencies of target realsense2-gl[0m
[1.296s] [ 44%] Built target realsense2-gl
[1.323s] [35m[1mConsolidate compiler generated dependencies of target rs-hello-realsense[0m
[1.367s] [ 44%] Built target rs-hello-realsense
[1.406s] [35m[1mConsolidate compiler generated dependencies of target rs-software-device[0m
[1.451s] [ 46%] Built target rs-software-device
[1.483s] [35m[1mConsolidate compiler generated dependencies of target rs-capture[0m
[1.523s] [ 48%] Built target rs-capture
[1.554s] [35m[1mConsolidate compiler generated dependencies of target rs-callback[0m
[1.588s] [ 49%] Built target rs-callback
[1.626s] [35m[1mConsolidate compiler generated dependencies of target rs-save-to-disk[0m
[1.658s] [ 49%] Built target rs-save-to-disk
[1.694s] [35m[1mConsolidate compiler generated dependencies of target rs-multicam[0m
[1.731s] [ 51%] Built target rs-multicam
[1.799s] [35m[1mConsolidate compiler generated dependencies of target rs-pointcloud[0m
[1.843s] [ 53%] Built target rs-pointcloud
[1.879s] [35m[1mConsolidate compiler generated dependencies of target rs-align[0m
[1.936s] [ 55%] Built target rs-align
[1.983s] [35m[1mConsolidate compiler generated dependencies of target rs-align-gl[0m
[2.038s] [ 57%] Built target rs-align-gl
[2.072s] [35m[1mConsolidate compiler generated dependencies of target rs-align-advanced[0m
[2.107s] [ 59%] Built target rs-align-advanced
[2.140s] [35m[1mConsolidate compiler generated dependencies of target rs-sensor-control[0m
[2.188s] [ 61%] Built target rs-sensor-control
[2.219s] [35m[1mConsolidate compiler generated dependencies of target rs-measure[0m
[2.262s] [ 63%] Built target rs-measure
[2.313s] [35m[1mConsolidate compiler generated dependencies of target rs-depth[0m
[2.341s] [ 63%] Built target rs-depth
[2.372s] [35m[1mConsolidate compiler generated dependencies of target rs-color[0m
[2.409s] [ 63%] Built target rs-color
[2.444s] [35m[1mConsolidate compiler generated dependencies of target rs-distance[0m
[2.482s] [ 64%] Built target rs-distance
[2.538s] [35m[1mConsolidate compiler generated dependencies of target rs-post-processing[0m
[2.590s] [ 66%] Built target rs-post-processing
[2.633s] [35m[1mConsolidate compiler generated dependencies of target rs-record-playback[0m
[2.692s] [ 67%] Built target rs-record-playback
[2.727s] [35m[1mConsolidate compiler generated dependencies of target rs-motion[0m
[2.765s] [ 69%] Built target rs-motion
[2.799s] [35m[1mConsolidate compiler generated dependencies of target rs-gl[0m
[2.838s] [ 71%] Built target rs-gl
[2.866s] [35m[1mConsolidate compiler generated dependencies of target rs-hdr[0m
[2.916s] [ 73%] Built target rs-hdr
[2.958s] [35m[1mConsolidate compiler generated dependencies of target rs-on-chip-calib[0m
[3.009s] [ 73%] Built target rs-on-chip-calib
[3.043s] [35m[1mConsolidate compiler generated dependencies of target rs-convert[0m
[3.090s] [ 74%] Built target rs-convert
[3.113s] [35m[1mConsolidate compiler generated dependencies of target rs-enumerate-devices[0m
[3.147s] [ 75%] Built target rs-enumerate-devices
[3.203s] [35m[1mConsolidate compiler generated dependencies of target rs-fw-logger[0m
[3.234s] [ 75%] Built target rs-fw-logger
[3.270s] [35m[1mConsolidate compiler generated dependencies of target rs-terminal[0m
[3.323s] [ 76%] Built target rs-terminal
[3.376s] [35m[1mConsolidate compiler generated dependencies of target rs-record[0m
[3.427s] [ 77%] Built target rs-record
[3.471s] [35m[1mConsolidate compiler generated dependencies of target rs-fw-update[0m
[3.513s] [ 78%] Built target rs-fw-update
[3.552s] [35m[1mConsolidate compiler generated dependencies of target rs-data-collect[0m
[3.613s] [ 79%] Built target rs-data-collect
[3.671s] [35m[1mConsolidate compiler generated dependencies of target realsense-viewer[0m
[3.821s] [ 88%] Built target realsense-viewer
[3.864s] [35m[1mConsolidate compiler generated dependencies of target rs-depth-quality[0m
[4.043s] [ 97%] Built target rs-depth-quality
[4.070s] [35m[1mConsolidate compiler generated dependencies of target rs-rosbag-inspector[0m
[4.127s] [100%] Built target rs-rosbag-inspector
[4.165s] [35m[1mConsolidate compiler generated dependencies of target rs-benchmark[0m
[4.222s] [100%] Built target rs-benchmark
[4.258s] Invoked command in '/home/matteo-melzer/gazebo_test/build/librealsense2' returned '0': CMAKE_PREFIX_PATH=${CMAKE_PREFIX_PATH}:/home/matteo-melzer/ros2_ws/install/py_srvcli:/home/matteo-melzer/ros2_ws/install/py_pubsub:/home/matteo-melzer/ws_moveit/install/moveit_configs_utils:/home/matteo-melzer/ws_moveit/install/launch_param_builder:/opt/ros/humble /usr/bin/cmake --build /home/matteo-melzer/gazebo_test/build/librealsense2 -- -j2 -l2
[4.292s] Invoking command in '/home/matteo-melzer/gazebo_test/build/librealsense2': CMAKE_PREFIX_PATH=${CMAKE_PREFIX_PATH}:/home/matteo-melzer/ros2_ws/install/py_srvcli:/home/matteo-melzer/ros2_ws/install/py_pubsub:/home/matteo-melzer/ws_moveit/install/moveit_configs_utils:/home/matteo-melzer/ws_moveit/install/launch_param_builder:/opt/ros/humble /usr/bin/cmake --install /home/matteo-melzer/gazebo_test/build/librealsense2
[4.313s] -- Install configuration: "Release"
[4.313s] -- Up-to-date: /home/matteo-melzer/gazebo_test/install/librealsense2/lib/librealsense2.so.2.56.5
[4.313s] -- Up-to-date: /home/matteo-melzer/gazebo_test/install/librealsense2/lib/librealsense2.so.2.56
[4.314s] -- Up-to-date: /home/matteo-melzer/gazebo_test/install/librealsense2/lib/librealsense2.so
[4.314s] -- Up-to-date: /home/matteo-melzer/gazebo_test/install/librealsense2/include/librealsense2
[4.314s] -- Up-to-date: /home/matteo-melzer/gazebo_test/install/librealsense2/include/librealsense2/rsutil.h
[4.314s] -- Up-to-date: /home/matteo-melzer/gazebo_test/install/librealsense2/include/librealsense2/hpp
[4.314s] -- Up-to-date: /home/matteo-melzer/gazebo_test/install/librealsense2/include/librealsense2/hpp/rs_export.hpp
[4.314s] -- Up-to-date: /home/matteo-melzer/gazebo_test/install/librealsense2/include/librealsense2/hpp/rs_serializable_device.hpp
[4.315s] -- Up-to-date: /home/matteo-melzer/gazebo_test/install/librealsense2/include/librealsense2/hpp/rs_sensor.hpp
[4.315s] -- Up-to-date: /home/matteo-melzer/gazebo_test/install/librealsense2/include/librealsense2/hpp/rs_device.hpp
[4.315s] -- Up-to-date: /home/matteo-melzer/gazebo_test/install/librealsense2/include/librealsense2/hpp/rs_internal.hpp
[4.315s] -- Up-to-date: /home/matteo-melzer/gazebo_test/install/librealsense2/include/librealsense2/hpp/rs_options.hpp
[4.316s] -- Up-to-date: /home/matteo-melzer/gazebo_test/install/librealsense2/include/librealsense2/hpp/rs_frame.hpp
[4.316s] -- Up-to-date: /home/matteo-melzer/gazebo_test/install/librealsense2/include/librealsense2/hpp/rs_pipeline.hpp
[4.316s] -- Up-to-date: /home/matteo-melzer/gazebo_test/install/librealsense2/include/librealsense2/hpp/rs_record_playback.hpp
[4.317s] -- Up-to-date: /home/matteo-melzer/gazebo_test/install/librealsense2/include/librealsense2/hpp/rs_types.hpp
[4.317s] -- Up-to-date: /home/matteo-melzer/gazebo_test/install/librealsense2/include/librealsense2/hpp/rs_context.hpp
[4.317s] -- Up-to-date: /home/matteo-melzer/gazebo_test/install/librealsense2/include/librealsense2/hpp/rs_processing.hpp
[4.317s] -- Up-to-date: /home/matteo-melzer/gazebo_test/install/librealsense2/include/librealsense2/rs.h
[4.317s] -- Up-to-date: /home/matteo-melzer/gazebo_test/install/librealsense2/include/librealsense2/rs.hpp
[4.317s] -- Up-to-date: /home/matteo-melzer/gazebo_test/install/librealsense2/include/librealsense2/h
[4.317s] -- Up-to-date: /home/matteo-melzer/gazebo_test/install/librealsense2/include/librealsense2/h/rs_processing.h
[4.318s] -- Up-to-date: /home/matteo-melzer/gazebo_test/install/librealsense2/include/librealsense2/h/rs_context.h
[4.318s] -- Up-to-date: /home/matteo-melzer/gazebo_test/install/librealsense2/include/librealsense2/h/rs_sensor.h
[4.318s] -- Up-to-date: /home/matteo-melzer/gazebo_test/install/librealsense2/include/librealsense2/h/rs_frame.h
[4.318s] -- Up-to-date: /home/matteo-melzer/gazebo_test/install/librealsense2/include/librealsense2/h/rs_internal.h
[4.318s] -- Up-to-date: /home/matteo-melzer/gazebo_test/install/librealsense2/include/librealsense2/h/rs_option.h
[4.318s] -- Up-to-date: /home/matteo-melzer/gazebo_test/install/librealsense2/include/librealsense2/h/rs_config.h
[4.318s] -- Up-to-date: /home/matteo-melzer/gazebo_test/install/librealsense2/include/librealsense2/h/rs_advanced_mode_command.h
[4.318s] -- Up-to-date: /home/matteo-melzer/gazebo_test/install/librealsense2/include/librealsense2/h/rs_device.h
[4.318s] -- Up-to-date: /home/matteo-melzer/gazebo_test/install/librealsense2/include/librealsense2/h/rs_record_playback.h
[4.318s] -- Up-to-date: /home/matteo-melzer/gazebo_test/install/librealsense2/include/librealsense2/h/rs_types.h
[4.318s] -- Up-to-date: /home/matteo-melzer/gazebo_test/install/librealsense2/include/librealsense2/h/rs_pipeline.h
[4.318s] -- Up-to-date: /home/matteo-melzer/gazebo_test/install/librealsense2/include/librealsense2/rs_advanced_mode.hpp
[4.318s] -- Up-to-date: /home/matteo-melzer/gazebo_test/install/librealsense2/include/librealsense2/rs_advanced_mode.h
[4.318s] -- Up-to-date: /home/matteo-melzer/gazebo_test/install/librealsense2/lib/cmake/realsense2/realsense2Targets.cmake
[4.319s] -- Up-to-date: /home/matteo-melzer/gazebo_test/install/librealsense2/lib/cmake/realsense2/realsense2Targets-release.cmake
[4.320s] -- Up-to-date: /home/matteo-melzer/gazebo_test/install/librealsense2/lib/cmake/realsense2/realsense2Config.cmake
[4.320s] -- Up-to-date: /home/matteo-melzer/gazebo_test/install/librealsense2/lib/cmake/realsense2/realsense2ConfigVersion.cmake
[4.320s] -- Up-to-date: /home/matteo-melzer/gazebo_test/install/librealsense2/lib/pkgconfig/realsense2.pc
[4.480s] /sbin/ldconfig.real: Can't create temporary cache file /etc/ld.so.cache~: Permission denied
[4.480s] -- Up-to-date: /home/matteo-melzer/gazebo_test/install/librealsense2/lib/librsutils.a
[4.480s] -- Up-to-date: /home/matteo-melzer/gazebo_test/install/librealsense2/lib/librealsense-file.a
[4.480s] -- Up-to-date: /home/matteo-melzer/gazebo_test/install/librealsense2/lib/librealsense2-gl.so.2.56.5
[4.480s] -- Up-to-date: /home/matteo-melzer/gazebo_test/install/librealsense2/lib/librealsense2-gl.so.2.56
[4.480s] -- Up-to-date: /home/matteo-melzer/gazebo_test/install/librealsense2/lib/librealsense2-gl.so
[4.480s] -- Up-to-date: /home/matteo-melzer/gazebo_test/install/librealsense2/include/librealsense2-gl/rs_processing_gl.h
[4.481s] -- Up-to-date: /home/matteo-melzer/gazebo_test/install/librealsense2/include/librealsense2-gl/rs_processing_gl.hpp
[4.481s] -- Up-to-date: /home/matteo-melzer/gazebo_test/install/librealsense2/lib/cmake/realsense2-gl/realsense2-glTargets.cmake
[4.481s] -- Up-to-date: /home/matteo-melzer/gazebo_test/install/librealsense2/lib/cmake/realsense2-gl/realsense2-glTargets-release.cmake
[4.481s] -- Up-to-date: /home/matteo-melzer/gazebo_test/install/librealsense2/lib/cmake/realsense2-gl/realsense2-glConfig.cmake
[4.481s] -- Up-to-date: /home/matteo-melzer/gazebo_test/install/librealsense2/lib/cmake/realsense2-gl/realsense2-glConfigVersion.cmake
[4.484s] -- Up-to-date: /home/matteo-melzer/gazebo_test/install/librealsense2/lib/pkgconfig/realsense2-gl.pc
[4.627s] /sbin/ldconfig.real: Can't create temporary cache file /etc/ld.so.cache~: Permission denied
[4.627s] -- Up-to-date: /home/matteo-melzer/gazebo_test/install/librealsense2/bin/rs-hello-realsense
[4.633s] -- Up-to-date: /home/matteo-melzer/gazebo_test/install/librealsense2/bin/rs-software-device
[4.633s] -- Up-to-date: /home/matteo-melzer/gazebo_test/install/librealsense2/bin/rs-capture
[4.639s] -- Up-to-date: /home/matteo-melzer/gazebo_test/install/librealsense2/bin/rs-callback
[4.639s] -- Up-to-date: /home/matteo-melzer/gazebo_test/install/librealsense2/bin/rs-save-to-disk
[4.639s] -- Up-to-date: /home/matteo-melzer/gazebo_test/install/librealsense2/bin/rs-multicam
[4.640s] -- Up-to-date: /home/matteo-melzer/gazebo_test/install/librealsense2/bin/rs-pointcloud
[4.640s] -- Up-to-date: /home/matteo-melzer/gazebo_test/install/librealsense2/bin/rs-align
[4.640s] -- Up-to-date: /home/matteo-melzer/gazebo_test/install/librealsense2/bin/rs-align-gl
[4.641s] -- Up-to-date: /home/matteo-melzer/gazebo_test/install/librealsense2/bin/rs-align-advanced
[4.641s] -- Up-to-date: /home/matteo-melzer/gazebo_test/install/librealsense2/bin/rs-sensor-control
[4.643s] -- Up-to-date: /home/matteo-melzer/gazebo_test/install/librealsense2/bin/rs-measure
[4.644s] -- Up-to-date: /home/matteo-melzer/gazebo_test/install/librealsense2/bin/rs-depth
[4.646s] -- Up-to-date: /home/matteo-melzer/gazebo_test/install/librealsense2/bin/rs-color
[4.647s] -- Up-to-date: /home/matteo-melzer/gazebo_test/install/librealsense2/bin/rs-distance
[4.648s] -- Up-to-date: /home/matteo-melzer/gazebo_test/install/librealsense2/bin/rs-post-processing
[4.648s] -- Up-to-date: /home/matteo-melzer/gazebo_test/install/librealsense2/bin/rs-record-playback
[4.650s] -- Up-to-date: /home/matteo-melzer/gazebo_test/install/librealsense2/bin/rs-motion
[4.650s] -- Up-to-date: /home/matteo-melzer/gazebo_test/install/librealsense2/bin/rs-gl
[4.651s] -- Up-to-date: /home/matteo-melzer/gazebo_test/install/librealsense2/bin/rs-hdr
[4.651s] -- Up-to-date: /home/matteo-melzer/gazebo_test/install/librealsense2/bin/rs-on-chip-calib
[4.652s] -- Up-to-date: /home/matteo-melzer/gazebo_test/install/librealsense2/bin/rs-convert
[4.655s] -- Up-to-date: /home/matteo-melzer/gazebo_test/install/librealsense2/bin/rs-enumerate-devices
[4.656s] -- Up-to-date: /home/matteo-melzer/gazebo_test/install/librealsense2/bin/rs-fw-logger
[4.657s] -- Up-to-date: /home/matteo-melzer/gazebo_test/install/librealsense2/bin/rs-terminal
[4.658s] -- Up-to-date: /home/matteo-melzer/gazebo_test/install/librealsense2/bin/rs-record
[4.660s] -- Up-to-date: /home/matteo-melzer/gazebo_test/install/librealsense2/bin/rs-fw-update
[4.660s] -- Up-to-date: /home/matteo-melzer/gazebo_test/install/librealsense2/bin/rs-embed
[4.662s] -- Up-to-date: /home/matteo-melzer/gazebo_test/install/librealsense2/bin/rs-data-collect
[4.662s] -- Up-to-date: /home/matteo-melzer/gazebo_test/install/librealsense2/bin/realsense-viewer
[4.668s] -- Up-to-date: /home/matteo-melzer/Documents/librealsense2/presets
[4.668s] -- Up-to-date: /home/matteo-melzer/Documents/librealsense2/presets/sample.preset
[4.668s] -- Up-to-date: /home/matteo-melzer/gazebo_test/install/librealsense2/bin/rs-depth-quality
[4.669s] -- Up-to-date: /home/matteo-melzer/gazebo_test/install/librealsense2/bin/rs-rosbag-inspector
[4.670s] -- Up-to-date: /home/matteo-melzer/gazebo_test/install/librealsense2/bin/rs-benchmark
[4.670s] -- Up-to-date: /home/matteo-melzer/gazebo_test/install/librealsense2/lib/libfw.a
[4.678s] Invoked command in '/home/matteo-melzer/gazebo_test/build/librealsense2' returned '0': CMAKE_PREFIX_PATH=${CMAKE_PREFIX_PATH}:/home/matteo-melzer/ros2_ws/install/py_srvcli:/home/matteo-melzer/ros2_ws/install/py_pubsub:/home/matteo-melzer/ws_moveit/install/moveit_configs_utils:/home/matteo-melzer/ws_moveit/install/launch_param_builder:/opt/ros/humble /usr/bin/cmake --install /home/matteo-melzer/gazebo_test/build/librealsense2
