[0.644s] Invoking command in '/home/matteo-melzer/gazebo_test/build/onrobot_rg_control': PYTHONPATH=/home/matteo-melzer/gazebo_test/build/onrobot_rg_control/prefix_override:/usr/lib/python3/dist-packages/colcon_core/task/python/colcon_distutils_commands:/home/matteo-melzer/gazebo_test/install/onrobot_rg_control/lib/python3.10/site-packages:${PYTHONPATH} /usr/bin/python3 -W ignore:setup.py install is deprecated -W ignore:easy_install command is deprecated setup.py develop --editable --build-directory /home/matteo-melzer/gazebo_test/build/onrobot_rg_control/build --no-deps symlink_data
[0.915s] running develop
[1.088s] running egg_info
[1.089s] creating onrobot_rg_control.egg-info
[1.089s] writing onrobot_rg_control.egg-info/PKG-INFO
[1.089s] writing dependency_links to onrobot_rg_control.egg-info/dependency_links.txt
[1.090s] writing entry points to onrobot_rg_control.egg-info/entry_points.txt
[1.090s] writing requirements to onrobot_rg_control.egg-info/requires.txt
[1.091s] writing top-level names to onrobot_rg_control.egg-info/top_level.txt
[1.091s] writing manifest file 'onrobot_rg_control.egg-info/SOURCES.txt'
[1.097s] reading manifest file 'onrobot_rg_control.egg-info/SOURCES.txt'
[1.097s] writing manifest file 'onrobot_rg_control.egg-info/SOURCES.txt'
[1.097s] running build_ext
[1.097s] Creating /home/matteo-melzer/gazebo_test/install/onrobot_rg_control/lib/python3.10/site-packages/onrobot-rg-control.egg-link (link to .)
[1.099s] Installing OnRobotRGController script to /home/matteo-melzer/gazebo_test/install/onrobot_rg_control/lib/onrobot_rg_control
[1.099s] Installing OnRobotRGControllerServer script to /home/matteo-melzer/gazebo_test/install/onrobot_rg_control/lib/onrobot_rg_control
[1.099s] 
[1.099s] Installed /home/matteo-melzer/gazebo_test/build/onrobot_rg_control
[1.100s] running symlink_data
[1.100s] creating /home/matteo-melzer/gazebo_test/install/onrobot_rg_control/share/ament_index
[1.100s] creating /home/matteo-melzer/gazebo_test/install/onrobot_rg_control/share/ament_index/resource_index
[1.100s] creating /home/matteo-melzer/gazebo_test/install/onrobot_rg_control/share/ament_index/resource_index/packages
[1.101s] symbolically linking /home/matteo-melzer/gazebo_test/build/onrobot_rg_control/resource/onrobot_rg_control -> /home/matteo-melzer/gazebo_test/install/onrobot_rg_control/share/ament_index/resource_index/packages
[1.101s] symbolically linking /home/matteo-melzer/gazebo_test/build/onrobot_rg_control/package.xml -> /home/matteo-melzer/gazebo_test/install/onrobot_rg_control/share/onrobot_rg_control
[1.101s] creating /home/matteo-melzer/gazebo_test/install/onrobot_rg_control/share/onrobot_rg_control/launch
[1.101s] symbolically linking /home/matteo-melzer/gazebo_test/build/onrobot_rg_control/launch/bringup.launch.py -> /home/matteo-melzer/gazebo_test/install/onrobot_rg_control/share/onrobot_rg_control/launch
[1.133s] Invoked command in '/home/matteo-melzer/gazebo_test/build/onrobot_rg_control' returned '0': PYTHONPATH=/home/matteo-melzer/gazebo_test/build/onrobot_rg_control/prefix_override:/usr/lib/python3/dist-packages/colcon_core/task/python/colcon_distutils_commands:/home/matteo-melzer/gazebo_test/install/onrobot_rg_control/lib/python3.10/site-packages:${PYTHONPATH} /usr/bin/python3 -W ignore:setup.py install is deprecated -W ignore:easy_install command is deprecated setup.py develop --editable --build-directory /home/matteo-melzer/gazebo_test/build/onrobot_rg_control/build --no-deps symlink_data
