[0.000000] (-) TimerEvent: {}
[0.000140] (-) JobUnselected: {'identifier': 'librealsense2'}
[0.000165] (-) JobUnselected: {'identifier': 'net_ft_description'}
[0.000182] (-) JobUnselected: {'identifier': 'net_ft_diagnostic_broadcaster'}
[0.000195] (-) JobUnselected: {'identifier': 'net_ft_driver'}
[0.000207] (-) JobUnselected: {'identifier': 'onrobot_control'}
[0.000221] (-) JobUnselected: {'identifier': 'onrobot_description'}
[0.000234] (-) JobUnselected: {'identifier': 'onrobot_driver'}
[0.000245] (-) JobUnselected: {'identifier': 'onrobot_rg_control'}
[0.000256] (-) JobUnselected: {'identifier': 'onrobot_rg_description'}
[0.000267] (-) JobUnselected: {'identifier': 'onrobot_rg_modbus_tcp'}
[0.000285] (-) JobUnselected: {'identifier': 'onrobot_rg_msgs'}
[0.000304] (-) JobUnselected: {'identifier': 'realsense2_camera'}
[0.000356] (-) JobUnselected: {'identifier': 'realsense2_camera_msgs'}
[0.000376] (-) JobUnselected: {'identifier': 'realsense2_description'}
[0.000391] (-) JobUnselected: {'identifier': 'ur10e_flex_moveit_config'}
[0.000425] (-) JobUnselected: {'identifier': 'ur10e_ft_rg2_moveit_config'}
[0.000445] (-) JobUnselected: {'identifier': 'ur10e_gazebo_sim'}
[0.000460] (-) JobUnselected: {'identifier': 'ur_description'}
[0.000474] (-) JobUnselected: {'identifier': 'ur_simulation_gazebo'}
[0.000489] (-) EventReactorShutdown: {}
