[1.742s] Invoking command in '/home/matteo-melzer/gazebo_test/src/onrobot_ros/onrobot_driver': PYTHONPATH=/home/matteo-melzer/gazebo_test/build/onrobot_driver/prefix_override:/usr/lib/python3/dist-packages/colcon_core/task/python/colcon_distutils_commands:/home/matteo-melzer/gazebo_test/install/onrobot_driver/lib/python3.10/site-packages:${PYTHONPATH} /usr/bin/python3 -W ignore:setup.py install is deprecated -W ignore:easy_install command is deprecated setup.py egg_info --egg-base ../../../build/onrobot_driver build --build-base /home/matteo-melzer/gazebo_test/build/onrobot_driver/build install --record /home/matteo-melzer/gazebo_test/build/onrobot_driver/install.log --single-version-externally-managed install_data
[2.531s] running egg_info
[2.538s] writing ../../../build/onrobot_driver/onrobot_driver.egg-info/PKG-INFO
[2.538s] writing dependency_links to ../../../build/onrobot_driver/onrobot_driver.egg-info/dependency_links.txt
[2.538s] writing entry points to ../../../build/onrobot_driver/onrobot_driver.egg-info/entry_points.txt
[2.539s] writing requirements to ../../../build/onrobot_driver/onrobot_driver.egg-info/requires.txt
[2.540s] writing top-level names to ../../../build/onrobot_driver/onrobot_driver.egg-info/top_level.txt
[2.544s] reading manifest file '../../../build/onrobot_driver/onrobot_driver.egg-info/SOURCES.txt'
[2.548s] writing manifest file '../../../build/onrobot_driver/onrobot_driver.egg-info/SOURCES.txt'
[2.548s] running build
[2.548s] running build_py
[2.548s] running install
[2.552s] running install_lib
[2.556s] running install_data
[2.559s] running install_egg_info
[2.561s] removing '/home/matteo-melzer/gazebo_test/install/onrobot_driver/lib/python3.10/site-packages/onrobot_driver-0.0.0-py3.10.egg-info' (and everything under it)
[2.567s] Copying ../../../build/onrobot_driver/onrobot_driver.egg-info to /home/matteo-melzer/gazebo_test/install/onrobot_driver/lib/python3.10/site-packages/onrobot_driver-0.0.0-py3.10.egg-info
[2.567s] running install_scripts
[2.643s] Installing gripper_action_adapter script to /home/matteo-melzer/gazebo_test/install/onrobot_driver/lib/onrobot_driver
[2.643s] Installing test script to /home/matteo-melzer/gazebo_test/install/onrobot_driver/lib/onrobot_driver
[2.643s] writing list of installed files to '/home/matteo-melzer/gazebo_test/build/onrobot_driver/install.log'
[2.748s] Invoked command in '/home/matteo-melzer/gazebo_test/src/onrobot_ros/onrobot_driver' returned '0': PYTHONPATH=/home/matteo-melzer/gazebo_test/build/onrobot_driver/prefix_override:/usr/lib/python3/dist-packages/colcon_core/task/python/colcon_distutils_commands:/home/matteo-melzer/gazebo_test/install/onrobot_driver/lib/python3.10/site-packages:${PYTHONPATH} /usr/bin/python3 -W ignore:setup.py install is deprecated -W ignore:easy_install command is deprecated setup.py egg_info --egg-base ../../../build/onrobot_driver build --build-base /home/matteo-melzer/gazebo_test/build/onrobot_driver/build install --record /home/matteo-melzer/gazebo_test/build/onrobot_driver/install.log --single-version-externally-managed install_data
