[0.034s] Invoking command in '/home/matteo-melzer/gazebo_test/build/net_ft_description': CMAKE_PREFIX_PATH=${CMAKE_PREFIX_PATH}:/home/matteo-melzer/ros2_ws/install/py_srvcli:/home/matteo-melzer/ros2_ws/install/py_pubsub:/home/matteo-melzer/ws_moveit/install/moveit_configs_utils:/home/matteo-melzer/ws_moveit/install/launch_param_builder:/opt/ros/humble /usr/bin/cmake /home/matteo-melzer/gazebo_test/src/ros2_net_ft_driver/net_ft_description -DCMAKE_INSTALL_PREFIX=/home/matteo-melzer/gazebo_test/install/net_ft_description
[0.155s] -- The C compiler identification is GNU 11.4.0
[0.294s] -- The CXX compiler identification is GNU 11.4.0
[0.311s] -- Detecting C compiler ABI info
[0.464s] -- Detecting C compiler ABI info - done
[0.466s] -- Check for working C compiler: /usr/bin/cc - skipped
[0.467s] -- Detecting C compile features
[0.467s] -- Detecting C compile features - done
[0.470s] -- Detecting CXX compiler ABI info
[0.731s] -- Detecting CXX compiler ABI info - done
[0.753s] -- Check for working CXX compiler: /usr/bin/c++ - skipped
[0.753s] -- Detecting CXX compile features
[0.753s] -- Detecting CXX compile features - done
[0.773s] -- Found ament_cmake: 1.3.11 (/opt/ros/humble/share/ament_cmake/cmake)
[1.094s] -- Found Python3: /usr/bin/python3 (found version "3.10.12") found components: Interpreter 
[1.569s] -- Configuring done
[1.577s] -- Generating done
[1.586s] -- Build files have been written to: /home/matteo-melzer/gazebo_test/build/net_ft_description
[1.588s] Invoked command in '/home/matteo-melzer/gazebo_test/build/net_ft_description' returned '0': CMAKE_PREFIX_PATH=${CMAKE_PREFIX_PATH}:/home/matteo-melzer/ros2_ws/install/py_srvcli:/home/matteo-melzer/ros2_ws/install/py_pubsub:/home/matteo-melzer/ws_moveit/install/moveit_configs_utils:/home/matteo-melzer/ws_moveit/install/launch_param_builder:/opt/ros/humble /usr/bin/cmake /home/matteo-melzer/gazebo_test/src/ros2_net_ft_driver/net_ft_description -DCMAKE_INSTALL_PREFIX=/home/matteo-melzer/gazebo_test/install/net_ft_description
[1.591s] Invoking command in '/home/matteo-melzer/gazebo_test/build/net_ft_description': CMAKE_PREFIX_PATH=${CMAKE_PREFIX_PATH}:/home/matteo-melzer/ros2_ws/install/py_srvcli:/home/matteo-melzer/ros2_ws/install/py_pubsub:/home/matteo-melzer/ws_moveit/install/moveit_configs_utils:/home/matteo-melzer/ws_moveit/install/launch_param_builder:/opt/ros/humble /usr/bin/cmake --build /home/matteo-melzer/gazebo_test/build/net_ft_description -- -j2 -l2
[1.686s] Invoked command in '/home/matteo-melzer/gazebo_test/build/net_ft_description' returned '0': CMAKE_PREFIX_PATH=${CMAKE_PREFIX_PATH}:/home/matteo-melzer/ros2_ws/install/py_srvcli:/home/matteo-melzer/ros2_ws/install/py_pubsub:/home/matteo-melzer/ws_moveit/install/moveit_configs_utils:/home/matteo-melzer/ws_moveit/install/launch_param_builder:/opt/ros/humble /usr/bin/cmake --build /home/matteo-melzer/gazebo_test/build/net_ft_description -- -j2 -l2
[1.690s] Invoking command in '/home/matteo-melzer/gazebo_test/build/net_ft_description': CMAKE_PREFIX_PATH=${CMAKE_PREFIX_PATH}:/home/matteo-melzer/ros2_ws/install/py_srvcli:/home/matteo-melzer/ros2_ws/install/py_pubsub:/home/matteo-melzer/ws_moveit/install/moveit_configs_utils:/home/matteo-melzer/ws_moveit/install/launch_param_builder:/opt/ros/humble /usr/bin/cmake --install /home/matteo-melzer/gazebo_test/build/net_ft_description
[1.708s] -- Install configuration: ""
[1.708s] -- Installing: /home/matteo-melzer/gazebo_test/install/net_ft_description/share/net_ft_description/urdf
[1.708s] -- Installing: /home/matteo-melzer/gazebo_test/install/net_ft_description/share/net_ft_description/urdf/net_ft_sensor_macro.urdf.xacro
[1.714s] -- Installing: /home/matteo-melzer/gazebo_test/install/net_ft_description/share/net_ft_description/urdf/net_ft_sensor.ros2_control.xacro
[1.715s] -- Installing: /home/matteo-melzer/gazebo_test/install/net_ft_description/share/net_ft_description/urdf/net_ft_sensor.urdf.xacro
[1.715s] -- Installing: /home/matteo-melzer/gazebo_test/install/net_ft_description/share/net_ft_description/meshes
[1.715s] -- Installing: /home/matteo-melzer/gazebo_test/install/net_ft_description/share/net_ft_description/meshes/collision
[1.715s] -- Installing: /home/matteo-melzer/gazebo_test/install/net_ft_description/share/net_ft_description/meshes/collision/onrobot_hexe_v2_ft_sensor.stl
[1.720s] -- Installing: /home/matteo-melzer/gazebo_test/install/net_ft_description/share/net_ft_description/meshes/collision/ati_gamma_ip65_ft_sensor.stl
[1.725s] -- Installing: /home/matteo-melzer/gazebo_test/install/net_ft_description/share/net_ft_description/meshes/collision/ati_axia80_ft_sensor.stl
[1.726s] -- Installing: /home/matteo-melzer/gazebo_test/install/net_ft_description/share/net_ft_description/meshes/visual
[1.728s] -- Installing: /home/matteo-melzer/gazebo_test/install/net_ft_description/share/net_ft_description/meshes/visual/onrobot_hexe_v2_ft_sensor.dae
[1.758s] -- Installing: /home/matteo-melzer/gazebo_test/install/net_ft_description/share/net_ft_description/meshes/visual/ati_gamma_ip65_ft_sensor.dae
[1.780s] -- Installing: /home/matteo-melzer/gazebo_test/install/net_ft_description/share/net_ft_description/meshes/visual/ati_axia80_ft_sensor.dae
[1.782s] -- Installing: /home/matteo-melzer/gazebo_test/install/net_ft_description/share/ament_index/resource_index/package_run_dependencies/net_ft_description
[1.784s] -- Installing: /home/matteo-melzer/gazebo_test/install/net_ft_description/share/ament_index/resource_index/parent_prefix_path/net_ft_description
[1.785s] -- Installing: /home/matteo-melzer/gazebo_test/install/net_ft_description/share/net_ft_description/environment/ament_prefix_path.sh
[1.785s] -- Installing: /home/matteo-melzer/gazebo_test/install/net_ft_description/share/net_ft_description/environment/ament_prefix_path.dsv
[1.785s] -- Installing: /home/matteo-melzer/gazebo_test/install/net_ft_description/share/net_ft_description/environment/path.sh
[1.785s] -- Installing: /home/matteo-melzer/gazebo_test/install/net_ft_description/share/net_ft_description/environment/path.dsv
[1.785s] -- Installing: /home/matteo-melzer/gazebo_test/install/net_ft_description/share/net_ft_description/local_setup.bash
[1.785s] -- Installing: /home/matteo-melzer/gazebo_test/install/net_ft_description/share/net_ft_description/local_setup.sh
[1.785s] -- Installing: /home/matteo-melzer/gazebo_test/install/net_ft_description/share/net_ft_description/local_setup.zsh
[1.785s] -- Installing: /home/matteo-melzer/gazebo_test/install/net_ft_description/share/net_ft_description/local_setup.dsv
[1.785s] -- Installing: /home/matteo-melzer/gazebo_test/install/net_ft_description/share/net_ft_description/package.dsv
[1.785s] -- Installing: /home/matteo-melzer/gazebo_test/install/net_ft_description/share/ament_index/resource_index/packages/net_ft_description
[1.785s] -- Installing: /home/matteo-melzer/gazebo_test/install/net_ft_description/share/net_ft_description/cmake/net_ft_descriptionConfig.cmake
[1.785s] -- Installing: /home/matteo-melzer/gazebo_test/install/net_ft_description/share/net_ft_description/cmake/net_ft_descriptionConfig-version.cmake
[1.789s] -- Installing: /home/matteo-melzer/gazebo_test/install/net_ft_description/share/net_ft_description/package.xml
[1.790s] Invoked command in '/home/matteo-melzer/gazebo_test/build/net_ft_description' returned '0': CMAKE_PREFIX_PATH=${CMAKE_PREFIX_PATH}:/home/matteo-melzer/ros2_ws/install/py_srvcli:/home/matteo-melzer/ros2_ws/install/py_pubsub:/home/matteo-melzer/ws_moveit/install/moveit_configs_utils:/home/matteo-melzer/ws_moveit/install/launch_param_builder:/opt/ros/humble /usr/bin/cmake --install /home/matteo-melzer/gazebo_test/build/net_ft_description
