[0.023s] Invoking command in '/home/matteo-melzer/gazebo_test/build/onrobot_rg_msgs': CMAKE_PREFIX_PATH=${CMAKE_PREFIX_PATH}:/home/matteo-melzer/gazebo_test/install/onrobot_rg_modbus_tcp:/home/matteo-melzer/gazebo_test/install/onrobot_rg_control:/home/matteo-melzer/gazebo_test/install/onrobot_driver:/home/matteo-melzer/ros2_ws/install/py_srvcli:/home/matteo-melzer/ros2_ws/install/py_pubsub:/home/matteo-melzer/ws_moveit/install/moveit_configs_utils:/home/matteo-melzer/ws_moveit/install/launch_param_builder:/opt/ros/humble /usr/bin/cmake --build /home/matteo-melzer/gazebo_test/build/onrobot_rg_msgs -- -j2 -l2
[0.127s] [  1%] Built target onrobot_rg_msgs__cpp
[0.146s] [ 12%] Built target onrobot_rg_msgs__rosidl_generator_c
[0.205s] [ 12%] Built target ament_cmake_python_symlink_onrobot_rg_msgs
[0.212s] [ 23%] Built target onrobot_rg_msgs__rosidl_typesupport_cpp
[0.251s] [ 34%] Built target onrobot_rg_msgs__rosidl_typesupport_fastrtps_c
[0.292s] [ 45%] Built target onrobot_rg_msgs__rosidl_typesupport_fastrtps_cpp
[0.299s] [ 56%] Built target onrobot_rg_msgs__rosidl_typesupport_introspection_c
[0.347s] [ 67%] Built target onrobot_rg_msgs__rosidl_typesupport_introspection_cpp
[0.369s] [ 78%] Built target onrobot_rg_msgs__rosidl_typesupport_c
[0.438s] [ 78%] Built target onrobot_rg_msgs
[0.515s] [ 80%] Built target onrobot_rg_msgs__py
[0.606s] [ 89%] Built target onrobot_rg_msgs__rosidl_generator_py
[0.689s] [ 92%] Built target onrobot_rg_msgs__rosidl_typesupport_fastrtps_c__pyext
[0.701s] running egg_info
[0.702s] writing onrobot_rg_msgs.egg-info/PKG-INFO
[0.703s] writing dependency_links to onrobot_rg_msgs.egg-info/dependency_links.txt
[0.703s] writing top-level names to onrobot_rg_msgs.egg-info/top_level.txt
[0.708s] reading manifest file 'onrobot_rg_msgs.egg-info/SOURCES.txt'
[0.709s] writing manifest file 'onrobot_rg_msgs.egg-info/SOURCES.txt'
[0.757s] [ 92%] Built target ament_cmake_python_build_onrobot_rg_msgs_egg
[0.783s] [ 96%] Built target onrobot_rg_msgs__rosidl_typesupport_introspection_c__pyext
[0.800s] [100%] Built target onrobot_rg_msgs__rosidl_typesupport_c__pyext
[0.830s] Invoked command in '/home/matteo-melzer/gazebo_test/build/onrobot_rg_msgs' returned '0': CMAKE_PREFIX_PATH=${CMAKE_PREFIX_PATH}:/home/matteo-melzer/gazebo_test/install/onrobot_rg_modbus_tcp:/home/matteo-melzer/gazebo_test/install/onrobot_rg_control:/home/matteo-melzer/gazebo_test/install/onrobot_driver:/home/matteo-melzer/ros2_ws/install/py_srvcli:/home/matteo-melzer/ros2_ws/install/py_pubsub:/home/matteo-melzer/ws_moveit/install/moveit_configs_utils:/home/matteo-melzer/ws_moveit/install/launch_param_builder:/opt/ros/humble /usr/bin/cmake --build /home/matteo-melzer/gazebo_test/build/onrobot_rg_msgs -- -j2 -l2
[0.833s] Invoking command in '/home/matteo-melzer/gazebo_test/build/onrobot_rg_msgs': CMAKE_PREFIX_PATH=${CMAKE_PREFIX_PATH}:/home/matteo-melzer/gazebo_test/install/onrobot_rg_modbus_tcp:/home/matteo-melzer/gazebo_test/install/onrobot_rg_control:/home/matteo-melzer/gazebo_test/install/onrobot_driver:/home/matteo-melzer/ros2_ws/install/py_srvcli:/home/matteo-melzer/ros2_ws/install/py_pubsub:/home/matteo-melzer/ws_moveit/install/moveit_configs_utils:/home/matteo-melzer/ws_moveit/install/launch_param_builder:/opt/ros/humble /usr/bin/cmake --install /home/matteo-melzer/gazebo_test/build/onrobot_rg_msgs
[0.843s] -- Install configuration: ""
[0.844s] -- Execute custom install script
[0.845s] -- Up-to-date symlink: /home/matteo-melzer/gazebo_test/install/onrobot_rg_msgs/share/ament_index/resource_index/rosidl_interfaces/onrobot_rg_msgs
[0.846s] -- Up-to-date symlink: /home/matteo-melzer/gazebo_test/install/onrobot_rg_msgs/include/onrobot_rg_msgs/onrobot_rg_msgs/msg/detail/on_robot_rg_input__functions.h
[0.847s] -- Up-to-date symlink: /home/matteo-melzer/gazebo_test/install/onrobot_rg_msgs/include/onrobot_rg_msgs/onrobot_rg_msgs/msg/detail/on_robot_rg_input__struct.h
[0.847s] -- Up-to-date symlink: /home/matteo-melzer/gazebo_test/install/onrobot_rg_msgs/include/onrobot_rg_msgs/onrobot_rg_msgs/msg/detail/on_robot_rg_input__type_support.h
[0.847s] -- Up-to-date symlink: /home/matteo-melzer/gazebo_test/install/onrobot_rg_msgs/include/onrobot_rg_msgs/onrobot_rg_msgs/msg/detail/on_robot_rg_output__functions.h
[0.848s] -- Up-to-date symlink: /home/matteo-melzer/gazebo_test/install/onrobot_rg_msgs/include/onrobot_rg_msgs/onrobot_rg_msgs/msg/detail/on_robot_rg_output__struct.h
[0.848s] -- Up-to-date symlink: /home/matteo-melzer/gazebo_test/install/onrobot_rg_msgs/include/onrobot_rg_msgs/onrobot_rg_msgs/msg/detail/on_robot_rg_output__type_support.h
[0.849s] -- Up-to-date symlink: /home/matteo-melzer/gazebo_test/install/onrobot_rg_msgs/include/onrobot_rg_msgs/onrobot_rg_msgs/msg/on_robot_rg_input.h
[0.850s] -- Up-to-date symlink: /home/matteo-melzer/gazebo_test/install/onrobot_rg_msgs/include/onrobot_rg_msgs/onrobot_rg_msgs/msg/on_robot_rg_output.h
[0.850s] -- Up-to-date symlink: /home/matteo-melzer/gazebo_test/install/onrobot_rg_msgs/include/onrobot_rg_msgs/onrobot_rg_msgs/msg/rosidl_generator_c__visibility_control.h
[0.850s] -- Up-to-date symlink: /home/matteo-melzer/gazebo_test/install/onrobot_rg_msgs/include/onrobot_rg_msgs/onrobot_rg_msgs/srv/detail/gripper_pose__functions.h
[0.852s] -- Up-to-date symlink: /home/matteo-melzer/gazebo_test/install/onrobot_rg_msgs/include/onrobot_rg_msgs/onrobot_rg_msgs/srv/detail/gripper_pose__struct.h
[0.852s] -- Up-to-date symlink: /home/matteo-melzer/gazebo_test/install/onrobot_rg_msgs/include/onrobot_rg_msgs/onrobot_rg_msgs/srv/detail/gripper_pose__type_support.h
[0.852s] -- Up-to-date symlink: /home/matteo-melzer/gazebo_test/install/onrobot_rg_msgs/include/onrobot_rg_msgs/onrobot_rg_msgs/srv/detail/set_command__functions.h
[0.853s] -- Up-to-date symlink: /home/matteo-melzer/gazebo_test/install/onrobot_rg_msgs/include/onrobot_rg_msgs/onrobot_rg_msgs/srv/detail/set_command__struct.h
[0.854s] -- Up-to-date symlink: /home/matteo-melzer/gazebo_test/install/onrobot_rg_msgs/include/onrobot_rg_msgs/onrobot_rg_msgs/srv/detail/set_command__type_support.h
[0.854s] -- Up-to-date symlink: /home/matteo-melzer/gazebo_test/install/onrobot_rg_msgs/include/onrobot_rg_msgs/onrobot_rg_msgs/srv/gripper_pose.h
[0.855s] -- Up-to-date symlink: /home/matteo-melzer/gazebo_test/install/onrobot_rg_msgs/include/onrobot_rg_msgs/onrobot_rg_msgs/srv/set_command.h
[0.856s] -- Up-to-date symlink: /home/matteo-melzer/gazebo_test/install/onrobot_rg_msgs/share/onrobot_rg_msgs/environment/library_path.sh
[0.856s] -- Up-to-date symlink: /home/matteo-melzer/gazebo_test/install/onrobot_rg_msgs/share/onrobot_rg_msgs/environment/library_path.dsv
[0.858s] -- Up-to-date symlink: /home/matteo-melzer/gazebo_test/install/onrobot_rg_msgs/include/onrobot_rg_msgs/onrobot_rg_msgs/msg/detail/on_robot_rg_input__rosidl_typesupport_fastrtps_c.h
[0.859s] -- Up-to-date symlink: /home/matteo-melzer/gazebo_test/install/onrobot_rg_msgs/include/onrobot_rg_msgs/onrobot_rg_msgs/msg/detail/on_robot_rg_output__rosidl_typesupport_fastrtps_c.h
[0.859s] -- Up-to-date symlink: /home/matteo-melzer/gazebo_test/install/onrobot_rg_msgs/include/onrobot_rg_msgs/onrobot_rg_msgs/msg/rosidl_typesupport_fastrtps_c__visibility_control.h
[0.860s] -- Up-to-date symlink: /home/matteo-melzer/gazebo_test/install/onrobot_rg_msgs/include/onrobot_rg_msgs/onrobot_rg_msgs/srv/detail/gripper_pose__rosidl_typesupport_fastrtps_c.h
[0.861s] -- Up-to-date symlink: /home/matteo-melzer/gazebo_test/install/onrobot_rg_msgs/include/onrobot_rg_msgs/onrobot_rg_msgs/srv/detail/set_command__rosidl_typesupport_fastrtps_c.h
[0.862s] -- Up-to-date symlink: /home/matteo-melzer/gazebo_test/install/onrobot_rg_msgs/include/onrobot_rg_msgs/onrobot_rg_msgs/msg/detail/on_robot_rg_input__builder.hpp
[0.863s] -- Up-to-date symlink: /home/matteo-melzer/gazebo_test/install/onrobot_rg_msgs/include/onrobot_rg_msgs/onrobot_rg_msgs/msg/detail/on_robot_rg_input__struct.hpp
[0.863s] -- Up-to-date symlink: /home/matteo-melzer/gazebo_test/install/onrobot_rg_msgs/include/onrobot_rg_msgs/onrobot_rg_msgs/msg/detail/on_robot_rg_input__traits.hpp
[0.864s] -- Up-to-date symlink: /home/matteo-melzer/gazebo_test/install/onrobot_rg_msgs/include/onrobot_rg_msgs/onrobot_rg_msgs/msg/detail/on_robot_rg_input__type_support.hpp
[0.865s] -- Up-to-date symlink: /home/matteo-melzer/gazebo_test/install/onrobot_rg_msgs/include/onrobot_rg_msgs/onrobot_rg_msgs/msg/detail/on_robot_rg_output__builder.hpp
[0.866s] -- Up-to-date symlink: /home/matteo-melzer/gazebo_test/install/onrobot_rg_msgs/include/onrobot_rg_msgs/onrobot_rg_msgs/msg/detail/on_robot_rg_output__struct.hpp
[0.866s] -- Up-to-date symlink: /home/matteo-melzer/gazebo_test/install/onrobot_rg_msgs/include/onrobot_rg_msgs/onrobot_rg_msgs/msg/detail/on_robot_rg_output__traits.hpp
[0.867s] -- Up-to-date symlink: /home/matteo-melzer/gazebo_test/install/onrobot_rg_msgs/include/onrobot_rg_msgs/onrobot_rg_msgs/msg/detail/on_robot_rg_output__type_support.hpp
[0.868s] -- Up-to-date symlink: /home/matteo-melzer/gazebo_test/install/onrobot_rg_msgs/include/onrobot_rg_msgs/onrobot_rg_msgs/msg/on_robot_rg_input.hpp
[0.871s] -- Up-to-date symlink: /home/matteo-melzer/gazebo_test/install/onrobot_rg_msgs/include/onrobot_rg_msgs/onrobot_rg_msgs/msg/on_robot_rg_output.hpp
[0.871s] -- Up-to-date symlink: /home/matteo-melzer/gazebo_test/install/onrobot_rg_msgs/include/onrobot_rg_msgs/onrobot_rg_msgs/msg/rosidl_generator_cpp__visibility_control.hpp
[0.875s] -- Up-to-date symlink: /home/matteo-melzer/gazebo_test/install/onrobot_rg_msgs/include/onrobot_rg_msgs/onrobot_rg_msgs/srv/detail/gripper_pose__builder.hpp
[0.885s] -- Up-to-date symlink: /home/matteo-melzer/gazebo_test/install/onrobot_rg_msgs/include/onrobot_rg_msgs/onrobot_rg_msgs/srv/detail/gripper_pose__struct.hpp
[0.885s] -- Up-to-date symlink: /home/matteo-melzer/gazebo_test/install/onrobot_rg_msgs/include/onrobot_rg_msgs/onrobot_rg_msgs/srv/detail/gripper_pose__traits.hpp
[0.885s] -- Up-to-date symlink: /home/matteo-melzer/gazebo_test/install/onrobot_rg_msgs/include/onrobot_rg_msgs/onrobot_rg_msgs/srv/detail/gripper_pose__type_support.hpp
[0.885s] -- Up-to-date symlink: /home/matteo-melzer/gazebo_test/install/onrobot_rg_msgs/include/onrobot_rg_msgs/onrobot_rg_msgs/srv/detail/set_command__builder.hpp
[0.885s] -- Up-to-date symlink: /home/matteo-melzer/gazebo_test/install/onrobot_rg_msgs/include/onrobot_rg_msgs/onrobot_rg_msgs/srv/detail/set_command__struct.hpp
[0.885s] -- Up-to-date symlink: /home/matteo-melzer/gazebo_test/install/onrobot_rg_msgs/include/onrobot_rg_msgs/onrobot_rg_msgs/srv/detail/set_command__traits.hpp
[0.885s] -- Up-to-date symlink: /home/matteo-melzer/gazebo_test/install/onrobot_rg_msgs/include/onrobot_rg_msgs/onrobot_rg_msgs/srv/detail/set_command__type_support.hpp
[0.885s] -- Up-to-date symlink: /home/matteo-melzer/gazebo_test/install/onrobot_rg_msgs/include/onrobot_rg_msgs/onrobot_rg_msgs/srv/gripper_pose.hpp
[0.885s] -- Up-to-date symlink: /home/matteo-melzer/gazebo_test/install/onrobot_rg_msgs/include/onrobot_rg_msgs/onrobot_rg_msgs/srv/set_command.hpp
[0.885s] -- Up-to-date symlink: /home/matteo-melzer/gazebo_test/install/onrobot_rg_msgs/include/onrobot_rg_msgs/onrobot_rg_msgs/msg/detail/on_robot_rg_input__rosidl_typesupport_fastrtps_cpp.hpp
[0.885s] -- Up-to-date symlink: /home/matteo-melzer/gazebo_test/install/onrobot_rg_msgs/include/onrobot_rg_msgs/onrobot_rg_msgs/msg/detail/on_robot_rg_output__rosidl_typesupport_fastrtps_cpp.hpp
[0.885s] -- Up-to-date symlink: /home/matteo-melzer/gazebo_test/install/onrobot_rg_msgs/include/onrobot_rg_msgs/onrobot_rg_msgs/msg/rosidl_typesupport_fastrtps_cpp__visibility_control.h
[0.886s] -- Up-to-date symlink: /home/matteo-melzer/gazebo_test/install/onrobot_rg_msgs/include/onrobot_rg_msgs/onrobot_rg_msgs/srv/detail/gripper_pose__rosidl_typesupport_fastrtps_cpp.hpp
[0.888s] -- Up-to-date symlink: /home/matteo-melzer/gazebo_test/install/onrobot_rg_msgs/include/onrobot_rg_msgs/onrobot_rg_msgs/srv/detail/set_command__rosidl_typesupport_fastrtps_cpp.hpp
[0.895s] -- Up-to-date symlink: /home/matteo-melzer/gazebo_test/install/onrobot_rg_msgs/include/onrobot_rg_msgs/onrobot_rg_msgs/msg/detail/on_robot_rg_input__rosidl_typesupport_introspection_c.h
[0.895s] -- Up-to-date symlink: /home/matteo-melzer/gazebo_test/install/onrobot_rg_msgs/include/onrobot_rg_msgs/onrobot_rg_msgs/msg/detail/on_robot_rg_output__rosidl_typesupport_introspection_c.h
[0.895s] -- Up-to-date symlink: /home/matteo-melzer/gazebo_test/install/onrobot_rg_msgs/include/onrobot_rg_msgs/onrobot_rg_msgs/msg/rosidl_typesupport_introspection_c__visibility_control.h
[0.895s] -- Up-to-date symlink: /home/matteo-melzer/gazebo_test/install/onrobot_rg_msgs/include/onrobot_rg_msgs/onrobot_rg_msgs/srv/detail/gripper_pose__rosidl_typesupport_introspection_c.h
[0.895s] -- Up-to-date symlink: /home/matteo-melzer/gazebo_test/install/onrobot_rg_msgs/include/onrobot_rg_msgs/onrobot_rg_msgs/srv/detail/set_command__rosidl_typesupport_introspection_c.h
[0.895s] -- Up-to-date symlink: /home/matteo-melzer/gazebo_test/install/onrobot_rg_msgs/include/onrobot_rg_msgs/onrobot_rg_msgs/msg/detail/on_robot_rg_input__rosidl_typesupport_introspection_cpp.hpp
[0.895s] -- Up-to-date symlink: /home/matteo-melzer/gazebo_test/install/onrobot_rg_msgs/include/onrobot_rg_msgs/onrobot_rg_msgs/msg/detail/on_robot_rg_output__rosidl_typesupport_introspection_cpp.hpp
[0.895s] -- Up-to-date symlink: /home/matteo-melzer/gazebo_test/install/onrobot_rg_msgs/include/onrobot_rg_msgs/onrobot_rg_msgs/srv/detail/gripper_pose__rosidl_typesupport_introspection_cpp.hpp
[0.895s] -- Up-to-date symlink: /home/matteo-melzer/gazebo_test/install/onrobot_rg_msgs/include/onrobot_rg_msgs/onrobot_rg_msgs/srv/detail/set_command__rosidl_typesupport_introspection_cpp.hpp
[0.895s] -- Up-to-date symlink: /home/matteo-melzer/gazebo_test/install/onrobot_rg_msgs/share/onrobot_rg_msgs/environment/pythonpath.sh
[0.895s] -- Up-to-date symlink: /home/matteo-melzer/gazebo_test/install/onrobot_rg_msgs/share/onrobot_rg_msgs/environment/pythonpath.dsv
[0.896s] -- Up-to-date symlink: /home/matteo-melzer/gazebo_test/install/onrobot_rg_msgs/local/lib/python3.10/dist-packages/onrobot_rg_msgs-1.0.0-py3.10.egg-info/PKG-INFO
[0.896s] -- Up-to-date symlink: /home/matteo-melzer/gazebo_test/install/onrobot_rg_msgs/local/lib/python3.10/dist-packages/onrobot_rg_msgs-1.0.0-py3.10.egg-info/SOURCES.txt
[0.896s] -- Up-to-date symlink: /home/matteo-melzer/gazebo_test/install/onrobot_rg_msgs/local/lib/python3.10/dist-packages/onrobot_rg_msgs-1.0.0-py3.10.egg-info/dependency_links.txt
[0.896s] -- Up-to-date symlink: /home/matteo-melzer/gazebo_test/install/onrobot_rg_msgs/local/lib/python3.10/dist-packages/onrobot_rg_msgs-1.0.0-py3.10.egg-info/top_level.txt
[0.898s] -- Up-to-date symlink: /home/matteo-melzer/gazebo_test/install/onrobot_rg_msgs/local/lib/python3.10/dist-packages/onrobot_rg_msgs/__init__.py
[0.898s] -- Up-to-date symlink: /home/matteo-melzer/gazebo_test/install/onrobot_rg_msgs/local/lib/python3.10/dist-packages/onrobot_rg_msgs/_onrobot_rg_msgs_s.ep.rosidl_typesupport_c.c
[0.898s] -- Up-to-date symlink: /home/matteo-melzer/gazebo_test/install/onrobot_rg_msgs/local/lib/python3.10/dist-packages/onrobot_rg_msgs/_onrobot_rg_msgs_s.ep.rosidl_typesupport_fastrtps_c.c
[0.899s] -- Up-to-date symlink: /home/matteo-melzer/gazebo_test/install/onrobot_rg_msgs/local/lib/python3.10/dist-packages/onrobot_rg_msgs/_onrobot_rg_msgs_s.ep.rosidl_typesupport_introspection_c.c
[0.900s] -- Up-to-date symlink: /home/matteo-melzer/gazebo_test/install/onrobot_rg_msgs/local/lib/python3.10/dist-packages/onrobot_rg_msgs/libonrobot_rg_msgs__rosidl_generator_py.so
[0.900s] -- Up-to-date symlink: /home/matteo-melzer/gazebo_test/install/onrobot_rg_msgs/local/lib/python3.10/dist-packages/onrobot_rg_msgs/msg/__init__.py
[0.900s] -- Up-to-date symlink: /home/matteo-melzer/gazebo_test/install/onrobot_rg_msgs/local/lib/python3.10/dist-packages/onrobot_rg_msgs/msg/_on_robot_rg_input.py
[0.902s] -- Up-to-date symlink: /home/matteo-melzer/gazebo_test/install/onrobot_rg_msgs/local/lib/python3.10/dist-packages/onrobot_rg_msgs/msg/_on_robot_rg_input_s.c
[0.902s] -- Up-to-date symlink: /home/matteo-melzer/gazebo_test/install/onrobot_rg_msgs/local/lib/python3.10/dist-packages/onrobot_rg_msgs/msg/_on_robot_rg_output.py
[0.902s] -- Up-to-date symlink: /home/matteo-melzer/gazebo_test/install/onrobot_rg_msgs/local/lib/python3.10/dist-packages/onrobot_rg_msgs/msg/_on_robot_rg_output_s.c
[0.902s] -- Up-to-date symlink: /home/matteo-melzer/gazebo_test/install/onrobot_rg_msgs/local/lib/python3.10/dist-packages/onrobot_rg_msgs/onrobot_rg_msgs_s__rosidl_typesupport_c.cpython-310-x86_64-linux-gnu.so
[0.903s] -- Up-to-date symlink: /home/matteo-melzer/gazebo_test/install/onrobot_rg_msgs/local/lib/python3.10/dist-packages/onrobot_rg_msgs/onrobot_rg_msgs_s__rosidl_typesupport_fastrtps_c.cpython-310-x86_64-linux-gnu.so
[0.904s] -- Up-to-date symlink: /home/matteo-melzer/gazebo_test/install/onrobot_rg_msgs/local/lib/python3.10/dist-packages/onrobot_rg_msgs/onrobot_rg_msgs_s__rosidl_typesupport_introspection_c.cpython-310-x86_64-linux-gnu.so
[0.904s] -- Up-to-date symlink: /home/matteo-melzer/gazebo_test/install/onrobot_rg_msgs/local/lib/python3.10/dist-packages/onrobot_rg_msgs/srv/__init__.py
[0.904s] -- Up-to-date symlink: /home/matteo-melzer/gazebo_test/install/onrobot_rg_msgs/local/lib/python3.10/dist-packages/onrobot_rg_msgs/srv/_gripper_pose.py
[0.906s] -- Up-to-date symlink: /home/matteo-melzer/gazebo_test/install/onrobot_rg_msgs/local/lib/python3.10/dist-packages/onrobot_rg_msgs/srv/_gripper_pose_s.c
[0.906s] -- Up-to-date symlink: /home/matteo-melzer/gazebo_test/install/onrobot_rg_msgs/local/lib/python3.10/dist-packages/onrobot_rg_msgs/srv/_set_command.py
[0.906s] -- Up-to-date symlink: /home/matteo-melzer/gazebo_test/install/onrobot_rg_msgs/local/lib/python3.10/dist-packages/onrobot_rg_msgs/srv/_set_command_s.c
[0.906s] -- Up-to-date symlink: /home/matteo-melzer/gazebo_test/install/onrobot_rg_msgs/local/lib/python3.10/dist-packages/onrobot_rg_msgs/onrobot_rg_msgs_s__rosidl_typesupport_fastrtps_c.cpython-310-x86_64-linux-gnu.so
[0.908s] -- Up-to-date symlink: /home/matteo-melzer/gazebo_test/install/onrobot_rg_msgs/local/lib/python3.10/dist-packages/onrobot_rg_msgs/onrobot_rg_msgs_s__rosidl_typesupport_introspection_c.cpython-310-x86_64-linux-gnu.so
[0.908s] -- Up-to-date symlink: /home/matteo-melzer/gazebo_test/install/onrobot_rg_msgs/local/lib/python3.10/dist-packages/onrobot_rg_msgs/onrobot_rg_msgs_s__rosidl_typesupport_c.cpython-310-x86_64-linux-gnu.so
[0.909s] -- Up-to-date symlink: /home/matteo-melzer/gazebo_test/install/onrobot_rg_msgs/share/onrobot_rg_msgs/msg/OnRobotRGInput.idl
[0.909s] -- Up-to-date symlink: /home/matteo-melzer/gazebo_test/install/onrobot_rg_msgs/share/onrobot_rg_msgs/msg/OnRobotRGOutput.idl
[0.910s] -- Up-to-date symlink: /home/matteo-melzer/gazebo_test/install/onrobot_rg_msgs/share/onrobot_rg_msgs/srv/SetCommand.idl
[0.910s] -- Up-to-date symlink: /home/matteo-melzer/gazebo_test/install/onrobot_rg_msgs/share/onrobot_rg_msgs/srv/GripperPose.idl
[0.910s] -- Up-to-date symlink: /home/matteo-melzer/gazebo_test/install/onrobot_rg_msgs/share/onrobot_rg_msgs/msg/OnRobotRGInput.msg
[0.911s] -- Up-to-date symlink: /home/matteo-melzer/gazebo_test/install/onrobot_rg_msgs/share/onrobot_rg_msgs/msg/OnRobotRGOutput.msg
[0.912s] -- Up-to-date symlink: /home/matteo-melzer/gazebo_test/install/onrobot_rg_msgs/share/onrobot_rg_msgs/srv/SetCommand.srv
[0.912s] -- Up-to-date symlink: /home/matteo-melzer/gazebo_test/install/onrobot_rg_msgs/share/onrobot_rg_msgs/srv/SetCommand_Request.msg
[0.912s] -- Up-to-date symlink: /home/matteo-melzer/gazebo_test/install/onrobot_rg_msgs/share/onrobot_rg_msgs/srv/SetCommand_Response.msg
[0.913s] -- Up-to-date symlink: /home/matteo-melzer/gazebo_test/install/onrobot_rg_msgs/share/onrobot_rg_msgs/srv/GripperPose.srv
[0.914s] -- Up-to-date symlink: /home/matteo-melzer/gazebo_test/install/onrobot_rg_msgs/share/onrobot_rg_msgs/srv/GripperPose_Request.msg
[0.914s] -- Up-to-date symlink: /home/matteo-melzer/gazebo_test/install/onrobot_rg_msgs/share/onrobot_rg_msgs/srv/GripperPose_Response.msg
[0.914s] -- Up-to-date symlink: /home/matteo-melzer/gazebo_test/install/onrobot_rg_msgs/share/ament_index/resource_index/package_run_dependencies/onrobot_rg_msgs
[0.915s] -- Up-to-date symlink: /home/matteo-melzer/gazebo_test/install/onrobot_rg_msgs/share/ament_index/resource_index/parent_prefix_path/onrobot_rg_msgs
[0.915s] -- Up-to-date symlink: /home/matteo-melzer/gazebo_test/install/onrobot_rg_msgs/share/onrobot_rg_msgs/environment/ament_prefix_path.sh
[0.916s] -- Up-to-date symlink: /home/matteo-melzer/gazebo_test/install/onrobot_rg_msgs/share/onrobot_rg_msgs/environment/ament_prefix_path.dsv
[0.916s] -- Up-to-date symlink: /home/matteo-melzer/gazebo_test/install/onrobot_rg_msgs/share/onrobot_rg_msgs/environment/path.sh
[0.917s] -- Up-to-date symlink: /home/matteo-melzer/gazebo_test/install/onrobot_rg_msgs/share/onrobot_rg_msgs/environment/path.dsv
[0.920s] -- Up-to-date symlink: /home/matteo-melzer/gazebo_test/install/onrobot_rg_msgs/share/onrobot_rg_msgs/local_setup.bash
[0.920s] -- Up-to-date symlink: /home/matteo-melzer/gazebo_test/install/onrobot_rg_msgs/share/onrobot_rg_msgs/local_setup.sh
[0.920s] -- Up-to-date symlink: /home/matteo-melzer/gazebo_test/install/onrobot_rg_msgs/share/onrobot_rg_msgs/local_setup.zsh
[0.920s] -- Up-to-date symlink: /home/matteo-melzer/gazebo_test/install/onrobot_rg_msgs/share/onrobot_rg_msgs/local_setup.dsv
[0.920s] -- Symlinking: /home/matteo-melzer/gazebo_test/install/onrobot_rg_msgs/share/onrobot_rg_msgs/package.dsv
[0.937s] -- Up-to-date symlink: /home/matteo-melzer/gazebo_test/install/onrobot_rg_msgs/share/ament_index/resource_index/packages/onrobot_rg_msgs
[0.943s] -- Up-to-date symlink: /home/matteo-melzer/gazebo_test/install/onrobot_rg_msgs/share/onrobot_rg_msgs/cmake/rosidl_cmake-extras.cmake
[0.943s] -- Up-to-date symlink: /home/matteo-melzer/gazebo_test/install/onrobot_rg_msgs/share/onrobot_rg_msgs/cmake/ament_cmake_export_dependencies-extras.cmake
[0.944s] -- Up-to-date symlink: /home/matteo-melzer/gazebo_test/install/onrobot_rg_msgs/share/onrobot_rg_msgs/cmake/ament_cmake_export_include_directories-extras.cmake
[0.944s] -- Up-to-date symlink: /home/matteo-melzer/gazebo_test/install/onrobot_rg_msgs/share/onrobot_rg_msgs/cmake/ament_cmake_export_libraries-extras.cmake
[0.945s] -- Up-to-date symlink: /home/matteo-melzer/gazebo_test/install/onrobot_rg_msgs/share/onrobot_rg_msgs/cmake/ament_cmake_export_targets-extras.cmake
[0.945s] -- Up-to-date symlink: /home/matteo-melzer/gazebo_test/install/onrobot_rg_msgs/share/onrobot_rg_msgs/cmake/rosidl_cmake_export_typesupport_targets-extras.cmake
[0.945s] -- Up-to-date symlink: /home/matteo-melzer/gazebo_test/install/onrobot_rg_msgs/share/onrobot_rg_msgs/cmake/rosidl_cmake_export_typesupport_libraries-extras.cmake
[0.945s] -- Up-to-date symlink: /home/matteo-melzer/gazebo_test/install/onrobot_rg_msgs/share/onrobot_rg_msgs/cmake/onrobot_rg_msgsConfig.cmake
[0.946s] -- Up-to-date symlink: /home/matteo-melzer/gazebo_test/install/onrobot_rg_msgs/share/onrobot_rg_msgs/cmake/onrobot_rg_msgsConfig-version.cmake
[0.946s] -- Up-to-date symlink: /home/matteo-melzer/gazebo_test/install/onrobot_rg_msgs/share/onrobot_rg_msgs/package.xml
[0.946s] -- Up-to-date: /home/matteo-melzer/gazebo_test/install/onrobot_rg_msgs/lib/libonrobot_rg_msgs__rosidl_generator_c.so
[0.946s] -- Up-to-date: /home/matteo-melzer/gazebo_test/install/onrobot_rg_msgs/lib/libonrobot_rg_msgs__rosidl_typesupport_fastrtps_c.so
[0.946s] -- Up-to-date: /home/matteo-melzer/gazebo_test/install/onrobot_rg_msgs/lib/libonrobot_rg_msgs__rosidl_typesupport_fastrtps_cpp.so
[0.946s] -- Up-to-date: /home/matteo-melzer/gazebo_test/install/onrobot_rg_msgs/lib/libonrobot_rg_msgs__rosidl_typesupport_introspection_c.so
[0.946s] -- Up-to-date: /home/matteo-melzer/gazebo_test/install/onrobot_rg_msgs/lib/libonrobot_rg_msgs__rosidl_typesupport_c.so
[0.946s] -- Up-to-date: /home/matteo-melzer/gazebo_test/install/onrobot_rg_msgs/lib/libonrobot_rg_msgs__rosidl_typesupport_introspection_cpp.so
[0.946s] -- Up-to-date: /home/matteo-melzer/gazebo_test/install/onrobot_rg_msgs/lib/libonrobot_rg_msgs__rosidl_typesupport_cpp.so
[0.983s] Listing '/home/matteo-melzer/gazebo_test/install/onrobot_rg_msgs/local/lib/python3.10/dist-packages/onrobot_rg_msgs'...
[0.984s] Listing '/home/matteo-melzer/gazebo_test/install/onrobot_rg_msgs/local/lib/python3.10/dist-packages/onrobot_rg_msgs/msg'...
[0.984s] Listing '/home/matteo-melzer/gazebo_test/install/onrobot_rg_msgs/local/lib/python3.10/dist-packages/onrobot_rg_msgs/srv'...
[0.988s] -- Up-to-date: /home/matteo-melzer/gazebo_test/install/onrobot_rg_msgs/lib/libonrobot_rg_msgs__rosidl_generator_py.so
[0.989s] -- Up-to-date: /home/matteo-melzer/gazebo_test/install/onrobot_rg_msgs/share/onrobot_rg_msgs/cmake/export_onrobot_rg_msgs__rosidl_generator_cExport.cmake
[0.990s] -- Up-to-date: /home/matteo-melzer/gazebo_test/install/onrobot_rg_msgs/share/onrobot_rg_msgs/cmake/export_onrobot_rg_msgs__rosidl_generator_cExport-noconfig.cmake
[0.990s] -- Up-to-date: /home/matteo-melzer/gazebo_test/install/onrobot_rg_msgs/share/onrobot_rg_msgs/cmake/export_onrobot_rg_msgs__rosidl_typesupport_fastrtps_cExport.cmake
[0.990s] -- Up-to-date: /home/matteo-melzer/gazebo_test/install/onrobot_rg_msgs/share/onrobot_rg_msgs/cmake/export_onrobot_rg_msgs__rosidl_typesupport_fastrtps_cExport-noconfig.cmake
[0.990s] -- Up-to-date: /home/matteo-melzer/gazebo_test/install/onrobot_rg_msgs/share/onrobot_rg_msgs/cmake/export_onrobot_rg_msgs__rosidl_generator_cppExport.cmake
[0.990s] -- Up-to-date: /home/matteo-melzer/gazebo_test/install/onrobot_rg_msgs/share/onrobot_rg_msgs/cmake/export_onrobot_rg_msgs__rosidl_typesupport_fastrtps_cppExport.cmake
[0.990s] -- Up-to-date: /home/matteo-melzer/gazebo_test/install/onrobot_rg_msgs/share/onrobot_rg_msgs/cmake/export_onrobot_rg_msgs__rosidl_typesupport_fastrtps_cppExport-noconfig.cmake
[0.990s] -- Up-to-date: /home/matteo-melzer/gazebo_test/install/onrobot_rg_msgs/share/onrobot_rg_msgs/cmake/onrobot_rg_msgs__rosidl_typesupport_introspection_cExport.cmake
[0.990s] -- Up-to-date: /home/matteo-melzer/gazebo_test/install/onrobot_rg_msgs/share/onrobot_rg_msgs/cmake/onrobot_rg_msgs__rosidl_typesupport_introspection_cExport-noconfig.cmake
[0.990s] -- Up-to-date: /home/matteo-melzer/gazebo_test/install/onrobot_rg_msgs/share/onrobot_rg_msgs/cmake/onrobot_rg_msgs__rosidl_typesupport_cExport.cmake
[0.990s] -- Up-to-date: /home/matteo-melzer/gazebo_test/install/onrobot_rg_msgs/share/onrobot_rg_msgs/cmake/onrobot_rg_msgs__rosidl_typesupport_cExport-noconfig.cmake
[0.990s] -- Up-to-date: /home/matteo-melzer/gazebo_test/install/onrobot_rg_msgs/share/onrobot_rg_msgs/cmake/onrobot_rg_msgs__rosidl_typesupport_introspection_cppExport.cmake
[0.990s] -- Up-to-date: /home/matteo-melzer/gazebo_test/install/onrobot_rg_msgs/share/onrobot_rg_msgs/cmake/onrobot_rg_msgs__rosidl_typesupport_introspection_cppExport-noconfig.cmake
[0.990s] -- Up-to-date: /home/matteo-melzer/gazebo_test/install/onrobot_rg_msgs/share/onrobot_rg_msgs/cmake/onrobot_rg_msgs__rosidl_typesupport_cppExport.cmake
[0.990s] -- Up-to-date: /home/matteo-melzer/gazebo_test/install/onrobot_rg_msgs/share/onrobot_rg_msgs/cmake/onrobot_rg_msgs__rosidl_typesupport_cppExport-noconfig.cmake
[0.990s] -- Up-to-date: /home/matteo-melzer/gazebo_test/install/onrobot_rg_msgs/share/onrobot_rg_msgs/cmake/export_onrobot_rg_msgs__rosidl_generator_pyExport.cmake
[0.990s] -- Up-to-date: /home/matteo-melzer/gazebo_test/install/onrobot_rg_msgs/share/onrobot_rg_msgs/cmake/export_onrobot_rg_msgs__rosidl_generator_pyExport-noconfig.cmake
[0.994s] Invoked command in '/home/matteo-melzer/gazebo_test/build/onrobot_rg_msgs' returned '0': CMAKE_PREFIX_PATH=${CMAKE_PREFIX_PATH}:/home/matteo-melzer/gazebo_test/install/onrobot_rg_modbus_tcp:/home/matteo-melzer/gazebo_test/install/onrobot_rg_control:/home/matteo-melzer/gazebo_test/install/onrobot_driver:/home/matteo-melzer/ros2_ws/install/py_srvcli:/home/matteo-melzer/ros2_ws/install/py_pubsub:/home/matteo-melzer/ws_moveit/install/moveit_configs_utils:/home/matteo-melzer/ws_moveit/install/launch_param_builder:/opt/ros/humble /usr/bin/cmake --install /home/matteo-melzer/gazebo_test/build/onrobot_rg_msgs
