[0.883s] Invoking command in '/home/matteo-melzer/gazebo_test/src/onrobot_ros/onrobot_driver': PYTHONPATH=/home/matteo-melzer/gazebo_test/build/onrobot_driver/prefix_override:/usr/lib/python3/dist-packages/colcon_core/task/python/colcon_distutils_commands:/home/matteo-melzer/gazebo_test/install/onrobot_driver/lib/python3.10/site-packages:${PYTHONPATH} /usr/bin/python3 -W ignore:setup.py install is deprecated -W ignore:easy_install command is deprecated setup.py egg_info --egg-base ../../../build/onrobot_driver build --build-base /home/matteo-melzer/gazebo_test/build/onrobot_driver/build install --record /home/matteo-melzer/gazebo_test/build/onrobot_driver/install.log --single-version-externally-managed install_data
[1.183s] running egg_info
[1.185s] creating ../../../build/onrobot_driver/onrobot_driver.egg-info
[1.185s] writing ../../../build/onrobot_driver/onrobot_driver.egg-info/PKG-INFO
[1.187s] writing dependency_links to ../../../build/onrobot_driver/onrobot_driver.egg-info/dependency_links.txt
[1.187s] writing entry points to ../../../build/onrobot_driver/onrobot_driver.egg-info/entry_points.txt
[1.188s] writing requirements to ../../../build/onrobot_driver/onrobot_driver.egg-info/requires.txt
[1.188s] writing top-level names to ../../../build/onrobot_driver/onrobot_driver.egg-info/top_level.txt
[1.188s] writing manifest file '../../../build/onrobot_driver/onrobot_driver.egg-info/SOURCES.txt'
[1.192s] reading manifest file '../../../build/onrobot_driver/onrobot_driver.egg-info/SOURCES.txt'
[1.192s] writing manifest file '../../../build/onrobot_driver/onrobot_driver.egg-info/SOURCES.txt'
[1.192s] running build
[1.192s] running build_py
[1.192s] creating /home/matteo-melzer/gazebo_test/build/onrobot_driver/build
[1.192s] creating /home/matteo-melzer/gazebo_test/build/onrobot_driver/build/lib
[1.192s] creating /home/matteo-melzer/gazebo_test/build/onrobot_driver/build/lib/onrobot_driver
[1.192s] copying onrobot_driver/gripper_control_server.py -> /home/matteo-melzer/gazebo_test/build/onrobot_driver/build/lib/onrobot_driver
[1.192s] copying onrobot_driver/gripper_controller.py -> /home/matteo-melzer/gazebo_test/build/onrobot_driver/build/lib/onrobot_driver
[1.192s] copying onrobot_driver/__init__.py -> /home/matteo-melzer/gazebo_test/build/onrobot_driver/build/lib/onrobot_driver
[1.192s] copying onrobot_driver/test.py -> /home/matteo-melzer/gazebo_test/build/onrobot_driver/build/lib/onrobot_driver
[1.192s] running install
[1.192s] running install_lib
[1.193s] creating /home/matteo-melzer/gazebo_test/install/onrobot_driver/lib/python3.10/site-packages/onrobot_driver
[1.193s] copying /home/matteo-melzer/gazebo_test/build/onrobot_driver/build/lib/onrobot_driver/gripper_control_server.py -> /home/matteo-melzer/gazebo_test/install/onrobot_driver/lib/python3.10/site-packages/onrobot_driver
[1.193s] copying /home/matteo-melzer/gazebo_test/build/onrobot_driver/build/lib/onrobot_driver/gripper_controller.py -> /home/matteo-melzer/gazebo_test/install/onrobot_driver/lib/python3.10/site-packages/onrobot_driver
[1.194s] copying /home/matteo-melzer/gazebo_test/build/onrobot_driver/build/lib/onrobot_driver/__init__.py -> /home/matteo-melzer/gazebo_test/install/onrobot_driver/lib/python3.10/site-packages/onrobot_driver
[1.194s] copying /home/matteo-melzer/gazebo_test/build/onrobot_driver/build/lib/onrobot_driver/test.py -> /home/matteo-melzer/gazebo_test/install/onrobot_driver/lib/python3.10/site-packages/onrobot_driver
[1.195s] byte-compiling /home/matteo-melzer/gazebo_test/install/onrobot_driver/lib/python3.10/site-packages/onrobot_driver/gripper_control_server.py to gripper_control_server.cpython-310.pyc
[1.195s] byte-compiling /home/matteo-melzer/gazebo_test/install/onrobot_driver/lib/python3.10/site-packages/onrobot_driver/gripper_controller.py to gripper_controller.cpython-310.pyc
[1.195s] byte-compiling /home/matteo-melzer/gazebo_test/install/onrobot_driver/lib/python3.10/site-packages/onrobot_driver/__init__.py to __init__.cpython-310.pyc
[1.195s] byte-compiling /home/matteo-melzer/gazebo_test/install/onrobot_driver/lib/python3.10/site-packages/onrobot_driver/test.py to test.cpython-310.pyc
[1.195s] running install_data
[1.195s] creating /home/matteo-melzer/gazebo_test/install/onrobot_driver/share/ament_index
[1.195s] creating /home/matteo-melzer/gazebo_test/install/onrobot_driver/share/ament_index/resource_index
[1.195s] creating /home/matteo-melzer/gazebo_test/install/onrobot_driver/share/ament_index/resource_index/packages
[1.195s] copying resource/onrobot_driver -> /home/matteo-melzer/gazebo_test/install/onrobot_driver/share/ament_index/resource_index/packages
[1.195s] copying package.xml -> /home/matteo-melzer/gazebo_test/install/onrobot_driver/share/onrobot_driver
[1.195s] running install_egg_info
[1.198s] Copying ../../../build/onrobot_driver/onrobot_driver.egg-info to /home/matteo-melzer/gazebo_test/install/onrobot_driver/lib/python3.10/site-packages/onrobot_driver-0.0.0-py3.10.egg-info
[1.199s] running install_scripts
[1.235s] Installing gripper_action_adapter script to /home/matteo-melzer/gazebo_test/install/onrobot_driver/lib/onrobot_driver
[1.235s] Installing test script to /home/matteo-melzer/gazebo_test/install/onrobot_driver/lib/onrobot_driver
[1.235s] writing list of installed files to '/home/matteo-melzer/gazebo_test/build/onrobot_driver/install.log'
[1.284s] Invoked command in '/home/matteo-melzer/gazebo_test/src/onrobot_ros/onrobot_driver' returned '0': PYTHONPATH=/home/matteo-melzer/gazebo_test/build/onrobot_driver/prefix_override:/usr/lib/python3/dist-packages/colcon_core/task/python/colcon_distutils_commands:/home/matteo-melzer/gazebo_test/install/onrobot_driver/lib/python3.10/site-packages:${PYTHONPATH} /usr/bin/python3 -W ignore:setup.py install is deprecated -W ignore:easy_install command is deprecated setup.py egg_info --egg-base ../../../build/onrobot_driver build --build-base /home/matteo-melzer/gazebo_test/build/onrobot_driver/build install --record /home/matteo-melzer/gazebo_test/build/onrobot_driver/install.log --single-version-externally-managed install_data
