[0.023s] Invoking command in '/home/matteo-melzer/gazebo_test/build/librealsense2': CMAKE_PREFIX_PATH=${CMAKE_PREFIX_PATH}:/home/matteo-melzer/gazebo_test/install/onrobot_rg_modbus_tcp:/home/matteo-melzer/gazebo_test/install/onrobot_rg_control:/home/matteo-melzer/gazebo_test/install/onrobot_driver:/home/matteo-melzer/ros2_ws/install/py_srvcli:/home/matteo-melzer/ros2_ws/install/py_pubsub:/home/matteo-melzer/ws_moveit/install/moveit_configs_utils:/home/matteo-melzer/ws_moveit/install/launch_param_builder:/opt/ros/humble /usr/bin/cmake --build /home/matteo-melzer/gazebo_test/build/librealsense2 -- -j2 -l2
[0.155s] [  2%] Built target libcurl
[0.222s] [  6%] Built target realsense-file
[0.280s] [ 11%] Built target rsutils
[0.339s] [ 11%] Built target rs-embed
[0.390s] [ 11%] Built target fw
[0.543s] [ 41%] Built target realsense2
[0.603s] [ 44%] Built target realsense2-gl
[0.660s] [ 44%] Built target rs-hello-realsense
[0.704s] [ 46%] Built target rs-software-device
[0.744s] [ 48%] Built target rs-capture
[0.787s] [ 49%] Built target rs-callback
[0.831s] [ 49%] Built target rs-save-to-disk
[0.879s] [ 51%] Built target rs-multicam
[0.922s] [ 53%] Built target rs-pointcloud
[0.987s] [ 55%] Built target rs-align
[1.029s] [ 57%] Built target rs-align-gl
[1.081s] [ 59%] Built target rs-align-advanced
[1.162s] [ 61%] Built target rs-sensor-control
[1.215s] [ 63%] Built target rs-measure
[1.256s] [ 63%] Built target rs-depth
[1.302s] [ 63%] Built target rs-color
[1.348s] [ 64%] Built target rs-distance
[1.413s] [ 66%] Built target rs-post-processing
[1.459s] [ 67%] Built target rs-record-playback
[1.510s] [ 69%] Built target rs-motion
[1.549s] [ 71%] Built target rs-gl
[1.594s] [ 73%] Built target rs-hdr
[1.636s] [ 73%] Built target rs-on-chip-calib
[1.678s] [ 74%] Built target rs-convert
[1.723s] [ 75%] Built target rs-enumerate-devices
[1.766s] [ 75%] Built target rs-fw-logger
[1.815s] [ 76%] Built target rs-terminal
[1.875s] [ 77%] Built target rs-record
[1.922s] [ 78%] Built target rs-fw-update
[1.966s] [ 79%] Built target rs-data-collect
[2.042s] [ 88%] Built target realsense-viewer
[2.116s] [ 97%] Built target rs-depth-quality
[2.165s] [100%] Built target rs-rosbag-inspector
[2.210s] [100%] Built target rs-benchmark
[2.237s] Invoked command in '/home/matteo-melzer/gazebo_test/build/librealsense2' returned '0': CMAKE_PREFIX_PATH=${CMAKE_PREFIX_PATH}:/home/matteo-melzer/gazebo_test/install/onrobot_rg_modbus_tcp:/home/matteo-melzer/gazebo_test/install/onrobot_rg_control:/home/matteo-melzer/gazebo_test/install/onrobot_driver:/home/matteo-melzer/ros2_ws/install/py_srvcli:/home/matteo-melzer/ros2_ws/install/py_pubsub:/home/matteo-melzer/ws_moveit/install/moveit_configs_utils:/home/matteo-melzer/ws_moveit/install/launch_param_builder:/opt/ros/humble /usr/bin/cmake --build /home/matteo-melzer/gazebo_test/build/librealsense2 -- -j2 -l2
[2.238s] Invoking command in '/home/matteo-melzer/gazebo_test/build/librealsense2': CMAKE_PREFIX_PATH=${CMAKE_PREFIX_PATH}:/home/matteo-melzer/gazebo_test/install/onrobot_rg_modbus_tcp:/home/matteo-melzer/gazebo_test/install/onrobot_rg_control:/home/matteo-melzer/gazebo_test/install/onrobot_driver:/home/matteo-melzer/ros2_ws/install/py_srvcli:/home/matteo-melzer/ros2_ws/install/py_pubsub:/home/matteo-melzer/ws_moveit/install/moveit_configs_utils:/home/matteo-melzer/ws_moveit/install/launch_param_builder:/opt/ros/humble /usr/bin/cmake --install /home/matteo-melzer/gazebo_test/build/librealsense2
[2.255s] -- Install configuration: "Release"
[2.256s] -- Up-to-date: /home/matteo-melzer/gazebo_test/install/librealsense2/lib/librealsense2.so.2.56.5
[2.257s] -- Up-to-date: /home/matteo-melzer/gazebo_test/install/librealsense2/lib/librealsense2.so.2.56
[2.257s] -- Up-to-date: /home/matteo-melzer/gazebo_test/install/librealsense2/lib/librealsense2.so
[2.258s] -- Up-to-date: /home/matteo-melzer/gazebo_test/install/librealsense2/include/librealsense2
[2.259s] -- Up-to-date: /home/matteo-melzer/gazebo_test/install/librealsense2/include/librealsense2/rsutil.h
[2.259s] -- Up-to-date: /home/matteo-melzer/gazebo_test/install/librealsense2/include/librealsense2/hpp
[2.260s] -- Up-to-date: /home/matteo-melzer/gazebo_test/install/librealsense2/include/librealsense2/hpp/rs_export.hpp
[2.260s] -- Up-to-date: /home/matteo-melzer/gazebo_test/install/librealsense2/include/librealsense2/hpp/rs_serializable_device.hpp
[2.260s] -- Up-to-date: /home/matteo-melzer/gazebo_test/install/librealsense2/include/librealsense2/hpp/rs_sensor.hpp
[2.262s] -- Up-to-date: /home/matteo-melzer/gazebo_test/install/librealsense2/include/librealsense2/hpp/rs_device.hpp
[2.262s] -- Up-to-date: /home/matteo-melzer/gazebo_test/install/librealsense2/include/librealsense2/hpp/rs_internal.hpp
[2.262s] -- Up-to-date: /home/matteo-melzer/gazebo_test/install/librealsense2/include/librealsense2/hpp/rs_options.hpp
[2.262s] -- Up-to-date: /home/matteo-melzer/gazebo_test/install/librealsense2/include/librealsense2/hpp/rs_frame.hpp
[2.262s] -- Up-to-date: /home/matteo-melzer/gazebo_test/install/librealsense2/include/librealsense2/hpp/rs_pipeline.hpp
[2.262s] -- Up-to-date: /home/matteo-melzer/gazebo_test/install/librealsense2/include/librealsense2/hpp/rs_record_playback.hpp
[2.262s] -- Up-to-date: /home/matteo-melzer/gazebo_test/install/librealsense2/include/librealsense2/hpp/rs_types.hpp
[2.263s] -- Up-to-date: /home/matteo-melzer/gazebo_test/install/librealsense2/include/librealsense2/hpp/rs_context.hpp
[2.264s] -- Up-to-date: /home/matteo-melzer/gazebo_test/install/librealsense2/include/librealsense2/hpp/rs_processing.hpp
[2.264s] -- Up-to-date: /home/matteo-melzer/gazebo_test/install/librealsense2/include/librealsense2/rs.h
[2.264s] -- Up-to-date: /home/matteo-melzer/gazebo_test/install/librealsense2/include/librealsense2/rs.hpp
[2.264s] -- Up-to-date: /home/matteo-melzer/gazebo_test/install/librealsense2/include/librealsense2/h
[2.264s] -- Up-to-date: /home/matteo-melzer/gazebo_test/install/librealsense2/include/librealsense2/h/rs_processing.h
[2.264s] -- Up-to-date: /home/matteo-melzer/gazebo_test/install/librealsense2/include/librealsense2/h/rs_context.h
[2.264s] -- Up-to-date: /home/matteo-melzer/gazebo_test/install/librealsense2/include/librealsense2/h/rs_sensor.h
[2.267s] -- Up-to-date: /home/matteo-melzer/gazebo_test/install/librealsense2/include/librealsense2/h/rs_frame.h
[2.267s] -- Up-to-date: /home/matteo-melzer/gazebo_test/install/librealsense2/include/librealsense2/h/rs_internal.h
[2.267s] -- Up-to-date: /home/matteo-melzer/gazebo_test/install/librealsense2/include/librealsense2/h/rs_option.h
[2.268s] -- Up-to-date: /home/matteo-melzer/gazebo_test/install/librealsense2/include/librealsense2/h/rs_config.h
[2.268s] -- Up-to-date: /home/matteo-melzer/gazebo_test/install/librealsense2/include/librealsense2/h/rs_advanced_mode_command.h
[2.269s] -- Up-to-date: /home/matteo-melzer/gazebo_test/install/librealsense2/include/librealsense2/h/rs_device.h
[2.269s] -- Up-to-date: /home/matteo-melzer/gazebo_test/install/librealsense2/include/librealsense2/h/rs_record_playback.h
[2.269s] -- Up-to-date: /home/matteo-melzer/gazebo_test/install/librealsense2/include/librealsense2/h/rs_types.h
[2.269s] -- Up-to-date: /home/matteo-melzer/gazebo_test/install/librealsense2/include/librealsense2/h/rs_pipeline.h
[2.269s] -- Up-to-date: /home/matteo-melzer/gazebo_test/install/librealsense2/include/librealsense2/rs_advanced_mode.hpp
[2.269s] -- Up-to-date: /home/matteo-melzer/gazebo_test/install/librealsense2/include/librealsense2/rs_advanced_mode.h
[2.269s] -- Up-to-date: /home/matteo-melzer/gazebo_test/install/librealsense2/lib/cmake/realsense2/realsense2Targets.cmake
[2.269s] -- Up-to-date: /home/matteo-melzer/gazebo_test/install/librealsense2/lib/cmake/realsense2/realsense2Targets-release.cmake
[2.269s] -- Up-to-date: /home/matteo-melzer/gazebo_test/install/librealsense2/lib/cmake/realsense2/realsense2Config.cmake
[2.269s] -- Up-to-date: /home/matteo-melzer/gazebo_test/install/librealsense2/lib/cmake/realsense2/realsense2ConfigVersion.cmake
[2.269s] -- Up-to-date: /home/matteo-melzer/gazebo_test/install/librealsense2/lib/pkgconfig/realsense2.pc
[2.382s] /sbin/ldconfig.real: Can't create temporary cache file /etc/ld.so.cache~: Permission denied
[2.382s] -- Up-to-date: /home/matteo-melzer/gazebo_test/install/librealsense2/lib/librsutils.a
[2.382s] -- Up-to-date: /home/matteo-melzer/gazebo_test/install/librealsense2/lib/librealsense-file.a
[2.382s] -- Up-to-date: /home/matteo-melzer/gazebo_test/install/librealsense2/lib/librealsense2-gl.so.2.56.5
[2.382s] -- Up-to-date: /home/matteo-melzer/gazebo_test/install/librealsense2/lib/librealsense2-gl.so.2.56
[2.382s] -- Up-to-date: /home/matteo-melzer/gazebo_test/install/librealsense2/lib/librealsense2-gl.so
[2.383s] -- Up-to-date: /home/matteo-melzer/gazebo_test/install/librealsense2/include/librealsense2-gl/rs_processing_gl.h
[2.383s] -- Up-to-date: /home/matteo-melzer/gazebo_test/install/librealsense2/include/librealsense2-gl/rs_processing_gl.hpp
[2.383s] -- Up-to-date: /home/matteo-melzer/gazebo_test/install/librealsense2/lib/cmake/realsense2-gl/realsense2-glTargets.cmake
[2.383s] -- Up-to-date: /home/matteo-melzer/gazebo_test/install/librealsense2/lib/cmake/realsense2-gl/realsense2-glTargets-release.cmake
[2.383s] -- Up-to-date: /home/matteo-melzer/gazebo_test/install/librealsense2/lib/cmake/realsense2-gl/realsense2-glConfig.cmake
[2.384s] -- Up-to-date: /home/matteo-melzer/gazebo_test/install/librealsense2/lib/cmake/realsense2-gl/realsense2-glConfigVersion.cmake
[2.387s] -- Up-to-date: /home/matteo-melzer/gazebo_test/install/librealsense2/lib/pkgconfig/realsense2-gl.pc
[2.497s] /sbin/ldconfig.real: Can't create temporary cache file /etc/ld.so.cache~: Permission denied
[2.498s] -- Up-to-date: /home/matteo-melzer/gazebo_test/install/librealsense2/bin/rs-hello-realsense
[2.498s] -- Up-to-date: /home/matteo-melzer/gazebo_test/install/librealsense2/bin/rs-software-device
[2.499s] -- Up-to-date: /home/matteo-melzer/gazebo_test/install/librealsense2/bin/rs-capture
[2.500s] -- Up-to-date: /home/matteo-melzer/gazebo_test/install/librealsense2/bin/rs-callback
[2.501s] -- Up-to-date: /home/matteo-melzer/gazebo_test/install/librealsense2/bin/rs-save-to-disk
[2.502s] -- Up-to-date: /home/matteo-melzer/gazebo_test/install/librealsense2/bin/rs-multicam
[2.502s] -- Up-to-date: /home/matteo-melzer/gazebo_test/install/librealsense2/bin/rs-pointcloud
[2.503s] -- Up-to-date: /home/matteo-melzer/gazebo_test/install/librealsense2/bin/rs-align
[2.503s] -- Up-to-date: /home/matteo-melzer/gazebo_test/install/librealsense2/bin/rs-align-gl
[2.504s] -- Up-to-date: /home/matteo-melzer/gazebo_test/install/librealsense2/bin/rs-align-advanced
[2.505s] -- Up-to-date: /home/matteo-melzer/gazebo_test/install/librealsense2/bin/rs-sensor-control
[2.505s] -- Up-to-date: /home/matteo-melzer/gazebo_test/install/librealsense2/bin/rs-measure
[2.506s] -- Up-to-date: /home/matteo-melzer/gazebo_test/install/librealsense2/bin/rs-depth
[2.507s] -- Up-to-date: /home/matteo-melzer/gazebo_test/install/librealsense2/bin/rs-color
[2.507s] -- Up-to-date: /home/matteo-melzer/gazebo_test/install/librealsense2/bin/rs-distance
[2.507s] -- Up-to-date: /home/matteo-melzer/gazebo_test/install/librealsense2/bin/rs-post-processing
[2.508s] -- Up-to-date: /home/matteo-melzer/gazebo_test/install/librealsense2/bin/rs-record-playback
[2.508s] -- Up-to-date: /home/matteo-melzer/gazebo_test/install/librealsense2/bin/rs-motion
[2.509s] -- Up-to-date: /home/matteo-melzer/gazebo_test/install/librealsense2/bin/rs-gl
[2.509s] -- Up-to-date: /home/matteo-melzer/gazebo_test/install/librealsense2/bin/rs-hdr
[2.510s] -- Up-to-date: /home/matteo-melzer/gazebo_test/install/librealsense2/bin/rs-on-chip-calib
[2.511s] -- Up-to-date: /home/matteo-melzer/gazebo_test/install/librealsense2/bin/rs-convert
[2.512s] -- Up-to-date: /home/matteo-melzer/gazebo_test/install/librealsense2/bin/rs-enumerate-devices
[2.512s] -- Up-to-date: /home/matteo-melzer/gazebo_test/install/librealsense2/bin/rs-fw-logger
[2.512s] -- Up-to-date: /home/matteo-melzer/gazebo_test/install/librealsense2/bin/rs-terminal
[2.513s] -- Up-to-date: /home/matteo-melzer/gazebo_test/install/librealsense2/bin/rs-record
[2.514s] -- Up-to-date: /home/matteo-melzer/gazebo_test/install/librealsense2/bin/rs-fw-update
[2.514s] -- Up-to-date: /home/matteo-melzer/gazebo_test/install/librealsense2/bin/rs-embed
[2.514s] -- Up-to-date: /home/matteo-melzer/gazebo_test/install/librealsense2/bin/rs-data-collect
[2.515s] -- Up-to-date: /home/matteo-melzer/gazebo_test/install/librealsense2/bin/realsense-viewer
[2.523s] -- Up-to-date: /home/matteo-melzer/Documents/librealsense2/presets
[2.523s] -- Up-to-date: /home/matteo-melzer/Documents/librealsense2/presets/sample.preset
[2.523s] -- Up-to-date: /home/matteo-melzer/gazebo_test/install/librealsense2/bin/rs-depth-quality
[2.523s] -- Up-to-date: /home/matteo-melzer/gazebo_test/install/librealsense2/bin/rs-rosbag-inspector
[2.523s] -- Up-to-date: /home/matteo-melzer/gazebo_test/install/librealsense2/bin/rs-benchmark
[2.524s] -- Up-to-date: /home/matteo-melzer/gazebo_test/install/librealsense2/lib/libfw.a
[2.685s] Invoked command in '/home/matteo-melzer/gazebo_test/build/librealsense2' returned '0': CMAKE_PREFIX_PATH=${CMAKE_PREFIX_PATH}:/home/matteo-melzer/gazebo_test/install/onrobot_rg_modbus_tcp:/home/matteo-melzer/gazebo_test/install/onrobot_rg_control:/home/matteo-melzer/gazebo_test/install/onrobot_driver:/home/matteo-melzer/ros2_ws/install/py_srvcli:/home/matteo-melzer/ros2_ws/install/py_pubsub:/home/matteo-melzer/ws_moveit/install/moveit_configs_utils:/home/matteo-melzer/ws_moveit/install/launch_param_builder:/opt/ros/humble /usr/bin/cmake --install /home/matteo-melzer/gazebo_test/build/librealsense2
