-- The C compiler identification is GNU 11.4.0
-- The CXX compiler identification is GNU 11.4.0
-- Detecting C compiler ABI info
-- Detecting C compiler ABI info - done
-- Check for working C compiler: /usr/bin/cc - skipped
-- Detecting C compile features
-- Detecting C compile features - done
-- Detecting CXX compiler ABI info
-- Detecting CXX compiler ABI info - done
-- Check for working CXX compiler: /usr/bin/c++ - skipped
-- Detecting CXX compile features
-- Detecting CXX compile features - done
-- Found ament_cmake: 1.3.11 (/opt/ros/humble/share/ament_cmake/cmake)
-- Found Python3: /usr/bin/python3 (found version "3.10.12") found components: Interpreter 
-- Override CMake install command with custom implementation using symlinks instead of copying resources
-- Configuring done
-- Generating done
-- Build files have been written to: /home/matteo-melzer/gazebo_test/build/onrobot_rg_description
-- Install configuration: ""
-- Execute custom install script
-- Symlinking: /home/matteo-melzer/gazebo_test/install/onrobot_rg_description/share/ament_index/resource_index/package_run_dependencies/onrobot_rg_description
-- Symlinking: /home/matteo-melzer/gazebo_test/install/onrobot_rg_description/share/ament_index/resource_index/parent_prefix_path/onrobot_rg_description
-- Symlinking: /home/matteo-melzer/gazebo_test/install/onrobot_rg_description/share/onrobot_rg_description/environment/ament_prefix_path.sh
-- Symlinking: /home/matteo-melzer/gazebo_test/install/onrobot_rg_description/share/onrobot_rg_description/environment/ament_prefix_path.dsv
-- Symlinking: /home/matteo-melzer/gazebo_test/install/onrobot_rg_description/share/onrobot_rg_description/environment/path.sh
-- Symlinking: /home/matteo-melzer/gazebo_test/install/onrobot_rg_description/share/onrobot_rg_description/environment/path.dsv
-- Symlinking: /home/matteo-melzer/gazebo_test/install/onrobot_rg_description/share/onrobot_rg_description/local_setup.bash
-- Symlinking: /home/matteo-melzer/gazebo_test/install/onrobot_rg_description/share/onrobot_rg_description/local_setup.sh
-- Symlinking: /home/matteo-melzer/gazebo_test/install/onrobot_rg_description/share/onrobot_rg_description/local_setup.zsh
-- Symlinking: /home/matteo-melzer/gazebo_test/install/onrobot_rg_description/share/onrobot_rg_description/local_setup.dsv
-- Symlinking: /home/matteo-melzer/gazebo_test/install/onrobot_rg_description/share/onrobot_rg_description/package.dsv
-- Symlinking: /home/matteo-melzer/gazebo_test/install/onrobot_rg_description/share/ament_index/resource_index/packages/onrobot_rg_description
-- Symlinking: /home/matteo-melzer/gazebo_test/install/onrobot_rg_description/share/onrobot_rg_description/cmake/onrobot_rg_descriptionConfig.cmake
-- Symlinking: /home/matteo-melzer/gazebo_test/install/onrobot_rg_description/share/onrobot_rg_description/cmake/onrobot_rg_descriptionConfig-version.cmake
-- Symlinking: /home/matteo-melzer/gazebo_test/install/onrobot_rg_description/share/onrobot_rg_description/package.xml
-- Symlinking: /home/matteo-melzer/gazebo_test/install/onrobot_rg_description/share/onrobot_rg_description/meshes/rg2/collision/base_link.stl
-- Symlinking: /home/matteo-melzer/gazebo_test/install/onrobot_rg_description/share/onrobot_rg_description/meshes/rg2/collision/inner_finger.stl
-- Symlinking: /home/matteo-melzer/gazebo_test/install/onrobot_rg_description/share/onrobot_rg_description/meshes/rg2/collision/inner_knuckle.stl
-- Symlinking: /home/matteo-melzer/gazebo_test/install/onrobot_rg_description/share/onrobot_rg_description/meshes/rg2/collision/outer_knuckle.stl
-- Symlinking: /home/matteo-melzer/gazebo_test/install/onrobot_rg_description/share/onrobot_rg_description/meshes/rg2/visual/base_link.stl
-- Symlinking: /home/matteo-melzer/gazebo_test/install/onrobot_rg_description/share/onrobot_rg_description/meshes/rg2/visual/inner_finger.stl
-- Symlinking: /home/matteo-melzer/gazebo_test/install/onrobot_rg_description/share/onrobot_rg_description/meshes/rg2/visual/inner_knuckle.stl
-- Symlinking: /home/matteo-melzer/gazebo_test/install/onrobot_rg_description/share/onrobot_rg_description/meshes/rg2/visual/outer_knuckle.stl
-- Symlinking: /home/matteo-melzer/gazebo_test/install/onrobot_rg_description/share/onrobot_rg_description/meshes/rg6/collision/base.stl
-- Symlinking: /home/matteo-melzer/gazebo_test/install/onrobot_rg_description/share/onrobot_rg_description/meshes/rg6/collision/base_link.stl
-- Symlinking: /home/matteo-melzer/gazebo_test/install/onrobot_rg_description/share/onrobot_rg_description/meshes/rg6/collision/inner_finger.stl
-- Symlinking: /home/matteo-melzer/gazebo_test/install/onrobot_rg_description/share/onrobot_rg_description/meshes/rg6/collision/inner_knuckle.stl
-- Symlinking: /home/matteo-melzer/gazebo_test/install/onrobot_rg_description/share/onrobot_rg_description/meshes/rg6/collision/outer_knuckle.stl
-- Symlinking: /home/matteo-melzer/gazebo_test/install/onrobot_rg_description/share/onrobot_rg_description/meshes/rg6/visual/base.stl
-- Symlinking: /home/matteo-melzer/gazebo_test/install/onrobot_rg_description/share/onrobot_rg_description/meshes/rg6/visual/base_link.stl
-- Symlinking: /home/matteo-melzer/gazebo_test/install/onrobot_rg_description/share/onrobot_rg_description/meshes/rg6/visual/inner_finger.stl
-- Symlinking: /home/matteo-melzer/gazebo_test/install/onrobot_rg_description/share/onrobot_rg_description/meshes/rg6/visual/inner_knuckle.stl
-- Symlinking: /home/matteo-melzer/gazebo_test/install/onrobot_rg_description/share/onrobot_rg_description/meshes/rg6/visual/outer_knuckle.stl
-- Symlinking: /home/matteo-melzer/gazebo_test/install/onrobot_rg_description/share/onrobot_rg_description/urdf/onrobot_rg2.xacro
-- Symlinking: /home/matteo-melzer/gazebo_test/install/onrobot_rg_description/share/onrobot_rg_description/urdf/onrobot_rg2_gazebo.xacro
-- Symlinking: /home/matteo-melzer/gazebo_test/install/onrobot_rg_description/share/onrobot_rg_description/urdf/onrobot_rg2_model.xacro
-- Symlinking: /home/matteo-melzer/gazebo_test/install/onrobot_rg_description/share/onrobot_rg_description/urdf/onrobot_rg2_model_macro.xacro
-- Symlinking: /home/matteo-melzer/gazebo_test/install/onrobot_rg_description/share/onrobot_rg_description/urdf/onrobot_rg2_transmission.xacro
-- Symlinking: /home/matteo-melzer/gazebo_test/install/onrobot_rg_description/share/onrobot_rg_description/urdf/onrobot_rg6.urdf
-- Symlinking: /home/matteo-melzer/gazebo_test/install/onrobot_rg_description/share/onrobot_rg_description/urdf/onrobot_rg6.xacro
-- Symlinking: /home/matteo-melzer/gazebo_test/install/onrobot_rg_description/share/onrobot_rg_description/urdf/onrobot_rg6/.thumbs/256x256/onrobot_rg6.usd.png
-- Symlinking: /home/matteo-melzer/gazebo_test/install/onrobot_rg_description/share/onrobot_rg_description/urdf/onrobot_rg6/configuration/.thumbs/256x256/onrobot_rg6_base.usd.png
-- Symlinking: /home/matteo-melzer/gazebo_test/install/onrobot_rg_description/share/onrobot_rg_description/urdf/onrobot_rg6/configuration/.thumbs/256x256/onrobot_rg6_physics.usd.png
-- Symlinking: /home/matteo-melzer/gazebo_test/install/onrobot_rg_description/share/onrobot_rg_description/urdf/onrobot_rg6/configuration/onrobot_rg6_base.usd
-- Symlinking: /home/matteo-melzer/gazebo_test/install/onrobot_rg_description/share/onrobot_rg_description/urdf/onrobot_rg6/configuration/onrobot_rg6_physics.usd
-- Symlinking: /home/matteo-melzer/gazebo_test/install/onrobot_rg_description/share/onrobot_rg_description/urdf/onrobot_rg6/configuration/onrobot_rg6_sensor.usd
-- Symlinking: /home/matteo-melzer/gazebo_test/install/onrobot_rg_description/share/onrobot_rg_description/urdf/onrobot_rg6/onrobot_rg6.usd
-- Symlinking: /home/matteo-melzer/gazebo_test/install/onrobot_rg_description/share/onrobot_rg_description/urdf/onrobot_rg6_gazebo.xacro
-- Symlinking: /home/matteo-melzer/gazebo_test/install/onrobot_rg_description/share/onrobot_rg_description/urdf/onrobot_rg6_model.xacro
-- Symlinking: /home/matteo-melzer/gazebo_test/install/onrobot_rg_description/share/onrobot_rg_description/urdf/onrobot_rg6_model_macro.xacro
-- Symlinking: /home/matteo-melzer/gazebo_test/install/onrobot_rg_description/share/onrobot_rg_description/urdf/onrobot_rg6_standalone.xacro
-- Symlinking: /home/matteo-melzer/gazebo_test/install/onrobot_rg_description/share/onrobot_rg_description/urdf/onrobot_rg6_transmission.xacro
