[0.035s] Invoking command in '/home/matteo-melzer/gazebo_test/build/onrobot_description': CMAKE_PREFIX_PATH=${CMAKE_PREFIX_PATH}:/home/matteo-melzer/gazebo_test/install/onrobot_rg_modbus_tcp:/home/matteo-melzer/gazebo_test/install/onrobot_rg_control:/home/matteo-melzer/gazebo_test/install/onrobot_driver:/home/matteo-melzer/ros2_ws/install/py_srvcli:/home/matteo-melzer/ros2_ws/install/py_pubsub:/home/matteo-melzer/ws_moveit/install/moveit_configs_utils:/home/matteo-melzer/ws_moveit/install/launch_param_builder:/opt/ros/humble /usr/bin/cmake /home/matteo-melzer/gazebo_test/src/onrobot_ros/onrobot_description -DCMAKE_INSTALL_PREFIX=/home/matteo-melzer/gazebo_test/install/onrobot_description
[0.082s] -- Found ament_cmake: 1.3.11 (/opt/ros/humble/share/ament_cmake/cmake)
[0.482s] -- Override CMake install command with custom implementation using symlinks instead of copying resources
[0.506s] -- Found ament_lint_auto: 0.12.12 (/opt/ros/humble/share/ament_lint_auto/cmake)
[0.753s] -- Added test 'copyright' to check source files copyright and LICENSE
[0.783s] -- Added test 'flake8' to check Python code syntax and style conventions
[0.789s] -- Added test 'lint_cmake' to check CMake code style
[0.801s] -- Added test 'pep257' to check Python code against some of the docstring style conventions in PEP 257
[0.820s] -- Added test 'xmllint' to check XML markup files
[0.822s] -- Configuring done
[0.852s] -- Generating done
[0.859s] -- Build files have been written to: /home/matteo-melzer/gazebo_test/build/onrobot_description
[1.150s] Invoked command in '/home/matteo-melzer/gazebo_test/build/onrobot_description' returned '0': CMAKE_PREFIX_PATH=${CMAKE_PREFIX_PATH}:/home/matteo-melzer/gazebo_test/install/onrobot_rg_modbus_tcp:/home/matteo-melzer/gazebo_test/install/onrobot_rg_control:/home/matteo-melzer/gazebo_test/install/onrobot_driver:/home/matteo-melzer/ros2_ws/install/py_srvcli:/home/matteo-melzer/ros2_ws/install/py_pubsub:/home/matteo-melzer/ws_moveit/install/moveit_configs_utils:/home/matteo-melzer/ws_moveit/install/launch_param_builder:/opt/ros/humble /usr/bin/cmake /home/matteo-melzer/gazebo_test/src/onrobot_ros/onrobot_description -DCMAKE_INSTALL_PREFIX=/home/matteo-melzer/gazebo_test/install/onrobot_description
[1.152s] Invoking command in '/home/matteo-melzer/gazebo_test/build/onrobot_description': CMAKE_PREFIX_PATH=${CMAKE_PREFIX_PATH}:/home/matteo-melzer/gazebo_test/install/onrobot_rg_modbus_tcp:/home/matteo-melzer/gazebo_test/install/onrobot_rg_control:/home/matteo-melzer/gazebo_test/install/onrobot_driver:/home/matteo-melzer/ros2_ws/install/py_srvcli:/home/matteo-melzer/ros2_ws/install/py_pubsub:/home/matteo-melzer/ws_moveit/install/moveit_configs_utils:/home/matteo-melzer/ws_moveit/install/launch_param_builder:/opt/ros/humble /usr/bin/cmake --build /home/matteo-melzer/gazebo_test/build/onrobot_description -- -j2 -l2
[1.340s] Invoked command in '/home/matteo-melzer/gazebo_test/build/onrobot_description' returned '0': CMAKE_PREFIX_PATH=${CMAKE_PREFIX_PATH}:/home/matteo-melzer/gazebo_test/install/onrobot_rg_modbus_tcp:/home/matteo-melzer/gazebo_test/install/onrobot_rg_control:/home/matteo-melzer/gazebo_test/install/onrobot_driver:/home/matteo-melzer/ros2_ws/install/py_srvcli:/home/matteo-melzer/ros2_ws/install/py_pubsub:/home/matteo-melzer/ws_moveit/install/moveit_configs_utils:/home/matteo-melzer/ws_moveit/install/launch_param_builder:/opt/ros/humble /usr/bin/cmake --build /home/matteo-melzer/gazebo_test/build/onrobot_description -- -j2 -l2
[1.346s] Invoking command in '/home/matteo-melzer/gazebo_test/build/onrobot_description': CMAKE_PREFIX_PATH=${CMAKE_PREFIX_PATH}:/home/matteo-melzer/gazebo_test/install/onrobot_rg_modbus_tcp:/home/matteo-melzer/gazebo_test/install/onrobot_rg_control:/home/matteo-melzer/gazebo_test/install/onrobot_driver:/home/matteo-melzer/ros2_ws/install/py_srvcli:/home/matteo-melzer/ros2_ws/install/py_pubsub:/home/matteo-melzer/ws_moveit/install/moveit_configs_utils:/home/matteo-melzer/ws_moveit/install/launch_param_builder:/opt/ros/humble /usr/bin/cmake --install /home/matteo-melzer/gazebo_test/build/onrobot_description
[1.397s] -- Install configuration: ""
[1.399s] -- Execute custom install script
[1.403s] -- Up-to-date symlink: /home/matteo-melzer/gazebo_test/install/onrobot_description/share/onrobot_description/launch/test.launch.py
[1.403s] -- Up-to-date symlink: /home/matteo-melzer/gazebo_test/install/onrobot_description/share/onrobot_description/launch/test_gazebo.launch.py
[1.403s] -- Up-to-date symlink: /home/matteo-melzer/gazebo_test/install/onrobot_description/share/onrobot_description/config/rg2_v1.yaml
[1.403s] -- Up-to-date symlink: /home/matteo-melzer/gazebo_test/install/onrobot_description/share/onrobot_description/config/rg6_v1.yaml
[1.403s] -- Up-to-date symlink: /home/matteo-melzer/gazebo_test/install/onrobot_description/share/onrobot_description/config/rg6_v2.yaml
[1.403s] -- Up-to-date symlink: /home/matteo-melzer/gazebo_test/install/onrobot_description/share/onrobot_description/urdf/materials.urdf.xacro
[1.403s] -- Up-to-date symlink: /home/matteo-melzer/gazebo_test/install/onrobot_description/share/onrobot_description/urdf/onrobot_rg.gazebo.xacro
[1.404s] -- Up-to-date symlink: /home/matteo-melzer/gazebo_test/install/onrobot_description/share/onrobot_description/urdf/onrobot_rg.srdf.xacro
[1.404s] -- Up-to-date symlink: /home/matteo-melzer/gazebo_test/install/onrobot_description/share/onrobot_description/urdf/onrobot_rg.transmission.xacro
[1.404s] -- Up-to-date symlink: /home/matteo-melzer/gazebo_test/install/onrobot_description/share/onrobot_description/urdf/onrobot_rg.urdf.xacro
[1.409s] -- Up-to-date symlink: /home/matteo-melzer/gazebo_test/install/onrobot_description/share/onrobot_description/urdf/onrobot_ros2_control.urdf.xacro
[1.410s] -- Up-to-date symlink: /home/matteo-melzer/gazebo_test/install/onrobot_description/share/onrobot_description/urdf/test.urdf.xacro
[1.420s] -- Up-to-date symlink: /home/matteo-melzer/gazebo_test/install/onrobot_description/share/onrobot_description/meshes/rg2_v1/collision/body.stl
[1.420s] -- Up-to-date symlink: /home/matteo-melzer/gazebo_test/install/onrobot_description/share/onrobot_description/meshes/rg2_v1/collision/finger_tip.stl
[1.420s] -- Up-to-date symlink: /home/matteo-melzer/gazebo_test/install/onrobot_description/share/onrobot_description/meshes/rg2_v1/collision/finger_tip_1.stl
[1.420s] -- Up-to-date symlink: /home/matteo-melzer/gazebo_test/install/onrobot_description/share/onrobot_description/meshes/rg2_v1/collision/finger_tip_2.stl
[1.420s] -- Up-to-date symlink: /home/matteo-melzer/gazebo_test/install/onrobot_description/share/onrobot_description/meshes/rg2_v1/collision/flex_finger.stl
[1.420s] -- Up-to-date symlink: /home/matteo-melzer/gazebo_test/install/onrobot_description/share/onrobot_description/meshes/rg2_v1/collision/moment_arm.stl
[1.420s] -- Up-to-date symlink: /home/matteo-melzer/gazebo_test/install/onrobot_description/share/onrobot_description/meshes/rg2_v1/collision/single_bracket.stl
[1.420s] -- Up-to-date symlink: /home/matteo-melzer/gazebo_test/install/onrobot_description/share/onrobot_description/meshes/rg2_v1/collision/truss_arm.stl
[1.420s] -- Up-to-date symlink: /home/matteo-melzer/gazebo_test/install/onrobot_description/share/onrobot_description/meshes/rg2_v1/visual/body.stl
[1.420s] -- Up-to-date symlink: /home/matteo-melzer/gazebo_test/install/onrobot_description/share/onrobot_description/meshes/rg2_v1/visual/finger_tip.stl
[1.420s] -- Up-to-date symlink: /home/matteo-melzer/gazebo_test/install/onrobot_description/share/onrobot_description/meshes/rg2_v1/visual/flex_finger.stl
[1.421s] -- Up-to-date symlink: /home/matteo-melzer/gazebo_test/install/onrobot_description/share/onrobot_description/meshes/rg2_v1/visual/moment_arm.stl
[1.421s] -- Up-to-date symlink: /home/matteo-melzer/gazebo_test/install/onrobot_description/share/onrobot_description/meshes/rg2_v1/visual/single_bracket.stl
[1.421s] -- Up-to-date symlink: /home/matteo-melzer/gazebo_test/install/onrobot_description/share/onrobot_description/meshes/rg2_v1/visual/truss_arm.stl
[1.421s] -- Up-to-date symlink: /home/matteo-melzer/gazebo_test/install/onrobot_description/share/onrobot_description/meshes/rg6_v1/collision/body.stl
[1.421s] -- Up-to-date symlink: /home/matteo-melzer/gazebo_test/install/onrobot_description/share/onrobot_description/meshes/rg6_v1/collision/body_.stl
[1.421s] -- Up-to-date symlink: /home/matteo-melzer/gazebo_test/install/onrobot_description/share/onrobot_description/meshes/rg6_v1/collision/finger_tip_1.stl
[1.431s] -- Up-to-date symlink: /home/matteo-melzer/gazebo_test/install/onrobot_description/share/onrobot_description/meshes/rg6_v1/collision/finger_tip_2.stl
[1.432s] -- Up-to-date symlink: /home/matteo-melzer/gazebo_test/install/onrobot_description/share/onrobot_description/meshes/rg6_v1/collision/flex_finger.stl
[1.432s] -- Up-to-date symlink: /home/matteo-melzer/gazebo_test/install/onrobot_description/share/onrobot_description/meshes/rg6_v1/collision/moment_arm.stl
[1.432s] -- Up-to-date symlink: /home/matteo-melzer/gazebo_test/install/onrobot_description/share/onrobot_description/meshes/rg6_v1/collision/safety_shield.stl
[1.432s] -- Up-to-date symlink: /home/matteo-melzer/gazebo_test/install/onrobot_description/share/onrobot_description/meshes/rg6_v1/collision/single_bracket.stl
[1.432s] -- Up-to-date symlink: /home/matteo-melzer/gazebo_test/install/onrobot_description/share/onrobot_description/meshes/rg6_v1/collision/truss_arm.stl
[1.432s] -- Up-to-date symlink: /home/matteo-melzer/gazebo_test/install/onrobot_description/share/onrobot_description/meshes/rg6_v1/visual/body.stl
[1.432s] -- Up-to-date symlink: /home/matteo-melzer/gazebo_test/install/onrobot_description/share/onrobot_description/meshes/rg6_v1/visual/finger_tip.stl
[1.432s] -- Up-to-date symlink: /home/matteo-melzer/gazebo_test/install/onrobot_description/share/onrobot_description/meshes/rg6_v1/visual/flex_finger.stl
[1.432s] -- Up-to-date symlink: /home/matteo-melzer/gazebo_test/install/onrobot_description/share/onrobot_description/meshes/rg6_v1/visual/moment_arm.stl
[1.432s] -- Up-to-date symlink: /home/matteo-melzer/gazebo_test/install/onrobot_description/share/onrobot_description/meshes/rg6_v1/visual/safety_shield.stl
[1.432s] -- Up-to-date symlink: /home/matteo-melzer/gazebo_test/install/onrobot_description/share/onrobot_description/meshes/rg6_v1/visual/single_bracket.stl
[1.432s] -- Up-to-date symlink: /home/matteo-melzer/gazebo_test/install/onrobot_description/share/onrobot_description/meshes/rg6_v1/visual/truss_arm.stl
[1.432s] -- Up-to-date symlink: /home/matteo-melzer/gazebo_test/install/onrobot_description/share/onrobot_description/meshes/rg6_v2/collision/body.stl
[1.432s] -- Up-to-date symlink: /home/matteo-melzer/gazebo_test/install/onrobot_description/share/onrobot_description/meshes/rg6_v2/collision/finger_tip_1.stl
[1.437s] -- Up-to-date symlink: /home/matteo-melzer/gazebo_test/install/onrobot_description/share/onrobot_description/meshes/rg6_v2/collision/finger_tip_2.stl
[1.437s] -- Up-to-date symlink: /home/matteo-melzer/gazebo_test/install/onrobot_description/share/onrobot_description/meshes/rg6_v2/collision/flex_finger.stl
[1.437s] -- Up-to-date symlink: /home/matteo-melzer/gazebo_test/install/onrobot_description/share/onrobot_description/meshes/rg6_v2/collision/moment_arm.stl
[1.437s] -- Up-to-date symlink: /home/matteo-melzer/gazebo_test/install/onrobot_description/share/onrobot_description/meshes/rg6_v2/collision/safety_shield.stl
[1.437s] -- Up-to-date symlink: /home/matteo-melzer/gazebo_test/install/onrobot_description/share/onrobot_description/meshes/rg6_v2/collision/single_bracket.stl
[1.437s] -- Up-to-date symlink: /home/matteo-melzer/gazebo_test/install/onrobot_description/share/onrobot_description/meshes/rg6_v2/collision/truss_arm.stl
[1.441s] -- Up-to-date symlink: /home/matteo-melzer/gazebo_test/install/onrobot_description/share/onrobot_description/meshes/rg6_v2/visual/body.stl
[1.441s] -- Up-to-date symlink: /home/matteo-melzer/gazebo_test/install/onrobot_description/share/onrobot_description/meshes/rg6_v2/visual/finger_tip.stl
[1.441s] -- Up-to-date symlink: /home/matteo-melzer/gazebo_test/install/onrobot_description/share/onrobot_description/meshes/rg6_v2/visual/flex_finger.stl
[1.441s] -- Up-to-date symlink: /home/matteo-melzer/gazebo_test/install/onrobot_description/share/onrobot_description/meshes/rg6_v2/visual/moment_arm.stl
[1.455s] -- Up-to-date symlink: /home/matteo-melzer/gazebo_test/install/onrobot_description/share/onrobot_description/meshes/rg6_v2/visual/safety_shield.stl
[1.455s] -- Up-to-date symlink: /home/matteo-melzer/gazebo_test/install/onrobot_description/share/onrobot_description/meshes/rg6_v2/visual/single_bracket.stl
[1.455s] -- Up-to-date symlink: /home/matteo-melzer/gazebo_test/install/onrobot_description/share/onrobot_description/meshes/rg6_v2/visual/truss_arm.stl
[1.455s] -- Up-to-date symlink: /home/matteo-melzer/gazebo_test/install/onrobot_description/share/onrobot_description/rviz/urdf.rviz
[1.455s] -- Up-to-date symlink: /home/matteo-melzer/gazebo_test/install/onrobot_description/share/onrobot_description/world/test.sdf
[1.455s] -- Up-to-date symlink: /home/matteo-melzer/gazebo_test/install/onrobot_description/share/ament_index/resource_index/package_run_dependencies/onrobot_description
[1.455s] -- Up-to-date symlink: /home/matteo-melzer/gazebo_test/install/onrobot_description/share/ament_index/resource_index/parent_prefix_path/onrobot_description
[1.455s] -- Up-to-date symlink: /home/matteo-melzer/gazebo_test/install/onrobot_description/share/onrobot_description/environment/ament_prefix_path.sh
[1.456s] -- Up-to-date symlink: /home/matteo-melzer/gazebo_test/install/onrobot_description/share/onrobot_description/environment/ament_prefix_path.dsv
[1.456s] -- Up-to-date symlink: /home/matteo-melzer/gazebo_test/install/onrobot_description/share/onrobot_description/environment/path.sh
[1.456s] -- Up-to-date symlink: /home/matteo-melzer/gazebo_test/install/onrobot_description/share/onrobot_description/environment/path.dsv
[1.456s] -- Up-to-date symlink: /home/matteo-melzer/gazebo_test/install/onrobot_description/share/onrobot_description/local_setup.bash
[1.456s] -- Up-to-date symlink: /home/matteo-melzer/gazebo_test/install/onrobot_description/share/onrobot_description/local_setup.sh
[1.456s] -- Up-to-date symlink: /home/matteo-melzer/gazebo_test/install/onrobot_description/share/onrobot_description/local_setup.zsh
[1.456s] -- Up-to-date symlink: /home/matteo-melzer/gazebo_test/install/onrobot_description/share/onrobot_description/local_setup.dsv
[1.456s] -- Symlinking: /home/matteo-melzer/gazebo_test/install/onrobot_description/share/onrobot_description/package.dsv
[1.479s] -- Up-to-date symlink: /home/matteo-melzer/gazebo_test/install/onrobot_description/share/ament_index/resource_index/packages/onrobot_description
[1.479s] -- Up-to-date symlink: /home/matteo-melzer/gazebo_test/install/onrobot_description/share/onrobot_description/cmake/onrobot_descriptionConfig.cmake
[1.479s] -- Up-to-date symlink: /home/matteo-melzer/gazebo_test/install/onrobot_description/share/onrobot_description/cmake/onrobot_descriptionConfig-version.cmake
[1.479s] -- Up-to-date symlink: /home/matteo-melzer/gazebo_test/install/onrobot_description/share/onrobot_description/package.xml
[1.485s] Invoked command in '/home/matteo-melzer/gazebo_test/build/onrobot_description' returned '0': CMAKE_PREFIX_PATH=${CMAKE_PREFIX_PATH}:/home/matteo-melzer/gazebo_test/install/onrobot_rg_modbus_tcp:/home/matteo-melzer/gazebo_test/install/onrobot_rg_control:/home/matteo-melzer/gazebo_test/install/onrobot_driver:/home/matteo-melzer/ros2_ws/install/py_srvcli:/home/matteo-melzer/ros2_ws/install/py_pubsub:/home/matteo-melzer/ws_moveit/install/moveit_configs_utils:/home/matteo-melzer/ws_moveit/install/launch_param_builder:/opt/ros/humble /usr/bin/cmake --install /home/matteo-melzer/gazebo_test/build/onrobot_description
