[0.000000] (-) TimerEvent: {}
[0.000717] (-) JobUnselected: {'identifier': 'librealsense2'}
[0.000761] (-) JobUnselected: {'identifier': 'net_ft_description'}
[0.000775] (-) JobUnselected: {'identifier': 'net_ft_diagnostic_broadcaster'}
[0.000786] (-) JobUnselected: {'identifier': 'net_ft_driver'}
[0.000796] (-) JobUnselected: {'identifier': 'onrobot_control'}
[0.000805] (-) JobUnselected: {'identifier': 'onrobot_description'}
[0.000814] (-) JobUnselected: {'identifier': 'onrobot_driver'}
[0.000823] (-) JobUnselected: {'identifier': 'onrobot_rg_control'}
[0.000832] (-) JobUnselected: {'identifier': 'onrobot_rg_description'}
[0.000840] (-) JobUnselected: {'identifier': 'onrobot_rg_modbus_tcp'}
[0.000849] (-) JobUnselected: {'identifier': 'onrobot_rg_msgs'}
[0.000858] (-) JobUnselected: {'identifier': 'realsense2_camera'}
[0.000866] (-) JobUnselected: {'identifier': 'realsense2_camera_msgs'}
[0.000875] (-) JobUnselected: {'identifier': 'realsense2_description'}
[0.000884] (-) JobUnselected: {'identifier': 'ur10e_flex_moveit_config'}
[0.000892] (-) JobUnselected: {'identifier': 'ur10e_ft_rg2_moveit_config'}
[0.000901] (-) JobUnselected: {'identifier': 'ur10e_gazebo_sim'}
[0.000910] (-) JobUnselected: {'identifier': 'ur_description'}
[0.000918] (-) JobUnselected: {'identifier': 'ur_simulation_gazebo'}
[0.001179] (-) EventReactorShutdown: {}
