[0.097s] DEBUG:colcon:Command line arguments: ['/usr/bin/colcon', 'build']
[0.097s] DEBUG:colcon:Parsed command line arguments: Namespace(log_base=None, log_level=None, verb_name='build', build_base='build', install_base='install', merge_install=False, symlink_install=False, test_result_base=None, continue_on_error=False, executor='parallel', parallel_workers=2, event_handlers=None, ignore_user_meta=False, metas=['./colcon.meta'], base_paths=['.'], packages_ignore=None, packages_ignore_regex=None, paths=None, packages_up_to=None, packages_up_to_regex=None, packages_above=None, packages_above_and_dependencies=None, packages_above_depth=None, packages_select_by_dep=None, packages_skip_by_dep=None, packages_skip_up_to=None, packages_select_build_failed=False, packages_skip_build_finished=False, packages_select_test_failures=False, packages_skip_test_passed=False, packages_select=None, packages_skip=None, packages_select_regex=None, packages_skip_regex=None, packages_start=None, packages_end=None, allow_overriding=[], cmake_args=None, cmake_target=None, cmake_target_skip_unavailable=False, cmake_clean_cache=False, cmake_clean_first=False, cmake_force_configure=False, ament_cmake_args=None, catkin_cmake_args=None, catkin_skip_building_tests=False, mixin_files=None, mixin=None, verb_parser=<colcon_mixin.mixin.mixin_argument.MixinArgumentDecorator object at 0x751599f88220>, verb_extension=<colcon_core.verb.build.BuildVerb object at 0x751599f05810>, main=<bound method BuildVerb.main of <colcon_core.verb.build.BuildVerb object at 0x751599f05810>>, mixin_verb=('build',))
[0.243s] Level 1:colcon.colcon_core.package_discovery:discover_packages(colcon_meta) check parameters
[0.243s] Level 1:colcon.colcon_core.package_discovery:discover_packages(recursive) check parameters
[0.243s] Level 1:colcon.colcon_core.package_discovery:discover_packages(ignore) check parameters
[0.243s] Level 1:colcon.colcon_core.package_discovery:discover_packages(path) check parameters
[0.243s] Level 1:colcon.colcon_core.package_discovery:discover_packages(colcon_meta) discover
[0.243s] Level 1:colcon.colcon_core.package_discovery:discover_packages(recursive) discover
[0.243s] INFO:colcon.colcon_core.package_discovery:Crawling recursively for packages in '/home/matteo-melzer/gazebo_test'
[0.243s] Level 1:colcon.colcon_core.package_identification:_identify(.) by extensions ['ignore', 'ignore_ament_install']
[0.243s] Level 1:colcon.colcon_core.package_identification:_identify(.) by extension 'ignore'
[0.243s] Level 1:colcon.colcon_core.package_identification:_identify(.) by extension 'ignore_ament_install'
[0.243s] Level 1:colcon.colcon_core.package_identification:_identify(.) by extensions ['colcon_pkg']
[0.243s] Level 1:colcon.colcon_core.package_identification:_identify(.) by extension 'colcon_pkg'
[0.243s] Level 1:colcon.colcon_core.package_identification:_identify(.) by extensions ['colcon_meta']
[0.243s] Level 1:colcon.colcon_core.package_identification:_identify(.) by extension 'colcon_meta'
[0.243s] Level 1:colcon.colcon_core.package_identification:_identify(.) by extensions ['ros']
[0.243s] Level 1:colcon.colcon_core.package_identification:_identify(.) by extension 'ros'
[0.252s] Level 1:colcon.colcon_core.package_identification:_identify(.) by extensions ['cmake', 'python']
[0.252s] Level 1:colcon.colcon_core.package_identification:_identify(.) by extension 'cmake'
[0.252s] Level 1:colcon.colcon_core.package_identification:_identify(.) by extension 'python'
[0.252s] Level 1:colcon.colcon_core.package_identification:_identify(.) by extensions ['python_setup_py']
[0.252s] Level 1:colcon.colcon_core.package_identification:_identify(.) by extension 'python_setup_py'
[0.252s] Level 1:colcon.colcon_core.package_identification:_identify(build) by extensions ['ignore', 'ignore_ament_install']
[0.253s] Level 1:colcon.colcon_core.package_identification:_identify(build) by extension 'ignore'
[0.253s] Level 1:colcon.colcon_core.package_identification:_identify(build) ignored
[0.253s] Level 1:colcon.colcon_core.package_identification:_identify(install) by extensions ['ignore', 'ignore_ament_install']
[0.253s] Level 1:colcon.colcon_core.package_identification:_identify(install) by extension 'ignore'
[0.253s] Level 1:colcon.colcon_core.package_identification:_identify(install) ignored
[0.253s] Level 1:colcon.colcon_core.package_identification:_identify(log) by extensions ['ignore', 'ignore_ament_install']
[0.253s] Level 1:colcon.colcon_core.package_identification:_identify(log) by extension 'ignore'
[0.253s] Level 1:colcon.colcon_core.package_identification:_identify(log) ignored
[0.253s] Level 1:colcon.colcon_core.package_identification:_identify(src) by extensions ['ignore', 'ignore_ament_install']
[0.253s] Level 1:colcon.colcon_core.package_identification:_identify(src) by extension 'ignore'
[0.253s] Level 1:colcon.colcon_core.package_identification:_identify(src) by extension 'ignore_ament_install'
[0.253s] Level 1:colcon.colcon_core.package_identification:_identify(src) by extensions ['colcon_pkg']
[0.253s] Level 1:colcon.colcon_core.package_identification:_identify(src) by extension 'colcon_pkg'
[0.253s] Level 1:colcon.colcon_core.package_identification:_identify(src) by extensions ['colcon_meta']
[0.254s] Level 1:colcon.colcon_core.package_identification:_identify(src) by extension 'colcon_meta'
[0.254s] Level 1:colcon.colcon_core.package_identification:_identify(src) by extensions ['ros']
[0.254s] Level 1:colcon.colcon_core.package_identification:_identify(src) by extension 'ros'
[0.254s] Level 1:colcon.colcon_core.package_identification:_identify(src) by extensions ['cmake', 'python']
[0.254s] Level 1:colcon.colcon_core.package_identification:_identify(src) by extension 'cmake'
[0.254s] Level 1:colcon.colcon_core.package_identification:_identify(src) by extension 'python'
[0.254s] Level 1:colcon.colcon_core.package_identification:_identify(src) by extensions ['python_setup_py']
[0.254s] Level 1:colcon.colcon_core.package_identification:_identify(src) by extension 'python_setup_py'
[0.254s] Level 1:colcon.colcon_core.package_identification:_identify(src/Universal_Robots_ROS2_Description) by extensions ['ignore', 'ignore_ament_install']
[0.254s] Level 1:colcon.colcon_core.package_identification:_identify(src/Universal_Robots_ROS2_Description) by extension 'ignore'
[0.254s] Level 1:colcon.colcon_core.package_identification:_identify(src/Universal_Robots_ROS2_Description) by extension 'ignore_ament_install'
[0.254s] Level 1:colcon.colcon_core.package_identification:_identify(src/Universal_Robots_ROS2_Description) by extensions ['colcon_pkg']
[0.254s] Level 1:colcon.colcon_core.package_identification:_identify(src/Universal_Robots_ROS2_Description) by extension 'colcon_pkg'
[0.254s] Level 1:colcon.colcon_core.package_identification:_identify(src/Universal_Robots_ROS2_Description) by extensions ['colcon_meta']
[0.254s] Level 1:colcon.colcon_core.package_identification:_identify(src/Universal_Robots_ROS2_Description) by extension 'colcon_meta'
[0.254s] Level 1:colcon.colcon_core.package_identification:_identify(src/Universal_Robots_ROS2_Description) by extensions ['ros']
[0.254s] Level 1:colcon.colcon_core.package_identification:_identify(src/Universal_Robots_ROS2_Description) by extension 'ros'
[0.263s] DEBUG:colcon.colcon_core.package_identification:Package 'src/Universal_Robots_ROS2_Description' with type 'ros.ament_cmake' and name 'ur_description'
[0.264s] Level 1:colcon.colcon_core.package_identification:_identify(src/Universal_Robots_ROS2_Gazebo_Simulation) by extensions ['ignore', 'ignore_ament_install']
[0.264s] Level 1:colcon.colcon_core.package_identification:_identify(src/Universal_Robots_ROS2_Gazebo_Simulation) by extension 'ignore'
[0.264s] Level 1:colcon.colcon_core.package_identification:_identify(src/Universal_Robots_ROS2_Gazebo_Simulation) by extension 'ignore_ament_install'
[0.264s] Level 1:colcon.colcon_core.package_identification:_identify(src/Universal_Robots_ROS2_Gazebo_Simulation) by extensions ['colcon_pkg']
[0.264s] Level 1:colcon.colcon_core.package_identification:_identify(src/Universal_Robots_ROS2_Gazebo_Simulation) by extension 'colcon_pkg'
[0.264s] Level 1:colcon.colcon_core.package_identification:_identify(src/Universal_Robots_ROS2_Gazebo_Simulation) by extensions ['colcon_meta']
[0.264s] Level 1:colcon.colcon_core.package_identification:_identify(src/Universal_Robots_ROS2_Gazebo_Simulation) by extension 'colcon_meta'
[0.264s] Level 1:colcon.colcon_core.package_identification:_identify(src/Universal_Robots_ROS2_Gazebo_Simulation) by extensions ['ros']
[0.264s] Level 1:colcon.colcon_core.package_identification:_identify(src/Universal_Robots_ROS2_Gazebo_Simulation) by extension 'ros'
[0.264s] Level 1:colcon.colcon_core.package_identification:_identify(src/Universal_Robots_ROS2_Gazebo_Simulation) by extensions ['cmake', 'python']
[0.264s] Level 1:colcon.colcon_core.package_identification:_identify(src/Universal_Robots_ROS2_Gazebo_Simulation) by extension 'cmake'
[0.264s] Level 1:colcon.colcon_core.package_identification:_identify(src/Universal_Robots_ROS2_Gazebo_Simulation) by extension 'python'
[0.264s] Level 1:colcon.colcon_core.package_identification:_identify(src/Universal_Robots_ROS2_Gazebo_Simulation) by extensions ['python_setup_py']
[0.264s] Level 1:colcon.colcon_core.package_identification:_identify(src/Universal_Robots_ROS2_Gazebo_Simulation) by extension 'python_setup_py'
[0.264s] Level 1:colcon.colcon_core.package_identification:_identify(src/Universal_Robots_ROS2_Gazebo_Simulation/ur_simulation_gazebo) by extensions ['ignore', 'ignore_ament_install']
[0.264s] Level 1:colcon.colcon_core.package_identification:_identify(src/Universal_Robots_ROS2_Gazebo_Simulation/ur_simulation_gazebo) by extension 'ignore'
[0.264s] Level 1:colcon.colcon_core.package_identification:_identify(src/Universal_Robots_ROS2_Gazebo_Simulation/ur_simulation_gazebo) by extension 'ignore_ament_install'
[0.264s] Level 1:colcon.colcon_core.package_identification:_identify(src/Universal_Robots_ROS2_Gazebo_Simulation/ur_simulation_gazebo) by extensions ['colcon_pkg']
[0.265s] Level 1:colcon.colcon_core.package_identification:_identify(src/Universal_Robots_ROS2_Gazebo_Simulation/ur_simulation_gazebo) by extension 'colcon_pkg'
[0.265s] Level 1:colcon.colcon_core.package_identification:_identify(src/Universal_Robots_ROS2_Gazebo_Simulation/ur_simulation_gazebo) by extensions ['colcon_meta']
[0.265s] Level 1:colcon.colcon_core.package_identification:_identify(src/Universal_Robots_ROS2_Gazebo_Simulation/ur_simulation_gazebo) by extension 'colcon_meta'
[0.265s] Level 1:colcon.colcon_core.package_identification:_identify(src/Universal_Robots_ROS2_Gazebo_Simulation/ur_simulation_gazebo) by extensions ['ros']
[0.265s] Level 1:colcon.colcon_core.package_identification:_identify(src/Universal_Robots_ROS2_Gazebo_Simulation/ur_simulation_gazebo) by extension 'ros'
[0.265s] DEBUG:colcon.colcon_core.package_identification:Package 'src/Universal_Robots_ROS2_Gazebo_Simulation/ur_simulation_gazebo' with type 'ros.ament_cmake' and name 'ur_simulation_gazebo'
[0.265s] Level 1:colcon.colcon_core.package_discovery:discover_packages(recursive) using defaults
[0.265s] Level 1:colcon.colcon_core.package_discovery:discover_packages(ignore) discover
[0.265s] Level 1:colcon.colcon_core.package_discovery:discover_packages(ignore) using defaults
[0.265s] Level 1:colcon.colcon_core.package_discovery:discover_packages(path) discover
[0.265s] Level 1:colcon.colcon_core.package_discovery:discover_packages(path) using defaults
[0.280s] Level 1:colcon.colcon_core.package_discovery:discover_packages(prefix_path) check parameters
[0.280s] Level 1:colcon.colcon_core.package_discovery:discover_packages(prefix_path) discover
[0.283s] DEBUG:colcon.colcon_installed_package_information.package_discovery:Found 0 installed packages in /home/matteo-melzer/gazebo_test/install
[0.285s] DEBUG:colcon.colcon_installed_package_information.package_discovery:Found 61 installed packages in /home/matteo-melzer/ws_moveit/install
[0.285s] DEBUG:colcon.colcon_installed_package_information.package_discovery:Found 5 installed packages in /home/matteo-melzer/ros2_ws/install
[0.287s] DEBUG:colcon.colcon_installed_package_information.package_discovery:Found 394 installed packages in /opt/ros/humble
[0.289s] Level 1:colcon.colcon_core.package_discovery:discover_packages(prefix_path) using defaults
[0.328s] WARNING:colcon.colcon_core.package_selection:Some selected packages are already built in one or more underlay workspaces:
	'ur_description' is in: /home/matteo-melzer/ws_moveit/install/ur_description, /home/matteo-melzer/ros2_ws/install/ur_description, /opt/ros/humble
If a package in a merged underlay workspace is overridden and it installs headers, then all packages in the overlay must sort their include directories by workspace order. Failure to do so may result in build failures or undefined behavior at run time.
If the overridden package is used by another package in any underlay, then the overriding package in the overlay must be API and ABI compatible or undefined behavior at run time may occur.

If you understand the risks and want to override a package anyways, add the following to the command line:
	--allow-overriding ur_description

This may be promoted to an error in a future release of colcon-override-check.
[0.329s] Level 5:colcon.colcon_core.verb:set package 'ur_description' build argument 'cmake_args' from command line to 'None'
[0.329s] Level 5:colcon.colcon_core.verb:set package 'ur_description' build argument 'cmake_target' from command line to 'None'
[0.329s] Level 5:colcon.colcon_core.verb:set package 'ur_description' build argument 'cmake_target_skip_unavailable' from command line to 'False'
[0.329s] Level 5:colcon.colcon_core.verb:set package 'ur_description' build argument 'cmake_clean_cache' from command line to 'False'
[0.329s] Level 5:colcon.colcon_core.verb:set package 'ur_description' build argument 'cmake_clean_first' from command line to 'False'
[0.330s] Level 5:colcon.colcon_core.verb:set package 'ur_description' build argument 'cmake_force_configure' from command line to 'False'
[0.330s] Level 5:colcon.colcon_core.verb:set package 'ur_description' build argument 'ament_cmake_args' from command line to 'None'
[0.330s] Level 5:colcon.colcon_core.verb:set package 'ur_description' build argument 'catkin_cmake_args' from command line to 'None'
[0.330s] Level 5:colcon.colcon_core.verb:set package 'ur_description' build argument 'catkin_skip_building_tests' from command line to 'False'
[0.330s] DEBUG:colcon.colcon_core.verb:Building package 'ur_description' with the following arguments: {'ament_cmake_args': None, 'build_base': '/home/matteo-melzer/gazebo_test/build/ur_description', 'catkin_cmake_args': None, 'catkin_skip_building_tests': False, 'cmake_args': None, 'cmake_clean_cache': False, 'cmake_clean_first': False, 'cmake_force_configure': False, 'cmake_target': None, 'cmake_target_skip_unavailable': False, 'install_base': '/home/matteo-melzer/gazebo_test/install/ur_description', 'merge_install': False, 'path': '/home/matteo-melzer/gazebo_test/src/Universal_Robots_ROS2_Description', 'symlink_install': False, 'test_result_base': None}
[0.330s] Level 5:colcon.colcon_core.verb:set package 'ur_simulation_gazebo' build argument 'cmake_args' from command line to 'None'
[0.330s] Level 5:colcon.colcon_core.verb:set package 'ur_simulation_gazebo' build argument 'cmake_target' from command line to 'None'
[0.330s] Level 5:colcon.colcon_core.verb:set package 'ur_simulation_gazebo' build argument 'cmake_target_skip_unavailable' from command line to 'False'
[0.330s] Level 5:colcon.colcon_core.verb:set package 'ur_simulation_gazebo' build argument 'cmake_clean_cache' from command line to 'False'
[0.330s] Level 5:colcon.colcon_core.verb:set package 'ur_simulation_gazebo' build argument 'cmake_clean_first' from command line to 'False'
[0.330s] Level 5:colcon.colcon_core.verb:set package 'ur_simulation_gazebo' build argument 'cmake_force_configure' from command line to 'False'
[0.330s] Level 5:colcon.colcon_core.verb:set package 'ur_simulation_gazebo' build argument 'ament_cmake_args' from command line to 'None'
[0.330s] Level 5:colcon.colcon_core.verb:set package 'ur_simulation_gazebo' build argument 'catkin_cmake_args' from command line to 'None'
[0.330s] Level 5:colcon.colcon_core.verb:set package 'ur_simulation_gazebo' build argument 'catkin_skip_building_tests' from command line to 'False'
[0.330s] DEBUG:colcon.colcon_core.verb:Building package 'ur_simulation_gazebo' with the following arguments: {'ament_cmake_args': None, 'build_base': '/home/matteo-melzer/gazebo_test/build/ur_simulation_gazebo', 'catkin_cmake_args': None, 'catkin_skip_building_tests': False, 'cmake_args': None, 'cmake_clean_cache': False, 'cmake_clean_first': False, 'cmake_force_configure': False, 'cmake_target': None, 'cmake_target_skip_unavailable': False, 'install_base': '/home/matteo-melzer/gazebo_test/install/ur_simulation_gazebo', 'merge_install': False, 'path': '/home/matteo-melzer/gazebo_test/src/Universal_Robots_ROS2_Gazebo_Simulation/ur_simulation_gazebo', 'symlink_install': False, 'test_result_base': None}
[0.330s] INFO:colcon.colcon_core.executor:Executing jobs using 'parallel' executor
[0.331s] DEBUG:colcon.colcon_parallel_executor.executor.parallel:run_until_complete
[0.331s] INFO:colcon.colcon_ros.task.ament_cmake.build:Building ROS package in '/home/matteo-melzer/gazebo_test/src/Universal_Robots_ROS2_Description' with build type 'ament_cmake'
[0.331s] INFO:colcon.colcon_cmake.task.cmake.build:Building CMake package in '/home/matteo-melzer/gazebo_test/src/Universal_Robots_ROS2_Description'
[0.333s] INFO:colcon.colcon_core.plugin_system:Skipping extension 'colcon_core.shell.bat': Not used on non-Windows systems
[0.334s] INFO:colcon.colcon_core.shell:Skip shell extension 'powershell' for command environment: Not usable outside of PowerShell
[0.334s] DEBUG:colcon.colcon_core.shell:Skip shell extension 'dsv' for command environment
[0.355s] DEBUG:colcon.colcon_core.event_handler.log_command:Invoking command in '/home/matteo-melzer/gazebo_test/build/ur_description': CMAKE_PREFIX_PATH=${CMAKE_PREFIX_PATH}:/home/matteo-melzer/ros2_ws/install/py_srvcli:/home/matteo-melzer/ros2_ws/install/py_pubsub:/home/matteo-melzer/ws_moveit/install/moveit_configs_utils:/home/matteo-melzer/ws_moveit/install/launch_param_builder:/opt/ros/humble /usr/bin/cmake /home/matteo-melzer/gazebo_test/src/Universal_Robots_ROS2_Description -DCMAKE_INSTALL_PREFIX=/home/matteo-melzer/gazebo_test/install/ur_description
[2.130s] DEBUG:colcon.colcon_core.event_handler.log_command:Invoked command in '/home/matteo-melzer/gazebo_test/build/ur_description' returned '0': CMAKE_PREFIX_PATH=${CMAKE_PREFIX_PATH}:/home/matteo-melzer/ros2_ws/install/py_srvcli:/home/matteo-melzer/ros2_ws/install/py_pubsub:/home/matteo-melzer/ws_moveit/install/moveit_configs_utils:/home/matteo-melzer/ws_moveit/install/launch_param_builder:/opt/ros/humble /usr/bin/cmake /home/matteo-melzer/gazebo_test/src/Universal_Robots_ROS2_Description -DCMAKE_INSTALL_PREFIX=/home/matteo-melzer/gazebo_test/install/ur_description
[2.131s] DEBUG:colcon.colcon_core.event_handler.log_command:Invoking command in '/home/matteo-melzer/gazebo_test/build/ur_description': CMAKE_PREFIX_PATH=${CMAKE_PREFIX_PATH}:/home/matteo-melzer/ros2_ws/install/py_srvcli:/home/matteo-melzer/ros2_ws/install/py_pubsub:/home/matteo-melzer/ws_moveit/install/moveit_configs_utils:/home/matteo-melzer/ws_moveit/install/launch_param_builder:/opt/ros/humble /usr/bin/cmake --build /home/matteo-melzer/gazebo_test/build/ur_description -- -j2 -l2
[2.187s] DEBUG:colcon.colcon_core.event_handler.log_command:Invoked command in '/home/matteo-melzer/gazebo_test/build/ur_description' returned '0': CMAKE_PREFIX_PATH=${CMAKE_PREFIX_PATH}:/home/matteo-melzer/ros2_ws/install/py_srvcli:/home/matteo-melzer/ros2_ws/install/py_pubsub:/home/matteo-melzer/ws_moveit/install/moveit_configs_utils:/home/matteo-melzer/ws_moveit/install/launch_param_builder:/opt/ros/humble /usr/bin/cmake --build /home/matteo-melzer/gazebo_test/build/ur_description -- -j2 -l2
[2.200s] DEBUG:colcon.colcon_core.event_handler.log_command:Invoking command in '/home/matteo-melzer/gazebo_test/build/ur_description': CMAKE_PREFIX_PATH=${CMAKE_PREFIX_PATH}:/home/matteo-melzer/ros2_ws/install/py_srvcli:/home/matteo-melzer/ros2_ws/install/py_pubsub:/home/matteo-melzer/ws_moveit/install/moveit_configs_utils:/home/matteo-melzer/ws_moveit/install/launch_param_builder:/opt/ros/humble /usr/bin/cmake --install /home/matteo-melzer/gazebo_test/build/ur_description
[2.340s] Level 1:colcon.colcon_core.environment:create_environment_scripts_only(ur_description)
[2.340s] DEBUG:colcon.colcon_core.event_handler.log_command:Invoked command in '/home/matteo-melzer/gazebo_test/build/ur_description' returned '0': CMAKE_PREFIX_PATH=${CMAKE_PREFIX_PATH}:/home/matteo-melzer/ros2_ws/install/py_srvcli:/home/matteo-melzer/ros2_ws/install/py_pubsub:/home/matteo-melzer/ws_moveit/install/moveit_configs_utils:/home/matteo-melzer/ws_moveit/install/launch_param_builder:/opt/ros/humble /usr/bin/cmake --install /home/matteo-melzer/gazebo_test/build/ur_description
[2.350s] Level 1:colcon.colcon_core.environment:checking '/home/matteo-melzer/gazebo_test/install/ur_description' for CMake module files
[2.351s] Level 1:colcon.colcon_core.environment:checking '/home/matteo-melzer/gazebo_test/install/ur_description' for CMake config files
[2.352s] Level 1:colcon.colcon_core.shell:create_environment_hook('ur_description', 'cmake_prefix_path')
[2.352s] INFO:colcon.colcon_core.shell:Creating environment hook '/home/matteo-melzer/gazebo_test/install/ur_description/share/ur_description/hook/cmake_prefix_path.ps1'
[2.353s] INFO:colcon.colcon_core.shell:Creating environment descriptor '/home/matteo-melzer/gazebo_test/install/ur_description/share/ur_description/hook/cmake_prefix_path.dsv'
[2.354s] INFO:colcon.colcon_core.shell:Creating environment hook '/home/matteo-melzer/gazebo_test/install/ur_description/share/ur_description/hook/cmake_prefix_path.sh'
[2.355s] Level 1:colcon.colcon_core.environment:checking '/home/matteo-melzer/gazebo_test/install/ur_description/bin'
[2.355s] Level 1:colcon.colcon_core.environment:checking '/home/matteo-melzer/gazebo_test/install/ur_description/lib/pkgconfig/ur_description.pc'
[2.355s] Level 1:colcon.colcon_core.environment:checking '/home/matteo-melzer/gazebo_test/install/ur_description/lib/python3.10/site-packages'
[2.356s] Level 1:colcon.colcon_core.environment:checking '/home/matteo-melzer/gazebo_test/install/ur_description/bin'
[2.356s] INFO:colcon.colcon_core.shell:Creating package script '/home/matteo-melzer/gazebo_test/install/ur_description/share/ur_description/package.ps1'
[2.357s] INFO:colcon.colcon_core.shell:Creating package descriptor '/home/matteo-melzer/gazebo_test/install/ur_description/share/ur_description/package.dsv'
[2.358s] INFO:colcon.colcon_core.shell:Creating package script '/home/matteo-melzer/gazebo_test/install/ur_description/share/ur_description/package.sh'
[2.359s] INFO:colcon.colcon_core.shell:Creating package script '/home/matteo-melzer/gazebo_test/install/ur_description/share/ur_description/package.bash'
[2.360s] INFO:colcon.colcon_core.shell:Creating package script '/home/matteo-melzer/gazebo_test/install/ur_description/share/ur_description/package.zsh'
[2.361s] Level 1:colcon.colcon_core.environment:create_file_with_runtime_dependencies(/home/matteo-melzer/gazebo_test/install/ur_description/share/colcon-core/packages/ur_description)
[2.362s] Level 1:colcon.colcon_core.environment:create_environment_scripts_only(ur_description)
[2.362s] Level 1:colcon.colcon_core.environment:checking '/home/matteo-melzer/gazebo_test/install/ur_description' for CMake module files
[2.362s] Level 1:colcon.colcon_core.environment:checking '/home/matteo-melzer/gazebo_test/install/ur_description' for CMake config files
[2.363s] Level 1:colcon.colcon_core.shell:create_environment_hook('ur_description', 'cmake_prefix_path')
[2.363s] INFO:colcon.colcon_core.shell:Creating environment hook '/home/matteo-melzer/gazebo_test/install/ur_description/share/ur_description/hook/cmake_prefix_path.ps1'
[2.364s] INFO:colcon.colcon_core.shell:Creating environment descriptor '/home/matteo-melzer/gazebo_test/install/ur_description/share/ur_description/hook/cmake_prefix_path.dsv'
[2.365s] INFO:colcon.colcon_core.shell:Creating environment hook '/home/matteo-melzer/gazebo_test/install/ur_description/share/ur_description/hook/cmake_prefix_path.sh'
[2.366s] Level 1:colcon.colcon_core.environment:checking '/home/matteo-melzer/gazebo_test/install/ur_description/bin'
[2.366s] Level 1:colcon.colcon_core.environment:checking '/home/matteo-melzer/gazebo_test/install/ur_description/lib/pkgconfig/ur_description.pc'
[2.366s] Level 1:colcon.colcon_core.environment:checking '/home/matteo-melzer/gazebo_test/install/ur_description/lib/python3.10/site-packages'
[2.366s] Level 1:colcon.colcon_core.environment:checking '/home/matteo-melzer/gazebo_test/install/ur_description/bin'
[2.367s] INFO:colcon.colcon_core.shell:Creating package script '/home/matteo-melzer/gazebo_test/install/ur_description/share/ur_description/package.ps1'
[2.367s] INFO:colcon.colcon_core.shell:Creating package descriptor '/home/matteo-melzer/gazebo_test/install/ur_description/share/ur_description/package.dsv'
[2.368s] INFO:colcon.colcon_core.shell:Creating package script '/home/matteo-melzer/gazebo_test/install/ur_description/share/ur_description/package.sh'
[2.368s] INFO:colcon.colcon_core.shell:Creating package script '/home/matteo-melzer/gazebo_test/install/ur_description/share/ur_description/package.bash'
[2.369s] INFO:colcon.colcon_core.shell:Creating package script '/home/matteo-melzer/gazebo_test/install/ur_description/share/ur_description/package.zsh'
[2.369s] Level 1:colcon.colcon_core.environment:create_file_with_runtime_dependencies(/home/matteo-melzer/gazebo_test/install/ur_description/share/colcon-core/packages/ur_description)
[2.370s] INFO:colcon.colcon_ros.task.ament_cmake.build:Building ROS package in '/home/matteo-melzer/gazebo_test/src/Universal_Robots_ROS2_Gazebo_Simulation/ur_simulation_gazebo' with build type 'ament_cmake'
[2.370s] INFO:colcon.colcon_cmake.task.cmake.build:Building CMake package in '/home/matteo-melzer/gazebo_test/src/Universal_Robots_ROS2_Gazebo_Simulation/ur_simulation_gazebo'
[2.370s] INFO:colcon.colcon_core.shell:Skip shell extension 'powershell' for command environment: Not usable outside of PowerShell
[2.370s] DEBUG:colcon.colcon_core.shell:Skip shell extension 'dsv' for command environment
[2.388s] DEBUG:colcon.colcon_core.event_handler.log_command:Invoking command in '/home/matteo-melzer/gazebo_test/build/ur_simulation_gazebo': AMENT_PREFIX_PATH=/home/matteo-melzer/gazebo_test/install/ur_description:${AMENT_PREFIX_PATH} CMAKE_PREFIX_PATH=/home/matteo-melzer/gazebo_test/install/ur_description:/home/matteo-melzer/ros2_ws/install/ur_description:/home/matteo-melzer/ros2_ws/install/tutorial_interfaces:/home/matteo-melzer/ros2_ws/install/turtlesim:/home/matteo-melzer/ws_moveit/install/ur_simulation_gazebo:/home/matteo-melzer/ws_moveit/install/ur10e_moveit_config:/home/matteo-melzer/ws_moveit/install/ur_description:/home/matteo-melzer/ws_moveit/install/ur10e_moveit_launch:/home/matteo-melzer/ws_moveit/install/pilz_industrial_motion_planner_testutils:/home/matteo-melzer/ws_moveit/install/moveit_runtime:/home/matteo-melzer/ws_moveit/install/moveit2_tutorials:/home/matteo-melzer/ws_moveit/install/moveit:/home/matteo-melzer/ws_moveit/install/moveit_planners:/home/matteo-melzer/ws_moveit/install/pilz_industrial_motion_planner:/home/matteo-melzer/ws_moveit/install/mtc_tutorial:/home/matteo-melzer/ws_moveit/install/hello_moveit:/home/matteo-melzer/ws_moveit/install/moveit_visual_tools:/home/matteo-melzer/ws_moveit/install/moveit_task_constructor_visualization:/home/matteo-melzer/ws_moveit/install/moveit_task_constructor_demo:/home/matteo-melzer/ws_moveit/install/moveit_task_constructor_capabilities:/home/matteo-melzer/ws_moveit/install/moveit_task_constructor_core:/home/matteo-melzer/ws_moveit/install/moveit_ros_control_interface:/home/matteo-melzer/ws_moveit/install/moveit_plugins:/home/matteo-melzer/ws_moveit/install/moveit_simple_controller_manager:/home/matteo-melzer/ws_moveit/install/moveit_setup_assistant:/home/matteo-melzer/ws_moveit/install/moveit_setup_srdf_plugins:/home/matteo-melzer/ws_moveit/install/moveit_setup_core_plugins:/home/matteo-melzer/ws_moveit/install/moveit_setup_controllers:/home/matteo-melzer/ws_moveit/install/moveit_setup_app_plugins:/home/matteo-melzer/ws_moveit/install/moveit_setup_framework:/home/matteo-melzer/ws_moveit/install/moveit_servo:/home/matteo-melzer/ws_moveit/install/moveit_ros:/home/matteo-melzer/ws_moveit/install/moveit_ros_visualization:/home/matteo-melzer/ws_moveit/install/moveit_hybrid_planning:/home/matteo-melzer/ws_moveit/install/moveit_ros_planning_interface:/home/matteo-melzer/ws_moveit/install/moveit_ros_benchmarks:/home/matteo-melzer/ws_moveit/install/moveit_ros_warehouse:/home/matteo-melzer/ws_moveit/install/moveit_ros_robot_interaction:/home/matteo-melzer/ws_moveit/install/moveit_ros_perception:/home/matteo-melzer/ws_moveit/install/moveit_resources_prbt_pg70_support:/home/matteo-melzer/ws_moveit/install/moveit_resources_prbt_moveit_config:/home/matteo-melzer/ws_moveit/install/moveit_ros_move_group:/home/matteo-melzer/ws_moveit/install/moveit_planners_ompl:/home/matteo-melzer/ws_moveit/install/moveit_ros_planning:/home/matteo-melzer/ws_moveit/install/moveit_ros_occupancy_map_monitor:/home/matteo-melzer/ws_moveit/install/moveit_resources_prbt_ikfast_manipulator_plugin:/home/matteo-melzer/ws_moveit/install/moveit_planners_chomp:/home/matteo-melzer/ws_moveit/install/moveit_kinematics:/home/matteo-melzer/ws_moveit/install/moveit_chomp_optimizer_adapter:/home/matteo-melzer/ws_moveit/install/chomp_motion_planner:/home/matteo-melzer/ws_moveit/install/moveit_core:/home/matteo-melzer/ws_moveit/install/srdfdom:/home/matteo-melzer/ws_moveit/install/rviz_marker_tools:/home/matteo-melzer/ws_moveit/install/rosparam_shortcuts:/home/matteo-melzer/ws_moveit/install/moveit_task_constructor_msgs:/home/matteo-melzer/ws_moveit/install/moveit_resources_prbt_support:/home/matteo-melzer/ws_moveit/install/moveit_resources:/home/matteo-melzer/ws_moveit/install/moveit_resources_pr2_description:/home/matteo-melzer/ws_moveit/install/moveit_resources_panda_moveit_config:/home/matteo-melzer/ws_moveit/install/moveit_resources_panda_description:/home/matteo-melzer/ws_moveit/install/moveit_resources_fanuc_moveit_config:/home/matteo-melzer/ws_moveit/install/moveit_resources_fanuc_description:/home/matteo-melzer/ws_moveit/install/moveit_common:/home/matteo-melzer/ros2_ws/install/py_srvcli:/home/matteo-melzer/ros2_ws/install/py_pubsub:/home/matteo-melzer/ws_moveit/install/moveit_configs_utils:/home/matteo-melzer/ws_moveit/install/launch_param_builder:/opt/ros/humble /usr/bin/cmake /home/matteo-melzer/gazebo_test/src/Universal_Robots_ROS2_Gazebo_Simulation/ur_simulation_gazebo -DCMAKE_INSTALL_PREFIX=/home/matteo-melzer/gazebo_test/install/ur_simulation_gazebo
[3.299s] DEBUG:colcon.colcon_core.event_handler.log_command:Invoked command in '/home/matteo-melzer/gazebo_test/build/ur_simulation_gazebo' returned '0': AMENT_PREFIX_PATH=/home/matteo-melzer/gazebo_test/install/ur_description:${AMENT_PREFIX_PATH} CMAKE_PREFIX_PATH=/home/matteo-melzer/gazebo_test/install/ur_description:/home/matteo-melzer/ros2_ws/install/ur_description:/home/matteo-melzer/ros2_ws/install/tutorial_interfaces:/home/matteo-melzer/ros2_ws/install/turtlesim:/home/matteo-melzer/ws_moveit/install/ur_simulation_gazebo:/home/matteo-melzer/ws_moveit/install/ur10e_moveit_config:/home/matteo-melzer/ws_moveit/install/ur_description:/home/matteo-melzer/ws_moveit/install/ur10e_moveit_launch:/home/matteo-melzer/ws_moveit/install/pilz_industrial_motion_planner_testutils:/home/matteo-melzer/ws_moveit/install/moveit_runtime:/home/matteo-melzer/ws_moveit/install/moveit2_tutorials:/home/matteo-melzer/ws_moveit/install/moveit:/home/matteo-melzer/ws_moveit/install/moveit_planners:/home/matteo-melzer/ws_moveit/install/pilz_industrial_motion_planner:/home/matteo-melzer/ws_moveit/install/mtc_tutorial:/home/matteo-melzer/ws_moveit/install/hello_moveit:/home/matteo-melzer/ws_moveit/install/moveit_visual_tools:/home/matteo-melzer/ws_moveit/install/moveit_task_constructor_visualization:/home/matteo-melzer/ws_moveit/install/moveit_task_constructor_demo:/home/matteo-melzer/ws_moveit/install/moveit_task_constructor_capabilities:/home/matteo-melzer/ws_moveit/install/moveit_task_constructor_core:/home/matteo-melzer/ws_moveit/install/moveit_ros_control_interface:/home/matteo-melzer/ws_moveit/install/moveit_plugins:/home/matteo-melzer/ws_moveit/install/moveit_simple_controller_manager:/home/matteo-melzer/ws_moveit/install/moveit_setup_assistant:/home/matteo-melzer/ws_moveit/install/moveit_setup_srdf_plugins:/home/matteo-melzer/ws_moveit/install/moveit_setup_core_plugins:/home/matteo-melzer/ws_moveit/install/moveit_setup_controllers:/home/matteo-melzer/ws_moveit/install/moveit_setup_app_plugins:/home/matteo-melzer/ws_moveit/install/moveit_setup_framework:/home/matteo-melzer/ws_moveit/install/moveit_servo:/home/matteo-melzer/ws_moveit/install/moveit_ros:/home/matteo-melzer/ws_moveit/install/moveit_ros_visualization:/home/matteo-melzer/ws_moveit/install/moveit_hybrid_planning:/home/matteo-melzer/ws_moveit/install/moveit_ros_planning_interface:/home/matteo-melzer/ws_moveit/install/moveit_ros_benchmarks:/home/matteo-melzer/ws_moveit/install/moveit_ros_warehouse:/home/matteo-melzer/ws_moveit/install/moveit_ros_robot_interaction:/home/matteo-melzer/ws_moveit/install/moveit_ros_perception:/home/matteo-melzer/ws_moveit/install/moveit_resources_prbt_pg70_support:/home/matteo-melzer/ws_moveit/install/moveit_resources_prbt_moveit_config:/home/matteo-melzer/ws_moveit/install/moveit_ros_move_group:/home/matteo-melzer/ws_moveit/install/moveit_planners_ompl:/home/matteo-melzer/ws_moveit/install/moveit_ros_planning:/home/matteo-melzer/ws_moveit/install/moveit_ros_occupancy_map_monitor:/home/matteo-melzer/ws_moveit/install/moveit_resources_prbt_ikfast_manipulator_plugin:/home/matteo-melzer/ws_moveit/install/moveit_planners_chomp:/home/matteo-melzer/ws_moveit/install/moveit_kinematics:/home/matteo-melzer/ws_moveit/install/moveit_chomp_optimizer_adapter:/home/matteo-melzer/ws_moveit/install/chomp_motion_planner:/home/matteo-melzer/ws_moveit/install/moveit_core:/home/matteo-melzer/ws_moveit/install/srdfdom:/home/matteo-melzer/ws_moveit/install/rviz_marker_tools:/home/matteo-melzer/ws_moveit/install/rosparam_shortcuts:/home/matteo-melzer/ws_moveit/install/moveit_task_constructor_msgs:/home/matteo-melzer/ws_moveit/install/moveit_resources_prbt_support:/home/matteo-melzer/ws_moveit/install/moveit_resources:/home/matteo-melzer/ws_moveit/install/moveit_resources_pr2_description:/home/matteo-melzer/ws_moveit/install/moveit_resources_panda_moveit_config:/home/matteo-melzer/ws_moveit/install/moveit_resources_panda_description:/home/matteo-melzer/ws_moveit/install/moveit_resources_fanuc_moveit_config:/home/matteo-melzer/ws_moveit/install/moveit_resources_fanuc_description:/home/matteo-melzer/ws_moveit/install/moveit_common:/home/matteo-melzer/ros2_ws/install/py_srvcli:/home/matteo-melzer/ros2_ws/install/py_pubsub:/home/matteo-melzer/ws_moveit/install/moveit_configs_utils:/home/matteo-melzer/ws_moveit/install/launch_param_builder:/opt/ros/humble /usr/bin/cmake /home/matteo-melzer/gazebo_test/src/Universal_Robots_ROS2_Gazebo_Simulation/ur_simulation_gazebo -DCMAKE_INSTALL_PREFIX=/home/matteo-melzer/gazebo_test/install/ur_simulation_gazebo
[3.301s] DEBUG:colcon.colcon_core.event_handler.log_command:Invoking command in '/home/matteo-melzer/gazebo_test/build/ur_simulation_gazebo': AMENT_PREFIX_PATH=/home/matteo-melzer/gazebo_test/install/ur_description:${AMENT_PREFIX_PATH} CMAKE_PREFIX_PATH=/home/matteo-melzer/gazebo_test/install/ur_description:/home/matteo-melzer/ros2_ws/install/ur_description:/home/matteo-melzer/ros2_ws/install/tutorial_interfaces:/home/matteo-melzer/ros2_ws/install/turtlesim:/home/matteo-melzer/ws_moveit/install/ur_simulation_gazebo:/home/matteo-melzer/ws_moveit/install/ur10e_moveit_config:/home/matteo-melzer/ws_moveit/install/ur_description:/home/matteo-melzer/ws_moveit/install/ur10e_moveit_launch:/home/matteo-melzer/ws_moveit/install/pilz_industrial_motion_planner_testutils:/home/matteo-melzer/ws_moveit/install/moveit_runtime:/home/matteo-melzer/ws_moveit/install/moveit2_tutorials:/home/matteo-melzer/ws_moveit/install/moveit:/home/matteo-melzer/ws_moveit/install/moveit_planners:/home/matteo-melzer/ws_moveit/install/pilz_industrial_motion_planner:/home/matteo-melzer/ws_moveit/install/mtc_tutorial:/home/matteo-melzer/ws_moveit/install/hello_moveit:/home/matteo-melzer/ws_moveit/install/moveit_visual_tools:/home/matteo-melzer/ws_moveit/install/moveit_task_constructor_visualization:/home/matteo-melzer/ws_moveit/install/moveit_task_constructor_demo:/home/matteo-melzer/ws_moveit/install/moveit_task_constructor_capabilities:/home/matteo-melzer/ws_moveit/install/moveit_task_constructor_core:/home/matteo-melzer/ws_moveit/install/moveit_ros_control_interface:/home/matteo-melzer/ws_moveit/install/moveit_plugins:/home/matteo-melzer/ws_moveit/install/moveit_simple_controller_manager:/home/matteo-melzer/ws_moveit/install/moveit_setup_assistant:/home/matteo-melzer/ws_moveit/install/moveit_setup_srdf_plugins:/home/matteo-melzer/ws_moveit/install/moveit_setup_core_plugins:/home/matteo-melzer/ws_moveit/install/moveit_setup_controllers:/home/matteo-melzer/ws_moveit/install/moveit_setup_app_plugins:/home/matteo-melzer/ws_moveit/install/moveit_setup_framework:/home/matteo-melzer/ws_moveit/install/moveit_servo:/home/matteo-melzer/ws_moveit/install/moveit_ros:/home/matteo-melzer/ws_moveit/install/moveit_ros_visualization:/home/matteo-melzer/ws_moveit/install/moveit_hybrid_planning:/home/matteo-melzer/ws_moveit/install/moveit_ros_planning_interface:/home/matteo-melzer/ws_moveit/install/moveit_ros_benchmarks:/home/matteo-melzer/ws_moveit/install/moveit_ros_warehouse:/home/matteo-melzer/ws_moveit/install/moveit_ros_robot_interaction:/home/matteo-melzer/ws_moveit/install/moveit_ros_perception:/home/matteo-melzer/ws_moveit/install/moveit_resources_prbt_pg70_support:/home/matteo-melzer/ws_moveit/install/moveit_resources_prbt_moveit_config:/home/matteo-melzer/ws_moveit/install/moveit_ros_move_group:/home/matteo-melzer/ws_moveit/install/moveit_planners_ompl:/home/matteo-melzer/ws_moveit/install/moveit_ros_planning:/home/matteo-melzer/ws_moveit/install/moveit_ros_occupancy_map_monitor:/home/matteo-melzer/ws_moveit/install/moveit_resources_prbt_ikfast_manipulator_plugin:/home/matteo-melzer/ws_moveit/install/moveit_planners_chomp:/home/matteo-melzer/ws_moveit/install/moveit_kinematics:/home/matteo-melzer/ws_moveit/install/moveit_chomp_optimizer_adapter:/home/matteo-melzer/ws_moveit/install/chomp_motion_planner:/home/matteo-melzer/ws_moveit/install/moveit_core:/home/matteo-melzer/ws_moveit/install/srdfdom:/home/matteo-melzer/ws_moveit/install/rviz_marker_tools:/home/matteo-melzer/ws_moveit/install/rosparam_shortcuts:/home/matteo-melzer/ws_moveit/install/moveit_task_constructor_msgs:/home/matteo-melzer/ws_moveit/install/moveit_resources_prbt_support:/home/matteo-melzer/ws_moveit/install/moveit_resources:/home/matteo-melzer/ws_moveit/install/moveit_resources_pr2_description:/home/matteo-melzer/ws_moveit/install/moveit_resources_panda_moveit_config:/home/matteo-melzer/ws_moveit/install/moveit_resources_panda_description:/home/matteo-melzer/ws_moveit/install/moveit_resources_fanuc_moveit_config:/home/matteo-melzer/ws_moveit/install/moveit_resources_fanuc_description:/home/matteo-melzer/ws_moveit/install/moveit_common:/home/matteo-melzer/ros2_ws/install/py_srvcli:/home/matteo-melzer/ros2_ws/install/py_pubsub:/home/matteo-melzer/ws_moveit/install/moveit_configs_utils:/home/matteo-melzer/ws_moveit/install/launch_param_builder:/opt/ros/humble /usr/bin/cmake --build /home/matteo-melzer/gazebo_test/build/ur_simulation_gazebo -- -j2 -l2
[3.357s] DEBUG:colcon.colcon_core.event_handler.log_command:Invoked command in '/home/matteo-melzer/gazebo_test/build/ur_simulation_gazebo' returned '0': AMENT_PREFIX_PATH=/home/matteo-melzer/gazebo_test/install/ur_description:${AMENT_PREFIX_PATH} CMAKE_PREFIX_PATH=/home/matteo-melzer/gazebo_test/install/ur_description:/home/matteo-melzer/ros2_ws/install/ur_description:/home/matteo-melzer/ros2_ws/install/tutorial_interfaces:/home/matteo-melzer/ros2_ws/install/turtlesim:/home/matteo-melzer/ws_moveit/install/ur_simulation_gazebo:/home/matteo-melzer/ws_moveit/install/ur10e_moveit_config:/home/matteo-melzer/ws_moveit/install/ur_description:/home/matteo-melzer/ws_moveit/install/ur10e_moveit_launch:/home/matteo-melzer/ws_moveit/install/pilz_industrial_motion_planner_testutils:/home/matteo-melzer/ws_moveit/install/moveit_runtime:/home/matteo-melzer/ws_moveit/install/moveit2_tutorials:/home/matteo-melzer/ws_moveit/install/moveit:/home/matteo-melzer/ws_moveit/install/moveit_planners:/home/matteo-melzer/ws_moveit/install/pilz_industrial_motion_planner:/home/matteo-melzer/ws_moveit/install/mtc_tutorial:/home/matteo-melzer/ws_moveit/install/hello_moveit:/home/matteo-melzer/ws_moveit/install/moveit_visual_tools:/home/matteo-melzer/ws_moveit/install/moveit_task_constructor_visualization:/home/matteo-melzer/ws_moveit/install/moveit_task_constructor_demo:/home/matteo-melzer/ws_moveit/install/moveit_task_constructor_capabilities:/home/matteo-melzer/ws_moveit/install/moveit_task_constructor_core:/home/matteo-melzer/ws_moveit/install/moveit_ros_control_interface:/home/matteo-melzer/ws_moveit/install/moveit_plugins:/home/matteo-melzer/ws_moveit/install/moveit_simple_controller_manager:/home/matteo-melzer/ws_moveit/install/moveit_setup_assistant:/home/matteo-melzer/ws_moveit/install/moveit_setup_srdf_plugins:/home/matteo-melzer/ws_moveit/install/moveit_setup_core_plugins:/home/matteo-melzer/ws_moveit/install/moveit_setup_controllers:/home/matteo-melzer/ws_moveit/install/moveit_setup_app_plugins:/home/matteo-melzer/ws_moveit/install/moveit_setup_framework:/home/matteo-melzer/ws_moveit/install/moveit_servo:/home/matteo-melzer/ws_moveit/install/moveit_ros:/home/matteo-melzer/ws_moveit/install/moveit_ros_visualization:/home/matteo-melzer/ws_moveit/install/moveit_hybrid_planning:/home/matteo-melzer/ws_moveit/install/moveit_ros_planning_interface:/home/matteo-melzer/ws_moveit/install/moveit_ros_benchmarks:/home/matteo-melzer/ws_moveit/install/moveit_ros_warehouse:/home/matteo-melzer/ws_moveit/install/moveit_ros_robot_interaction:/home/matteo-melzer/ws_moveit/install/moveit_ros_perception:/home/matteo-melzer/ws_moveit/install/moveit_resources_prbt_pg70_support:/home/matteo-melzer/ws_moveit/install/moveit_resources_prbt_moveit_config:/home/matteo-melzer/ws_moveit/install/moveit_ros_move_group:/home/matteo-melzer/ws_moveit/install/moveit_planners_ompl:/home/matteo-melzer/ws_moveit/install/moveit_ros_planning:/home/matteo-melzer/ws_moveit/install/moveit_ros_occupancy_map_monitor:/home/matteo-melzer/ws_moveit/install/moveit_resources_prbt_ikfast_manipulator_plugin:/home/matteo-melzer/ws_moveit/install/moveit_planners_chomp:/home/matteo-melzer/ws_moveit/install/moveit_kinematics:/home/matteo-melzer/ws_moveit/install/moveit_chomp_optimizer_adapter:/home/matteo-melzer/ws_moveit/install/chomp_motion_planner:/home/matteo-melzer/ws_moveit/install/moveit_core:/home/matteo-melzer/ws_moveit/install/srdfdom:/home/matteo-melzer/ws_moveit/install/rviz_marker_tools:/home/matteo-melzer/ws_moveit/install/rosparam_shortcuts:/home/matteo-melzer/ws_moveit/install/moveit_task_constructor_msgs:/home/matteo-melzer/ws_moveit/install/moveit_resources_prbt_support:/home/matteo-melzer/ws_moveit/install/moveit_resources:/home/matteo-melzer/ws_moveit/install/moveit_resources_pr2_description:/home/matteo-melzer/ws_moveit/install/moveit_resources_panda_moveit_config:/home/matteo-melzer/ws_moveit/install/moveit_resources_panda_description:/home/matteo-melzer/ws_moveit/install/moveit_resources_fanuc_moveit_config:/home/matteo-melzer/ws_moveit/install/moveit_resources_fanuc_description:/home/matteo-melzer/ws_moveit/install/moveit_common:/home/matteo-melzer/ros2_ws/install/py_srvcli:/home/matteo-melzer/ros2_ws/install/py_pubsub:/home/matteo-melzer/ws_moveit/install/moveit_configs_utils:/home/matteo-melzer/ws_moveit/install/launch_param_builder:/opt/ros/humble /usr/bin/cmake --build /home/matteo-melzer/gazebo_test/build/ur_simulation_gazebo -- -j2 -l2
[3.357s] DEBUG:colcon.colcon_core.event_handler.log_command:Invoking command in '/home/matteo-melzer/gazebo_test/build/ur_simulation_gazebo': AMENT_PREFIX_PATH=/home/matteo-melzer/gazebo_test/install/ur_description:${AMENT_PREFIX_PATH} CMAKE_PREFIX_PATH=/home/matteo-melzer/gazebo_test/install/ur_description:/home/matteo-melzer/ros2_ws/install/ur_description:/home/matteo-melzer/ros2_ws/install/tutorial_interfaces:/home/matteo-melzer/ros2_ws/install/turtlesim:/home/matteo-melzer/ws_moveit/install/ur_simulation_gazebo:/home/matteo-melzer/ws_moveit/install/ur10e_moveit_config:/home/matteo-melzer/ws_moveit/install/ur_description:/home/matteo-melzer/ws_moveit/install/ur10e_moveit_launch:/home/matteo-melzer/ws_moveit/install/pilz_industrial_motion_planner_testutils:/home/matteo-melzer/ws_moveit/install/moveit_runtime:/home/matteo-melzer/ws_moveit/install/moveit2_tutorials:/home/matteo-melzer/ws_moveit/install/moveit:/home/matteo-melzer/ws_moveit/install/moveit_planners:/home/matteo-melzer/ws_moveit/install/pilz_industrial_motion_planner:/home/matteo-melzer/ws_moveit/install/mtc_tutorial:/home/matteo-melzer/ws_moveit/install/hello_moveit:/home/matteo-melzer/ws_moveit/install/moveit_visual_tools:/home/matteo-melzer/ws_moveit/install/moveit_task_constructor_visualization:/home/matteo-melzer/ws_moveit/install/moveit_task_constructor_demo:/home/matteo-melzer/ws_moveit/install/moveit_task_constructor_capabilities:/home/matteo-melzer/ws_moveit/install/moveit_task_constructor_core:/home/matteo-melzer/ws_moveit/install/moveit_ros_control_interface:/home/matteo-melzer/ws_moveit/install/moveit_plugins:/home/matteo-melzer/ws_moveit/install/moveit_simple_controller_manager:/home/matteo-melzer/ws_moveit/install/moveit_setup_assistant:/home/matteo-melzer/ws_moveit/install/moveit_setup_srdf_plugins:/home/matteo-melzer/ws_moveit/install/moveit_setup_core_plugins:/home/matteo-melzer/ws_moveit/install/moveit_setup_controllers:/home/matteo-melzer/ws_moveit/install/moveit_setup_app_plugins:/home/matteo-melzer/ws_moveit/install/moveit_setup_framework:/home/matteo-melzer/ws_moveit/install/moveit_servo:/home/matteo-melzer/ws_moveit/install/moveit_ros:/home/matteo-melzer/ws_moveit/install/moveit_ros_visualization:/home/matteo-melzer/ws_moveit/install/moveit_hybrid_planning:/home/matteo-melzer/ws_moveit/install/moveit_ros_planning_interface:/home/matteo-melzer/ws_moveit/install/moveit_ros_benchmarks:/home/matteo-melzer/ws_moveit/install/moveit_ros_warehouse:/home/matteo-melzer/ws_moveit/install/moveit_ros_robot_interaction:/home/matteo-melzer/ws_moveit/install/moveit_ros_perception:/home/matteo-melzer/ws_moveit/install/moveit_resources_prbt_pg70_support:/home/matteo-melzer/ws_moveit/install/moveit_resources_prbt_moveit_config:/home/matteo-melzer/ws_moveit/install/moveit_ros_move_group:/home/matteo-melzer/ws_moveit/install/moveit_planners_ompl:/home/matteo-melzer/ws_moveit/install/moveit_ros_planning:/home/matteo-melzer/ws_moveit/install/moveit_ros_occupancy_map_monitor:/home/matteo-melzer/ws_moveit/install/moveit_resources_prbt_ikfast_manipulator_plugin:/home/matteo-melzer/ws_moveit/install/moveit_planners_chomp:/home/matteo-melzer/ws_moveit/install/moveit_kinematics:/home/matteo-melzer/ws_moveit/install/moveit_chomp_optimizer_adapter:/home/matteo-melzer/ws_moveit/install/chomp_motion_planner:/home/matteo-melzer/ws_moveit/install/moveit_core:/home/matteo-melzer/ws_moveit/install/srdfdom:/home/matteo-melzer/ws_moveit/install/rviz_marker_tools:/home/matteo-melzer/ws_moveit/install/rosparam_shortcuts:/home/matteo-melzer/ws_moveit/install/moveit_task_constructor_msgs:/home/matteo-melzer/ws_moveit/install/moveit_resources_prbt_support:/home/matteo-melzer/ws_moveit/install/moveit_resources:/home/matteo-melzer/ws_moveit/install/moveit_resources_pr2_description:/home/matteo-melzer/ws_moveit/install/moveit_resources_panda_moveit_config:/home/matteo-melzer/ws_moveit/install/moveit_resources_panda_description:/home/matteo-melzer/ws_moveit/install/moveit_resources_fanuc_moveit_config:/home/matteo-melzer/ws_moveit/install/moveit_resources_fanuc_description:/home/matteo-melzer/ws_moveit/install/moveit_common:/home/matteo-melzer/ros2_ws/install/py_srvcli:/home/matteo-melzer/ros2_ws/install/py_pubsub:/home/matteo-melzer/ws_moveit/install/moveit_configs_utils:/home/matteo-melzer/ws_moveit/install/launch_param_builder:/opt/ros/humble /usr/bin/cmake --install /home/matteo-melzer/gazebo_test/build/ur_simulation_gazebo
[3.373s] Level 1:colcon.colcon_core.environment:create_environment_scripts_only(ur_simulation_gazebo)
[3.373s] DEBUG:colcon.colcon_core.event_handler.log_command:Invoked command in '/home/matteo-melzer/gazebo_test/build/ur_simulation_gazebo' returned '0': AMENT_PREFIX_PATH=/home/matteo-melzer/gazebo_test/install/ur_description:${AMENT_PREFIX_PATH} CMAKE_PREFIX_PATH=/home/matteo-melzer/gazebo_test/install/ur_description:/home/matteo-melzer/ros2_ws/install/ur_description:/home/matteo-melzer/ros2_ws/install/tutorial_interfaces:/home/matteo-melzer/ros2_ws/install/turtlesim:/home/matteo-melzer/ws_moveit/install/ur_simulation_gazebo:/home/matteo-melzer/ws_moveit/install/ur10e_moveit_config:/home/matteo-melzer/ws_moveit/install/ur_description:/home/matteo-melzer/ws_moveit/install/ur10e_moveit_launch:/home/matteo-melzer/ws_moveit/install/pilz_industrial_motion_planner_testutils:/home/matteo-melzer/ws_moveit/install/moveit_runtime:/home/matteo-melzer/ws_moveit/install/moveit2_tutorials:/home/matteo-melzer/ws_moveit/install/moveit:/home/matteo-melzer/ws_moveit/install/moveit_planners:/home/matteo-melzer/ws_moveit/install/pilz_industrial_motion_planner:/home/matteo-melzer/ws_moveit/install/mtc_tutorial:/home/matteo-melzer/ws_moveit/install/hello_moveit:/home/matteo-melzer/ws_moveit/install/moveit_visual_tools:/home/matteo-melzer/ws_moveit/install/moveit_task_constructor_visualization:/home/matteo-melzer/ws_moveit/install/moveit_task_constructor_demo:/home/matteo-melzer/ws_moveit/install/moveit_task_constructor_capabilities:/home/matteo-melzer/ws_moveit/install/moveit_task_constructor_core:/home/matteo-melzer/ws_moveit/install/moveit_ros_control_interface:/home/matteo-melzer/ws_moveit/install/moveit_plugins:/home/matteo-melzer/ws_moveit/install/moveit_simple_controller_manager:/home/matteo-melzer/ws_moveit/install/moveit_setup_assistant:/home/matteo-melzer/ws_moveit/install/moveit_setup_srdf_plugins:/home/matteo-melzer/ws_moveit/install/moveit_setup_core_plugins:/home/matteo-melzer/ws_moveit/install/moveit_setup_controllers:/home/matteo-melzer/ws_moveit/install/moveit_setup_app_plugins:/home/matteo-melzer/ws_moveit/install/moveit_setup_framework:/home/matteo-melzer/ws_moveit/install/moveit_servo:/home/matteo-melzer/ws_moveit/install/moveit_ros:/home/matteo-melzer/ws_moveit/install/moveit_ros_visualization:/home/matteo-melzer/ws_moveit/install/moveit_hybrid_planning:/home/matteo-melzer/ws_moveit/install/moveit_ros_planning_interface:/home/matteo-melzer/ws_moveit/install/moveit_ros_benchmarks:/home/matteo-melzer/ws_moveit/install/moveit_ros_warehouse:/home/matteo-melzer/ws_moveit/install/moveit_ros_robot_interaction:/home/matteo-melzer/ws_moveit/install/moveit_ros_perception:/home/matteo-melzer/ws_moveit/install/moveit_resources_prbt_pg70_support:/home/matteo-melzer/ws_moveit/install/moveit_resources_prbt_moveit_config:/home/matteo-melzer/ws_moveit/install/moveit_ros_move_group:/home/matteo-melzer/ws_moveit/install/moveit_planners_ompl:/home/matteo-melzer/ws_moveit/install/moveit_ros_planning:/home/matteo-melzer/ws_moveit/install/moveit_ros_occupancy_map_monitor:/home/matteo-melzer/ws_moveit/install/moveit_resources_prbt_ikfast_manipulator_plugin:/home/matteo-melzer/ws_moveit/install/moveit_planners_chomp:/home/matteo-melzer/ws_moveit/install/moveit_kinematics:/home/matteo-melzer/ws_moveit/install/moveit_chomp_optimizer_adapter:/home/matteo-melzer/ws_moveit/install/chomp_motion_planner:/home/matteo-melzer/ws_moveit/install/moveit_core:/home/matteo-melzer/ws_moveit/install/srdfdom:/home/matteo-melzer/ws_moveit/install/rviz_marker_tools:/home/matteo-melzer/ws_moveit/install/rosparam_shortcuts:/home/matteo-melzer/ws_moveit/install/moveit_task_constructor_msgs:/home/matteo-melzer/ws_moveit/install/moveit_resources_prbt_support:/home/matteo-melzer/ws_moveit/install/moveit_resources:/home/matteo-melzer/ws_moveit/install/moveit_resources_pr2_description:/home/matteo-melzer/ws_moveit/install/moveit_resources_panda_moveit_config:/home/matteo-melzer/ws_moveit/install/moveit_resources_panda_description:/home/matteo-melzer/ws_moveit/install/moveit_resources_fanuc_moveit_config:/home/matteo-melzer/ws_moveit/install/moveit_resources_fanuc_description:/home/matteo-melzer/ws_moveit/install/moveit_common:/home/matteo-melzer/ros2_ws/install/py_srvcli:/home/matteo-melzer/ros2_ws/install/py_pubsub:/home/matteo-melzer/ws_moveit/install/moveit_configs_utils:/home/matteo-melzer/ws_moveit/install/launch_param_builder:/opt/ros/humble /usr/bin/cmake --install /home/matteo-melzer/gazebo_test/build/ur_simulation_gazebo
[3.373s] Level 1:colcon.colcon_core.environment:checking '/home/matteo-melzer/gazebo_test/install/ur_simulation_gazebo' for CMake module files
[3.374s] Level 1:colcon.colcon_core.environment:checking '/home/matteo-melzer/gazebo_test/install/ur_simulation_gazebo' for CMake config files
[3.374s] Level 1:colcon.colcon_core.shell:create_environment_hook('ur_simulation_gazebo', 'cmake_prefix_path')
[3.374s] INFO:colcon.colcon_core.shell:Creating environment hook '/home/matteo-melzer/gazebo_test/install/ur_simulation_gazebo/share/ur_simulation_gazebo/hook/cmake_prefix_path.ps1'
[3.375s] INFO:colcon.colcon_core.shell:Creating environment descriptor '/home/matteo-melzer/gazebo_test/install/ur_simulation_gazebo/share/ur_simulation_gazebo/hook/cmake_prefix_path.dsv'
[3.375s] INFO:colcon.colcon_core.shell:Creating environment hook '/home/matteo-melzer/gazebo_test/install/ur_simulation_gazebo/share/ur_simulation_gazebo/hook/cmake_prefix_path.sh'
[3.376s] Level 1:colcon.colcon_core.environment:checking '/home/matteo-melzer/gazebo_test/install/ur_simulation_gazebo/bin'
[3.376s] Level 1:colcon.colcon_core.environment:checking '/home/matteo-melzer/gazebo_test/install/ur_simulation_gazebo/lib/pkgconfig/ur_simulation_gazebo.pc'
[3.376s] Level 1:colcon.colcon_core.environment:checking '/home/matteo-melzer/gazebo_test/install/ur_simulation_gazebo/lib/python3.10/site-packages'
[3.376s] Level 1:colcon.colcon_core.environment:checking '/home/matteo-melzer/gazebo_test/install/ur_simulation_gazebo/bin'
[3.377s] INFO:colcon.colcon_core.shell:Creating package script '/home/matteo-melzer/gazebo_test/install/ur_simulation_gazebo/share/ur_simulation_gazebo/package.ps1'
[3.377s] INFO:colcon.colcon_core.shell:Creating package descriptor '/home/matteo-melzer/gazebo_test/install/ur_simulation_gazebo/share/ur_simulation_gazebo/package.dsv'
[3.377s] INFO:colcon.colcon_core.shell:Creating package script '/home/matteo-melzer/gazebo_test/install/ur_simulation_gazebo/share/ur_simulation_gazebo/package.sh'
[3.379s] INFO:colcon.colcon_core.shell:Creating package script '/home/matteo-melzer/gazebo_test/install/ur_simulation_gazebo/share/ur_simulation_gazebo/package.bash'
[3.379s] INFO:colcon.colcon_core.shell:Creating package script '/home/matteo-melzer/gazebo_test/install/ur_simulation_gazebo/share/ur_simulation_gazebo/package.zsh'
[3.379s] Level 1:colcon.colcon_core.environment:create_file_with_runtime_dependencies(/home/matteo-melzer/gazebo_test/install/ur_simulation_gazebo/share/colcon-core/packages/ur_simulation_gazebo)
[3.380s] Level 1:colcon.colcon_core.environment:create_environment_scripts_only(ur_simulation_gazebo)
[3.380s] Level 1:colcon.colcon_core.environment:checking '/home/matteo-melzer/gazebo_test/install/ur_simulation_gazebo' for CMake module files
[3.380s] Level 1:colcon.colcon_core.environment:checking '/home/matteo-melzer/gazebo_test/install/ur_simulation_gazebo' for CMake config files
[3.381s] Level 1:colcon.colcon_core.shell:create_environment_hook('ur_simulation_gazebo', 'cmake_prefix_path')
[3.381s] INFO:colcon.colcon_core.shell:Creating environment hook '/home/matteo-melzer/gazebo_test/install/ur_simulation_gazebo/share/ur_simulation_gazebo/hook/cmake_prefix_path.ps1'
[3.381s] INFO:colcon.colcon_core.shell:Creating environment descriptor '/home/matteo-melzer/gazebo_test/install/ur_simulation_gazebo/share/ur_simulation_gazebo/hook/cmake_prefix_path.dsv'
[3.382s] INFO:colcon.colcon_core.shell:Creating environment hook '/home/matteo-melzer/gazebo_test/install/ur_simulation_gazebo/share/ur_simulation_gazebo/hook/cmake_prefix_path.sh'
[3.382s] Level 1:colcon.colcon_core.environment:checking '/home/matteo-melzer/gazebo_test/install/ur_simulation_gazebo/bin'
[3.382s] Level 1:colcon.colcon_core.environment:checking '/home/matteo-melzer/gazebo_test/install/ur_simulation_gazebo/lib/pkgconfig/ur_simulation_gazebo.pc'
[3.382s] Level 1:colcon.colcon_core.environment:checking '/home/matteo-melzer/gazebo_test/install/ur_simulation_gazebo/lib/python3.10/site-packages'
[3.383s] Level 1:colcon.colcon_core.environment:checking '/home/matteo-melzer/gazebo_test/install/ur_simulation_gazebo/bin'
[3.383s] INFO:colcon.colcon_core.shell:Creating package script '/home/matteo-melzer/gazebo_test/install/ur_simulation_gazebo/share/ur_simulation_gazebo/package.ps1'
[3.384s] INFO:colcon.colcon_core.shell:Creating package descriptor '/home/matteo-melzer/gazebo_test/install/ur_simulation_gazebo/share/ur_simulation_gazebo/package.dsv'
[3.384s] INFO:colcon.colcon_core.shell:Creating package script '/home/matteo-melzer/gazebo_test/install/ur_simulation_gazebo/share/ur_simulation_gazebo/package.sh'
[3.385s] INFO:colcon.colcon_core.shell:Creating package script '/home/matteo-melzer/gazebo_test/install/ur_simulation_gazebo/share/ur_simulation_gazebo/package.bash'
[3.385s] INFO:colcon.colcon_core.shell:Creating package script '/home/matteo-melzer/gazebo_test/install/ur_simulation_gazebo/share/ur_simulation_gazebo/package.zsh'
[3.386s] Level 1:colcon.colcon_core.environment:create_file_with_runtime_dependencies(/home/matteo-melzer/gazebo_test/install/ur_simulation_gazebo/share/colcon-core/packages/ur_simulation_gazebo)
[3.386s] DEBUG:colcon.colcon_parallel_executor.executor.parallel:closing loop
[3.386s] DEBUG:colcon.colcon_parallel_executor.executor.parallel:loop closed
[3.386s] DEBUG:colcon.colcon_parallel_executor.executor.parallel:run_until_complete finished with '0'
[3.386s] DEBUG:colcon.colcon_core.event_reactor:joining thread
[3.392s] INFO:colcon.colcon_core.plugin_system:Skipping extension 'colcon_notification.desktop_notification.terminal_notifier': Not used on non-Darwin systems
[3.392s] INFO:colcon.colcon_core.plugin_system:Skipping extension 'colcon_notification.desktop_notification.win32': Not used on non-Windows systems
[3.392s] INFO:colcon.colcon_notification.desktop_notification:Sending desktop notification using 'notify2'
[3.402s] DEBUG:colcon.colcon_core.event_reactor:joined thread
[3.403s] INFO:colcon.colcon_core.shell:Creating prefix script '/home/matteo-melzer/gazebo_test/install/local_setup.ps1'
[3.404s] INFO:colcon.colcon_core.shell:Creating prefix util module '/home/matteo-melzer/gazebo_test/install/_local_setup_util_ps1.py'
[3.405s] INFO:colcon.colcon_core.shell:Creating prefix chain script '/home/matteo-melzer/gazebo_test/install/setup.ps1'
[3.408s] INFO:colcon.colcon_core.shell:Creating prefix script '/home/matteo-melzer/gazebo_test/install/local_setup.sh'
[3.408s] INFO:colcon.colcon_core.shell:Creating prefix util module '/home/matteo-melzer/gazebo_test/install/_local_setup_util_sh.py'
[3.409s] INFO:colcon.colcon_core.shell:Creating prefix chain script '/home/matteo-melzer/gazebo_test/install/setup.sh'
[3.412s] INFO:colcon.colcon_core.shell:Creating prefix script '/home/matteo-melzer/gazebo_test/install/local_setup.bash'
[3.412s] INFO:colcon.colcon_core.shell:Creating prefix chain script '/home/matteo-melzer/gazebo_test/install/setup.bash'
[3.415s] INFO:colcon.colcon_core.shell:Creating prefix script '/home/matteo-melzer/gazebo_test/install/local_setup.zsh'
[3.416s] INFO:colcon.colcon_core.shell:Creating prefix chain script '/home/matteo-melzer/gazebo_test/install/setup.zsh'
