[0.732s] Invoking command in '/home/matteo-melzer/gazebo_test/src/onrobot-ros2/onrobot_rg_control': PYTHONPATH=/home/matteo-melzer/gazebo_test/build/onrobot_rg_control/prefix_override:/usr/lib/python3/dist-packages/colcon_core/task/python/colcon_distutils_commands:/home/matteo-melzer/gazebo_test/install/onrobot_rg_control/lib/python3.10/site-packages:${PYTHONPATH} /usr/bin/python3 -W ignore:setup.py install is deprecated -W ignore:easy_install command is deprecated setup.py egg_info --egg-base ../../../build/onrobot_rg_control build --build-base /home/matteo-melzer/gazebo_test/build/onrobot_rg_control/build install --record /home/matteo-melzer/gazebo_test/build/onrobot_rg_control/install.log --single-version-externally-managed install_data
[0.976s] running egg_info
[0.977s] writing ../../../build/onrobot_rg_control/onrobot_rg_control.egg-info/PKG-INFO
[0.978s] writing dependency_links to ../../../build/onrobot_rg_control/onrobot_rg_control.egg-info/dependency_links.txt
[0.978s] writing entry points to ../../../build/onrobot_rg_control/onrobot_rg_control.egg-info/entry_points.txt
[0.979s] writing requirements to ../../../build/onrobot_rg_control/onrobot_rg_control.egg-info/requires.txt
[0.981s] writing top-level names to ../../../build/onrobot_rg_control/onrobot_rg_control.egg-info/top_level.txt
[0.982s] reading manifest file '../../../build/onrobot_rg_control/onrobot_rg_control.egg-info/SOURCES.txt'
[0.982s] writing manifest file '../../../build/onrobot_rg_control/onrobot_rg_control.egg-info/SOURCES.txt'
[0.983s] running build
[0.983s] running build_py
[0.984s] running install
[0.985s] running install_lib
[0.986s] running install_data
[0.987s] running install_egg_info
[0.989s] removing '/home/matteo-melzer/gazebo_test/install/onrobot_rg_control/lib/python3.10/site-packages/onrobot_rg_control-2.0.0-py3.10.egg-info' (and everything under it)
[0.994s] Copying ../../../build/onrobot_rg_control/onrobot_rg_control.egg-info to /home/matteo-melzer/gazebo_test/install/onrobot_rg_control/lib/python3.10/site-packages/onrobot_rg_control-2.0.0-py3.10.egg-info
[0.999s] running install_scripts
[1.020s] Installing OnRobotRGController script to /home/matteo-melzer/gazebo_test/install/onrobot_rg_control/lib/onrobot_rg_control
[1.021s] Installing OnRobotRGControllerServer script to /home/matteo-melzer/gazebo_test/install/onrobot_rg_control/lib/onrobot_rg_control
[1.022s] writing list of installed files to '/home/matteo-melzer/gazebo_test/build/onrobot_rg_control/install.log'
[1.051s] Invoked command in '/home/matteo-melzer/gazebo_test/src/onrobot-ros2/onrobot_rg_control' returned '0': PYTHONPATH=/home/matteo-melzer/gazebo_test/build/onrobot_rg_control/prefix_override:/usr/lib/python3/dist-packages/colcon_core/task/python/colcon_distutils_commands:/home/matteo-melzer/gazebo_test/install/onrobot_rg_control/lib/python3.10/site-packages:${PYTHONPATH} /usr/bin/python3 -W ignore:setup.py install is deprecated -W ignore:easy_install command is deprecated setup.py egg_info --egg-base ../../../build/onrobot_rg_control build --build-base /home/matteo-melzer/gazebo_test/build/onrobot_rg_control/build install --record /home/matteo-melzer/gazebo_test/build/onrobot_rg_control/install.log --single-version-externally-managed install_data
