/home/matteo-melzer/gazebo_test/install/onrobot_rg_control/lib/python3.10/site-packages/onrobot_rg_control/OnRobotRGController.py
/home/matteo-melzer/gazebo_test/install/onrobot_rg_control/lib/python3.10/site-packages/onrobot_rg_control/_OnRobotRGIsaacSimController.py
/home/matteo-melzer/gazebo_test/install/onrobot_rg_control/lib/python3.10/site-packages/onrobot_rg_control/_baseOnRobotRG.py
/home/matteo-melzer/gazebo_test/install/onrobot_rg_control/lib/python3.10/site-packages/onrobot_rg_control/_OnRobotRGStatusListener.py
/home/matteo-melzer/gazebo_test/install/onrobot_rg_control/lib/python3.10/site-packages/onrobot_rg_control/__init__.py
/home/matteo-melzer/gazebo_test/install/onrobot_rg_control/lib/python3.10/site-packages/onrobot_rg_control/OnRobotRGControllerServer.py
/home/matteo-melzer/gazebo_test/install/onrobot_rg_control/lib/python3.10/site-packages/onrobot_rg_control/onrobot_rg_communication/comBase.py
/home/matteo-melzer/gazebo_test/install/onrobot_rg_control/lib/python3.10/site-packages/onrobot_rg_control/onrobot_rg_communication/__init__.py
/home/matteo-melzer/gazebo_test/install/onrobot_rg_control/lib/python3.10/site-packages/onrobot_rg_control/onrobot_rg_communication/comModbusTcp.py
/home/matteo-melzer/gazebo_test/install/onrobot_rg_control/lib/python3.10/site-packages/onrobot_rg_control/onrobot_rg_communication/comIsaacSim.py
/home/matteo-melzer/gazebo_test/install/onrobot_rg_control/lib/python3.10/site-packages/onrobot_rg_control/__pycache__/OnRobotRGController.cpython-310.pyc
/home/matteo-melzer/gazebo_test/install/onrobot_rg_control/lib/python3.10/site-packages/onrobot_rg_control/__pycache__/_OnRobotRGIsaacSimController.cpython-310.pyc
/home/matteo-melzer/gazebo_test/install/onrobot_rg_control/lib/python3.10/site-packages/onrobot_rg_control/__pycache__/_baseOnRobotRG.cpython-310.pyc
/home/matteo-melzer/gazebo_test/install/onrobot_rg_control/lib/python3.10/site-packages/onrobot_rg_control/__pycache__/_OnRobotRGStatusListener.cpython-310.pyc
/home/matteo-melzer/gazebo_test/install/onrobot_rg_control/lib/python3.10/site-packages/onrobot_rg_control/__pycache__/__init__.cpython-310.pyc
/home/matteo-melzer/gazebo_test/install/onrobot_rg_control/lib/python3.10/site-packages/onrobot_rg_control/__pycache__/OnRobotRGControllerServer.cpython-310.pyc
/home/matteo-melzer/gazebo_test/install/onrobot_rg_control/lib/python3.10/site-packages/onrobot_rg_control/onrobot_rg_communication/__pycache__/comBase.cpython-310.pyc
/home/matteo-melzer/gazebo_test/install/onrobot_rg_control/lib/python3.10/site-packages/onrobot_rg_control/onrobot_rg_communication/__pycache__/__init__.cpython-310.pyc
/home/matteo-melzer/gazebo_test/install/onrobot_rg_control/lib/python3.10/site-packages/onrobot_rg_control/onrobot_rg_communication/__pycache__/comModbusTcp.cpython-310.pyc
/home/matteo-melzer/gazebo_test/install/onrobot_rg_control/lib/python3.10/site-packages/onrobot_rg_control/onrobot_rg_communication/__pycache__/comIsaacSim.cpython-310.pyc
/home/matteo-melzer/gazebo_test/install/onrobot_rg_control/share/ament_index/resource_index/packages/onrobot_rg_control
/home/matteo-melzer/gazebo_test/install/onrobot_rg_control/share/onrobot_rg_control/package.xml
/home/matteo-melzer/gazebo_test/install/onrobot_rg_control/share/onrobot_rg_control/launch/bringup.launch.py
/home/matteo-melzer/gazebo_test/install/onrobot_rg_control/lib/python3.10/site-packages/onrobot_rg_control-2.0.0-py3.10.egg-info/dependency_links.txt
/home/matteo-melzer/gazebo_test/install/onrobot_rg_control/lib/python3.10/site-packages/onrobot_rg_control-2.0.0-py3.10.egg-info/zip-safe
/home/matteo-melzer/gazebo_test/install/onrobot_rg_control/lib/python3.10/site-packages/onrobot_rg_control-2.0.0-py3.10.egg-info/entry_points.txt
/home/matteo-melzer/gazebo_test/install/onrobot_rg_control/lib/python3.10/site-packages/onrobot_rg_control-2.0.0-py3.10.egg-info/requires.txt
/home/matteo-melzer/gazebo_test/install/onrobot_rg_control/lib/python3.10/site-packages/onrobot_rg_control-2.0.0-py3.10.egg-info/SOURCES.txt
/home/matteo-melzer/gazebo_test/install/onrobot_rg_control/lib/python3.10/site-packages/onrobot_rg_control-2.0.0-py3.10.egg-info/PKG-INFO
/home/matteo-melzer/gazebo_test/install/onrobot_rg_control/lib/python3.10/site-packages/onrobot_rg_control-2.0.0-py3.10.egg-info/top_level.txt
/home/matteo-melzer/gazebo_test/install/onrobot_rg_control/lib/onrobot_rg_control/OnRobotRGController
/home/matteo-melzer/gazebo_test/install/onrobot_rg_control/lib/onrobot_rg_control/OnRobotRGControllerServer
