[0.787s] Invoking command in '/home/matteo-melzer/gazebo_test/build/onrobot_driver': PYTHONPATH=/home/matteo-melzer/gazebo_test/build/onrobot_driver/prefix_override:/usr/lib/python3/dist-packages/colcon_core/task/python/colcon_distutils_commands:/home/matteo-melzer/gazebo_test/install/onrobot_driver/lib/python3.10/site-packages:${PYTHONPATH} /usr/bin/python3 -W ignore:setup.py install is deprecated -W ignore:easy_install command is deprecated setup.py develop --editable --build-directory /home/matteo-melzer/gazebo_test/build/onrobot_driver/build --no-deps symlink_data
[1.131s] running develop
[1.341s] running egg_info
[1.341s] creating onrobot_driver.egg-info
[1.342s] writing onrobot_driver.egg-info/PKG-INFO
[1.342s] writing dependency_links to onrobot_driver.egg-info/dependency_links.txt
[1.342s] writing entry points to onrobot_driver.egg-info/entry_points.txt
[1.343s] writing requirements to onrobot_driver.egg-info/requires.txt
[1.343s] writing top-level names to onrobot_driver.egg-info/top_level.txt
[1.343s] writing manifest file 'onrobot_driver.egg-info/SOURCES.txt'
[1.346s] reading manifest file 'onrobot_driver.egg-info/SOURCES.txt'
[1.348s] writing manifest file 'onrobot_driver.egg-info/SOURCES.txt'
[1.355s] running build_ext
[1.355s] Creating /home/matteo-melzer/gazebo_test/install/onrobot_driver/lib/python3.10/site-packages/onrobot-driver.egg-link (link to .)
[1.356s] Installing gripper_action_adapter script to /home/matteo-melzer/gazebo_test/install/onrobot_driver/lib/onrobot_driver
[1.356s] Installing test script to /home/matteo-melzer/gazebo_test/install/onrobot_driver/lib/onrobot_driver
[1.356s] 
[1.356s] Installed /home/matteo-melzer/gazebo_test/build/onrobot_driver
[1.356s] running symlink_data
[1.356s] creating /home/matteo-melzer/gazebo_test/install/onrobot_driver/share/ament_index
[1.356s] creating /home/matteo-melzer/gazebo_test/install/onrobot_driver/share/ament_index/resource_index
[1.356s] creating /home/matteo-melzer/gazebo_test/install/onrobot_driver/share/ament_index/resource_index/packages
[1.356s] symbolically linking /home/matteo-melzer/gazebo_test/build/onrobot_driver/resource/onrobot_driver -> /home/matteo-melzer/gazebo_test/install/onrobot_driver/share/ament_index/resource_index/packages
[1.356s] symbolically linking /home/matteo-melzer/gazebo_test/build/onrobot_driver/package.xml -> /home/matteo-melzer/gazebo_test/install/onrobot_driver/share/onrobot_driver
[1.380s] Invoked command in '/home/matteo-melzer/gazebo_test/build/onrobot_driver' returned '0': PYTHONPATH=/home/matteo-melzer/gazebo_test/build/onrobot_driver/prefix_override:/usr/lib/python3/dist-packages/colcon_core/task/python/colcon_distutils_commands:/home/matteo-melzer/gazebo_test/install/onrobot_driver/lib/python3.10/site-packages:${PYTHONPATH} /usr/bin/python3 -W ignore:setup.py install is deprecated -W ignore:easy_install command is deprecated setup.py develop --editable --build-directory /home/matteo-melzer/gazebo_test/build/onrobot_driver/build --no-deps symlink_data
