[0.022s] Invoking command in '/home/matteo-melzer/gazebo_test/build/net_ft_description': CMAKE_PREFIX_PATH=${CMAKE_PREFIX_PATH}:/home/matteo-melzer/ros2_ws/install/py_srvcli:/home/matteo-melzer/ros2_ws/install/py_pubsub:/home/matteo-melzer/ws_moveit/install/moveit_configs_utils:/home/matteo-melzer/ws_moveit/install/launch_param_builder:/opt/ros/humble /usr/bin/cmake --build /home/matteo-melzer/gazebo_test/build/net_ft_description -- -j2 -l2
[0.096s] Invoked command in '/home/matteo-melzer/gazebo_test/build/net_ft_description' returned '0': CMAKE_PREFIX_PATH=${CMAKE_PREFIX_PATH}:/home/matteo-melzer/ros2_ws/install/py_srvcli:/home/matteo-melzer/ros2_ws/install/py_pubsub:/home/matteo-melzer/ws_moveit/install/moveit_configs_utils:/home/matteo-melzer/ws_moveit/install/launch_param_builder:/opt/ros/humble /usr/bin/cmake --build /home/matteo-melzer/gazebo_test/build/net_ft_description -- -j2 -l2
[0.101s] Invoking command in '/home/matteo-melzer/gazebo_test/build/net_ft_description': CMAKE_PREFIX_PATH=${CMAKE_PREFIX_PATH}:/home/matteo-melzer/ros2_ws/install/py_srvcli:/home/matteo-melzer/ros2_ws/install/py_pubsub:/home/matteo-melzer/ws_moveit/install/moveit_configs_utils:/home/matteo-melzer/ws_moveit/install/launch_param_builder:/opt/ros/humble /usr/bin/cmake --install /home/matteo-melzer/gazebo_test/build/net_ft_description
[0.154s] -- Install configuration: ""
[0.154s] -- Up-to-date: /home/matteo-melzer/gazebo_test/install/net_ft_description/share/net_ft_description/urdf
[0.154s] -- Up-to-date: /home/matteo-melzer/gazebo_test/install/net_ft_description/share/net_ft_description/urdf/net_ft_sensor_macro.urdf.xacro
[0.154s] -- Up-to-date: /home/matteo-melzer/gazebo_test/install/net_ft_description/share/net_ft_description/urdf/net_ft_sensor.ros2_control.xacro
[0.154s] -- Up-to-date: /home/matteo-melzer/gazebo_test/install/net_ft_description/share/net_ft_description/urdf/net_ft_sensor.urdf.xacro
[0.154s] -- Up-to-date: /home/matteo-melzer/gazebo_test/install/net_ft_description/share/net_ft_description/meshes
[0.154s] -- Up-to-date: /home/matteo-melzer/gazebo_test/install/net_ft_description/share/net_ft_description/meshes/collision
[0.154s] -- Up-to-date: /home/matteo-melzer/gazebo_test/install/net_ft_description/share/net_ft_description/meshes/collision/onrobot_hexe_v2_ft_sensor.stl
[0.154s] -- Up-to-date: /home/matteo-melzer/gazebo_test/install/net_ft_description/share/net_ft_description/meshes/collision/ati_gamma_ip65_ft_sensor.stl
[0.154s] -- Up-to-date: /home/matteo-melzer/gazebo_test/install/net_ft_description/share/net_ft_description/meshes/collision/ati_axia80_ft_sensor.stl
[0.154s] -- Up-to-date: /home/matteo-melzer/gazebo_test/install/net_ft_description/share/net_ft_description/meshes/visual
[0.154s] -- Up-to-date: /home/matteo-melzer/gazebo_test/install/net_ft_description/share/net_ft_description/meshes/visual/onrobot_hexe_v2_ft_sensor.dae
[0.154s] -- Up-to-date: /home/matteo-melzer/gazebo_test/install/net_ft_description/share/net_ft_description/meshes/visual/ati_gamma_ip65_ft_sensor.dae
[0.154s] -- Up-to-date: /home/matteo-melzer/gazebo_test/install/net_ft_description/share/net_ft_description/meshes/visual/ati_axia80_ft_sensor.dae
[0.155s] -- Up-to-date: /home/matteo-melzer/gazebo_test/install/net_ft_description/share/ament_index/resource_index/package_run_dependencies/net_ft_description
[0.157s] -- Up-to-date: /home/matteo-melzer/gazebo_test/install/net_ft_description/share/ament_index/resource_index/parent_prefix_path/net_ft_description
[0.157s] -- Up-to-date: /home/matteo-melzer/gazebo_test/install/net_ft_description/share/net_ft_description/environment/ament_prefix_path.sh
[0.157s] -- Up-to-date: /home/matteo-melzer/gazebo_test/install/net_ft_description/share/net_ft_description/environment/ament_prefix_path.dsv
[0.157s] -- Up-to-date: /home/matteo-melzer/gazebo_test/install/net_ft_description/share/net_ft_description/environment/path.sh
[0.157s] -- Up-to-date: /home/matteo-melzer/gazebo_test/install/net_ft_description/share/net_ft_description/environment/path.dsv
[0.157s] -- Up-to-date: /home/matteo-melzer/gazebo_test/install/net_ft_description/share/net_ft_description/local_setup.bash
[0.157s] -- Up-to-date: /home/matteo-melzer/gazebo_test/install/net_ft_description/share/net_ft_description/local_setup.sh
[0.157s] -- Up-to-date: /home/matteo-melzer/gazebo_test/install/net_ft_description/share/net_ft_description/local_setup.zsh
[0.157s] -- Up-to-date: /home/matteo-melzer/gazebo_test/install/net_ft_description/share/net_ft_description/local_setup.dsv
[0.157s] -- Up-to-date: /home/matteo-melzer/gazebo_test/install/net_ft_description/share/net_ft_description/package.dsv
[0.157s] -- Up-to-date: /home/matteo-melzer/gazebo_test/install/net_ft_description/share/ament_index/resource_index/packages/net_ft_description
[0.158s] -- Up-to-date: /home/matteo-melzer/gazebo_test/install/net_ft_description/share/net_ft_description/cmake/net_ft_descriptionConfig.cmake
[0.158s] -- Up-to-date: /home/matteo-melzer/gazebo_test/install/net_ft_description/share/net_ft_description/cmake/net_ft_descriptionConfig-version.cmake
[0.158s] -- Up-to-date: /home/matteo-melzer/gazebo_test/install/net_ft_description/share/net_ft_description/package.xml
[0.185s] Invoked command in '/home/matteo-melzer/gazebo_test/build/net_ft_description' returned '0': CMAKE_PREFIX_PATH=${CMAKE_PREFIX_PATH}:/home/matteo-melzer/ros2_ws/install/py_srvcli:/home/matteo-melzer/ros2_ws/install/py_pubsub:/home/matteo-melzer/ws_moveit/install/moveit_configs_utils:/home/matteo-melzer/ws_moveit/install/launch_param_builder:/opt/ros/humble /usr/bin/cmake --install /home/matteo-melzer/gazebo_test/build/net_ft_description
