[0.022s] Invoking command in '/home/matteo-melzer/gazebo_test/build/ur_description': CMAKE_PREFIX_PATH=${CMAKE_PREFIX_PATH}:/home/matteo-melzer/gazebo_test/install/onrobot_rg_modbus_tcp:/home/matteo-melzer/gazebo_test/install/onrobot_rg_control:/home/matteo-melzer/gazebo_test/install/onrobot_driver:/home/matteo-melzer/ros2_ws/install/py_srvcli:/home/matteo-melzer/ros2_ws/install/py_pubsub:/home/matteo-melzer/ws_moveit/install/moveit_configs_utils:/home/matteo-melzer/ws_moveit/install/launch_param_builder:/opt/ros/humble /usr/bin/cmake /home/matteo-melzer/gazebo_test/src/Universal_Robots_ROS2_Description -DAMENT_CMAKE_SYMLINK_INSTALL=1 -DCMAKE_INSTALL_PREFIX=/home/matteo-melzer/gazebo_test/install/ur_description
[0.114s] -- The C compiler identification is GNU 11.4.0
[0.185s] -- The CXX compiler identification is GNU 11.4.0
[0.192s] -- Detecting C compiler ABI info
[0.296s] -- Detecting C compiler ABI info - done
[0.302s] -- Check for working C compiler: /usr/bin/cc - skipped
[0.302s] -- Detecting C compile features
[0.303s] -- Detecting C compile features - done
[0.306s] -- Detecting CXX compiler ABI info
[0.569s] -- Detecting CXX compiler ABI info - done
[0.585s] -- Check for working CXX compiler: /usr/bin/c++ - skipped
[0.586s] -- Detecting CXX compile features
[0.588s] -- Detecting CXX compile features - done
[0.608s] -- Found ament_cmake: 1.3.11 (/opt/ros/humble/share/ament_cmake/cmake)
[0.804s] -- Found Python3: /usr/bin/python3 (found version "3.10.12") found components: Interpreter 
[0.870s] -- Override CMake install command with custom implementation using symlinks instead of copying resources
[1.051s] -- Found ament_cmake_pytest: 1.3.11 (/opt/ros/humble/share/ament_cmake_pytest/cmake)
[1.785s] -- Configuring done
[1.789s] -- Generating done
[1.792s] -- Build files have been written to: /home/matteo-melzer/gazebo_test/build/ur_description
[1.797s] Invoked command in '/home/matteo-melzer/gazebo_test/build/ur_description' returned '0': CMAKE_PREFIX_PATH=${CMAKE_PREFIX_PATH}:/home/matteo-melzer/gazebo_test/install/onrobot_rg_modbus_tcp:/home/matteo-melzer/gazebo_test/install/onrobot_rg_control:/home/matteo-melzer/gazebo_test/install/onrobot_driver:/home/matteo-melzer/ros2_ws/install/py_srvcli:/home/matteo-melzer/ros2_ws/install/py_pubsub:/home/matteo-melzer/ws_moveit/install/moveit_configs_utils:/home/matteo-melzer/ws_moveit/install/launch_param_builder:/opt/ros/humble /usr/bin/cmake /home/matteo-melzer/gazebo_test/src/Universal_Robots_ROS2_Description -DAMENT_CMAKE_SYMLINK_INSTALL=1 -DCMAKE_INSTALL_PREFIX=/home/matteo-melzer/gazebo_test/install/ur_description
[1.799s] Invoking command in '/home/matteo-melzer/gazebo_test/build/ur_description': CMAKE_PREFIX_PATH=${CMAKE_PREFIX_PATH}:/home/matteo-melzer/gazebo_test/install/onrobot_rg_modbus_tcp:/home/matteo-melzer/gazebo_test/install/onrobot_rg_control:/home/matteo-melzer/gazebo_test/install/onrobot_driver:/home/matteo-melzer/ros2_ws/install/py_srvcli:/home/matteo-melzer/ros2_ws/install/py_pubsub:/home/matteo-melzer/ws_moveit/install/moveit_configs_utils:/home/matteo-melzer/ws_moveit/install/launch_param_builder:/opt/ros/humble /usr/bin/cmake --build /home/matteo-melzer/gazebo_test/build/ur_description -- -j2 -l2
[1.861s] Invoked command in '/home/matteo-melzer/gazebo_test/build/ur_description' returned '0': CMAKE_PREFIX_PATH=${CMAKE_PREFIX_PATH}:/home/matteo-melzer/gazebo_test/install/onrobot_rg_modbus_tcp:/home/matteo-melzer/gazebo_test/install/onrobot_rg_control:/home/matteo-melzer/gazebo_test/install/onrobot_driver:/home/matteo-melzer/ros2_ws/install/py_srvcli:/home/matteo-melzer/ros2_ws/install/py_pubsub:/home/matteo-melzer/ws_moveit/install/moveit_configs_utils:/home/matteo-melzer/ws_moveit/install/launch_param_builder:/opt/ros/humble /usr/bin/cmake --build /home/matteo-melzer/gazebo_test/build/ur_description -- -j2 -l2
[1.877s] Invoking command in '/home/matteo-melzer/gazebo_test/build/ur_description': CMAKE_PREFIX_PATH=${CMAKE_PREFIX_PATH}:/home/matteo-melzer/gazebo_test/install/onrobot_rg_modbus_tcp:/home/matteo-melzer/gazebo_test/install/onrobot_rg_control:/home/matteo-melzer/gazebo_test/install/onrobot_driver:/home/matteo-melzer/ros2_ws/install/py_srvcli:/home/matteo-melzer/ros2_ws/install/py_pubsub:/home/matteo-melzer/ws_moveit/install/moveit_configs_utils:/home/matteo-melzer/ws_moveit/install/launch_param_builder:/opt/ros/humble /usr/bin/cmake --install /home/matteo-melzer/gazebo_test/build/ur_description
[1.891s] -- Install configuration: ""
[1.893s] -- Execute custom install script
[1.894s] -- Symlinking: /home/matteo-melzer/gazebo_test/install/ur_description/share/ur_description/config/initial_positions.yaml
[1.912s] -- Symlinking: /home/matteo-melzer/gazebo_test/install/ur_description/share/ur_description/config/ur10/default_kinematics.yaml
[1.929s] -- Symlinking: /home/matteo-melzer/gazebo_test/install/ur_description/share/ur_description/config/ur10/joint_limits.yaml
[1.943s] -- Symlinking: /home/matteo-melzer/gazebo_test/install/ur_description/share/ur_description/config/ur10/physical_parameters.yaml
[1.962s] -- Symlinking: /home/matteo-melzer/gazebo_test/install/ur_description/share/ur_description/config/ur10/visual_parameters.yaml
[1.976s] -- Symlinking: /home/matteo-melzer/gazebo_test/install/ur_description/share/ur_description/config/ur10e/default_kinematics.yaml
[1.991s] -- Symlinking: /home/matteo-melzer/gazebo_test/install/ur_description/share/ur_description/config/ur10e/joint_limits.yaml
[2.008s] -- Symlinking: /home/matteo-melzer/gazebo_test/install/ur_description/share/ur_description/config/ur10e/physical_parameters.yaml
[2.022s] -- Symlinking: /home/matteo-melzer/gazebo_test/install/ur_description/share/ur_description/config/ur10e/visual_parameters.yaml
[2.035s] -- Symlinking: /home/matteo-melzer/gazebo_test/install/ur_description/share/ur_description/config/ur12e/default_kinematics.yaml
[2.052s] -- Symlinking: /home/matteo-melzer/gazebo_test/install/ur_description/share/ur_description/config/ur12e/joint_limits.yaml
[2.067s] -- Symlinking: /home/matteo-melzer/gazebo_test/install/ur_description/share/ur_description/config/ur12e/physical_parameters.yaml
[2.085s] -- Symlinking: /home/matteo-melzer/gazebo_test/install/ur_description/share/ur_description/config/ur12e/visual_parameters.yaml
[2.099s] -- Symlinking: /home/matteo-melzer/gazebo_test/install/ur_description/share/ur_description/config/ur15/default_kinematics.yaml
[2.112s] -- Symlinking: /home/matteo-melzer/gazebo_test/install/ur_description/share/ur_description/config/ur15/joint_limits.yaml
[2.128s] -- Symlinking: /home/matteo-melzer/gazebo_test/install/ur_description/share/ur_description/config/ur15/physical_parameters.yaml
[2.145s] -- Symlinking: /home/matteo-melzer/gazebo_test/install/ur_description/share/ur_description/config/ur15/visual_parameters.yaml
[2.160s] -- Symlinking: /home/matteo-melzer/gazebo_test/install/ur_description/share/ur_description/config/ur16e/default_kinematics.yaml
[2.176s] -- Symlinking: /home/matteo-melzer/gazebo_test/install/ur_description/share/ur_description/config/ur16e/joint_limits.yaml
[2.189s] -- Symlinking: /home/matteo-melzer/gazebo_test/install/ur_description/share/ur_description/config/ur16e/physical_parameters.yaml
[2.202s] -- Symlinking: /home/matteo-melzer/gazebo_test/install/ur_description/share/ur_description/config/ur16e/visual_parameters.yaml
[2.216s] -- Symlinking: /home/matteo-melzer/gazebo_test/install/ur_description/share/ur_description/config/ur18/default_kinematics.yaml
[2.234s] -- Symlinking: /home/matteo-melzer/gazebo_test/install/ur_description/share/ur_description/config/ur18/joint_limits.yaml
[2.248s] -- Symlinking: /home/matteo-melzer/gazebo_test/install/ur_description/share/ur_description/config/ur18/physical_parameters.yaml
[2.282s] -- Symlinking: /home/matteo-melzer/gazebo_test/install/ur_description/share/ur_description/config/ur18/visual_parameters.yaml
[2.296s] -- Symlinking: /home/matteo-melzer/gazebo_test/install/ur_description/share/ur_description/config/ur20/default_kinematics.yaml
[2.309s] -- Symlinking: /home/matteo-melzer/gazebo_test/install/ur_description/share/ur_description/config/ur20/joint_limits.yaml
[2.324s] -- Symlinking: /home/matteo-melzer/gazebo_test/install/ur_description/share/ur_description/config/ur20/physical_parameters.yaml
[2.337s] -- Symlinking: /home/matteo-melzer/gazebo_test/install/ur_description/share/ur_description/config/ur20/visual_parameters.yaml
[2.352s] -- Symlinking: /home/matteo-melzer/gazebo_test/install/ur_description/share/ur_description/config/ur3/default_kinematics.yaml
[2.367s] -- Symlinking: /home/matteo-melzer/gazebo_test/install/ur_description/share/ur_description/config/ur3/joint_limits.yaml
[2.384s] -- Symlinking: /home/matteo-melzer/gazebo_test/install/ur_description/share/ur_description/config/ur3/physical_parameters.yaml
[2.401s] -- Symlinking: /home/matteo-melzer/gazebo_test/install/ur_description/share/ur_description/config/ur3/visual_parameters.yaml
[2.413s] -- Symlinking: /home/matteo-melzer/gazebo_test/install/ur_description/share/ur_description/config/ur30/default_kinematics.yaml
[2.427s] -- Symlinking: /home/matteo-melzer/gazebo_test/install/ur_description/share/ur_description/config/ur30/joint_limits.yaml
[2.440s] -- Symlinking: /home/matteo-melzer/gazebo_test/install/ur_description/share/ur_description/config/ur30/physical_parameters.yaml
[2.452s] -- Symlinking: /home/matteo-melzer/gazebo_test/install/ur_description/share/ur_description/config/ur30/visual_parameters.yaml
[2.470s] -- Symlinking: /home/matteo-melzer/gazebo_test/install/ur_description/share/ur_description/config/ur3e/default_kinematics.yaml
[2.490s] -- Symlinking: /home/matteo-melzer/gazebo_test/install/ur_description/share/ur_description/config/ur3e/joint_limits.yaml
[2.503s] -- Symlinking: /home/matteo-melzer/gazebo_test/install/ur_description/share/ur_description/config/ur3e/physical_parameters.yaml
[2.517s] -- Symlinking: /home/matteo-melzer/gazebo_test/install/ur_description/share/ur_description/config/ur3e/visual_parameters.yaml
[2.530s] -- Symlinking: /home/matteo-melzer/gazebo_test/install/ur_description/share/ur_description/config/ur5/default_kinematics.yaml
[2.544s] -- Symlinking: /home/matteo-melzer/gazebo_test/install/ur_description/share/ur_description/config/ur5/joint_limits.yaml
[2.564s] -- Symlinking: /home/matteo-melzer/gazebo_test/install/ur_description/share/ur_description/config/ur5/physical_parameters.yaml
[2.580s] -- Symlinking: /home/matteo-melzer/gazebo_test/install/ur_description/share/ur_description/config/ur5/visual_parameters.yaml
[2.593s] -- Symlinking: /home/matteo-melzer/gazebo_test/install/ur_description/share/ur_description/config/ur5e/default_kinematics.yaml
[2.609s] -- Symlinking: /home/matteo-melzer/gazebo_test/install/ur_description/share/ur_description/config/ur5e/joint_limits.yaml
[2.626s] -- Symlinking: /home/matteo-melzer/gazebo_test/install/ur_description/share/ur_description/config/ur5e/physical_parameters.yaml
[2.639s] -- Symlinking: /home/matteo-melzer/gazebo_test/install/ur_description/share/ur_description/config/ur5e/visual_parameters.yaml
[2.654s] -- Symlinking: /home/matteo-melzer/gazebo_test/install/ur_description/share/ur_description/config/ur7e/default_kinematics.yaml
[2.669s] -- Symlinking: /home/matteo-melzer/gazebo_test/install/ur_description/share/ur_description/config/ur7e/joint_limits.yaml
[2.688s] -- Symlinking: /home/matteo-melzer/gazebo_test/install/ur_description/share/ur_description/config/ur7e/physical_parameters.yaml
[2.703s] -- Symlinking: /home/matteo-melzer/gazebo_test/install/ur_description/share/ur_description/config/ur7e/visual_parameters.yaml
[2.728s] -- Symlinking: /home/matteo-melzer/gazebo_test/install/ur_description/share/ur_description/config/ur8long/default_kinematics.yaml
[2.742s] -- Symlinking: /home/matteo-melzer/gazebo_test/install/ur_description/share/ur_description/config/ur8long/joint_limits.yaml
[2.770s] -- Symlinking: /home/matteo-melzer/gazebo_test/install/ur_description/share/ur_description/config/ur8long/physical_parameters.yaml
[2.804s] -- Symlinking: /home/matteo-melzer/gazebo_test/install/ur_description/share/ur_description/config/ur8long/visual_parameters.yaml
[2.821s] -- Symlinking: /home/matteo-melzer/gazebo_test/install/ur_description/share/ur_description/launch/view_ur.launch.py
[2.838s] -- Symlinking: /home/matteo-melzer/gazebo_test/install/ur_description/share/ur_description/meshes/ur10/collision/base.stl
[2.884s] -- Symlinking: /home/matteo-melzer/gazebo_test/install/ur_description/share/ur_description/meshes/ur10/collision/forearm.stl
[2.916s] -- Symlinking: /home/matteo-melzer/gazebo_test/install/ur_description/share/ur_description/meshes/ur10/collision/shoulder.stl
[2.935s] -- Symlinking: /home/matteo-melzer/gazebo_test/install/ur_description/share/ur_description/meshes/ur10/collision/upperarm.stl
[2.947s] -- Symlinking: /home/matteo-melzer/gazebo_test/install/ur_description/share/ur_description/meshes/ur10/collision/wrist1.stl
[2.961s] -- Symlinking: /home/matteo-melzer/gazebo_test/install/ur_description/share/ur_description/meshes/ur10/collision/wrist2.stl
[2.972s] -- Symlinking: /home/matteo-melzer/gazebo_test/install/ur_description/share/ur_description/meshes/ur10/collision/wrist3.stl
[2.988s] -- Symlinking: /home/matteo-melzer/gazebo_test/install/ur_description/share/ur_description/meshes/ur10/visual/base.dae
[3.016s] -- Symlinking: /home/matteo-melzer/gazebo_test/install/ur_description/share/ur_description/meshes/ur10/visual/forearm.dae
[3.041s] -- Symlinking: /home/matteo-melzer/gazebo_test/install/ur_description/share/ur_description/meshes/ur10/visual/shoulder.dae
[3.053s] -- Symlinking: /home/matteo-melzer/gazebo_test/install/ur_description/share/ur_description/meshes/ur10/visual/upperarm.dae
[3.080s] -- Symlinking: /home/matteo-melzer/gazebo_test/install/ur_description/share/ur_description/meshes/ur10/visual/wrist1.dae
[3.107s] -- Symlinking: /home/matteo-melzer/gazebo_test/install/ur_description/share/ur_description/meshes/ur10/visual/wrist2.dae
[3.134s] -- Symlinking: /home/matteo-melzer/gazebo_test/install/ur_description/share/ur_description/meshes/ur10/visual/wrist3.dae
[3.160s] -- Symlinking: /home/matteo-melzer/gazebo_test/install/ur_description/share/ur_description/meshes/ur10e/collision/base.stl
[3.189s] -- Symlinking: /home/matteo-melzer/gazebo_test/install/ur_description/share/ur_description/meshes/ur10e/collision/forearm.stl
[3.220s] -- Symlinking: /home/matteo-melzer/gazebo_test/install/ur_description/share/ur_description/meshes/ur10e/collision/shoulder.stl
[3.250s] -- Symlinking: /home/matteo-melzer/gazebo_test/install/ur_description/share/ur_description/meshes/ur10e/collision/upperarm.stl
[3.287s] -- Symlinking: /home/matteo-melzer/gazebo_test/install/ur_description/share/ur_description/meshes/ur10e/collision/wrist1.stl
[3.318s] -- Symlinking: /home/matteo-melzer/gazebo_test/install/ur_description/share/ur_description/meshes/ur10e/collision/wrist2.stl
[3.344s] -- Symlinking: /home/matteo-melzer/gazebo_test/install/ur_description/share/ur_description/meshes/ur10e/collision/wrist3.stl
[3.376s] -- Symlinking: /home/matteo-melzer/gazebo_test/install/ur_description/share/ur_description/meshes/ur10e/visual/base.dae
[3.405s] -- Symlinking: /home/matteo-melzer/gazebo_test/install/ur_description/share/ur_description/meshes/ur10e/visual/forearm.dae
[3.433s] -- Symlinking: /home/matteo-melzer/gazebo_test/install/ur_description/share/ur_description/meshes/ur10e/visual/shoulder.dae
[3.460s] -- Symlinking: /home/matteo-melzer/gazebo_test/install/ur_description/share/ur_description/meshes/ur10e/visual/upperarm.dae
[3.484s] -- Symlinking: /home/matteo-melzer/gazebo_test/install/ur_description/share/ur_description/meshes/ur10e/visual/wrist1.dae
[3.509s] -- Symlinking: /home/matteo-melzer/gazebo_test/install/ur_description/share/ur_description/meshes/ur10e/visual/wrist2.dae
[3.524s] -- Symlinking: /home/matteo-melzer/gazebo_test/install/ur_description/share/ur_description/meshes/ur10e/visual/wrist3.dae
[3.542s] -- Symlinking: /home/matteo-melzer/gazebo_test/install/ur_description/share/ur_description/meshes/ur15/LICENSE.txt
[3.577s] -- Symlinking: /home/matteo-melzer/gazebo_test/install/ur_description/share/ur_description/meshes/ur15/collision/base.stl
[3.627s] -- Symlinking: /home/matteo-melzer/gazebo_test/install/ur_description/share/ur_description/meshes/ur15/collision/forearm.stl
[3.664s] -- Symlinking: /home/matteo-melzer/gazebo_test/install/ur_description/share/ur_description/meshes/ur15/collision/shoulder.stl
[3.706s] -- Symlinking: /home/matteo-melzer/gazebo_test/install/ur_description/share/ur_description/meshes/ur15/collision/upperarm.stl
[3.744s] -- Symlinking: /home/matteo-melzer/gazebo_test/install/ur_description/share/ur_description/meshes/ur15/collision/wrist1.stl
[3.781s] -- Symlinking: /home/matteo-melzer/gazebo_test/install/ur_description/share/ur_description/meshes/ur15/collision/wrist2.stl
[3.819s] -- Symlinking: /home/matteo-melzer/gazebo_test/install/ur_description/share/ur_description/meshes/ur15/collision/wrist3.stl
[3.854s] -- Symlinking: /home/matteo-melzer/gazebo_test/install/ur_description/share/ur_description/meshes/ur15/visual/UR15_DIFF_8bit_2K.jpg
[3.886s] -- Symlinking: /home/matteo-melzer/gazebo_test/install/ur_description/share/ur_description/meshes/ur15/visual/base.dae
[3.929s] -- Symlinking: /home/matteo-melzer/gazebo_test/install/ur_description/share/ur_description/meshes/ur15/visual/forearm.dae
[3.975s] -- Symlinking: /home/matteo-melzer/gazebo_test/install/ur_description/share/ur_description/meshes/ur15/visual/shoulder.dae
[3.997s] -- Symlinking: /home/matteo-melzer/gazebo_test/install/ur_description/share/ur_description/meshes/ur15/visual/upperarm.dae
[4.036s] -- Symlinking: /home/matteo-melzer/gazebo_test/install/ur_description/share/ur_description/meshes/ur15/visual/wrist1.dae
[4.071s] -- Symlinking: /home/matteo-melzer/gazebo_test/install/ur_description/share/ur_description/meshes/ur15/visual/wrist2.dae
[4.109s] -- Symlinking: /home/matteo-melzer/gazebo_test/install/ur_description/share/ur_description/meshes/ur15/visual/wrist3.dae
[4.145s] -- Symlinking: /home/matteo-melzer/gazebo_test/install/ur_description/share/ur_description/meshes/ur16e/collision/forearm.stl
[4.181s] -- Symlinking: /home/matteo-melzer/gazebo_test/install/ur_description/share/ur_description/meshes/ur16e/collision/upperarm.stl
[4.224s] -- Symlinking: /home/matteo-melzer/gazebo_test/install/ur_description/share/ur_description/meshes/ur16e/visual/forearm.dae
[4.269s] -- Symlinking: /home/matteo-melzer/gazebo_test/install/ur_description/share/ur_description/meshes/ur16e/visual/upperarm.dae
[4.312s] -- Symlinking: /home/matteo-melzer/gazebo_test/install/ur_description/share/ur_description/meshes/ur18/LICENSE.txt
[4.339s] -- Symlinking: /home/matteo-melzer/gazebo_test/install/ur_description/share/ur_description/meshes/ur18/collision/forearm.stl
[4.378s] -- Symlinking: /home/matteo-melzer/gazebo_test/install/ur_description/share/ur_description/meshes/ur18/collision/upperarm.stl
[4.428s] -- Symlinking: /home/matteo-melzer/gazebo_test/install/ur_description/share/ur_description/meshes/ur18/visual/UR18_DIFF_8bit_2K.jpg
[4.456s] -- Symlinking: /home/matteo-melzer/gazebo_test/install/ur_description/share/ur_description/meshes/ur18/visual/forearm.dae
[4.466s] -- Symlinking: /home/matteo-melzer/gazebo_test/install/ur_description/share/ur_description/meshes/ur18/visual/upperarm.dae
[4.480s] -- Symlinking: /home/matteo-melzer/gazebo_test/install/ur_description/share/ur_description/meshes/ur20/LICENSE.txt
[4.496s] -- Symlinking: /home/matteo-melzer/gazebo_test/install/ur_description/share/ur_description/meshes/ur20/collision/base.stl
[4.514s] -- Symlinking: /home/matteo-melzer/gazebo_test/install/ur_description/share/ur_description/meshes/ur20/collision/forearm.stl
[4.537s] -- Symlinking: /home/matteo-melzer/gazebo_test/install/ur_description/share/ur_description/meshes/ur20/collision/shoulder.stl
[4.553s] -- Symlinking: /home/matteo-melzer/gazebo_test/install/ur_description/share/ur_description/meshes/ur20/collision/upperarm.stl
[4.579s] -- Symlinking: /home/matteo-melzer/gazebo_test/install/ur_description/share/ur_description/meshes/ur20/collision/wrist1.stl
[4.604s] -- Symlinking: /home/matteo-melzer/gazebo_test/install/ur_description/share/ur_description/meshes/ur20/collision/wrist2.stl
[4.625s] -- Symlinking: /home/matteo-melzer/gazebo_test/install/ur_description/share/ur_description/meshes/ur20/collision/wrist3.stl
[4.654s] -- Symlinking: /home/matteo-melzer/gazebo_test/install/ur_description/share/ur_description/meshes/ur20/visual/UR20_DIFF_8bit_2K.png
[4.703s] -- Symlinking: /home/matteo-melzer/gazebo_test/install/ur_description/share/ur_description/meshes/ur20/visual/base.dae
[4.737s] -- Symlinking: /home/matteo-melzer/gazebo_test/install/ur_description/share/ur_description/meshes/ur20/visual/forearm.dae
[4.769s] -- Symlinking: /home/matteo-melzer/gazebo_test/install/ur_description/share/ur_description/meshes/ur20/visual/shoulder.dae
[4.793s] -- Symlinking: /home/matteo-melzer/gazebo_test/install/ur_description/share/ur_description/meshes/ur20/visual/upperarm.dae
[4.825s] -- Symlinking: /home/matteo-melzer/gazebo_test/install/ur_description/share/ur_description/meshes/ur20/visual/wrist1.dae
[4.848s] -- Symlinking: /home/matteo-melzer/gazebo_test/install/ur_description/share/ur_description/meshes/ur20/visual/wrist2.dae
[4.870s] -- Symlinking: /home/matteo-melzer/gazebo_test/install/ur_description/share/ur_description/meshes/ur20/visual/wrist3.dae
[4.889s] -- Symlinking: /home/matteo-melzer/gazebo_test/install/ur_description/share/ur_description/meshes/ur3/collision/base.stl
[4.914s] -- Symlinking: /home/matteo-melzer/gazebo_test/install/ur_description/share/ur_description/meshes/ur3/collision/forearm.stl
[4.926s] -- Symlinking: /home/matteo-melzer/gazebo_test/install/ur_description/share/ur_description/meshes/ur3/collision/shoulder.stl
[4.948s] -- Symlinking: /home/matteo-melzer/gazebo_test/install/ur_description/share/ur_description/meshes/ur3/collision/upperarm.stl
[4.968s] -- Symlinking: /home/matteo-melzer/gazebo_test/install/ur_description/share/ur_description/meshes/ur3/collision/wrist1.stl
[4.990s] -- Symlinking: /home/matteo-melzer/gazebo_test/install/ur_description/share/ur_description/meshes/ur3/collision/wrist2.stl
[5.009s] -- Symlinking: /home/matteo-melzer/gazebo_test/install/ur_description/share/ur_description/meshes/ur3/collision/wrist3.stl
[5.033s] -- Symlinking: /home/matteo-melzer/gazebo_test/install/ur_description/share/ur_description/meshes/ur3/visual/base.dae
[5.058s] -- Symlinking: /home/matteo-melzer/gazebo_test/install/ur_description/share/ur_description/meshes/ur3/visual/forearm.dae
[5.088s] -- Symlinking: /home/matteo-melzer/gazebo_test/install/ur_description/share/ur_description/meshes/ur3/visual/shoulder.dae
[5.111s] -- Symlinking: /home/matteo-melzer/gazebo_test/install/ur_description/share/ur_description/meshes/ur3/visual/upperarm.dae
[5.138s] -- Symlinking: /home/matteo-melzer/gazebo_test/install/ur_description/share/ur_description/meshes/ur3/visual/wrist1.dae
[5.154s] -- Symlinking: /home/matteo-melzer/gazebo_test/install/ur_description/share/ur_description/meshes/ur3/visual/wrist2.dae
[5.176s] -- Symlinking: /home/matteo-melzer/gazebo_test/install/ur_description/share/ur_description/meshes/ur3/visual/wrist3.dae
[5.192s] -- Symlinking: /home/matteo-melzer/gazebo_test/install/ur_description/share/ur_description/meshes/ur30/LICENSE.txt
[5.218s] -- Symlinking: /home/matteo-melzer/gazebo_test/install/ur_description/share/ur_description/meshes/ur30/collision/forearm.stl
[5.236s] -- Symlinking: /home/matteo-melzer/gazebo_test/install/ur_description/share/ur_description/meshes/ur30/collision/upperarm.stl
[5.258s] -- Symlinking: /home/matteo-melzer/gazebo_test/install/ur_description/share/ur_description/meshes/ur30/visual/UR30_DIFF_8bit_2K.png
[5.280s] -- Symlinking: /home/matteo-melzer/gazebo_test/install/ur_description/share/ur_description/meshes/ur30/visual/forearm.dae
[5.297s] -- Symlinking: /home/matteo-melzer/gazebo_test/install/ur_description/share/ur_description/meshes/ur30/visual/upperarm.dae
[5.335s] -- Symlinking: /home/matteo-melzer/gazebo_test/install/ur_description/share/ur_description/meshes/ur3e/collision/base.stl
[5.364s] -- Symlinking: /home/matteo-melzer/gazebo_test/install/ur_description/share/ur_description/meshes/ur3e/collision/forearm.stl
[5.429s] -- Symlinking: /home/matteo-melzer/gazebo_test/install/ur_description/share/ur_description/meshes/ur3e/collision/shoulder.stl
[5.461s] -- Symlinking: /home/matteo-melzer/gazebo_test/install/ur_description/share/ur_description/meshes/ur3e/collision/upperarm.stl
[5.493s] -- Symlinking: /home/matteo-melzer/gazebo_test/install/ur_description/share/ur_description/meshes/ur3e/collision/wrist1.stl
[5.520s] -- Symlinking: /home/matteo-melzer/gazebo_test/install/ur_description/share/ur_description/meshes/ur3e/collision/wrist2.stl
[5.550s] -- Symlinking: /home/matteo-melzer/gazebo_test/install/ur_description/share/ur_description/meshes/ur3e/collision/wrist3.stl
[5.579s] -- Symlinking: /home/matteo-melzer/gazebo_test/install/ur_description/share/ur_description/meshes/ur3e/visual/base.dae
[5.611s] -- Symlinking: /home/matteo-melzer/gazebo_test/install/ur_description/share/ur_description/meshes/ur3e/visual/forearm.dae
[5.647s] -- Symlinking: /home/matteo-melzer/gazebo_test/install/ur_description/share/ur_description/meshes/ur3e/visual/shoulder.dae
[5.685s] -- Symlinking: /home/matteo-melzer/gazebo_test/install/ur_description/share/ur_description/meshes/ur3e/visual/upperarm.dae
[5.716s] -- Symlinking: /home/matteo-melzer/gazebo_test/install/ur_description/share/ur_description/meshes/ur3e/visual/wrist1.dae
[5.745s] -- Symlinking: /home/matteo-melzer/gazebo_test/install/ur_description/share/ur_description/meshes/ur3e/visual/wrist2.dae
[5.777s] -- Symlinking: /home/matteo-melzer/gazebo_test/install/ur_description/share/ur_description/meshes/ur3e/visual/wrist3.dae
[5.809s] -- Symlinking: /home/matteo-melzer/gazebo_test/install/ur_description/share/ur_description/meshes/ur5/collision/base.stl
[5.842s] -- Symlinking: /home/matteo-melzer/gazebo_test/install/ur_description/share/ur_description/meshes/ur5/collision/forearm.stl
[5.868s] -- Symlinking: /home/matteo-melzer/gazebo_test/install/ur_description/share/ur_description/meshes/ur5/collision/shoulder.stl
[5.896s] -- Symlinking: /home/matteo-melzer/gazebo_test/install/ur_description/share/ur_description/meshes/ur5/collision/upperarm.stl
[5.926s] -- Symlinking: /home/matteo-melzer/gazebo_test/install/ur_description/share/ur_description/meshes/ur5/collision/wrist1.stl
[5.944s] -- Symlinking: /home/matteo-melzer/gazebo_test/install/ur_description/share/ur_description/meshes/ur5/collision/wrist2.stl
[5.975s] -- Symlinking: /home/matteo-melzer/gazebo_test/install/ur_description/share/ur_description/meshes/ur5/collision/wrist3.stl
[6.001s] -- Symlinking: /home/matteo-melzer/gazebo_test/install/ur_description/share/ur_description/meshes/ur5/visual/base.dae
[6.019s] -- Symlinking: /home/matteo-melzer/gazebo_test/install/ur_description/share/ur_description/meshes/ur5/visual/forearm.dae
[6.031s] -- Symlinking: /home/matteo-melzer/gazebo_test/install/ur_description/share/ur_description/meshes/ur5/visual/shoulder.dae
[6.046s] -- Symlinking: /home/matteo-melzer/gazebo_test/install/ur_description/share/ur_description/meshes/ur5/visual/upperarm.dae
[6.062s] -- Symlinking: /home/matteo-melzer/gazebo_test/install/ur_description/share/ur_description/meshes/ur5/visual/wrist1.dae
[6.080s] -- Symlinking: /home/matteo-melzer/gazebo_test/install/ur_description/share/ur_description/meshes/ur5/visual/wrist2.dae
[6.111s] -- Symlinking: /home/matteo-melzer/gazebo_test/install/ur_description/share/ur_description/meshes/ur5/visual/wrist3.dae
[6.134s] -- Symlinking: /home/matteo-melzer/gazebo_test/install/ur_description/share/ur_description/meshes/ur5e/collision/base.stl
[6.149s] -- Symlinking: /home/matteo-melzer/gazebo_test/install/ur_description/share/ur_description/meshes/ur5e/collision/forearm.stl
[6.168s] -- Symlinking: /home/matteo-melzer/gazebo_test/install/ur_description/share/ur_description/meshes/ur5e/collision/shoulder.stl
[6.185s] -- Symlinking: /home/matteo-melzer/gazebo_test/install/ur_description/share/ur_description/meshes/ur5e/collision/upperarm.stl
[6.195s] -- Symlinking: /home/matteo-melzer/gazebo_test/install/ur_description/share/ur_description/meshes/ur5e/collision/wrist1.stl
[6.221s] -- Symlinking: /home/matteo-melzer/gazebo_test/install/ur_description/share/ur_description/meshes/ur5e/collision/wrist2.stl
[6.241s] -- Symlinking: /home/matteo-melzer/gazebo_test/install/ur_description/share/ur_description/meshes/ur5e/collision/wrist3.stl
[6.276s] -- Symlinking: /home/matteo-melzer/gazebo_test/install/ur_description/share/ur_description/meshes/ur5e/visual/base.dae
[6.308s] -- Symlinking: /home/matteo-melzer/gazebo_test/install/ur_description/share/ur_description/meshes/ur5e/visual/forearm.dae
[6.344s] -- Symlinking: /home/matteo-melzer/gazebo_test/install/ur_description/share/ur_description/meshes/ur5e/visual/shoulder.dae
[6.373s] -- Symlinking: /home/matteo-melzer/gazebo_test/install/ur_description/share/ur_description/meshes/ur5e/visual/upperarm.dae
[6.405s] -- Symlinking: /home/matteo-melzer/gazebo_test/install/ur_description/share/ur_description/meshes/ur5e/visual/wrist1.dae
[6.439s] -- Symlinking: /home/matteo-melzer/gazebo_test/install/ur_description/share/ur_description/meshes/ur5e/visual/wrist2.dae
[6.473s] -- Symlinking: /home/matteo-melzer/gazebo_test/install/ur_description/share/ur_description/meshes/ur5e/visual/wrist3.dae
[6.500s] -- Symlinking: /home/matteo-melzer/gazebo_test/install/ur_description/share/ur_description/meshes/ur8long/LICENSE.txt
[6.535s] -- Symlinking: /home/matteo-melzer/gazebo_test/install/ur_description/share/ur_description/meshes/ur8long/collision/forearm.stl
[6.554s] -- Symlinking: /home/matteo-melzer/gazebo_test/install/ur_description/share/ur_description/meshes/ur8long/collision/upperarm.stl
[6.575s] -- Symlinking: /home/matteo-melzer/gazebo_test/install/ur_description/share/ur_description/meshes/ur8long/visual/UR8Long_DIFF_8bit_2K.jpg
[6.587s] -- Symlinking: /home/matteo-melzer/gazebo_test/install/ur_description/share/ur_description/meshes/ur8long/visual/forearm.dae
[6.611s] -- Symlinking: /home/matteo-melzer/gazebo_test/install/ur_description/share/ur_description/meshes/ur8long/visual/upperarm.dae
[6.625s] -- Symlinking: /home/matteo-melzer/gazebo_test/install/ur_description/share/ur_description/rviz/view_robot.rviz
[6.655s] -- Symlinking: /home/matteo-melzer/gazebo_test/install/ur_description/share/ur_description/urdf/inc/ur_common.xacro
[6.683s] -- Symlinking: /home/matteo-melzer/gazebo_test/install/ur_description/share/ur_description/urdf/inc/ur_transmissions.xacro
[6.698s] -- Symlinking: /home/matteo-melzer/gazebo_test/install/ur_description/share/ur_description/urdf/ur.ros2_control.xacro
[6.723s] -- Symlinking: /home/matteo-melzer/gazebo_test/install/ur_description/share/ur_description/urdf/ur.urdf.xacro
[6.755s] -- Symlinking: /home/matteo-melzer/gazebo_test/install/ur_description/share/ur_description/urdf/ur_macro.xacro
[6.785s] -- Symlinking: /home/matteo-melzer/gazebo_test/install/ur_description/share/ur_description/test/test_ur_urdf_xacro.py
[6.815s] -- Symlinking: /home/matteo-melzer/gazebo_test/install/ur_description/share/ur_description/test/test_view_ur_launch.py
[6.850s] -- Symlinking: /home/matteo-melzer/gazebo_test/install/ur_description/share/ament_index/resource_index/package_run_dependencies/ur_description
[6.881s] -- Symlinking: /home/matteo-melzer/gazebo_test/install/ur_description/share/ament_index/resource_index/parent_prefix_path/ur_description
[6.910s] -- Symlinking: /home/matteo-melzer/gazebo_test/install/ur_description/share/ur_description/environment/ament_prefix_path.sh
[6.942s] -- Symlinking: /home/matteo-melzer/gazebo_test/install/ur_description/share/ur_description/environment/ament_prefix_path.dsv
[6.972s] -- Symlinking: /home/matteo-melzer/gazebo_test/install/ur_description/share/ur_description/environment/path.sh
[7.001s] -- Symlinking: /home/matteo-melzer/gazebo_test/install/ur_description/share/ur_description/environment/path.dsv
[7.041s] -- Symlinking: /home/matteo-melzer/gazebo_test/install/ur_description/share/ur_description/local_setup.bash
[7.080s] -- Symlinking: /home/matteo-melzer/gazebo_test/install/ur_description/share/ur_description/local_setup.sh
[7.110s] -- Symlinking: /home/matteo-melzer/gazebo_test/install/ur_description/share/ur_description/local_setup.zsh
[7.152s] -- Symlinking: /home/matteo-melzer/gazebo_test/install/ur_description/share/ur_description/local_setup.dsv
[7.183s] -- Symlinking: /home/matteo-melzer/gazebo_test/install/ur_description/share/ur_description/package.dsv
[7.214s] -- Symlinking: /home/matteo-melzer/gazebo_test/install/ur_description/share/ament_index/resource_index/packages/ur_description
[7.245s] -- Symlinking: /home/matteo-melzer/gazebo_test/install/ur_description/share/ur_description/cmake/ur_descriptionConfig.cmake
[7.277s] -- Symlinking: /home/matteo-melzer/gazebo_test/install/ur_description/share/ur_description/cmake/ur_descriptionConfig-version.cmake
[7.307s] -- Symlinking: /home/matteo-melzer/gazebo_test/install/ur_description/share/ur_description/package.xml
[7.339s] Invoked command in '/home/matteo-melzer/gazebo_test/build/ur_description' returned '0': CMAKE_PREFIX_PATH=${CMAKE_PREFIX_PATH}:/home/matteo-melzer/gazebo_test/install/onrobot_rg_modbus_tcp:/home/matteo-melzer/gazebo_test/install/onrobot_rg_control:/home/matteo-melzer/gazebo_test/install/onrobot_driver:/home/matteo-melzer/ros2_ws/install/py_srvcli:/home/matteo-melzer/ros2_ws/install/py_pubsub:/home/matteo-melzer/ws_moveit/install/moveit_configs_utils:/home/matteo-melzer/ws_moveit/install/launch_param_builder:/opt/ros/humble /usr/bin/cmake --install /home/matteo-melzer/gazebo_test/build/ur_description
