[0.025s] Invoking command in '/home/matteo-melzer/gazebo_test/build/onrobot_rg_msgs': CMAKE_PREFIX_PATH=${CMAKE_PREFIX_PATH}:/home/matteo-melzer/gazebo_test/install/onrobot_rg_modbus_tcp:/home/matteo-melzer/gazebo_test/install/onrobot_rg_control:/home/matteo-melzer/gazebo_test/install/onrobot_driver:/home/matteo-melzer/ros2_ws/install/py_srvcli:/home/matteo-melzer/ros2_ws/install/py_pubsub:/home/matteo-melzer/ws_moveit/install/moveit_configs_utils:/home/matteo-melzer/ws_moveit/install/launch_param_builder:/opt/ros/humble /usr/bin/cmake --build /home/matteo-melzer/gazebo_test/build/onrobot_rg_msgs -- -j2 -l2
[0.124s] [ 10%] Built target onrobot_rg_msgs__rosidl_generator_c
[0.150s] [ 12%] Built target onrobot_rg_msgs__cpp
[0.200s] [ 23%] Built target onrobot_rg_msgs__rosidl_typesupport_cpp
[0.226s] [ 23%] Built target ament_cmake_python_symlink_onrobot_rg_msgs
[0.298s] [ 34%] Built target onrobot_rg_msgs__rosidl_typesupport_fastrtps_c
[0.313s] [ 45%] Built target onrobot_rg_msgs__rosidl_typesupport_fastrtps_cpp
[0.375s] [ 56%] Built target onrobot_rg_msgs__rosidl_typesupport_c
[0.382s] [ 67%] Built target onrobot_rg_msgs__rosidl_typesupport_introspection_c
[0.428s] [ 78%] Built target onrobot_rg_msgs__rosidl_typesupport_introspection_cpp
[0.513s] [ 78%] Built target onrobot_rg_msgs
[0.599s] [ 80%] Built target onrobot_rg_msgs__py
[0.696s] [ 89%] Built target onrobot_rg_msgs__rosidl_generator_py
[0.765s] running egg_info
[0.768s] writing onrobot_rg_msgs.egg-info/PKG-INFO
[0.768s] writing dependency_links to onrobot_rg_msgs.egg-info/dependency_links.txt
[0.772s] writing top-level names to onrobot_rg_msgs.egg-info/top_level.txt
[0.776s] reading manifest file 'onrobot_rg_msgs.egg-info/SOURCES.txt'
[0.777s] writing manifest file 'onrobot_rg_msgs.egg-info/SOURCES.txt'
[0.805s] [ 92%] Built target onrobot_rg_msgs__rosidl_typesupport_fastrtps_c__pyext
[0.855s] [ 92%] Built target ament_cmake_python_build_onrobot_rg_msgs_egg
[0.902s] [ 96%] Built target onrobot_rg_msgs__rosidl_typesupport_introspection_c__pyext
[0.907s] [100%] Built target onrobot_rg_msgs__rosidl_typesupport_c__pyext
[0.930s] Invoked command in '/home/matteo-melzer/gazebo_test/build/onrobot_rg_msgs' returned '0': CMAKE_PREFIX_PATH=${CMAKE_PREFIX_PATH}:/home/matteo-melzer/gazebo_test/install/onrobot_rg_modbus_tcp:/home/matteo-melzer/gazebo_test/install/onrobot_rg_control:/home/matteo-melzer/gazebo_test/install/onrobot_driver:/home/matteo-melzer/ros2_ws/install/py_srvcli:/home/matteo-melzer/ros2_ws/install/py_pubsub:/home/matteo-melzer/ws_moveit/install/moveit_configs_utils:/home/matteo-melzer/ws_moveit/install/launch_param_builder:/opt/ros/humble /usr/bin/cmake --build /home/matteo-melzer/gazebo_test/build/onrobot_rg_msgs -- -j2 -l2
[0.930s] Invoking command in '/home/matteo-melzer/gazebo_test/build/onrobot_rg_msgs': CMAKE_PREFIX_PATH=${CMAKE_PREFIX_PATH}:/home/matteo-melzer/gazebo_test/install/onrobot_rg_modbus_tcp:/home/matteo-melzer/gazebo_test/install/onrobot_rg_control:/home/matteo-melzer/gazebo_test/install/onrobot_driver:/home/matteo-melzer/ros2_ws/install/py_srvcli:/home/matteo-melzer/ros2_ws/install/py_pubsub:/home/matteo-melzer/ws_moveit/install/moveit_configs_utils:/home/matteo-melzer/ws_moveit/install/launch_param_builder:/opt/ros/humble /usr/bin/cmake --install /home/matteo-melzer/gazebo_test/build/onrobot_rg_msgs
[0.951s] -- Install configuration: ""
[0.953s] -- Execute custom install script
[0.953s] -- Up-to-date symlink: /home/matteo-melzer/gazebo_test/install/onrobot_rg_msgs/share/ament_index/resource_index/rosidl_interfaces/onrobot_rg_msgs
[0.955s] -- Up-to-date symlink: /home/matteo-melzer/gazebo_test/install/onrobot_rg_msgs/include/onrobot_rg_msgs/onrobot_rg_msgs/msg/detail/on_robot_rg_input__functions.h
[0.955s] -- Up-to-date symlink: /home/matteo-melzer/gazebo_test/install/onrobot_rg_msgs/include/onrobot_rg_msgs/onrobot_rg_msgs/msg/detail/on_robot_rg_input__struct.h
[0.955s] -- Up-to-date symlink: /home/matteo-melzer/gazebo_test/install/onrobot_rg_msgs/include/onrobot_rg_msgs/onrobot_rg_msgs/msg/detail/on_robot_rg_input__type_support.h
[0.955s] -- Up-to-date symlink: /home/matteo-melzer/gazebo_test/install/onrobot_rg_msgs/include/onrobot_rg_msgs/onrobot_rg_msgs/msg/detail/on_robot_rg_output__functions.h
[0.955s] -- Up-to-date symlink: /home/matteo-melzer/gazebo_test/install/onrobot_rg_msgs/include/onrobot_rg_msgs/onrobot_rg_msgs/msg/detail/on_robot_rg_output__struct.h
[0.955s] -- Up-to-date symlink: /home/matteo-melzer/gazebo_test/install/onrobot_rg_msgs/include/onrobot_rg_msgs/onrobot_rg_msgs/msg/detail/on_robot_rg_output__type_support.h
[0.956s] -- Up-to-date symlink: /home/matteo-melzer/gazebo_test/install/onrobot_rg_msgs/include/onrobot_rg_msgs/onrobot_rg_msgs/msg/on_robot_rg_input.h
[0.956s] -- Up-to-date symlink: /home/matteo-melzer/gazebo_test/install/onrobot_rg_msgs/include/onrobot_rg_msgs/onrobot_rg_msgs/msg/on_robot_rg_output.h
[0.956s] -- Up-to-date symlink: /home/matteo-melzer/gazebo_test/install/onrobot_rg_msgs/include/onrobot_rg_msgs/onrobot_rg_msgs/msg/rosidl_generator_c__visibility_control.h
[0.957s] -- Up-to-date symlink: /home/matteo-melzer/gazebo_test/install/onrobot_rg_msgs/include/onrobot_rg_msgs/onrobot_rg_msgs/srv/detail/gripper_pose__functions.h
[0.958s] -- Up-to-date symlink: /home/matteo-melzer/gazebo_test/install/onrobot_rg_msgs/include/onrobot_rg_msgs/onrobot_rg_msgs/srv/detail/gripper_pose__struct.h
[0.958s] -- Up-to-date symlink: /home/matteo-melzer/gazebo_test/install/onrobot_rg_msgs/include/onrobot_rg_msgs/onrobot_rg_msgs/srv/detail/gripper_pose__type_support.h
[0.958s] -- Up-to-date symlink: /home/matteo-melzer/gazebo_test/install/onrobot_rg_msgs/include/onrobot_rg_msgs/onrobot_rg_msgs/srv/detail/set_command__functions.h
[0.960s] -- Up-to-date symlink: /home/matteo-melzer/gazebo_test/install/onrobot_rg_msgs/include/onrobot_rg_msgs/onrobot_rg_msgs/srv/detail/set_command__struct.h
[0.960s] -- Up-to-date symlink: /home/matteo-melzer/gazebo_test/install/onrobot_rg_msgs/include/onrobot_rg_msgs/onrobot_rg_msgs/srv/detail/set_command__type_support.h
[0.960s] -- Up-to-date symlink: /home/matteo-melzer/gazebo_test/install/onrobot_rg_msgs/include/onrobot_rg_msgs/onrobot_rg_msgs/srv/gripper_pose.h
[0.960s] -- Up-to-date symlink: /home/matteo-melzer/gazebo_test/install/onrobot_rg_msgs/include/onrobot_rg_msgs/onrobot_rg_msgs/srv/set_command.h
[0.960s] -- Up-to-date symlink: /home/matteo-melzer/gazebo_test/install/onrobot_rg_msgs/share/onrobot_rg_msgs/environment/library_path.sh
[0.960s] -- Up-to-date symlink: /home/matteo-melzer/gazebo_test/install/onrobot_rg_msgs/share/onrobot_rg_msgs/environment/library_path.dsv
[0.960s] -- Up-to-date symlink: /home/matteo-melzer/gazebo_test/install/onrobot_rg_msgs/include/onrobot_rg_msgs/onrobot_rg_msgs/msg/detail/on_robot_rg_input__rosidl_typesupport_fastrtps_c.h
[0.963s] -- Up-to-date symlink: /home/matteo-melzer/gazebo_test/install/onrobot_rg_msgs/include/onrobot_rg_msgs/onrobot_rg_msgs/msg/detail/on_robot_rg_output__rosidl_typesupport_fastrtps_c.h
[0.963s] -- Up-to-date symlink: /home/matteo-melzer/gazebo_test/install/onrobot_rg_msgs/include/onrobot_rg_msgs/onrobot_rg_msgs/msg/rosidl_typesupport_fastrtps_c__visibility_control.h
[0.963s] -- Up-to-date symlink: /home/matteo-melzer/gazebo_test/install/onrobot_rg_msgs/include/onrobot_rg_msgs/onrobot_rg_msgs/srv/detail/gripper_pose__rosidl_typesupport_fastrtps_c.h
[0.963s] -- Up-to-date symlink: /home/matteo-melzer/gazebo_test/install/onrobot_rg_msgs/include/onrobot_rg_msgs/onrobot_rg_msgs/srv/detail/set_command__rosidl_typesupport_fastrtps_c.h
[0.963s] -- Up-to-date symlink: /home/matteo-melzer/gazebo_test/install/onrobot_rg_msgs/include/onrobot_rg_msgs/onrobot_rg_msgs/msg/detail/on_robot_rg_input__builder.hpp
[0.964s] -- Up-to-date symlink: /home/matteo-melzer/gazebo_test/install/onrobot_rg_msgs/include/onrobot_rg_msgs/onrobot_rg_msgs/msg/detail/on_robot_rg_input__struct.hpp
[0.964s] -- Up-to-date symlink: /home/matteo-melzer/gazebo_test/install/onrobot_rg_msgs/include/onrobot_rg_msgs/onrobot_rg_msgs/msg/detail/on_robot_rg_input__traits.hpp
[0.965s] -- Up-to-date symlink: /home/matteo-melzer/gazebo_test/install/onrobot_rg_msgs/include/onrobot_rg_msgs/onrobot_rg_msgs/msg/detail/on_robot_rg_input__type_support.hpp
[0.965s] -- Up-to-date symlink: /home/matteo-melzer/gazebo_test/install/onrobot_rg_msgs/include/onrobot_rg_msgs/onrobot_rg_msgs/msg/detail/on_robot_rg_output__builder.hpp
[0.966s] -- Up-to-date symlink: /home/matteo-melzer/gazebo_test/install/onrobot_rg_msgs/include/onrobot_rg_msgs/onrobot_rg_msgs/msg/detail/on_robot_rg_output__struct.hpp
[0.966s] -- Up-to-date symlink: /home/matteo-melzer/gazebo_test/install/onrobot_rg_msgs/include/onrobot_rg_msgs/onrobot_rg_msgs/msg/detail/on_robot_rg_output__traits.hpp
[0.967s] -- Up-to-date symlink: /home/matteo-melzer/gazebo_test/install/onrobot_rg_msgs/include/onrobot_rg_msgs/onrobot_rg_msgs/msg/detail/on_robot_rg_output__type_support.hpp
[0.969s] -- Up-to-date symlink: /home/matteo-melzer/gazebo_test/install/onrobot_rg_msgs/include/onrobot_rg_msgs/onrobot_rg_msgs/msg/on_robot_rg_input.hpp
[0.970s] -- Up-to-date symlink: /home/matteo-melzer/gazebo_test/install/onrobot_rg_msgs/include/onrobot_rg_msgs/onrobot_rg_msgs/msg/on_robot_rg_output.hpp
[0.970s] -- Up-to-date symlink: /home/matteo-melzer/gazebo_test/install/onrobot_rg_msgs/include/onrobot_rg_msgs/onrobot_rg_msgs/msg/rosidl_generator_cpp__visibility_control.hpp
[0.970s] -- Up-to-date symlink: /home/matteo-melzer/gazebo_test/install/onrobot_rg_msgs/include/onrobot_rg_msgs/onrobot_rg_msgs/srv/detail/gripper_pose__builder.hpp
[0.970s] -- Up-to-date symlink: /home/matteo-melzer/gazebo_test/install/onrobot_rg_msgs/include/onrobot_rg_msgs/onrobot_rg_msgs/srv/detail/gripper_pose__struct.hpp
[0.970s] -- Up-to-date symlink: /home/matteo-melzer/gazebo_test/install/onrobot_rg_msgs/include/onrobot_rg_msgs/onrobot_rg_msgs/srv/detail/gripper_pose__traits.hpp
[0.970s] -- Up-to-date symlink: /home/matteo-melzer/gazebo_test/install/onrobot_rg_msgs/include/onrobot_rg_msgs/onrobot_rg_msgs/srv/detail/gripper_pose__type_support.hpp
[0.970s] -- Up-to-date symlink: /home/matteo-melzer/gazebo_test/install/onrobot_rg_msgs/include/onrobot_rg_msgs/onrobot_rg_msgs/srv/detail/set_command__builder.hpp
[0.970s] -- Up-to-date symlink: /home/matteo-melzer/gazebo_test/install/onrobot_rg_msgs/include/onrobot_rg_msgs/onrobot_rg_msgs/srv/detail/set_command__struct.hpp
[0.970s] -- Up-to-date symlink: /home/matteo-melzer/gazebo_test/install/onrobot_rg_msgs/include/onrobot_rg_msgs/onrobot_rg_msgs/srv/detail/set_command__traits.hpp
[0.972s] -- Up-to-date symlink: /home/matteo-melzer/gazebo_test/install/onrobot_rg_msgs/include/onrobot_rg_msgs/onrobot_rg_msgs/srv/detail/set_command__type_support.hpp
[0.972s] -- Up-to-date symlink: /home/matteo-melzer/gazebo_test/install/onrobot_rg_msgs/include/onrobot_rg_msgs/onrobot_rg_msgs/srv/gripper_pose.hpp
[0.972s] -- Up-to-date symlink: /home/matteo-melzer/gazebo_test/install/onrobot_rg_msgs/include/onrobot_rg_msgs/onrobot_rg_msgs/srv/set_command.hpp
[0.973s] -- Up-to-date symlink: /home/matteo-melzer/gazebo_test/install/onrobot_rg_msgs/include/onrobot_rg_msgs/onrobot_rg_msgs/msg/detail/on_robot_rg_input__rosidl_typesupport_fastrtps_cpp.hpp
[0.973s] -- Up-to-date symlink: /home/matteo-melzer/gazebo_test/install/onrobot_rg_msgs/include/onrobot_rg_msgs/onrobot_rg_msgs/msg/detail/on_robot_rg_output__rosidl_typesupport_fastrtps_cpp.hpp
[0.973s] -- Up-to-date symlink: /home/matteo-melzer/gazebo_test/install/onrobot_rg_msgs/include/onrobot_rg_msgs/onrobot_rg_msgs/msg/rosidl_typesupport_fastrtps_cpp__visibility_control.h
[0.974s] -- Up-to-date symlink: /home/matteo-melzer/gazebo_test/install/onrobot_rg_msgs/include/onrobot_rg_msgs/onrobot_rg_msgs/srv/detail/gripper_pose__rosidl_typesupport_fastrtps_cpp.hpp
[0.974s] -- Up-to-date symlink: /home/matteo-melzer/gazebo_test/install/onrobot_rg_msgs/include/onrobot_rg_msgs/onrobot_rg_msgs/srv/detail/set_command__rosidl_typesupport_fastrtps_cpp.hpp
[0.975s] -- Up-to-date symlink: /home/matteo-melzer/gazebo_test/install/onrobot_rg_msgs/include/onrobot_rg_msgs/onrobot_rg_msgs/msg/detail/on_robot_rg_input__rosidl_typesupport_introspection_c.h
[0.976s] -- Up-to-date symlink: /home/matteo-melzer/gazebo_test/install/onrobot_rg_msgs/include/onrobot_rg_msgs/onrobot_rg_msgs/msg/detail/on_robot_rg_output__rosidl_typesupport_introspection_c.h
[0.977s] -- Up-to-date symlink: /home/matteo-melzer/gazebo_test/install/onrobot_rg_msgs/include/onrobot_rg_msgs/onrobot_rg_msgs/msg/rosidl_typesupport_introspection_c__visibility_control.h
[0.977s] -- Up-to-date symlink: /home/matteo-melzer/gazebo_test/install/onrobot_rg_msgs/include/onrobot_rg_msgs/onrobot_rg_msgs/srv/detail/gripper_pose__rosidl_typesupport_introspection_c.h
[0.977s] -- Up-to-date symlink: /home/matteo-melzer/gazebo_test/install/onrobot_rg_msgs/include/onrobot_rg_msgs/onrobot_rg_msgs/srv/detail/set_command__rosidl_typesupport_introspection_c.h
[0.977s] -- Up-to-date symlink: /home/matteo-melzer/gazebo_test/install/onrobot_rg_msgs/include/onrobot_rg_msgs/onrobot_rg_msgs/msg/detail/on_robot_rg_input__rosidl_typesupport_introspection_cpp.hpp
[0.978s] -- Up-to-date symlink: /home/matteo-melzer/gazebo_test/install/onrobot_rg_msgs/include/onrobot_rg_msgs/onrobot_rg_msgs/msg/detail/on_robot_rg_output__rosidl_typesupport_introspection_cpp.hpp
[0.978s] -- Up-to-date symlink: /home/matteo-melzer/gazebo_test/install/onrobot_rg_msgs/include/onrobot_rg_msgs/onrobot_rg_msgs/srv/detail/gripper_pose__rosidl_typesupport_introspection_cpp.hpp
[0.979s] -- Up-to-date symlink: /home/matteo-melzer/gazebo_test/install/onrobot_rg_msgs/include/onrobot_rg_msgs/onrobot_rg_msgs/srv/detail/set_command__rosidl_typesupport_introspection_cpp.hpp
[0.979s] -- Up-to-date symlink: /home/matteo-melzer/gazebo_test/install/onrobot_rg_msgs/share/onrobot_rg_msgs/environment/pythonpath.sh
[0.979s] -- Up-to-date symlink: /home/matteo-melzer/gazebo_test/install/onrobot_rg_msgs/share/onrobot_rg_msgs/environment/pythonpath.dsv
[0.980s] -- Up-to-date symlink: /home/matteo-melzer/gazebo_test/install/onrobot_rg_msgs/local/lib/python3.10/dist-packages/onrobot_rg_msgs-1.0.0-py3.10.egg-info/PKG-INFO
[0.980s] -- Up-to-date symlink: /home/matteo-melzer/gazebo_test/install/onrobot_rg_msgs/local/lib/python3.10/dist-packages/onrobot_rg_msgs-1.0.0-py3.10.egg-info/SOURCES.txt
[0.982s] -- Up-to-date symlink: /home/matteo-melzer/gazebo_test/install/onrobot_rg_msgs/local/lib/python3.10/dist-packages/onrobot_rg_msgs-1.0.0-py3.10.egg-info/dependency_links.txt
[0.984s] -- Up-to-date symlink: /home/matteo-melzer/gazebo_test/install/onrobot_rg_msgs/local/lib/python3.10/dist-packages/onrobot_rg_msgs-1.0.0-py3.10.egg-info/top_level.txt
[0.984s] -- Up-to-date symlink: /home/matteo-melzer/gazebo_test/install/onrobot_rg_msgs/local/lib/python3.10/dist-packages/onrobot_rg_msgs/__init__.py
[0.984s] -- Up-to-date symlink: /home/matteo-melzer/gazebo_test/install/onrobot_rg_msgs/local/lib/python3.10/dist-packages/onrobot_rg_msgs/_onrobot_rg_msgs_s.ep.rosidl_typesupport_c.c
[0.984s] -- Up-to-date symlink: /home/matteo-melzer/gazebo_test/install/onrobot_rg_msgs/local/lib/python3.10/dist-packages/onrobot_rg_msgs/_onrobot_rg_msgs_s.ep.rosidl_typesupport_fastrtps_c.c
[0.984s] -- Up-to-date symlink: /home/matteo-melzer/gazebo_test/install/onrobot_rg_msgs/local/lib/python3.10/dist-packages/onrobot_rg_msgs/_onrobot_rg_msgs_s.ep.rosidl_typesupport_introspection_c.c
[0.984s] -- Up-to-date symlink: /home/matteo-melzer/gazebo_test/install/onrobot_rg_msgs/local/lib/python3.10/dist-packages/onrobot_rg_msgs/libonrobot_rg_msgs__rosidl_generator_py.so
[0.984s] -- Up-to-date symlink: /home/matteo-melzer/gazebo_test/install/onrobot_rg_msgs/local/lib/python3.10/dist-packages/onrobot_rg_msgs/msg/__init__.py
[0.986s] -- Up-to-date symlink: /home/matteo-melzer/gazebo_test/install/onrobot_rg_msgs/local/lib/python3.10/dist-packages/onrobot_rg_msgs/msg/_on_robot_rg_input.py
[0.986s] -- Up-to-date symlink: /home/matteo-melzer/gazebo_test/install/onrobot_rg_msgs/local/lib/python3.10/dist-packages/onrobot_rg_msgs/msg/_on_robot_rg_input_s.c
[0.986s] -- Up-to-date symlink: /home/matteo-melzer/gazebo_test/install/onrobot_rg_msgs/local/lib/python3.10/dist-packages/onrobot_rg_msgs/msg/_on_robot_rg_output.py
[0.986s] -- Up-to-date symlink: /home/matteo-melzer/gazebo_test/install/onrobot_rg_msgs/local/lib/python3.10/dist-packages/onrobot_rg_msgs/msg/_on_robot_rg_output_s.c
[0.986s] -- Up-to-date symlink: /home/matteo-melzer/gazebo_test/install/onrobot_rg_msgs/local/lib/python3.10/dist-packages/onrobot_rg_msgs/onrobot_rg_msgs_s__rosidl_typesupport_c.cpython-310-x86_64-linux-gnu.so
[0.986s] -- Up-to-date symlink: /home/matteo-melzer/gazebo_test/install/onrobot_rg_msgs/local/lib/python3.10/dist-packages/onrobot_rg_msgs/onrobot_rg_msgs_s__rosidl_typesupport_fastrtps_c.cpython-310-x86_64-linux-gnu.so
[0.986s] -- Up-to-date symlink: /home/matteo-melzer/gazebo_test/install/onrobot_rg_msgs/local/lib/python3.10/dist-packages/onrobot_rg_msgs/onrobot_rg_msgs_s__rosidl_typesupport_introspection_c.cpython-310-x86_64-linux-gnu.so
[0.986s] -- Up-to-date symlink: /home/matteo-melzer/gazebo_test/install/onrobot_rg_msgs/local/lib/python3.10/dist-packages/onrobot_rg_msgs/srv/__init__.py
[0.987s] -- Up-to-date symlink: /home/matteo-melzer/gazebo_test/install/onrobot_rg_msgs/local/lib/python3.10/dist-packages/onrobot_rg_msgs/srv/_gripper_pose.py
[0.987s] -- Up-to-date symlink: /home/matteo-melzer/gazebo_test/install/onrobot_rg_msgs/local/lib/python3.10/dist-packages/onrobot_rg_msgs/srv/_gripper_pose_s.c
[0.987s] -- Up-to-date symlink: /home/matteo-melzer/gazebo_test/install/onrobot_rg_msgs/local/lib/python3.10/dist-packages/onrobot_rg_msgs/srv/_set_command.py
[0.987s] -- Up-to-date symlink: /home/matteo-melzer/gazebo_test/install/onrobot_rg_msgs/local/lib/python3.10/dist-packages/onrobot_rg_msgs/srv/_set_command_s.c
[0.988s] -- Up-to-date symlink: /home/matteo-melzer/gazebo_test/install/onrobot_rg_msgs/local/lib/python3.10/dist-packages/onrobot_rg_msgs/onrobot_rg_msgs_s__rosidl_typesupport_fastrtps_c.cpython-310-x86_64-linux-gnu.so
[0.988s] -- Up-to-date symlink: /home/matteo-melzer/gazebo_test/install/onrobot_rg_msgs/local/lib/python3.10/dist-packages/onrobot_rg_msgs/onrobot_rg_msgs_s__rosidl_typesupport_introspection_c.cpython-310-x86_64-linux-gnu.so
[0.991s] -- Up-to-date symlink: /home/matteo-melzer/gazebo_test/install/onrobot_rg_msgs/local/lib/python3.10/dist-packages/onrobot_rg_msgs/onrobot_rg_msgs_s__rosidl_typesupport_c.cpython-310-x86_64-linux-gnu.so
[0.992s] -- Up-to-date symlink: /home/matteo-melzer/gazebo_test/install/onrobot_rg_msgs/share/onrobot_rg_msgs/msg/OnRobotRGInput.idl
[0.992s] -- Up-to-date symlink: /home/matteo-melzer/gazebo_test/install/onrobot_rg_msgs/share/onrobot_rg_msgs/msg/OnRobotRGOutput.idl
[0.992s] -- Up-to-date symlink: /home/matteo-melzer/gazebo_test/install/onrobot_rg_msgs/share/onrobot_rg_msgs/srv/SetCommand.idl
[0.992s] -- Up-to-date symlink: /home/matteo-melzer/gazebo_test/install/onrobot_rg_msgs/share/onrobot_rg_msgs/srv/GripperPose.idl
[0.992s] -- Up-to-date symlink: /home/matteo-melzer/gazebo_test/install/onrobot_rg_msgs/share/onrobot_rg_msgs/msg/OnRobotRGInput.msg
[0.992s] -- Up-to-date symlink: /home/matteo-melzer/gazebo_test/install/onrobot_rg_msgs/share/onrobot_rg_msgs/msg/OnRobotRGOutput.msg
[0.992s] -- Up-to-date symlink: /home/matteo-melzer/gazebo_test/install/onrobot_rg_msgs/share/onrobot_rg_msgs/srv/SetCommand.srv
[0.992s] -- Up-to-date symlink: /home/matteo-melzer/gazebo_test/install/onrobot_rg_msgs/share/onrobot_rg_msgs/srv/SetCommand_Request.msg
[0.994s] -- Up-to-date symlink: /home/matteo-melzer/gazebo_test/install/onrobot_rg_msgs/share/onrobot_rg_msgs/srv/SetCommand_Response.msg
[0.994s] -- Up-to-date symlink: /home/matteo-melzer/gazebo_test/install/onrobot_rg_msgs/share/onrobot_rg_msgs/srv/GripperPose.srv
[0.994s] -- Up-to-date symlink: /home/matteo-melzer/gazebo_test/install/onrobot_rg_msgs/share/onrobot_rg_msgs/srv/GripperPose_Request.msg
[0.994s] -- Up-to-date symlink: /home/matteo-melzer/gazebo_test/install/onrobot_rg_msgs/share/onrobot_rg_msgs/srv/GripperPose_Response.msg
[0.998s] -- Up-to-date symlink: /home/matteo-melzer/gazebo_test/install/onrobot_rg_msgs/share/ament_index/resource_index/package_run_dependencies/onrobot_rg_msgs
[0.998s] -- Up-to-date symlink: /home/matteo-melzer/gazebo_test/install/onrobot_rg_msgs/share/ament_index/resource_index/parent_prefix_path/onrobot_rg_msgs
[0.998s] -- Up-to-date symlink: /home/matteo-melzer/gazebo_test/install/onrobot_rg_msgs/share/onrobot_rg_msgs/environment/ament_prefix_path.sh
[0.998s] -- Up-to-date symlink: /home/matteo-melzer/gazebo_test/install/onrobot_rg_msgs/share/onrobot_rg_msgs/environment/ament_prefix_path.dsv
[0.998s] -- Up-to-date symlink: /home/matteo-melzer/gazebo_test/install/onrobot_rg_msgs/share/onrobot_rg_msgs/environment/path.sh
[0.998s] -- Up-to-date symlink: /home/matteo-melzer/gazebo_test/install/onrobot_rg_msgs/share/onrobot_rg_msgs/environment/path.dsv
[0.998s] -- Up-to-date symlink: /home/matteo-melzer/gazebo_test/install/onrobot_rg_msgs/share/onrobot_rg_msgs/local_setup.bash
[0.998s] -- Up-to-date symlink: /home/matteo-melzer/gazebo_test/install/onrobot_rg_msgs/share/onrobot_rg_msgs/local_setup.sh
[0.998s] -- Up-to-date symlink: /home/matteo-melzer/gazebo_test/install/onrobot_rg_msgs/share/onrobot_rg_msgs/local_setup.zsh
[1.000s] -- Up-to-date symlink: /home/matteo-melzer/gazebo_test/install/onrobot_rg_msgs/share/onrobot_rg_msgs/local_setup.dsv
[1.000s] -- Symlinking: /home/matteo-melzer/gazebo_test/install/onrobot_rg_msgs/share/onrobot_rg_msgs/package.dsv
[1.025s] -- Up-to-date symlink: /home/matteo-melzer/gazebo_test/install/onrobot_rg_msgs/share/ament_index/resource_index/packages/onrobot_rg_msgs
[1.025s] -- Up-to-date symlink: /home/matteo-melzer/gazebo_test/install/onrobot_rg_msgs/share/onrobot_rg_msgs/cmake/rosidl_cmake-extras.cmake
[1.026s] -- Up-to-date symlink: /home/matteo-melzer/gazebo_test/install/onrobot_rg_msgs/share/onrobot_rg_msgs/cmake/ament_cmake_export_dependencies-extras.cmake
[1.026s] -- Up-to-date symlink: /home/matteo-melzer/gazebo_test/install/onrobot_rg_msgs/share/onrobot_rg_msgs/cmake/ament_cmake_export_include_directories-extras.cmake
[1.027s] -- Up-to-date symlink: /home/matteo-melzer/gazebo_test/install/onrobot_rg_msgs/share/onrobot_rg_msgs/cmake/ament_cmake_export_libraries-extras.cmake
[1.027s] -- Up-to-date symlink: /home/matteo-melzer/gazebo_test/install/onrobot_rg_msgs/share/onrobot_rg_msgs/cmake/ament_cmake_export_targets-extras.cmake
[1.028s] -- Up-to-date symlink: /home/matteo-melzer/gazebo_test/install/onrobot_rg_msgs/share/onrobot_rg_msgs/cmake/rosidl_cmake_export_typesupport_targets-extras.cmake
[1.028s] -- Up-to-date symlink: /home/matteo-melzer/gazebo_test/install/onrobot_rg_msgs/share/onrobot_rg_msgs/cmake/rosidl_cmake_export_typesupport_libraries-extras.cmake
[1.028s] -- Up-to-date symlink: /home/matteo-melzer/gazebo_test/install/onrobot_rg_msgs/share/onrobot_rg_msgs/cmake/onrobot_rg_msgsConfig.cmake
[1.029s] -- Up-to-date symlink: /home/matteo-melzer/gazebo_test/install/onrobot_rg_msgs/share/onrobot_rg_msgs/cmake/onrobot_rg_msgsConfig-version.cmake
[1.031s] -- Up-to-date symlink: /home/matteo-melzer/gazebo_test/install/onrobot_rg_msgs/share/onrobot_rg_msgs/package.xml
[1.032s] -- Up-to-date: /home/matteo-melzer/gazebo_test/install/onrobot_rg_msgs/lib/libonrobot_rg_msgs__rosidl_generator_c.so
[1.032s] -- Up-to-date: /home/matteo-melzer/gazebo_test/install/onrobot_rg_msgs/lib/libonrobot_rg_msgs__rosidl_typesupport_fastrtps_c.so
[1.033s] -- Up-to-date: /home/matteo-melzer/gazebo_test/install/onrobot_rg_msgs/lib/libonrobot_rg_msgs__rosidl_typesupport_fastrtps_cpp.so
[1.034s] -- Up-to-date: /home/matteo-melzer/gazebo_test/install/onrobot_rg_msgs/lib/libonrobot_rg_msgs__rosidl_typesupport_introspection_c.so
[1.036s] -- Up-to-date: /home/matteo-melzer/gazebo_test/install/onrobot_rg_msgs/lib/libonrobot_rg_msgs__rosidl_typesupport_c.so
[1.037s] -- Up-to-date: /home/matteo-melzer/gazebo_test/install/onrobot_rg_msgs/lib/libonrobot_rg_msgs__rosidl_typesupport_introspection_cpp.so
[1.038s] -- Up-to-date: /home/matteo-melzer/gazebo_test/install/onrobot_rg_msgs/lib/libonrobot_rg_msgs__rosidl_typesupport_cpp.so
[1.094s] Listing '/home/matteo-melzer/gazebo_test/install/onrobot_rg_msgs/local/lib/python3.10/dist-packages/onrobot_rg_msgs'...
[1.094s] Listing '/home/matteo-melzer/gazebo_test/install/onrobot_rg_msgs/local/lib/python3.10/dist-packages/onrobot_rg_msgs/msg'...
[1.094s] Listing '/home/matteo-melzer/gazebo_test/install/onrobot_rg_msgs/local/lib/python3.10/dist-packages/onrobot_rg_msgs/srv'...
[1.099s] -- Up-to-date: /home/matteo-melzer/gazebo_test/install/onrobot_rg_msgs/lib/libonrobot_rg_msgs__rosidl_generator_py.so
[1.100s] -- Up-to-date: /home/matteo-melzer/gazebo_test/install/onrobot_rg_msgs/share/onrobot_rg_msgs/cmake/export_onrobot_rg_msgs__rosidl_generator_cExport.cmake
[1.101s] -- Up-to-date: /home/matteo-melzer/gazebo_test/install/onrobot_rg_msgs/share/onrobot_rg_msgs/cmake/export_onrobot_rg_msgs__rosidl_generator_cExport-noconfig.cmake
[1.102s] -- Up-to-date: /home/matteo-melzer/gazebo_test/install/onrobot_rg_msgs/share/onrobot_rg_msgs/cmake/export_onrobot_rg_msgs__rosidl_typesupport_fastrtps_cExport.cmake
[1.102s] -- Up-to-date: /home/matteo-melzer/gazebo_test/install/onrobot_rg_msgs/share/onrobot_rg_msgs/cmake/export_onrobot_rg_msgs__rosidl_typesupport_fastrtps_cExport-noconfig.cmake
[1.103s] -- Up-to-date: /home/matteo-melzer/gazebo_test/install/onrobot_rg_msgs/share/onrobot_rg_msgs/cmake/export_onrobot_rg_msgs__rosidl_generator_cppExport.cmake
[1.104s] -- Up-to-date: /home/matteo-melzer/gazebo_test/install/onrobot_rg_msgs/share/onrobot_rg_msgs/cmake/export_onrobot_rg_msgs__rosidl_typesupport_fastrtps_cppExport.cmake
[1.105s] -- Up-to-date: /home/matteo-melzer/gazebo_test/install/onrobot_rg_msgs/share/onrobot_rg_msgs/cmake/export_onrobot_rg_msgs__rosidl_typesupport_fastrtps_cppExport-noconfig.cmake
[1.106s] -- Up-to-date: /home/matteo-melzer/gazebo_test/install/onrobot_rg_msgs/share/onrobot_rg_msgs/cmake/onrobot_rg_msgs__rosidl_typesupport_introspection_cExport.cmake
[1.106s] -- Up-to-date: /home/matteo-melzer/gazebo_test/install/onrobot_rg_msgs/share/onrobot_rg_msgs/cmake/onrobot_rg_msgs__rosidl_typesupport_introspection_cExport-noconfig.cmake
[1.107s] -- Up-to-date: /home/matteo-melzer/gazebo_test/install/onrobot_rg_msgs/share/onrobot_rg_msgs/cmake/onrobot_rg_msgs__rosidl_typesupport_cExport.cmake
[1.107s] -- Up-to-date: /home/matteo-melzer/gazebo_test/install/onrobot_rg_msgs/share/onrobot_rg_msgs/cmake/onrobot_rg_msgs__rosidl_typesupport_cExport-noconfig.cmake
[1.107s] -- Up-to-date: /home/matteo-melzer/gazebo_test/install/onrobot_rg_msgs/share/onrobot_rg_msgs/cmake/onrobot_rg_msgs__rosidl_typesupport_introspection_cppExport.cmake
[1.108s] -- Up-to-date: /home/matteo-melzer/gazebo_test/install/onrobot_rg_msgs/share/onrobot_rg_msgs/cmake/onrobot_rg_msgs__rosidl_typesupport_introspection_cppExport-noconfig.cmake
[1.112s] -- Up-to-date: /home/matteo-melzer/gazebo_test/install/onrobot_rg_msgs/share/onrobot_rg_msgs/cmake/onrobot_rg_msgs__rosidl_typesupport_cppExport.cmake
[1.113s] -- Up-to-date: /home/matteo-melzer/gazebo_test/install/onrobot_rg_msgs/share/onrobot_rg_msgs/cmake/onrobot_rg_msgs__rosidl_typesupport_cppExport-noconfig.cmake
[1.113s] -- Up-to-date: /home/matteo-melzer/gazebo_test/install/onrobot_rg_msgs/share/onrobot_rg_msgs/cmake/export_onrobot_rg_msgs__rosidl_generator_pyExport.cmake
[1.113s] -- Up-to-date: /home/matteo-melzer/gazebo_test/install/onrobot_rg_msgs/share/onrobot_rg_msgs/cmake/export_onrobot_rg_msgs__rosidl_generator_pyExport-noconfig.cmake
[1.122s] Invoked command in '/home/matteo-melzer/gazebo_test/build/onrobot_rg_msgs' returned '0': CMAKE_PREFIX_PATH=${CMAKE_PREFIX_PATH}:/home/matteo-melzer/gazebo_test/install/onrobot_rg_modbus_tcp:/home/matteo-melzer/gazebo_test/install/onrobot_rg_control:/home/matteo-melzer/gazebo_test/install/onrobot_driver:/home/matteo-melzer/ros2_ws/install/py_srvcli:/home/matteo-melzer/ros2_ws/install/py_pubsub:/home/matteo-melzer/ws_moveit/install/moveit_configs_utils:/home/matteo-melzer/ws_moveit/install/launch_param_builder:/opt/ros/humble /usr/bin/cmake --install /home/matteo-melzer/gazebo_test/build/onrobot_rg_msgs
