[  2%] Built target libcurl
[  6%] Built target realsense-file
[ 11%] Built target rsutils
[ 11%] Built target rs-embed
[ 11%] Built target fw
[ 41%] Built target realsense2
[ 44%] Built target realsense2-gl
[ 44%] Built target rs-hello-realsense
[ 46%] Built target rs-software-device
[ 48%] Built target rs-capture
[ 49%] Built target rs-callback
[ 49%] Built target rs-save-to-disk
[ 51%] Built target rs-multicam
[ 53%] Built target rs-pointcloud
[ 55%] Built target rs-align
[ 57%] Built target rs-align-gl
[ 59%] Built target rs-align-advanced
[ 61%] Built target rs-sensor-control
[ 63%] Built target rs-measure
[ 63%] Built target rs-depth
[ 63%] Built target rs-color
[ 64%] Built target rs-distance
[ 66%] Built target rs-post-processing
[ 67%] Built target rs-record-playback
[ 69%] Built target rs-motion
[ 71%] Built target rs-gl
[ 73%] Built target rs-hdr
[ 73%] Built target rs-on-chip-calib
[ 74%] Built target rs-convert
[ 75%] Built target rs-enumerate-devices
[ 75%] Built target rs-fw-logger
[ 76%] Built target rs-terminal
[ 77%] Built target rs-record
[ 78%] Built target rs-fw-update
[ 79%] Built target rs-data-collect
[ 88%] Built target realsense-viewer
[ 97%] Built target rs-depth-quality
[100%] Built target rs-rosbag-inspector
[100%] Built target rs-benchmark
