[0.036s] Invoking command in '/home/matteo-melzer/gazebo_test/build/net_ft_description': CMAKE_PREFIX_PATH=${CMAKE_PREFIX_PATH}:/home/matteo-melzer/gazebo_test/install/onrobot_rg_modbus_tcp:/home/matteo-melzer/gazebo_test/install/onrobot_rg_control:/home/matteo-melzer/gazebo_test/install/onrobot_driver:/home/matteo-melzer/ros2_ws/install/py_srvcli:/home/matteo-melzer/ros2_ws/install/py_pubsub:/home/matteo-melzer/ws_moveit/install/moveit_configs_utils:/home/matteo-melzer/ws_moveit/install/launch_param_builder:/opt/ros/humble /usr/bin/cmake /home/matteo-melzer/gazebo_test/src/ros2_net_ft_driver/net_ft_description -DAMENT_CMAKE_SYMLINK_INSTALL=1 -DCMAKE_INSTALL_PREFIX=/home/matteo-melzer/gazebo_test/install/net_ft_description
[0.141s] -- The C compiler identification is GNU 11.4.0
[0.260s] -- The CXX compiler identification is GNU 11.4.0
[0.277s] -- Detecting C compiler ABI info
[0.384s] -- Detecting C compiler ABI info - done
[0.394s] -- Check for working C compiler: /usr/bin/cc - skipped
[0.394s] -- Detecting C compile features
[0.397s] -- Detecting C compile features - done
[0.399s] -- Detecting CXX compiler ABI info
[0.644s] -- Detecting CXX compiler ABI info - done
[0.660s] -- Check for working CXX compiler: /usr/bin/c++ - skipped
[0.660s] -- Detecting CXX compile features
[0.660s] -- Detecting CXX compile features - done
[0.679s] -- Found ament_cmake: 1.3.11 (/opt/ros/humble/share/ament_cmake/cmake)
[0.994s] -- Found Python3: /usr/bin/python3 (found version "3.10.12") found components: Interpreter 
[1.123s] -- Override CMake install command with custom implementation using symlinks instead of copying resources
[1.381s] -- Configuring done
[1.389s] -- Generating done
[1.392s] -- Build files have been written to: /home/matteo-melzer/gazebo_test/build/net_ft_description
[1.403s] Invoked command in '/home/matteo-melzer/gazebo_test/build/net_ft_description' returned '0': CMAKE_PREFIX_PATH=${CMAKE_PREFIX_PATH}:/home/matteo-melzer/gazebo_test/install/onrobot_rg_modbus_tcp:/home/matteo-melzer/gazebo_test/install/onrobot_rg_control:/home/matteo-melzer/gazebo_test/install/onrobot_driver:/home/matteo-melzer/ros2_ws/install/py_srvcli:/home/matteo-melzer/ros2_ws/install/py_pubsub:/home/matteo-melzer/ws_moveit/install/moveit_configs_utils:/home/matteo-melzer/ws_moveit/install/launch_param_builder:/opt/ros/humble /usr/bin/cmake /home/matteo-melzer/gazebo_test/src/ros2_net_ft_driver/net_ft_description -DAMENT_CMAKE_SYMLINK_INSTALL=1 -DCMAKE_INSTALL_PREFIX=/home/matteo-melzer/gazebo_test/install/net_ft_description
[1.404s] Invoking command in '/home/matteo-melzer/gazebo_test/build/net_ft_description': CMAKE_PREFIX_PATH=${CMAKE_PREFIX_PATH}:/home/matteo-melzer/gazebo_test/install/onrobot_rg_modbus_tcp:/home/matteo-melzer/gazebo_test/install/onrobot_rg_control:/home/matteo-melzer/gazebo_test/install/onrobot_driver:/home/matteo-melzer/ros2_ws/install/py_srvcli:/home/matteo-melzer/ros2_ws/install/py_pubsub:/home/matteo-melzer/ws_moveit/install/moveit_configs_utils:/home/matteo-melzer/ws_moveit/install/launch_param_builder:/opt/ros/humble /usr/bin/cmake --build /home/matteo-melzer/gazebo_test/build/net_ft_description -- -j2 -l2
[1.544s] Invoked command in '/home/matteo-melzer/gazebo_test/build/net_ft_description' returned '0': CMAKE_PREFIX_PATH=${CMAKE_PREFIX_PATH}:/home/matteo-melzer/gazebo_test/install/onrobot_rg_modbus_tcp:/home/matteo-melzer/gazebo_test/install/onrobot_rg_control:/home/matteo-melzer/gazebo_test/install/onrobot_driver:/home/matteo-melzer/ros2_ws/install/py_srvcli:/home/matteo-melzer/ros2_ws/install/py_pubsub:/home/matteo-melzer/ws_moveit/install/moveit_configs_utils:/home/matteo-melzer/ws_moveit/install/launch_param_builder:/opt/ros/humble /usr/bin/cmake --build /home/matteo-melzer/gazebo_test/build/net_ft_description -- -j2 -l2
[1.557s] Invoking command in '/home/matteo-melzer/gazebo_test/build/net_ft_description': CMAKE_PREFIX_PATH=${CMAKE_PREFIX_PATH}:/home/matteo-melzer/gazebo_test/install/onrobot_rg_modbus_tcp:/home/matteo-melzer/gazebo_test/install/onrobot_rg_control:/home/matteo-melzer/gazebo_test/install/onrobot_driver:/home/matteo-melzer/ros2_ws/install/py_srvcli:/home/matteo-melzer/ros2_ws/install/py_pubsub:/home/matteo-melzer/ws_moveit/install/moveit_configs_utils:/home/matteo-melzer/ws_moveit/install/launch_param_builder:/opt/ros/humble /usr/bin/cmake --install /home/matteo-melzer/gazebo_test/build/net_ft_description
[1.580s] -- Install configuration: ""
[1.580s] -- Execute custom install script
[1.583s] -- Symlinking: /home/matteo-melzer/gazebo_test/install/net_ft_description/share/net_ft_description/urdf/net_ft_sensor.ros2_control.xacro
[1.610s] -- Symlinking: /home/matteo-melzer/gazebo_test/install/net_ft_description/share/net_ft_description/urdf/net_ft_sensor.urdf.xacro
[1.641s] -- Symlinking: /home/matteo-melzer/gazebo_test/install/net_ft_description/share/net_ft_description/urdf/net_ft_sensor_macro.urdf.xacro
[1.675s] -- Symlinking: /home/matteo-melzer/gazebo_test/install/net_ft_description/share/net_ft_description/meshes/collision/ati_axia80_ft_sensor.stl
[1.705s] -- Symlinking: /home/matteo-melzer/gazebo_test/install/net_ft_description/share/net_ft_description/meshes/collision/ati_gamma_ip65_ft_sensor.stl
[1.733s] -- Symlinking: /home/matteo-melzer/gazebo_test/install/net_ft_description/share/net_ft_description/meshes/collision/onrobot_hexe_v2_ft_sensor.stl
[1.761s] -- Symlinking: /home/matteo-melzer/gazebo_test/install/net_ft_description/share/net_ft_description/meshes/visual/ati_axia80_ft_sensor.dae
[1.779s] -- Symlinking: /home/matteo-melzer/gazebo_test/install/net_ft_description/share/net_ft_description/meshes/visual/ati_gamma_ip65_ft_sensor.dae
[1.790s] -- Symlinking: /home/matteo-melzer/gazebo_test/install/net_ft_description/share/net_ft_description/meshes/visual/onrobot_hexe_v2_ft_sensor.dae
[1.825s] -- Symlinking: /home/matteo-melzer/gazebo_test/install/net_ft_description/share/ament_index/resource_index/package_run_dependencies/net_ft_description
[1.854s] -- Symlinking: /home/matteo-melzer/gazebo_test/install/net_ft_description/share/ament_index/resource_index/parent_prefix_path/net_ft_description
[1.876s] -- Symlinking: /home/matteo-melzer/gazebo_test/install/net_ft_description/share/net_ft_description/environment/ament_prefix_path.sh
[1.903s] -- Symlinking: /home/matteo-melzer/gazebo_test/install/net_ft_description/share/net_ft_description/environment/ament_prefix_path.dsv
[1.931s] -- Symlinking: /home/matteo-melzer/gazebo_test/install/net_ft_description/share/net_ft_description/environment/path.sh
[1.965s] -- Symlinking: /home/matteo-melzer/gazebo_test/install/net_ft_description/share/net_ft_description/environment/path.dsv
[1.990s] -- Symlinking: /home/matteo-melzer/gazebo_test/install/net_ft_description/share/net_ft_description/local_setup.bash
[2.003s] -- Symlinking: /home/matteo-melzer/gazebo_test/install/net_ft_description/share/net_ft_description/local_setup.sh
[2.016s] -- Symlinking: /home/matteo-melzer/gazebo_test/install/net_ft_description/share/net_ft_description/local_setup.zsh
[2.029s] -- Symlinking: /home/matteo-melzer/gazebo_test/install/net_ft_description/share/net_ft_description/local_setup.dsv
[2.044s] -- Symlinking: /home/matteo-melzer/gazebo_test/install/net_ft_description/share/net_ft_description/package.dsv
[2.058s] -- Symlinking: /home/matteo-melzer/gazebo_test/install/net_ft_description/share/ament_index/resource_index/packages/net_ft_description
[2.086s] -- Symlinking: /home/matteo-melzer/gazebo_test/install/net_ft_description/share/net_ft_description/cmake/net_ft_descriptionConfig.cmake
[2.116s] -- Symlinking: /home/matteo-melzer/gazebo_test/install/net_ft_description/share/net_ft_description/cmake/net_ft_descriptionConfig-version.cmake
[2.144s] -- Symlinking: /home/matteo-melzer/gazebo_test/install/net_ft_description/share/net_ft_description/package.xml
[2.181s] Invoked command in '/home/matteo-melzer/gazebo_test/build/net_ft_description' returned '0': CMAKE_PREFIX_PATH=${CMAKE_PREFIX_PATH}:/home/matteo-melzer/gazebo_test/install/onrobot_rg_modbus_tcp:/home/matteo-melzer/gazebo_test/install/onrobot_rg_control:/home/matteo-melzer/gazebo_test/install/onrobot_driver:/home/matteo-melzer/ros2_ws/install/py_srvcli:/home/matteo-melzer/ros2_ws/install/py_pubsub:/home/matteo-melzer/ws_moveit/install/moveit_configs_utils:/home/matteo-melzer/ws_moveit/install/launch_param_builder:/opt/ros/humble /usr/bin/cmake --install /home/matteo-melzer/gazebo_test/build/net_ft_description
