[0.021s] Invoking command in '/home/matteo-melzer/gazebo_test/build/net_ft_diagnostic_broadcaster': CMAKE_PREFIX_PATH=${CMAKE_PREFIX_PATH}:/home/matteo-melzer/ros2_ws/install/py_srvcli:/home/matteo-melzer/ros2_ws/install/py_pubsub:/home/matteo-melzer/ws_moveit/install/moveit_configs_utils:/home/matteo-melzer/ws_moveit/install/launch_param_builder:/opt/ros/humble /usr/bin/cmake /home/matteo-melzer/gazebo_test/src/ros2_net_ft_driver/net_ft_diagnostic_broadcaster -DCMAKE_INSTALL_PREFIX=/home/matteo-melzer/gazebo_test/install/net_ft_diagnostic_broadcaster
[0.134s] -- The C compiler identification is GNU 11.4.0
[0.255s] -- The CXX compiler identification is GNU 11.4.0
[0.272s] -- Detecting C compiler ABI info
[0.566s] -- Detecting C compiler ABI info - done
[0.581s] -- Check for working C compiler: /usr/bin/cc - skipped
[0.581s] -- Detecting C compile features
[0.582s] -- Detecting C compile features - done
[0.586s] -- Detecting CXX compiler ABI info
[0.727s] -- Detecting CXX compiler ABI info - done
[0.736s] -- Check for working CXX compiler: /usr/bin/c++ - skipped
[0.738s] -- Detecting CXX compile features
[0.741s] -- Detecting CXX compile features - done
[0.761s] -- Found ament_cmake: 1.3.11 (/opt/ros/humble/share/ament_cmake/cmake)
[1.084s] -- Found Python3: /usr/bin/python3 (found version "3.10.12") found components: Interpreter 
[1.356s] -- Found controller_interface: 2.51.0 (/opt/ros/humble/share/controller_interface/cmake)
[1.573s] -- Found rosidl_generator_c: 3.1.6 (/opt/ros/humble/share/rosidl_generator_c/cmake)
[1.604s] -- Found rosidl_adapter: 3.1.6 (/opt/ros/humble/share/rosidl_adapter/cmake)
[1.651s] -- Found rosidl_generator_cpp: 3.1.6 (/opt/ros/humble/share/rosidl_generator_cpp/cmake)
[1.717s] -- Using all available rosidl_typesupport_c: rosidl_typesupport_fastrtps_c;rosidl_typesupport_introspection_c
[1.781s] -- Using all available rosidl_typesupport_cpp: rosidl_typesupport_fastrtps_cpp;rosidl_typesupport_introspection_cpp
[2.547s] -- Found rmw_implementation_cmake: 6.1.2 (/opt/ros/humble/share/rmw_implementation_cmake/cmake)
[2.565s] -- Found rmw_fastrtps_cpp: 6.2.7 (/opt/ros/humble/share/rmw_fastrtps_cpp/cmake)
[2.666s] -- Found TinyXML2 via Config file: TinyXML2_DIR-NOTFOUND
[2.787s] -- Found OpenSSL: /usr/lib/x86_64-linux-gnu/libcrypto.so (found version "3.0.2")  
[2.792s] -- Found TinyXML2 via Config file: TinyXML2_DIR-NOTFOUND
[2.813s] -- Found FastRTPS: /opt/ros/humble/include  
[2.815s] -- Found TinyXML2 via Config file: TinyXML2_DIR-NOTFOUND
[2.827s] -- Found TinyXML2 via Config file: TinyXML2_DIR-NOTFOUND
[2.842s] -- Using RMW implementation 'rmw_fastrtps_cpp' as default
[2.886s] -- Looking for pthread.h
[3.024s] -- Looking for pthread.h - found
[3.024s] -- Performing Test CMAKE_HAVE_LIBC_PTHREAD
[3.142s] -- Performing Test CMAKE_HAVE_LIBC_PTHREAD - Success
[3.142s] -- Found Threads: TRUE  
[3.260s] -- Found diagnostic_msgs: 4.9.0 (/opt/ros/humble/share/diagnostic_msgs/cmake)
[3.304s] -- Configuring incomplete, errors occurred!
[3.305s] See also "/home/matteo-melzer/gazebo_test/build/net_ft_diagnostic_broadcaster/CMakeFiles/CMakeOutput.log".
[3.305s] [31mCMake Error at CMakeLists.txt:20 (find_package):
[3.305s]   By not providing "Finddiagnostic_updater.cmake" in CMAKE_MODULE_PATH this
[3.305s]   project has asked CMake to find a package configuration file provided by
[3.305s]   "diagnostic_updater", but CMake did not find one.
[3.305s] 
[3.305s]   Could not find a package configuration file provided by
[3.305s]   "diagnostic_updater" with any of the following names:
[3.305s] 
[3.305s]     diagnostic_updaterConfig.cmake
[3.305s]     diagnostic_updater-config.cmake
[3.305s] 
[3.305s]   Add the installation prefix of "diagnostic_updater" to CMAKE_PREFIX_PATH or
[3.305s]   set "diagnostic_updater_DIR" to a directory containing one of the above
[3.305s]   files.  If "diagnostic_updater" provides a separate development package or
[3.305s]   SDK, be sure it has been installed.
[3.305s] 
[3.305s] [0m
