[1.986s] Invoking command in '/home/matteo-melzer/gazebo_test/build/onrobot_driver': PYTHONPATH=/home/matteo-melzer/gazebo_test/build/onrobot_driver/prefix_override:/usr/lib/python3/dist-packages/colcon_core/task/python/colcon_distutils_commands:/home/matteo-melzer/gazebo_test/install/onrobot_driver/lib/python3.10/site-packages:${PYTHONPATH} /usr/bin/python3 -W ignore:setup.py install is deprecated -W ignore:easy_install command is deprecated setup.py develop --uninstall --editable --build-directory /home/matteo-melzer/gazebo_test/build/onrobot_driver/build
[2.444s] running develop
[2.810s] Removing /home/matteo-melzer/gazebo_test/install/onrobot_driver/lib/python3.10/site-packages/onrobot-driver.egg-link (link to .)
[2.854s] Invoked command in '/home/matteo-melzer/gazebo_test/build/onrobot_driver' returned '0': PYTHONPATH=/home/matteo-melzer/gazebo_test/build/onrobot_driver/prefix_override:/usr/lib/python3/dist-packages/colcon_core/task/python/colcon_distutils_commands:/home/matteo-melzer/gazebo_test/install/onrobot_driver/lib/python3.10/site-packages:${PYTHONPATH} /usr/bin/python3 -W ignore:setup.py install is deprecated -W ignore:easy_install command is deprecated setup.py develop --uninstall --editable --build-directory /home/matteo-melzer/gazebo_test/build/onrobot_driver/build
[2.862s] Invoking command in '/home/matteo-melzer/gazebo_test/src/onrobot_ros/onrobot_driver': PYTHONPATH=/home/matteo-melzer/gazebo_test/build/onrobot_driver/prefix_override:/usr/lib/python3/dist-packages/colcon_core/task/python/colcon_distutils_commands:/home/matteo-melzer/gazebo_test/install/onrobot_driver/lib/python3.10/site-packages:${PYTHONPATH} /usr/bin/python3 -W ignore:setup.py install is deprecated -W ignore:easy_install command is deprecated setup.py egg_info --egg-base ../../../build/onrobot_driver build --build-base /home/matteo-melzer/gazebo_test/build/onrobot_driver/build install --record /home/matteo-melzer/gazebo_test/build/onrobot_driver/install.log --single-version-externally-managed install_data --force
[3.307s] running egg_info
[3.308s] writing ../../../build/onrobot_driver/onrobot_driver.egg-info/PKG-INFO
[3.308s] writing dependency_links to ../../../build/onrobot_driver/onrobot_driver.egg-info/dependency_links.txt
[3.309s] writing entry points to ../../../build/onrobot_driver/onrobot_driver.egg-info/entry_points.txt
[3.311s] writing requirements to ../../../build/onrobot_driver/onrobot_driver.egg-info/requires.txt
[3.311s] writing top-level names to ../../../build/onrobot_driver/onrobot_driver.egg-info/top_level.txt
[3.313s] reading manifest file '../../../build/onrobot_driver/onrobot_driver.egg-info/SOURCES.txt'
[3.323s] writing manifest file '../../../build/onrobot_driver/onrobot_driver.egg-info/SOURCES.txt'
[3.324s] running build
[3.324s] running build_py
[3.324s] creating /home/matteo-melzer/gazebo_test/build/onrobot_driver/build
[3.324s] creating /home/matteo-melzer/gazebo_test/build/onrobot_driver/build/lib
[3.324s] creating /home/matteo-melzer/gazebo_test/build/onrobot_driver/build/lib/onrobot_driver
[3.324s] copying onrobot_driver/gripper_control_server.py -> /home/matteo-melzer/gazebo_test/build/onrobot_driver/build/lib/onrobot_driver
[3.324s] copying onrobot_driver/gripper_controller.py -> /home/matteo-melzer/gazebo_test/build/onrobot_driver/build/lib/onrobot_driver
[3.325s] copying onrobot_driver/__init__.py -> /home/matteo-melzer/gazebo_test/build/onrobot_driver/build/lib/onrobot_driver
[3.325s] copying onrobot_driver/test.py -> /home/matteo-melzer/gazebo_test/build/onrobot_driver/build/lib/onrobot_driver
[3.325s] running install
[3.325s] running install_lib
[3.332s] creating /home/matteo-melzer/gazebo_test/install/onrobot_driver/lib/python3.10/site-packages/onrobot_driver
[3.332s] copying /home/matteo-melzer/gazebo_test/build/onrobot_driver/build/lib/onrobot_driver/gripper_control_server.py -> /home/matteo-melzer/gazebo_test/install/onrobot_driver/lib/python3.10/site-packages/onrobot_driver
[3.332s] copying /home/matteo-melzer/gazebo_test/build/onrobot_driver/build/lib/onrobot_driver/gripper_controller.py -> /home/matteo-melzer/gazebo_test/install/onrobot_driver/lib/python3.10/site-packages/onrobot_driver
[3.332s] copying /home/matteo-melzer/gazebo_test/build/onrobot_driver/build/lib/onrobot_driver/__init__.py -> /home/matteo-melzer/gazebo_test/install/onrobot_driver/lib/python3.10/site-packages/onrobot_driver
[3.332s] copying /home/matteo-melzer/gazebo_test/build/onrobot_driver/build/lib/onrobot_driver/test.py -> /home/matteo-melzer/gazebo_test/install/onrobot_driver/lib/python3.10/site-packages/onrobot_driver
[3.333s] byte-compiling /home/matteo-melzer/gazebo_test/install/onrobot_driver/lib/python3.10/site-packages/onrobot_driver/gripper_control_server.py to gripper_control_server.cpython-310.pyc
[3.335s] byte-compiling /home/matteo-melzer/gazebo_test/install/onrobot_driver/lib/python3.10/site-packages/onrobot_driver/gripper_controller.py to gripper_controller.cpython-310.pyc
[3.336s] byte-compiling /home/matteo-melzer/gazebo_test/install/onrobot_driver/lib/python3.10/site-packages/onrobot_driver/__init__.py to __init__.cpython-310.pyc
[3.336s] byte-compiling /home/matteo-melzer/gazebo_test/install/onrobot_driver/lib/python3.10/site-packages/onrobot_driver/test.py to test.cpython-310.pyc
[3.341s] running install_data
[3.341s] copying resource/onrobot_driver -> /home/matteo-melzer/gazebo_test/install/onrobot_driver/share/ament_index/resource_index/packages
[3.341s] copying package.xml -> /home/matteo-melzer/gazebo_test/install/onrobot_driver/share/onrobot_driver
[3.341s] running install_egg_info
[3.350s] Copying ../../../build/onrobot_driver/onrobot_driver.egg-info to /home/matteo-melzer/gazebo_test/install/onrobot_driver/lib/python3.10/site-packages/onrobot_driver-0.0.0-py3.10.egg-info
[3.350s] running install_scripts
[3.420s] Installing gripper_action_adapter script to /home/matteo-melzer/gazebo_test/install/onrobot_driver/lib/onrobot_driver
[3.421s] Installing test script to /home/matteo-melzer/gazebo_test/install/onrobot_driver/lib/onrobot_driver
[3.425s] writing list of installed files to '/home/matteo-melzer/gazebo_test/build/onrobot_driver/install.log'
[3.534s] Invoked command in '/home/matteo-melzer/gazebo_test/src/onrobot_ros/onrobot_driver' returned '0': PYTHONPATH=/home/matteo-melzer/gazebo_test/build/onrobot_driver/prefix_override:/usr/lib/python3/dist-packages/colcon_core/task/python/colcon_distutils_commands:/home/matteo-melzer/gazebo_test/install/onrobot_driver/lib/python3.10/site-packages:${PYTHONPATH} /usr/bin/python3 -W ignore:setup.py install is deprecated -W ignore:easy_install command is deprecated setup.py egg_info --egg-base ../../../build/onrobot_driver build --build-base /home/matteo-melzer/gazebo_test/build/onrobot_driver/build install --record /home/matteo-melzer/gazebo_test/build/onrobot_driver/install.log --single-version-externally-managed install_data --force
