[0.669s] Invoking command in '/home/matteo-melzer/gazebo_test/src/onrobot_ros/onrobot_driver': PYTHONPATH=/home/matteo-melzer/gazebo_test/build/onrobot_driver/prefix_override:/usr/lib/python3/dist-packages/colcon_core/task/python/colcon_distutils_commands:/home/matteo-melzer/gazebo_test/install/onrobot_driver/lib/python3.10/site-packages:${PYTHONPATH} /usr/bin/python3 -W ignore:setup.py install is deprecated -W ignore:easy_install command is deprecated setup.py egg_info --egg-base ../../../build/onrobot_driver build --build-base /home/matteo-melzer/gazebo_test/build/onrobot_driver/build install --record /home/matteo-melzer/gazebo_test/build/onrobot_driver/install.log --single-version-externally-managed install_data
[0.952s] running egg_info
[0.953s] writing ../../../build/onrobot_driver/onrobot_driver.egg-info/PKG-INFO
[0.954s] writing dependency_links to ../../../build/onrobot_driver/onrobot_driver.egg-info/dependency_links.txt
[0.955s] writing entry points to ../../../build/onrobot_driver/onrobot_driver.egg-info/entry_points.txt
[0.957s] writing requirements to ../../../build/onrobot_driver/onrobot_driver.egg-info/requires.txt
[0.957s] writing top-level names to ../../../build/onrobot_driver/onrobot_driver.egg-info/top_level.txt
[0.958s] reading manifest file '../../../build/onrobot_driver/onrobot_driver.egg-info/SOURCES.txt'
[0.959s] writing manifest file '../../../build/onrobot_driver/onrobot_driver.egg-info/SOURCES.txt'
[0.959s] running build
[0.959s] running build_py
[0.960s] running install
[0.961s] running install_lib
[0.963s] running install_data
[0.963s] running install_egg_info
[0.968s] removing '/home/matteo-melzer/gazebo_test/install/onrobot_driver/lib/python3.10/site-packages/onrobot_driver-0.0.0-py3.10.egg-info' (and everything under it)
[0.969s] Copying ../../../build/onrobot_driver/onrobot_driver.egg-info to /home/matteo-melzer/gazebo_test/install/onrobot_driver/lib/python3.10/site-packages/onrobot_driver-0.0.0-py3.10.egg-info
[0.969s] running install_scripts
[0.992s] Installing gripper_action_adapter script to /home/matteo-melzer/gazebo_test/install/onrobot_driver/lib/onrobot_driver
[0.992s] Installing test script to /home/matteo-melzer/gazebo_test/install/onrobot_driver/lib/onrobot_driver
[0.995s] writing list of installed files to '/home/matteo-melzer/gazebo_test/build/onrobot_driver/install.log'
[1.032s] Invoked command in '/home/matteo-melzer/gazebo_test/src/onrobot_ros/onrobot_driver' returned '0': PYTHONPATH=/home/matteo-melzer/gazebo_test/build/onrobot_driver/prefix_override:/usr/lib/python3/dist-packages/colcon_core/task/python/colcon_distutils_commands:/home/matteo-melzer/gazebo_test/install/onrobot_driver/lib/python3.10/site-packages:${PYTHONPATH} /usr/bin/python3 -W ignore:setup.py install is deprecated -W ignore:easy_install command is deprecated setup.py egg_info --egg-base ../../../build/onrobot_driver build --build-base /home/matteo-melzer/gazebo_test/build/onrobot_driver/build install --record /home/matteo-melzer/gazebo_test/build/onrobot_driver/install.log --single-version-externally-managed install_data
