[0.000000] (-) TimerEvent: {}
[0.000870] (-) JobUnselected: {'identifier': 'librealsense2'}
[0.000930] (-) JobUnselected: {'identifier': 'net_ft_description'}
[0.000965] (-) JobUnselected: {'identifier': 'net_ft_diagnostic_broadcaster'}
[0.000978] (-) JobUnselected: {'identifier': 'net_ft_driver'}
[0.000988] (-) JobUnselected: {'identifier': 'onrobot_control'}
[0.000997] (-) JobUnselected: {'identifier': 'onrobot_description'}
[0.001006] (-) JobUnselected: {'identifier': 'onrobot_driver'}
[0.001015] (-) JobUnselected: {'identifier': 'onrobot_rg_control'}
[0.001024] (-) JobUnselected: {'identifier': 'onrobot_rg_description'}
[0.001032] (-) JobUnselected: {'identifier': 'onrobot_rg_modbus_tcp'}
[0.001041] (-) JobUnselected: {'identifier': 'onrobot_rg_msgs'}
[0.001050] (-) JobUnselected: {'identifier': 'realsense2_camera'}
[0.001058] (-) JobUnselected: {'identifier': 'realsense2_camera_msgs'}
[0.001067] (-) JobUnselected: {'identifier': 'realsense2_description'}
[0.001075] (-) JobUnselected: {'identifier': 'ur10e_flex_moveit_config'}
[0.001084] (-) JobUnselected: {'identifier': 'ur10e_ft_rg2_moveit_config'}
[0.001093] (-) JobUnselected: {'identifier': 'ur10e_gazebo_sim'}
[0.001102] (-) JobUnselected: {'identifier': 'ur_description'}
[0.001110] (-) JobUnselected: {'identifier': 'ur_simulation_gazebo'}
[0.001490] (-) EventReactorShutdown: {}
