[0.054s] Invoking command in '/home/matteo-melzer/gazebo_test/build/librealsense2': CMAKE_PREFIX_PATH=${CMAKE_PREFIX_PATH}:/home/matteo-melzer/ros2_ws/install/py_srvcli:/home/matteo-melzer/ros2_ws/install/py_pubsub:/home/matteo-melzer/ws_moveit/install/moveit_configs_utils:/home/matteo-melzer/ws_moveit/install/launch_param_builder:/opt/ros/humble /usr/bin/cmake --build /home/matteo-melzer/gazebo_test/build/librealsense2 -- -j2 -l2
[0.304s] [  2%] Built target libcurl
[0.384s] [  6%] Built target realsense-file
[0.450s] [ 11%] Built target rsutils
[0.493s] [ 11%] Built target rs-embed
[0.545s] [ 11%] Built target fw
[0.738s] [ 41%] Built target realsense2
[0.796s] [ 44%] Built target realsense2-gl
[0.846s] [ 44%] Built target rs-hello-realsense
[0.895s] [ 46%] Built target rs-software-device
[0.962s] [ 48%] Built target rs-capture
[1.028s] [ 49%] Built target rs-callback
[1.080s] [ 49%] Built target rs-save-to-disk
[1.135s] [ 51%] Built target rs-multicam
[1.205s] [ 53%] Built target rs-pointcloud
[1.299s] [ 55%] Built target rs-align
[1.390s] [ 57%] Built target rs-align-gl
[1.453s] [ 59%] Built target rs-align-advanced
[1.557s] [ 61%] Built target rs-sensor-control
[1.623s] [ 63%] Built target rs-measure
[1.678s] [ 63%] Built target rs-depth
[1.734s] [ 63%] Built target rs-color
[1.783s] [ 64%] Built target rs-distance
[1.864s] [ 66%] Built target rs-post-processing
[1.926s] [ 67%] Built target rs-record-playback
[2.019s] [ 69%] Built target rs-motion
[2.086s] [ 71%] Built target rs-gl
[2.176s] [ 73%] Built target rs-hdr
[2.267s] [ 73%] Built target rs-on-chip-calib
[2.330s] [ 74%] Built target rs-convert
[2.401s] [ 75%] Built target rs-enumerate-devices
[2.465s] [ 75%] Built target rs-fw-logger
[2.528s] [ 76%] Built target rs-terminal
[2.591s] [ 77%] Built target rs-record
[2.700s] [ 78%] Built target rs-fw-update
[2.781s] [ 79%] Built target rs-data-collect
[2.918s] [ 88%] Built target realsense-viewer
[3.025s] [ 97%] Built target rs-depth-quality
[3.103s] [100%] Built target rs-rosbag-inspector
[3.183s] [100%] Built target rs-benchmark
