[1.359s] Invoking command in '/home/matteo-melzer/gazebo_test/src/onrobot-ros2/_onrobot_rg_modbus_tcp': PYTHONPATH=/home/matteo-melzer/gazebo_test/build/onrobot_rg_modbus_tcp/prefix_override:/usr/lib/python3/dist-packages/colcon_core/task/python/colcon_distutils_commands:/home/matteo-melzer/gazebo_test/install/onrobot_rg_modbus_tcp/lib/python3.10/site-packages:${PYTHONPATH} /usr/bin/python3 -W ignore:setup.py install is deprecated -W ignore:easy_install command is deprecated setup.py egg_info --egg-base ../../../build/onrobot_rg_modbus_tcp build --build-base /home/matteo-melzer/gazebo_test/build/onrobot_rg_modbus_tcp/build install --record /home/matteo-melzer/gazebo_test/build/onrobot_rg_modbus_tcp/install.log --single-version-externally-managed install_data
[1.880s] running egg_info
[1.883s] writing ../../../build/onrobot_rg_modbus_tcp/onrobot_rg_modbus_tcp.egg-info/PKG-INFO
[1.884s] writing dependency_links to ../../../build/onrobot_rg_modbus_tcp/onrobot_rg_modbus_tcp.egg-info/dependency_links.txt
[1.884s] writing entry points to ../../../build/onrobot_rg_modbus_tcp/onrobot_rg_modbus_tcp.egg-info/entry_points.txt
[1.886s] writing requirements to ../../../build/onrobot_rg_modbus_tcp/onrobot_rg_modbus_tcp.egg-info/requires.txt
[1.887s] writing top-level names to ../../../build/onrobot_rg_modbus_tcp/onrobot_rg_modbus_tcp.egg-info/top_level.txt
[1.891s] reading manifest file '../../../build/onrobot_rg_modbus_tcp/onrobot_rg_modbus_tcp.egg-info/SOURCES.txt'
[1.893s] writing manifest file '../../../build/onrobot_rg_modbus_tcp/onrobot_rg_modbus_tcp.egg-info/SOURCES.txt'
[1.895s] running build
[1.895s] running build_py
[1.896s] running install
[1.898s] running install_lib
[1.899s] running install_data
[1.900s] running install_egg_info
[1.905s] removing '/home/matteo-melzer/gazebo_test/install/onrobot_rg_modbus_tcp/lib/python3.10/site-packages/onrobot_rg_modbus_tcp-1.0.0-py3.10.egg-info' (and everything under it)
[1.912s] Copying ../../../build/onrobot_rg_modbus_tcp/onrobot_rg_modbus_tcp.egg-info to /home/matteo-melzer/gazebo_test/install/onrobot_rg_modbus_tcp/lib/python3.10/site-packages/onrobot_rg_modbus_tcp-1.0.0-py3.10.egg-info
[1.913s] running install_scripts
[1.989s] writing list of installed files to '/home/matteo-melzer/gazebo_test/build/onrobot_rg_modbus_tcp/install.log'
[2.065s] Invoked command in '/home/matteo-melzer/gazebo_test/src/onrobot-ros2/_onrobot_rg_modbus_tcp' returned '0': PYTHONPATH=/home/matteo-melzer/gazebo_test/build/onrobot_rg_modbus_tcp/prefix_override:/usr/lib/python3/dist-packages/colcon_core/task/python/colcon_distutils_commands:/home/matteo-melzer/gazebo_test/install/onrobot_rg_modbus_tcp/lib/python3.10/site-packages:${PYTHONPATH} /usr/bin/python3 -W ignore:setup.py install is deprecated -W ignore:easy_install command is deprecated setup.py egg_info --egg-base ../../../build/onrobot_rg_modbus_tcp build --build-base /home/matteo-melzer/gazebo_test/build/onrobot_rg_modbus_tcp/build install --record /home/matteo-melzer/gazebo_test/build/onrobot_rg_modbus_tcp/install.log --single-version-externally-managed install_data
