[0.031s] Invoking command in '/home/matteo-melzer/gazebo_test/build/onrobot_rg_modbus_tcp': /usr/bin/cmake /home/matteo-melzer/gazebo_test/src/onrobot/onrobot_rg_modbus_tcp -DCATKIN_INSTALL_INTO_PREFIX_ROOT=0 -DCMAKE_INSTALL_PREFIX=/home/matteo-melzer/gazebo_test/install/onrobot_rg_modbus_tcp
[0.227s] -- The C compiler identification is GNU 11.4.0
[0.383s] -- The CXX compiler identification is GNU 11.4.0
[0.395s] -- Detecting C compiler ABI info
[0.574s] -- Detecting C compiler ABI info - done
[0.589s] -- Check for working C compiler: /usr/bin/cc - skipped
[0.589s] -- Detecting C compile features
[0.593s] -- Detecting C compile features - done
[0.601s] -- Detecting CXX compiler ABI info
[0.797s] -- Detecting CXX compiler ABI info - done
[0.834s] -- Check for working CXX compiler: /usr/bin/c++ - skipped
[0.834s] -- Detecting CXX compile features
[0.834s] -- Detecting CXX compile features - done
[0.883s] [31mCMake Error at CMakeLists.txt:3 (find_package):
[0.883s]   By not providing "Findcatkin.cmake" in CMAKE_MODULE_PATH this project has
[0.883s]   asked CMake to find a package configuration file provided by "catkin", but
[0.883s]   CMake did not find one.
[0.883s] 
[0.883s]   Could not find a package configuration file provided by "catkin" with any
[0.883s]   of the following names:
[0.883s] 
[0.883s]     catkinConfig.cmake
[0.883s]     catkin-config.cmake
[0.884s] 
[0.886s]   Add the installation prefix of "catkin" to CMAKE_PREFIX_PATH or set
[0.886s]   "catkin_DIR" to a directory containing one of the above files.  If "catkin"
[0.886s]   provides a separate development package or SDK, be sure it has been
[0.886s]   installed.
[0.886s] 
[0.886s] [0m
[0.890s] -- Configuring incomplete, errors occurred!
[0.890s] See also "/home/matteo-melzer/gazebo_test/build/onrobot_rg_modbus_tcp/CMakeFiles/CMakeOutput.log".
[0.903s] Invoked command in '/home/matteo-melzer/gazebo_test/build/onrobot_rg_modbus_tcp' returned '1': /usr/bin/cmake /home/matteo-melzer/gazebo_test/src/onrobot/onrobot_rg_modbus_tcp -DCATKIN_INSTALL_INTO_PREFIX_ROOT=0 -DCMAKE_INSTALL_PREFIX=/home/matteo-melzer/gazebo_test/install/onrobot_rg_modbus_tcp
