[1.281s] Invoking command in '/home/matteo-melzer/gazebo_test/src/onrobot-ros2/onrobot_rg_control': PYTHONPATH=/home/matteo-melzer/gazebo_test/build/onrobot_rg_control/prefix_override:/usr/lib/python3/dist-packages/colcon_core/task/python/colcon_distutils_commands:/home/matteo-melzer/gazebo_test/install/onrobot_rg_control/lib/python3.10/site-packages:${PYTHONPATH} /usr/bin/python3 -W ignore:setup.py install is deprecated -W ignore:easy_install command is deprecated setup.py egg_info --egg-base ../../../build/onrobot_rg_control build --build-base /home/matteo-melzer/gazebo_test/build/onrobot_rg_control/build install --record /home/matteo-melzer/gazebo_test/build/onrobot_rg_control/install.log --single-version-externally-managed install_data
[1.796s] running egg_info
[1.802s] writing ../../../build/onrobot_rg_control/onrobot_rg_control.egg-info/PKG-INFO
[1.802s] writing dependency_links to ../../../build/onrobot_rg_control/onrobot_rg_control.egg-info/dependency_links.txt
[1.802s] writing entry points to ../../../build/onrobot_rg_control/onrobot_rg_control.egg-info/entry_points.txt
[1.802s] writing requirements to ../../../build/onrobot_rg_control/onrobot_rg_control.egg-info/requires.txt
[1.802s] writing top-level names to ../../../build/onrobot_rg_control/onrobot_rg_control.egg-info/top_level.txt
[1.802s] reading manifest file '../../../build/onrobot_rg_control/onrobot_rg_control.egg-info/SOURCES.txt'
[1.802s] writing manifest file '../../../build/onrobot_rg_control/onrobot_rg_control.egg-info/SOURCES.txt'
[1.802s] running build
[1.802s] running build_py
[1.802s] running install
[1.804s] running install_lib
[1.804s] running install_data
[1.804s] running install_egg_info
[1.804s] removing '/home/matteo-melzer/gazebo_test/install/onrobot_rg_control/lib/python3.10/site-packages/onrobot_rg_control-2.0.0-py3.10.egg-info' (and everything under it)
[1.809s] Copying ../../../build/onrobot_rg_control/onrobot_rg_control.egg-info to /home/matteo-melzer/gazebo_test/install/onrobot_rg_control/lib/python3.10/site-packages/onrobot_rg_control-2.0.0-py3.10.egg-info
[1.809s] running install_scripts
[1.850s] Installing OnRobotRGController script to /home/matteo-melzer/gazebo_test/install/onrobot_rg_control/lib/onrobot_rg_control
[1.851s] Installing OnRobotRGControllerServer script to /home/matteo-melzer/gazebo_test/install/onrobot_rg_control/lib/onrobot_rg_control
[1.852s] writing list of installed files to '/home/matteo-melzer/gazebo_test/build/onrobot_rg_control/install.log'
[2.028s] Invoked command in '/home/matteo-melzer/gazebo_test/src/onrobot-ros2/onrobot_rg_control' returned '0': PYTHONPATH=/home/matteo-melzer/gazebo_test/build/onrobot_rg_control/prefix_override:/usr/lib/python3/dist-packages/colcon_core/task/python/colcon_distutils_commands:/home/matteo-melzer/gazebo_test/install/onrobot_rg_control/lib/python3.10/site-packages:${PYTHONPATH} /usr/bin/python3 -W ignore:setup.py install is deprecated -W ignore:easy_install command is deprecated setup.py egg_info --egg-base ../../../build/onrobot_rg_control build --build-base /home/matteo-melzer/gazebo_test/build/onrobot_rg_control/build install --record /home/matteo-melzer/gazebo_test/build/onrobot_rg_control/install.log --single-version-externally-managed install_data
