[0.021s] Invoking command in '/home/matteo-melzer/gazebo_test/build/onrobot_vg_modbus_tcp': /usr/bin/cmake /home/matteo-melzer/gazebo_test/src/onrobot/onrobot_vg_modbus_tcp -DCATKIN_INSTALL_INTO_PREFIX_ROOT=0 -DCMAKE_INSTALL_PREFIX=/home/matteo-melzer/gazebo_test/install/onrobot_vg_modbus_tcp
[0.181s] -- The C compiler identification is GNU 11.4.0
[0.252s] -- The CXX compiler identification is GNU 11.4.0
[0.269s] -- Detecting C compiler ABI info
[0.511s] -- Detecting C compiler ABI info - done
[0.535s] -- Check for working C compiler: /usr/bin/cc - skipped
[0.536s] -- Detecting C compile features
[0.538s] -- Detecting C compile features - done
[0.564s] -- Detecting CXX compiler ABI info
[0.817s] -- Detecting CXX compiler ABI info - done
[0.829s] -- Check for working CXX compiler: /usr/bin/c++ - skipped
[0.829s] -- Detecting CXX compile features
[0.829s] -- Detecting CXX compile features - done
[0.866s] [31mCMake Error at CMakeLists.txt:3 (find_package):
[0.866s]   By not providing "Findcatkin.cmake" in CMAKE_MODULE_PATH this project has
[0.866s]   asked CMake to find a package configuration file provided by "catkin", but
[0.866s]   CMake did not find one.
[0.866s] 
[0.866s]   Could not find a package configuration file provided by "catkin" with any
[0.866s]   of the following names:
[0.866s] 
[0.866s]     catkinConfig.cmake
[0.866s]     catkin-config.cmake
[0.866s] 
[0.867s]   Add the installation prefix of "catkin" to CMAKE_PREFIX_PATH or set
[0.867s]   "catkin_DIR" to a directory containing one of the above files.  If "catkin"
[0.867s]   provides a separate development package or SDK, be sure it has been
[0.867s]   installed.
[0.867s] 
[0.867s] [0m
[0.867s] -- Configuring incomplete, errors occurred!
[0.867s] See also "/home/matteo-melzer/gazebo_test/build/onrobot_vg_modbus_tcp/CMakeFiles/CMakeOutput.log".
