[0.029s] Invoking command in '/home/matteo-melzer/gazebo_test/build/ur10e_gazebo_sim': CMAKE_PREFIX_PATH=${CMAKE_PREFIX_PATH}:/home/matteo-melzer/ros2_ws/install/py_srvcli:/home/matteo-melzer/ros2_ws/install/py_pubsub:/home/matteo-melzer/ws_moveit/install/moveit_configs_utils:/home/matteo-melzer/ws_moveit/install/launch_param_builder:/opt/ros/humble /usr/bin/cmake --build /home/matteo-melzer/gazebo_test/build/ur10e_gazebo_sim -- -j2 -l2
[0.063s] -- Found ament_cmake: 1.3.11 (/opt/ros/humble/share/ament_cmake/cmake)
[0.226s] -- Found xacro: 2.1.1 (/opt/ros/humble/share/xacro/cmake)
[0.226s] -- Found rclcpp: 16.0.12 (/opt/ros/humble/share/rclcpp/cmake)
[0.260s] -- Found rosidl_generator_c: 3.1.6 (/opt/ros/humble/share/rosidl_generator_c/cmake)
[0.271s] -- Found rosidl_adapter: 3.1.6 (/opt/ros/humble/share/rosidl_adapter/cmake)
[0.275s] -- Found rosidl_generator_cpp: 3.1.6 (/opt/ros/humble/share/rosidl_generator_cpp/cmake)
[0.286s] -- Using all available rosidl_typesupport_c: rosidl_typesupport_fastrtps_c;rosidl_typesupport_introspection_c
[0.304s] -- Using all available rosidl_typesupport_cpp: rosidl_typesupport_fastrtps_cpp;rosidl_typesupport_introspection_cpp
[0.349s] -- Found rmw_implementation_cmake: 6.1.2 (/opt/ros/humble/share/rmw_implementation_cmake/cmake)
[0.351s] -- Found rmw_fastrtps_cpp: 6.2.7 (/opt/ros/humble/share/rmw_fastrtps_cpp/cmake)
[0.508s] -- Using RMW implementation 'rmw_fastrtps_cpp' as default
[0.547s] -- Found trajectory_msgs: 4.9.0 (/opt/ros/humble/share/trajectory_msgs/cmake)
[0.567s] -- Found ament_lint_auto: 0.12.12 (/opt/ros/humble/share/ament_lint_auto/cmake)
[0.628s] -- Added test 'flake8' to check Python code syntax and style conventions
[0.628s] -- Added test 'lint_cmake' to check CMake code style
[0.629s] -- Added test 'pep257' to check Python code against some of the docstring style conventions in PEP 257
[0.631s] -- Added test 'xmllint' to check XML markup files
[0.632s] -- Configuring done
[0.638s] -- Generating done
[0.639s] -- Build files have been written to: /home/matteo-melzer/gazebo_test/build/ur10e_gazebo_sim
[0.672s] Invoked command in '/home/matteo-melzer/gazebo_test/build/ur10e_gazebo_sim' returned '0': CMAKE_PREFIX_PATH=${CMAKE_PREFIX_PATH}:/home/matteo-melzer/ros2_ws/install/py_srvcli:/home/matteo-melzer/ros2_ws/install/py_pubsub:/home/matteo-melzer/ws_moveit/install/moveit_configs_utils:/home/matteo-melzer/ws_moveit/install/launch_param_builder:/opt/ros/humble /usr/bin/cmake --build /home/matteo-melzer/gazebo_test/build/ur10e_gazebo_sim -- -j2 -l2
[0.674s] Invoking command in '/home/matteo-melzer/gazebo_test/build/ur10e_gazebo_sim': CMAKE_PREFIX_PATH=${CMAKE_PREFIX_PATH}:/home/matteo-melzer/ros2_ws/install/py_srvcli:/home/matteo-melzer/ros2_ws/install/py_pubsub:/home/matteo-melzer/ws_moveit/install/moveit_configs_utils:/home/matteo-melzer/ws_moveit/install/launch_param_builder:/opt/ros/humble /usr/bin/cmake --install /home/matteo-melzer/gazebo_test/build/ur10e_gazebo_sim
[0.685s] -- Install configuration: ""
[0.685s] -- Up-to-date: /home/matteo-melzer/gazebo_test/install/ur10e_gazebo_sim/share/ament_index/resource_index/package_run_dependencies/ur10e_gazebo_sim
[0.686s] -- Up-to-date: /home/matteo-melzer/gazebo_test/install/ur10e_gazebo_sim/share/ament_index/resource_index/parent_prefix_path/ur10e_gazebo_sim
[0.686s] -- Up-to-date: /home/matteo-melzer/gazebo_test/install/ur10e_gazebo_sim/share/ur10e_gazebo_sim/environment/ament_prefix_path.sh
[0.686s] -- Installing: /home/matteo-melzer/gazebo_test/install/ur10e_gazebo_sim/share/ur10e_gazebo_sim/environment/ament_prefix_path.dsv
[0.687s] -- Up-to-date: /home/matteo-melzer/gazebo_test/install/ur10e_gazebo_sim/share/ur10e_gazebo_sim/environment/path.sh
[0.687s] -- Installing: /home/matteo-melzer/gazebo_test/install/ur10e_gazebo_sim/share/ur10e_gazebo_sim/environment/path.dsv
[0.687s] -- Up-to-date: /home/matteo-melzer/gazebo_test/install/ur10e_gazebo_sim/share/ur10e_gazebo_sim/local_setup.bash
[0.687s] -- Up-to-date: /home/matteo-melzer/gazebo_test/install/ur10e_gazebo_sim/share/ur10e_gazebo_sim/local_setup.sh
[0.688s] -- Up-to-date: /home/matteo-melzer/gazebo_test/install/ur10e_gazebo_sim/share/ur10e_gazebo_sim/local_setup.zsh
[0.688s] -- Installing: /home/matteo-melzer/gazebo_test/install/ur10e_gazebo_sim/share/ur10e_gazebo_sim/local_setup.dsv
[0.688s] -- Installing: /home/matteo-melzer/gazebo_test/install/ur10e_gazebo_sim/share/ur10e_gazebo_sim/package.dsv
[0.689s] -- Up-to-date: /home/matteo-melzer/gazebo_test/install/ur10e_gazebo_sim/share/ament_index/resource_index/packages/ur10e_gazebo_sim
[0.689s] -- Up-to-date: /home/matteo-melzer/gazebo_test/install/ur10e_gazebo_sim/share/ur10e_gazebo_sim/cmake/ur10e_gazebo_simConfig.cmake
[0.689s] -- Up-to-date: /home/matteo-melzer/gazebo_test/install/ur10e_gazebo_sim/share/ur10e_gazebo_sim/cmake/ur10e_gazebo_simConfig-version.cmake
[0.690s] -- Installing: /home/matteo-melzer/gazebo_test/install/ur10e_gazebo_sim/share/ur10e_gazebo_sim/package.xml
[0.692s] Invoked command in '/home/matteo-melzer/gazebo_test/build/ur10e_gazebo_sim' returned '0': CMAKE_PREFIX_PATH=${CMAKE_PREFIX_PATH}:/home/matteo-melzer/ros2_ws/install/py_srvcli:/home/matteo-melzer/ros2_ws/install/py_pubsub:/home/matteo-melzer/ws_moveit/install/moveit_configs_utils:/home/matteo-melzer/ws_moveit/install/launch_param_builder:/opt/ros/humble /usr/bin/cmake --install /home/matteo-melzer/gazebo_test/build/ur10e_gazebo_sim
