[0.018s] Invoking command in '/home/matteo-melzer/gazebo_test/build/onrobot_control': CMAKE_PREFIX_PATH=${CMAKE_PREFIX_PATH}:/home/matteo-melzer/gazebo_test/install/onrobot_rg_modbus_tcp:/home/matteo-melzer/gazebo_test/install/onrobot_rg_control:/home/matteo-melzer/gazebo_test/install/onrobot_driver:/home/matteo-melzer/ros2_ws/install/py_srvcli:/home/matteo-melzer/ros2_ws/install/py_pubsub:/home/matteo-melzer/ws_moveit/install/moveit_configs_utils:/home/matteo-melzer/ws_moveit/install/launch_param_builder:/opt/ros/humble /usr/bin/cmake /home/matteo-melzer/gazebo_test/src/onrobot_ros/onrobot_control -DAMENT_CMAKE_SYMLINK_INSTALL=1 -DCMAKE_INSTALL_PREFIX=/home/matteo-melzer/gazebo_test/install/onrobot_control
[0.108s] -- The C compiler identification is GNU 11.4.0
[0.177s] -- The CXX compiler identification is GNU 11.4.0
[0.185s] -- Detecting C compiler ABI info
[0.296s] -- Detecting C compiler ABI info - done
[0.298s] -- Check for working C compiler: /usr/bin/cc - skipped
[0.302s] -- Detecting C compile features
[0.303s] -- Detecting C compile features - done
[0.303s] -- Detecting CXX compiler ABI info
[0.448s] -- Detecting CXX compiler ABI info - done
[0.460s] -- Check for working CXX compiler: /usr/bin/c++ - skipped
[0.461s] -- Detecting CXX compile features
[0.461s] -- Detecting CXX compile features - done
[0.483s] -- Found ament_cmake: 1.3.11 (/opt/ros/humble/share/ament_cmake/cmake)
[0.858s] -- Found Python3: /usr/bin/python3 (found version "3.10.12") found components: Interpreter 
[1.034s] -- Override CMake install command with custom implementation using symlinks instead of copying resources
[1.353s] -- Found ament_lint_auto: 0.12.12 (/opt/ros/humble/share/ament_lint_auto/cmake)
[1.560s] -- Added test 'copyright' to check source files copyright and LICENSE
[1.569s] -- Added test 'flake8' to check Python code syntax and style conventions
[1.573s] -- Added test 'lint_cmake' to check CMake code style
[1.577s] -- Added test 'pep257' to check Python code against some of the docstring style conventions in PEP 257
[1.579s] -- Added test 'xmllint' to check XML markup files
[1.590s] -- Configuring done
[1.599s] -- Generating done
[1.606s] -- Build files have been written to: /home/matteo-melzer/gazebo_test/build/onrobot_control
[1.620s] Invoked command in '/home/matteo-melzer/gazebo_test/build/onrobot_control' returned '0': CMAKE_PREFIX_PATH=${CMAKE_PREFIX_PATH}:/home/matteo-melzer/gazebo_test/install/onrobot_rg_modbus_tcp:/home/matteo-melzer/gazebo_test/install/onrobot_rg_control:/home/matteo-melzer/gazebo_test/install/onrobot_driver:/home/matteo-melzer/ros2_ws/install/py_srvcli:/home/matteo-melzer/ros2_ws/install/py_pubsub:/home/matteo-melzer/ws_moveit/install/moveit_configs_utils:/home/matteo-melzer/ws_moveit/install/launch_param_builder:/opt/ros/humble /usr/bin/cmake /home/matteo-melzer/gazebo_test/src/onrobot_ros/onrobot_control -DAMENT_CMAKE_SYMLINK_INSTALL=1 -DCMAKE_INSTALL_PREFIX=/home/matteo-melzer/gazebo_test/install/onrobot_control
[1.620s] Invoking command in '/home/matteo-melzer/gazebo_test/build/onrobot_control': CMAKE_PREFIX_PATH=${CMAKE_PREFIX_PATH}:/home/matteo-melzer/gazebo_test/install/onrobot_rg_modbus_tcp:/home/matteo-melzer/gazebo_test/install/onrobot_rg_control:/home/matteo-melzer/gazebo_test/install/onrobot_driver:/home/matteo-melzer/ros2_ws/install/py_srvcli:/home/matteo-melzer/ros2_ws/install/py_pubsub:/home/matteo-melzer/ws_moveit/install/moveit_configs_utils:/home/matteo-melzer/ws_moveit/install/launch_param_builder:/opt/ros/humble /usr/bin/cmake --build /home/matteo-melzer/gazebo_test/build/onrobot_control -- -j2 -l2
[1.694s] Invoked command in '/home/matteo-melzer/gazebo_test/build/onrobot_control' returned '0': CMAKE_PREFIX_PATH=${CMAKE_PREFIX_PATH}:/home/matteo-melzer/gazebo_test/install/onrobot_rg_modbus_tcp:/home/matteo-melzer/gazebo_test/install/onrobot_rg_control:/home/matteo-melzer/gazebo_test/install/onrobot_driver:/home/matteo-melzer/ros2_ws/install/py_srvcli:/home/matteo-melzer/ros2_ws/install/py_pubsub:/home/matteo-melzer/ws_moveit/install/moveit_configs_utils:/home/matteo-melzer/ws_moveit/install/launch_param_builder:/opt/ros/humble /usr/bin/cmake --build /home/matteo-melzer/gazebo_test/build/onrobot_control -- -j2 -l2
[1.695s] Invoking command in '/home/matteo-melzer/gazebo_test/build/onrobot_control': CMAKE_PREFIX_PATH=${CMAKE_PREFIX_PATH}:/home/matteo-melzer/gazebo_test/install/onrobot_rg_modbus_tcp:/home/matteo-melzer/gazebo_test/install/onrobot_rg_control:/home/matteo-melzer/gazebo_test/install/onrobot_driver:/home/matteo-melzer/ros2_ws/install/py_srvcli:/home/matteo-melzer/ros2_ws/install/py_pubsub:/home/matteo-melzer/ws_moveit/install/moveit_configs_utils:/home/matteo-melzer/ws_moveit/install/launch_param_builder:/opt/ros/humble /usr/bin/cmake --install /home/matteo-melzer/gazebo_test/build/onrobot_control
[1.726s] -- Install configuration: ""
[1.726s] -- Execute custom install script
[1.727s] -- Symlinking: /home/matteo-melzer/gazebo_test/install/onrobot_control/share/onrobot_control/launch/onrobot_rg_controller.launch.py
[1.763s] -- Symlinking: /home/matteo-melzer/gazebo_test/install/onrobot_control/share/onrobot_control/config/onrobot_rg_standalone.yaml
[1.795s] -- Symlinking: /home/matteo-melzer/gazebo_test/install/onrobot_control/share/ament_index/resource_index/package_run_dependencies/onrobot_control
[1.827s] -- Symlinking: /home/matteo-melzer/gazebo_test/install/onrobot_control/share/ament_index/resource_index/parent_prefix_path/onrobot_control
[1.845s] -- Symlinking: /home/matteo-melzer/gazebo_test/install/onrobot_control/share/onrobot_control/environment/ament_prefix_path.sh
[1.860s] -- Symlinking: /home/matteo-melzer/gazebo_test/install/onrobot_control/share/onrobot_control/environment/ament_prefix_path.dsv
[1.872s] -- Symlinking: /home/matteo-melzer/gazebo_test/install/onrobot_control/share/onrobot_control/environment/path.sh
[1.887s] -- Symlinking: /home/matteo-melzer/gazebo_test/install/onrobot_control/share/onrobot_control/environment/path.dsv
[1.919s] -- Symlinking: /home/matteo-melzer/gazebo_test/install/onrobot_control/share/onrobot_control/local_setup.bash
[1.948s] -- Symlinking: /home/matteo-melzer/gazebo_test/install/onrobot_control/share/onrobot_control/local_setup.sh
[1.986s] -- Symlinking: /home/matteo-melzer/gazebo_test/install/onrobot_control/share/onrobot_control/local_setup.zsh
[2.026s] -- Symlinking: /home/matteo-melzer/gazebo_test/install/onrobot_control/share/onrobot_control/local_setup.dsv
[2.059s] -- Symlinking: /home/matteo-melzer/gazebo_test/install/onrobot_control/share/onrobot_control/package.dsv
[2.088s] -- Symlinking: /home/matteo-melzer/gazebo_test/install/onrobot_control/share/ament_index/resource_index/packages/onrobot_control
[2.120s] -- Symlinking: /home/matteo-melzer/gazebo_test/install/onrobot_control/share/onrobot_control/cmake/onrobot_controlConfig.cmake
[2.148s] -- Symlinking: /home/matteo-melzer/gazebo_test/install/onrobot_control/share/onrobot_control/cmake/onrobot_controlConfig-version.cmake
[2.177s] -- Symlinking: /home/matteo-melzer/gazebo_test/install/onrobot_control/share/onrobot_control/package.xml
[2.209s] Invoked command in '/home/matteo-melzer/gazebo_test/build/onrobot_control' returned '0': CMAKE_PREFIX_PATH=${CMAKE_PREFIX_PATH}:/home/matteo-melzer/gazebo_test/install/onrobot_rg_modbus_tcp:/home/matteo-melzer/gazebo_test/install/onrobot_rg_control:/home/matteo-melzer/gazebo_test/install/onrobot_driver:/home/matteo-melzer/ros2_ws/install/py_srvcli:/home/matteo-melzer/ros2_ws/install/py_pubsub:/home/matteo-melzer/ws_moveit/install/moveit_configs_utils:/home/matteo-melzer/ws_moveit/install/launch_param_builder:/opt/ros/humble /usr/bin/cmake --install /home/matteo-melzer/gazebo_test/build/onrobot_control
