[0.020s] Invoking command in '/home/matteo-melzer/gazebo_test/build/net_ft_driver': CMAKE_PREFIX_PATH=${CMAKE_PREFIX_PATH}:/home/matteo-melzer/ros2_ws/install/py_srvcli:/home/matteo-melzer/ros2_ws/install/py_pubsub:/home/matteo-melzer/ws_moveit/install/moveit_configs_utils:/home/matteo-melzer/ws_moveit/install/launch_param_builder:/opt/ros/humble /usr/bin/cmake /home/matteo-melzer/gazebo_test/src/ros2_net_ft_driver/net_ft_driver -DCMAKE_INSTALL_PREFIX=/home/matteo-melzer/gazebo_test/install/net_ft_driver
[0.036s] -- Found ament_cmake: 1.3.11 (/opt/ros/humble/share/ament_cmake/cmake)
[0.232s] -- Configuring incomplete, errors occurred!
[0.233s] See also "/home/matteo-melzer/gazebo_test/build/net_ft_driver/CMakeFiles/CMakeOutput.log".
[0.233s] [31mCMake Error at CMakeLists.txt:20 (find_package):
[0.233s]   By not providing "Findasio_cmake_module.cmake" in CMAKE_MODULE_PATH this
[0.233s]   project has asked CMake to find a package configuration file provided by
[0.234s]   "asio_cmake_module", but CMake did not find one.
[0.234s] 
[0.234s]   Could not find a package configuration file provided by "asio_cmake_module"
[0.234s]   with any of the following names:
[0.234s] 
[0.234s]     asio_cmake_moduleConfig.cmake
[0.234s]     asio_cmake_module-config.cmake
[0.234s] 
[0.234s]   Add the installation prefix of "asio_cmake_module" to CMAKE_PREFIX_PATH or
[0.234s]   set "asio_cmake_module_DIR" to a directory containing one of the above
[0.234s]   files.  If "asio_cmake_module" provides a separate development package or
[0.234s]   SDK, be sure it has been installed.
[0.234s] 
[0.234s] [0m
[0.245s] Invoked command in '/home/matteo-melzer/gazebo_test/build/net_ft_driver' returned '1': CMAKE_PREFIX_PATH=${CMAKE_PREFIX_PATH}:/home/matteo-melzer/ros2_ws/install/py_srvcli:/home/matteo-melzer/ros2_ws/install/py_pubsub:/home/matteo-melzer/ws_moveit/install/moveit_configs_utils:/home/matteo-melzer/ws_moveit/install/launch_param_builder:/opt/ros/humble /usr/bin/cmake /home/matteo-melzer/gazebo_test/src/ros2_net_ft_driver/net_ft_driver -DCMAKE_INSTALL_PREFIX=/home/matteo-melzer/gazebo_test/install/net_ft_driver
