[0.982s] Invoking command in '/home/matteo-melzer/gazebo_test/build/onrobot_rg_control': PYTHONPATH=/home/matteo-melzer/gazebo_test/build/onrobot_rg_control/prefix_override:/usr/lib/python3/dist-packages/colcon_core/task/python/colcon_distutils_commands:/home/matteo-melzer/gazebo_test/install/onrobot_rg_control/lib/python3.10/site-packages:${PYTHONPATH} /usr/bin/python3 -W ignore:setup.py install is deprecated -W ignore:easy_install command is deprecated setup.py develop --editable --build-directory /home/matteo-melzer/gazebo_test/build/onrobot_rg_control/build --no-deps symlink_data
[1.235s] running develop
[1.382s] running egg_info
[1.383s] creating onrobot_rg_control.egg-info
[1.383s] writing onrobot_rg_control.egg-info/PKG-INFO
[1.383s] writing dependency_links to onrobot_rg_control.egg-info/dependency_links.txt
[1.383s] writing entry points to onrobot_rg_control.egg-info/entry_points.txt
[1.383s] writing requirements to onrobot_rg_control.egg-info/requires.txt
[1.383s] writing top-level names to onrobot_rg_control.egg-info/top_level.txt
[1.383s] writing manifest file 'onrobot_rg_control.egg-info/SOURCES.txt'
[1.386s] reading manifest file 'onrobot_rg_control.egg-info/SOURCES.txt'
[1.386s] writing manifest file 'onrobot_rg_control.egg-info/SOURCES.txt'
[1.388s] running build_ext
[1.388s] Creating /home/matteo-melzer/gazebo_test/install/onrobot_rg_control/lib/python3.10/site-packages/onrobot-rg-control.egg-link (link to .)
[1.389s] Installing OnRobotRGController script to /home/matteo-melzer/gazebo_test/install/onrobot_rg_control/lib/onrobot_rg_control
[1.389s] Installing OnRobotRGControllerServer script to /home/matteo-melzer/gazebo_test/install/onrobot_rg_control/lib/onrobot_rg_control
[1.389s] 
[1.389s] Installed /home/matteo-melzer/gazebo_test/build/onrobot_rg_control
[1.389s] running symlink_data
[1.389s] creating /home/matteo-melzer/gazebo_test/install/onrobot_rg_control/share/ament_index
[1.391s] creating /home/matteo-melzer/gazebo_test/install/onrobot_rg_control/share/ament_index/resource_index
[1.391s] creating /home/matteo-melzer/gazebo_test/install/onrobot_rg_control/share/ament_index/resource_index/packages
[1.391s] symbolically linking /home/matteo-melzer/gazebo_test/build/onrobot_rg_control/resource/onrobot_rg_control -> /home/matteo-melzer/gazebo_test/install/onrobot_rg_control/share/ament_index/resource_index/packages
[1.391s] symbolically linking /home/matteo-melzer/gazebo_test/build/onrobot_rg_control/package.xml -> /home/matteo-melzer/gazebo_test/install/onrobot_rg_control/share/onrobot_rg_control
[1.391s] creating /home/matteo-melzer/gazebo_test/install/onrobot_rg_control/share/onrobot_rg_control/launch
[1.391s] symbolically linking /home/matteo-melzer/gazebo_test/build/onrobot_rg_control/launch/bringup.launch.py -> /home/matteo-melzer/gazebo_test/install/onrobot_rg_control/share/onrobot_rg_control/launch
[1.412s] Invoked command in '/home/matteo-melzer/gazebo_test/build/onrobot_rg_control' returned '0': PYTHONPATH=/home/matteo-melzer/gazebo_test/build/onrobot_rg_control/prefix_override:/usr/lib/python3/dist-packages/colcon_core/task/python/colcon_distutils_commands:/home/matteo-melzer/gazebo_test/install/onrobot_rg_control/lib/python3.10/site-packages:${PYTHONPATH} /usr/bin/python3 -W ignore:setup.py install is deprecated -W ignore:easy_install command is deprecated setup.py develop --editable --build-directory /home/matteo-melzer/gazebo_test/build/onrobot_rg_control/build --no-deps symlink_data
