[0.056s] Invoking command in '/home/matteo-melzer/gazebo_test/build/net_ft_diagnostic_broadcaster': CMAKE_PREFIX_PATH=${CMAKE_PREFIX_PATH}:/home/matteo-melzer/gazebo_test/install/onrobot_rg_modbus_tcp:/home/matteo-melzer/gazebo_test/install/onrobot_rg_control:/home/matteo-melzer/gazebo_test/install/onrobot_driver:/home/matteo-melzer/ros2_ws/install/py_srvcli:/home/matteo-melzer/ros2_ws/install/py_pubsub:/home/matteo-melzer/ws_moveit/install/moveit_configs_utils:/home/matteo-melzer/ws_moveit/install/launch_param_builder:/opt/ros/humble /usr/bin/cmake --build /home/matteo-melzer/gazebo_test/build/net_ft_diagnostic_broadcaster -- -j2 -l2
[0.267s] [100%] Built target net_ft_diagnostic_broadcaster
[0.343s] Invoked command in '/home/matteo-melzer/gazebo_test/build/net_ft_diagnostic_broadcaster' returned '0': CMAKE_PREFIX_PATH=${CMAKE_PREFIX_PATH}:/home/matteo-melzer/gazebo_test/install/onrobot_rg_modbus_tcp:/home/matteo-melzer/gazebo_test/install/onrobot_rg_control:/home/matteo-melzer/gazebo_test/install/onrobot_driver:/home/matteo-melzer/ros2_ws/install/py_srvcli:/home/matteo-melzer/ros2_ws/install/py_pubsub:/home/matteo-melzer/ws_moveit/install/moveit_configs_utils:/home/matteo-melzer/ws_moveit/install/launch_param_builder:/opt/ros/humble /usr/bin/cmake --build /home/matteo-melzer/gazebo_test/build/net_ft_diagnostic_broadcaster -- -j2 -l2
[0.344s] Invoking command in '/home/matteo-melzer/gazebo_test/build/net_ft_diagnostic_broadcaster': CMAKE_PREFIX_PATH=${CMAKE_PREFIX_PATH}:/home/matteo-melzer/gazebo_test/install/onrobot_rg_modbus_tcp:/home/matteo-melzer/gazebo_test/install/onrobot_rg_control:/home/matteo-melzer/gazebo_test/install/onrobot_driver:/home/matteo-melzer/ros2_ws/install/py_srvcli:/home/matteo-melzer/ros2_ws/install/py_pubsub:/home/matteo-melzer/ws_moveit/install/moveit_configs_utils:/home/matteo-melzer/ws_moveit/install/launch_param_builder:/opt/ros/humble /usr/bin/cmake --install /home/matteo-melzer/gazebo_test/build/net_ft_diagnostic_broadcaster
[0.372s] -- Install configuration: ""
[0.372s] -- Execute custom install script
[0.372s] -- Up-to-date symlink: /home/matteo-melzer/gazebo_test/install/net_ft_diagnostic_broadcaster/share/net_ft_diagnostic_broadcaster//controller_plugins.xml
[0.372s] -- Up-to-date symlink: /home/matteo-melzer/gazebo_test/install/net_ft_diagnostic_broadcaster/lib/libnet_ft_diagnostic_broadcaster.so
[0.372s] -- Up-to-date symlink: /home/matteo-melzer/gazebo_test/install/net_ft_diagnostic_broadcaster/include/net_ft_diagnostic_broadcaster/net_ft_diagnostic_broadcaster.hpp
[0.372s] -- Up-to-date symlink: /home/matteo-melzer/gazebo_test/install/net_ft_diagnostic_broadcaster/share/net_ft_diagnostic_broadcaster/controller_plugins.xml
[0.373s] -- Up-to-date symlink: /home/matteo-melzer/gazebo_test/install/net_ft_diagnostic_broadcaster/share/net_ft_diagnostic_broadcaster/environment/library_path.sh
[0.373s] -- Up-to-date symlink: /home/matteo-melzer/gazebo_test/install/net_ft_diagnostic_broadcaster/share/net_ft_diagnostic_broadcaster/environment/library_path.dsv
[0.373s] -- Up-to-date symlink: /home/matteo-melzer/gazebo_test/install/net_ft_diagnostic_broadcaster/share/ament_index/resource_index/package_run_dependencies/net_ft_diagnostic_broadcaster
[0.373s] -- Up-to-date symlink: /home/matteo-melzer/gazebo_test/install/net_ft_diagnostic_broadcaster/share/ament_index/resource_index/parent_prefix_path/net_ft_diagnostic_broadcaster
[0.373s] -- Up-to-date symlink: /home/matteo-melzer/gazebo_test/install/net_ft_diagnostic_broadcaster/share/net_ft_diagnostic_broadcaster/environment/ament_prefix_path.sh
[0.375s] -- Up-to-date symlink: /home/matteo-melzer/gazebo_test/install/net_ft_diagnostic_broadcaster/share/net_ft_diagnostic_broadcaster/environment/ament_prefix_path.dsv
[0.378s] -- Up-to-date symlink: /home/matteo-melzer/gazebo_test/install/net_ft_diagnostic_broadcaster/share/net_ft_diagnostic_broadcaster/environment/path.sh
[0.378s] -- Up-to-date symlink: /home/matteo-melzer/gazebo_test/install/net_ft_diagnostic_broadcaster/share/net_ft_diagnostic_broadcaster/environment/path.dsv
[0.378s] -- Up-to-date symlink: /home/matteo-melzer/gazebo_test/install/net_ft_diagnostic_broadcaster/share/net_ft_diagnostic_broadcaster/local_setup.bash
[0.378s] -- Up-to-date symlink: /home/matteo-melzer/gazebo_test/install/net_ft_diagnostic_broadcaster/share/net_ft_diagnostic_broadcaster/local_setup.sh
[0.378s] -- Up-to-date symlink: /home/matteo-melzer/gazebo_test/install/net_ft_diagnostic_broadcaster/share/net_ft_diagnostic_broadcaster/local_setup.zsh
[0.378s] -- Up-to-date symlink: /home/matteo-melzer/gazebo_test/install/net_ft_diagnostic_broadcaster/share/net_ft_diagnostic_broadcaster/local_setup.dsv
[0.378s] -- Symlinking: /home/matteo-melzer/gazebo_test/install/net_ft_diagnostic_broadcaster/share/net_ft_diagnostic_broadcaster/package.dsv
[0.397s] -- Up-to-date symlink: /home/matteo-melzer/gazebo_test/install/net_ft_diagnostic_broadcaster/share/ament_index/resource_index/packages/net_ft_diagnostic_broadcaster
[0.398s] -- Up-to-date symlink: /home/matteo-melzer/gazebo_test/install/net_ft_diagnostic_broadcaster/share/ament_index/resource_index/controller_interface__pluginlib__plugin/net_ft_diagnostic_broadcaster
[0.398s] -- Up-to-date symlink: /home/matteo-melzer/gazebo_test/install/net_ft_diagnostic_broadcaster/share/net_ft_diagnostic_broadcaster/cmake/ament_cmake_export_dependencies-extras.cmake
[0.407s] -- Up-to-date symlink: /home/matteo-melzer/gazebo_test/install/net_ft_diagnostic_broadcaster/share/net_ft_diagnostic_broadcaster/cmake/ament_cmake_export_include_directories-extras.cmake
[0.407s] -- Up-to-date symlink: /home/matteo-melzer/gazebo_test/install/net_ft_diagnostic_broadcaster/share/net_ft_diagnostic_broadcaster/cmake/ament_cmake_export_libraries-extras.cmake
[0.408s] -- Up-to-date symlink: /home/matteo-melzer/gazebo_test/install/net_ft_diagnostic_broadcaster/share/net_ft_diagnostic_broadcaster/cmake/net_ft_diagnostic_broadcasterConfig.cmake
[0.408s] -- Up-to-date symlink: /home/matteo-melzer/gazebo_test/install/net_ft_diagnostic_broadcaster/share/net_ft_diagnostic_broadcaster/cmake/net_ft_diagnostic_broadcasterConfig-version.cmake
[0.408s] -- Up-to-date symlink: /home/matteo-melzer/gazebo_test/install/net_ft_diagnostic_broadcaster/share/net_ft_diagnostic_broadcaster/package.xml
[0.409s] Invoked command in '/home/matteo-melzer/gazebo_test/build/net_ft_diagnostic_broadcaster' returned '0': CMAKE_PREFIX_PATH=${CMAKE_PREFIX_PATH}:/home/matteo-melzer/gazebo_test/install/onrobot_rg_modbus_tcp:/home/matteo-melzer/gazebo_test/install/onrobot_rg_control:/home/matteo-melzer/gazebo_test/install/onrobot_driver:/home/matteo-melzer/ros2_ws/install/py_srvcli:/home/matteo-melzer/ros2_ws/install/py_pubsub:/home/matteo-melzer/ws_moveit/install/moveit_configs_utils:/home/matteo-melzer/ws_moveit/install/launch_param_builder:/opt/ros/humble /usr/bin/cmake --install /home/matteo-melzer/gazebo_test/build/net_ft_diagnostic_broadcaster
