[0.107s] DEBUG:colcon:Command line arguments: ['/usr/bin/colcon', 'build', '--packages-select', 'ros2_net_ft_driver']
[0.107s] DEBUG:colcon:Parsed command line arguments: Namespace(log_base=None, log_level=None, verb_name='build', build_base='build', install_base='install', merge_install=False, symlink_install=False, test_result_base=None, continue_on_error=False, executor='parallel', parallel_workers=2, event_handlers=None, ignore_user_meta=False, metas=['./colcon.meta'], base_paths=['.'], packages_ignore=None, packages_ignore_regex=None, paths=None, packages_up_to=None, packages_up_to_regex=None, packages_above=None, packages_above_and_dependencies=None, packages_above_depth=None, packages_select_by_dep=None, packages_skip_by_dep=None, packages_skip_up_to=None, packages_select_build_failed=False, packages_skip_build_finished=False, packages_select_test_failures=False, packages_skip_test_passed=False, packages_select=['ros2_net_ft_driver'], packages_skip=None, packages_select_regex=None, packages_skip_regex=None, packages_start=None, packages_end=None, allow_overriding=[], cmake_args=None, cmake_target=None, cmake_target_skip_unavailable=False, cmake_clean_cache=False, cmake_clean_first=False, cmake_force_configure=False, ament_cmake_args=None, catkin_cmake_args=None, catkin_skip_building_tests=False, mixin_files=None, mixin=None, verb_parser=<colcon_mixin.mixin.mixin_argument.MixinArgumentDecorator object at 0x71d3e7188250>, verb_extension=<colcon_core.verb.build.BuildVerb object at 0x71d3e7101840>, main=<bound method BuildVerb.main of <colcon_core.verb.build.BuildVerb object at 0x71d3e7101840>>, mixin_verb=('build',))
[0.267s] Level 1:colcon.colcon_core.package_discovery:discover_packages(colcon_meta) check parameters
[0.267s] Level 1:colcon.colcon_core.package_discovery:discover_packages(recursive) check parameters
[0.267s] Level 1:colcon.colcon_core.package_discovery:discover_packages(ignore) check parameters
[0.267s] Level 1:colcon.colcon_core.package_discovery:discover_packages(path) check parameters
[0.267s] Level 1:colcon.colcon_core.package_discovery:discover_packages(colcon_meta) discover
[0.268s] Level 1:colcon.colcon_core.package_discovery:discover_packages(recursive) discover
[0.268s] INFO:colcon.colcon_core.package_discovery:Crawling recursively for packages in '/home/matteo-melzer/gazebo_test'
[0.268s] Level 1:colcon.colcon_core.package_identification:_identify(.) by extensions ['ignore', 'ignore_ament_install']
[0.268s] Level 1:colcon.colcon_core.package_identification:_identify(.) by extension 'ignore'
[0.268s] Level 1:colcon.colcon_core.package_identification:_identify(.) by extension 'ignore_ament_install'
[0.268s] Level 1:colcon.colcon_core.package_identification:_identify(.) by extensions ['colcon_pkg']
[0.268s] Level 1:colcon.colcon_core.package_identification:_identify(.) by extension 'colcon_pkg'
[0.268s] Level 1:colcon.colcon_core.package_identification:_identify(.) by extensions ['colcon_meta']
[0.268s] Level 1:colcon.colcon_core.package_identification:_identify(.) by extension 'colcon_meta'
[0.268s] Level 1:colcon.colcon_core.package_identification:_identify(.) by extensions ['ros']
[0.268s] Level 1:colcon.colcon_core.package_identification:_identify(.) by extension 'ros'
[0.276s] Level 1:colcon.colcon_core.package_identification:_identify(.) by extensions ['cmake', 'python']
[0.277s] Level 1:colcon.colcon_core.package_identification:_identify(.) by extension 'cmake'
[0.277s] Level 1:colcon.colcon_core.package_identification:_identify(.) by extension 'python'
[0.277s] Level 1:colcon.colcon_core.package_identification:_identify(.) by extensions ['python_setup_py']
[0.277s] Level 1:colcon.colcon_core.package_identification:_identify(.) by extension 'python_setup_py'
[0.277s] Level 1:colcon.colcon_core.package_identification:_identify(build) by extensions ['ignore', 'ignore_ament_install']
[0.277s] Level 1:colcon.colcon_core.package_identification:_identify(build) by extension 'ignore'
[0.277s] Level 1:colcon.colcon_core.package_identification:_identify(build) ignored
[0.277s] Level 1:colcon.colcon_core.package_identification:_identify(install) by extensions ['ignore', 'ignore_ament_install']
[0.277s] Level 1:colcon.colcon_core.package_identification:_identify(install) by extension 'ignore'
[0.277s] Level 1:colcon.colcon_core.package_identification:_identify(install) ignored
[0.277s] Level 1:colcon.colcon_core.package_identification:_identify(log) by extensions ['ignore', 'ignore_ament_install']
[0.277s] Level 1:colcon.colcon_core.package_identification:_identify(log) by extension 'ignore'
[0.277s] Level 1:colcon.colcon_core.package_identification:_identify(log) ignored
[0.278s] Level 1:colcon.colcon_core.package_identification:_identify(src) by extensions ['ignore', 'ignore_ament_install']
[0.278s] Level 1:colcon.colcon_core.package_identification:_identify(src) by extension 'ignore'
[0.278s] Level 1:colcon.colcon_core.package_identification:_identify(src) by extension 'ignore_ament_install'
[0.278s] Level 1:colcon.colcon_core.package_identification:_identify(src) by extensions ['colcon_pkg']
[0.278s] Level 1:colcon.colcon_core.package_identification:_identify(src) by extension 'colcon_pkg'
[0.278s] Level 1:colcon.colcon_core.package_identification:_identify(src) by extensions ['colcon_meta']
[0.278s] Level 1:colcon.colcon_core.package_identification:_identify(src) by extension 'colcon_meta'
[0.278s] Level 1:colcon.colcon_core.package_identification:_identify(src) by extensions ['ros']
[0.278s] Level 1:colcon.colcon_core.package_identification:_identify(src) by extension 'ros'
[0.278s] Level 1:colcon.colcon_core.package_identification:_identify(src) by extensions ['cmake', 'python']
[0.278s] Level 1:colcon.colcon_core.package_identification:_identify(src) by extension 'cmake'
[0.278s] Level 1:colcon.colcon_core.package_identification:_identify(src) by extension 'python'
[0.278s] Level 1:colcon.colcon_core.package_identification:_identify(src) by extensions ['python_setup_py']
[0.278s] Level 1:colcon.colcon_core.package_identification:_identify(src) by extension 'python_setup_py'
[0.278s] Level 1:colcon.colcon_core.package_identification:_identify(src/Universal_Robots_ROS2_Description) by extensions ['ignore', 'ignore_ament_install']
[0.278s] Level 1:colcon.colcon_core.package_identification:_identify(src/Universal_Robots_ROS2_Description) by extension 'ignore'
[0.278s] Level 1:colcon.colcon_core.package_identification:_identify(src/Universal_Robots_ROS2_Description) by extension 'ignore_ament_install'
[0.278s] Level 1:colcon.colcon_core.package_identification:_identify(src/Universal_Robots_ROS2_Description) by extensions ['colcon_pkg']
[0.278s] Level 1:colcon.colcon_core.package_identification:_identify(src/Universal_Robots_ROS2_Description) by extension 'colcon_pkg'
[0.278s] Level 1:colcon.colcon_core.package_identification:_identify(src/Universal_Robots_ROS2_Description) by extensions ['colcon_meta']
[0.278s] Level 1:colcon.colcon_core.package_identification:_identify(src/Universal_Robots_ROS2_Description) by extension 'colcon_meta'
[0.278s] Level 1:colcon.colcon_core.package_identification:_identify(src/Universal_Robots_ROS2_Description) by extensions ['ros']
[0.278s] Level 1:colcon.colcon_core.package_identification:_identify(src/Universal_Robots_ROS2_Description) by extension 'ros'
[0.287s] DEBUG:colcon.colcon_core.package_identification:Package 'src/Universal_Robots_ROS2_Description' with type 'ros.ament_cmake' and name 'ur_description'
[0.288s] Level 1:colcon.colcon_core.package_identification:_identify(src/Universal_Robots_ROS2_Gazebo_Simulation) by extensions ['ignore', 'ignore_ament_install']
[0.288s] Level 1:colcon.colcon_core.package_identification:_identify(src/Universal_Robots_ROS2_Gazebo_Simulation) by extension 'ignore'
[0.288s] Level 1:colcon.colcon_core.package_identification:_identify(src/Universal_Robots_ROS2_Gazebo_Simulation) by extension 'ignore_ament_install'
[0.288s] Level 1:colcon.colcon_core.package_identification:_identify(src/Universal_Robots_ROS2_Gazebo_Simulation) by extensions ['colcon_pkg']
[0.288s] Level 1:colcon.colcon_core.package_identification:_identify(src/Universal_Robots_ROS2_Gazebo_Simulation) by extension 'colcon_pkg'
[0.288s] Level 1:colcon.colcon_core.package_identification:_identify(src/Universal_Robots_ROS2_Gazebo_Simulation) by extensions ['colcon_meta']
[0.288s] Level 1:colcon.colcon_core.package_identification:_identify(src/Universal_Robots_ROS2_Gazebo_Simulation) by extension 'colcon_meta'
[0.288s] Level 1:colcon.colcon_core.package_identification:_identify(src/Universal_Robots_ROS2_Gazebo_Simulation) by extensions ['ros']
[0.288s] Level 1:colcon.colcon_core.package_identification:_identify(src/Universal_Robots_ROS2_Gazebo_Simulation) by extension 'ros'
[0.288s] Level 1:colcon.colcon_core.package_identification:_identify(src/Universal_Robots_ROS2_Gazebo_Simulation) by extensions ['cmake', 'python']
[0.288s] Level 1:colcon.colcon_core.package_identification:_identify(src/Universal_Robots_ROS2_Gazebo_Simulation) by extension 'cmake'
[0.288s] Level 1:colcon.colcon_core.package_identification:_identify(src/Universal_Robots_ROS2_Gazebo_Simulation) by extension 'python'
[0.288s] Level 1:colcon.colcon_core.package_identification:_identify(src/Universal_Robots_ROS2_Gazebo_Simulation) by extensions ['python_setup_py']
[0.288s] Level 1:colcon.colcon_core.package_identification:_identify(src/Universal_Robots_ROS2_Gazebo_Simulation) by extension 'python_setup_py'
[0.288s] Level 1:colcon.colcon_core.package_identification:_identify(src/Universal_Robots_ROS2_Gazebo_Simulation/ur_simulation_gazebo) by extensions ['ignore', 'ignore_ament_install']
[0.288s] Level 1:colcon.colcon_core.package_identification:_identify(src/Universal_Robots_ROS2_Gazebo_Simulation/ur_simulation_gazebo) by extension 'ignore'
[0.288s] Level 1:colcon.colcon_core.package_identification:_identify(src/Universal_Robots_ROS2_Gazebo_Simulation/ur_simulation_gazebo) by extension 'ignore_ament_install'
[0.288s] Level 1:colcon.colcon_core.package_identification:_identify(src/Universal_Robots_ROS2_Gazebo_Simulation/ur_simulation_gazebo) by extensions ['colcon_pkg']
[0.288s] Level 1:colcon.colcon_core.package_identification:_identify(src/Universal_Robots_ROS2_Gazebo_Simulation/ur_simulation_gazebo) by extension 'colcon_pkg'
[0.288s] Level 1:colcon.colcon_core.package_identification:_identify(src/Universal_Robots_ROS2_Gazebo_Simulation/ur_simulation_gazebo) by extensions ['colcon_meta']
[0.288s] Level 1:colcon.colcon_core.package_identification:_identify(src/Universal_Robots_ROS2_Gazebo_Simulation/ur_simulation_gazebo) by extension 'colcon_meta'
[0.288s] Level 1:colcon.colcon_core.package_identification:_identify(src/Universal_Robots_ROS2_Gazebo_Simulation/ur_simulation_gazebo) by extensions ['ros']
[0.289s] Level 1:colcon.colcon_core.package_identification:_identify(src/Universal_Robots_ROS2_Gazebo_Simulation/ur_simulation_gazebo) by extension 'ros'
[0.289s] DEBUG:colcon.colcon_core.package_identification:Package 'src/Universal_Robots_ROS2_Gazebo_Simulation/ur_simulation_gazebo' with type 'ros.ament_cmake' and name 'ur_simulation_gazebo'
[0.289s] Level 1:colcon.colcon_core.package_identification:_identify(src/onrobot) by extensions ['ignore', 'ignore_ament_install']
[0.289s] Level 1:colcon.colcon_core.package_identification:_identify(src/onrobot) by extension 'ignore'
[0.289s] Level 1:colcon.colcon_core.package_identification:_identify(src/onrobot) by extension 'ignore_ament_install'
[0.289s] Level 1:colcon.colcon_core.package_identification:_identify(src/onrobot) by extensions ['colcon_pkg']
[0.289s] Level 1:colcon.colcon_core.package_identification:_identify(src/onrobot) by extension 'colcon_pkg'
[0.289s] Level 1:colcon.colcon_core.package_identification:_identify(src/onrobot) by extensions ['colcon_meta']
[0.289s] Level 1:colcon.colcon_core.package_identification:_identify(src/onrobot) by extension 'colcon_meta'
[0.289s] Level 1:colcon.colcon_core.package_identification:_identify(src/onrobot) by extensions ['ros']
[0.289s] Level 1:colcon.colcon_core.package_identification:_identify(src/onrobot) by extension 'ros'
[0.289s] Level 1:colcon.colcon_core.package_identification:_identify(src/onrobot) by extensions ['cmake', 'python']
[0.289s] Level 1:colcon.colcon_core.package_identification:_identify(src/onrobot) by extension 'cmake'
[0.290s] Level 1:colcon.colcon_core.package_identification:_identify(src/onrobot) by extension 'python'
[0.290s] Level 1:colcon.colcon_core.package_identification:_identify(src/onrobot) by extensions ['python_setup_py']
[0.290s] Level 1:colcon.colcon_core.package_identification:_identify(src/onrobot) by extension 'python_setup_py'
[0.290s] Level 1:colcon.colcon_core.package_identification:_identify(src/onrobot/image) by extensions ['ignore', 'ignore_ament_install']
[0.290s] Level 1:colcon.colcon_core.package_identification:_identify(src/onrobot/image) by extension 'ignore'
[0.290s] Level 1:colcon.colcon_core.package_identification:_identify(src/onrobot/image) by extension 'ignore_ament_install'
[0.290s] Level 1:colcon.colcon_core.package_identification:_identify(src/onrobot/image) by extensions ['colcon_pkg']
[0.290s] Level 1:colcon.colcon_core.package_identification:_identify(src/onrobot/image) by extension 'colcon_pkg'
[0.290s] Level 1:colcon.colcon_core.package_identification:_identify(src/onrobot/image) by extensions ['colcon_meta']
[0.290s] Level 1:colcon.colcon_core.package_identification:_identify(src/onrobot/image) by extension 'colcon_meta'
[0.290s] Level 1:colcon.colcon_core.package_identification:_identify(src/onrobot/image) by extensions ['ros']
[0.290s] Level 1:colcon.colcon_core.package_identification:_identify(src/onrobot/image) by extension 'ros'
[0.290s] Level 1:colcon.colcon_core.package_identification:_identify(src/onrobot/image) by extensions ['cmake', 'python']
[0.290s] Level 1:colcon.colcon_core.package_identification:_identify(src/onrobot/image) by extension 'cmake'
[0.290s] Level 1:colcon.colcon_core.package_identification:_identify(src/onrobot/image) by extension 'python'
[0.290s] Level 1:colcon.colcon_core.package_identification:_identify(src/onrobot/image) by extensions ['python_setup_py']
[0.290s] Level 1:colcon.colcon_core.package_identification:_identify(src/onrobot/image) by extension 'python_setup_py'
[0.290s] Level 1:colcon.colcon_core.package_identification:_identify(src/onrobot/onrobot) by extensions ['ignore', 'ignore_ament_install']
[0.290s] Level 1:colcon.colcon_core.package_identification:_identify(src/onrobot/onrobot) by extension 'ignore'
[0.290s] Level 1:colcon.colcon_core.package_identification:_identify(src/onrobot/onrobot) by extension 'ignore_ament_install'
[0.290s] Level 1:colcon.colcon_core.package_identification:_identify(src/onrobot/onrobot) by extensions ['colcon_pkg']
[0.290s] Level 1:colcon.colcon_core.package_identification:_identify(src/onrobot/onrobot) by extension 'colcon_pkg'
[0.290s] Level 1:colcon.colcon_core.package_identification:_identify(src/onrobot/onrobot) by extensions ['colcon_meta']
[0.290s] Level 1:colcon.colcon_core.package_identification:_identify(src/onrobot/onrobot) by extension 'colcon_meta'
[0.290s] Level 1:colcon.colcon_core.package_identification:_identify(src/onrobot/onrobot) by extensions ['ros']
[0.290s] Level 1:colcon.colcon_core.package_identification:_identify(src/onrobot/onrobot) by extension 'ros'
[0.291s] DEBUG:colcon.colcon_core.package_identification:Package 'src/onrobot/onrobot' with type 'ros.catkin' and name 'onrobot'
[0.291s] Level 1:colcon.colcon_core.package_identification:_identify(src/onrobot/onrobot_rg_control) by extensions ['ignore', 'ignore_ament_install']
[0.291s] Level 1:colcon.colcon_core.package_identification:_identify(src/onrobot/onrobot_rg_control) by extension 'ignore'
[0.291s] Level 1:colcon.colcon_core.package_identification:_identify(src/onrobot/onrobot_rg_control) by extension 'ignore_ament_install'
[0.291s] Level 1:colcon.colcon_core.package_identification:_identify(src/onrobot/onrobot_rg_control) by extensions ['colcon_pkg']
[0.291s] Level 1:colcon.colcon_core.package_identification:_identify(src/onrobot/onrobot_rg_control) by extension 'colcon_pkg'
[0.291s] Level 1:colcon.colcon_core.package_identification:_identify(src/onrobot/onrobot_rg_control) by extensions ['colcon_meta']
[0.291s] Level 1:colcon.colcon_core.package_identification:_identify(src/onrobot/onrobot_rg_control) by extension 'colcon_meta'
[0.291s] Level 1:colcon.colcon_core.package_identification:_identify(src/onrobot/onrobot_rg_control) by extensions ['ros']
[0.291s] Level 1:colcon.colcon_core.package_identification:_identify(src/onrobot/onrobot_rg_control) by extension 'ros'
[0.292s] DEBUG:colcon.colcon_core.package_identification:Package 'src/onrobot/onrobot_rg_control' with type 'ros.catkin' and name 'onrobot_rg_control'
[0.292s] Level 1:colcon.colcon_core.package_identification:_identify(src/onrobot/onrobot_rg_description) by extensions ['ignore', 'ignore_ament_install']
[0.292s] Level 1:colcon.colcon_core.package_identification:_identify(src/onrobot/onrobot_rg_description) by extension 'ignore'
[0.292s] Level 1:colcon.colcon_core.package_identification:_identify(src/onrobot/onrobot_rg_description) by extension 'ignore_ament_install'
[0.292s] Level 1:colcon.colcon_core.package_identification:_identify(src/onrobot/onrobot_rg_description) by extensions ['colcon_pkg']
[0.292s] Level 1:colcon.colcon_core.package_identification:_identify(src/onrobot/onrobot_rg_description) by extension 'colcon_pkg'
[0.292s] Level 1:colcon.colcon_core.package_identification:_identify(src/onrobot/onrobot_rg_description) by extensions ['colcon_meta']
[0.292s] Level 1:colcon.colcon_core.package_identification:_identify(src/onrobot/onrobot_rg_description) by extension 'colcon_meta'
[0.292s] Level 1:colcon.colcon_core.package_identification:_identify(src/onrobot/onrobot_rg_description) by extensions ['ros']
[0.292s] Level 1:colcon.colcon_core.package_identification:_identify(src/onrobot/onrobot_rg_description) by extension 'ros'
[0.292s] DEBUG:colcon.colcon_core.package_identification:Package 'src/onrobot/onrobot_rg_description' with type 'ros.catkin' and name 'onrobot_rg_description'
[0.293s] Level 1:colcon.colcon_core.package_identification:_identify(src/onrobot/onrobot_rg_gazebo) by extensions ['ignore', 'ignore_ament_install']
[0.293s] Level 1:colcon.colcon_core.package_identification:_identify(src/onrobot/onrobot_rg_gazebo) by extension 'ignore'
[0.293s] Level 1:colcon.colcon_core.package_identification:_identify(src/onrobot/onrobot_rg_gazebo) by extension 'ignore_ament_install'
[0.293s] Level 1:colcon.colcon_core.package_identification:_identify(src/onrobot/onrobot_rg_gazebo) by extensions ['colcon_pkg']
[0.293s] Level 1:colcon.colcon_core.package_identification:_identify(src/onrobot/onrobot_rg_gazebo) by extension 'colcon_pkg'
[0.293s] Level 1:colcon.colcon_core.package_identification:_identify(src/onrobot/onrobot_rg_gazebo) by extensions ['colcon_meta']
[0.293s] Level 1:colcon.colcon_core.package_identification:_identify(src/onrobot/onrobot_rg_gazebo) by extension 'colcon_meta'
[0.293s] Level 1:colcon.colcon_core.package_identification:_identify(src/onrobot/onrobot_rg_gazebo) by extensions ['ros']
[0.293s] Level 1:colcon.colcon_core.package_identification:_identify(src/onrobot/onrobot_rg_gazebo) by extension 'ros'
[0.293s] DEBUG:colcon.colcon_core.package_identification:Package 'src/onrobot/onrobot_rg_gazebo' with type 'ros.catkin' and name 'onrobot_rg_gazebo'
[0.293s] Level 1:colcon.colcon_core.package_identification:_identify(src/onrobot/onrobot_rg_modbus_tcp) by extensions ['ignore', 'ignore_ament_install']
[0.293s] Level 1:colcon.colcon_core.package_identification:_identify(src/onrobot/onrobot_rg_modbus_tcp) by extension 'ignore'
[0.293s] Level 1:colcon.colcon_core.package_identification:_identify(src/onrobot/onrobot_rg_modbus_tcp) by extension 'ignore_ament_install'
[0.293s] Level 1:colcon.colcon_core.package_identification:_identify(src/onrobot/onrobot_rg_modbus_tcp) by extensions ['colcon_pkg']
[0.293s] Level 1:colcon.colcon_core.package_identification:_identify(src/onrobot/onrobot_rg_modbus_tcp) by extension 'colcon_pkg'
[0.293s] Level 1:colcon.colcon_core.package_identification:_identify(src/onrobot/onrobot_rg_modbus_tcp) by extensions ['colcon_meta']
[0.294s] Level 1:colcon.colcon_core.package_identification:_identify(src/onrobot/onrobot_rg_modbus_tcp) by extension 'colcon_meta'
[0.294s] Level 1:colcon.colcon_core.package_identification:_identify(src/onrobot/onrobot_rg_modbus_tcp) by extensions ['ros']
[0.294s] Level 1:colcon.colcon_core.package_identification:_identify(src/onrobot/onrobot_rg_modbus_tcp) by extension 'ros'
[0.294s] DEBUG:colcon.colcon_core.package_identification:Package 'src/onrobot/onrobot_rg_modbus_tcp' with type 'ros.catkin' and name 'onrobot_rg_modbus_tcp'
[0.294s] Level 1:colcon.colcon_core.package_identification:_identify(src/onrobot/onrobot_vg_control) by extensions ['ignore', 'ignore_ament_install']
[0.294s] Level 1:colcon.colcon_core.package_identification:_identify(src/onrobot/onrobot_vg_control) by extension 'ignore'
[0.294s] Level 1:colcon.colcon_core.package_identification:_identify(src/onrobot/onrobot_vg_control) by extension 'ignore_ament_install'
[0.294s] Level 1:colcon.colcon_core.package_identification:_identify(src/onrobot/onrobot_vg_control) by extensions ['colcon_pkg']
[0.294s] Level 1:colcon.colcon_core.package_identification:_identify(src/onrobot/onrobot_vg_control) by extension 'colcon_pkg'
[0.294s] Level 1:colcon.colcon_core.package_identification:_identify(src/onrobot/onrobot_vg_control) by extensions ['colcon_meta']
[0.294s] Level 1:colcon.colcon_core.package_identification:_identify(src/onrobot/onrobot_vg_control) by extension 'colcon_meta'
[0.294s] Level 1:colcon.colcon_core.package_identification:_identify(src/onrobot/onrobot_vg_control) by extensions ['ros']
[0.294s] Level 1:colcon.colcon_core.package_identification:_identify(src/onrobot/onrobot_vg_control) by extension 'ros'
[0.295s] DEBUG:colcon.colcon_core.package_identification:Package 'src/onrobot/onrobot_vg_control' with type 'ros.catkin' and name 'onrobot_vg_control'
[0.295s] Level 1:colcon.colcon_core.package_identification:_identify(src/onrobot/onrobot_vg_description) by extensions ['ignore', 'ignore_ament_install']
[0.295s] Level 1:colcon.colcon_core.package_identification:_identify(src/onrobot/onrobot_vg_description) by extension 'ignore'
[0.295s] Level 1:colcon.colcon_core.package_identification:_identify(src/onrobot/onrobot_vg_description) by extension 'ignore_ament_install'
[0.295s] Level 1:colcon.colcon_core.package_identification:_identify(src/onrobot/onrobot_vg_description) by extensions ['colcon_pkg']
[0.295s] Level 1:colcon.colcon_core.package_identification:_identify(src/onrobot/onrobot_vg_description) by extension 'colcon_pkg'
[0.295s] Level 1:colcon.colcon_core.package_identification:_identify(src/onrobot/onrobot_vg_description) by extensions ['colcon_meta']
[0.295s] Level 1:colcon.colcon_core.package_identification:_identify(src/onrobot/onrobot_vg_description) by extension 'colcon_meta'
[0.295s] Level 1:colcon.colcon_core.package_identification:_identify(src/onrobot/onrobot_vg_description) by extensions ['ros']
[0.295s] Level 1:colcon.colcon_core.package_identification:_identify(src/onrobot/onrobot_vg_description) by extension 'ros'
[0.295s] DEBUG:colcon.colcon_core.package_identification:Package 'src/onrobot/onrobot_vg_description' with type 'ros.catkin' and name 'onrobot_vg_description'
[0.295s] Level 1:colcon.colcon_core.package_identification:_identify(src/onrobot/onrobot_vg_modbus_tcp) by extensions ['ignore', 'ignore_ament_install']
[0.296s] Level 1:colcon.colcon_core.package_identification:_identify(src/onrobot/onrobot_vg_modbus_tcp) by extension 'ignore'
[0.296s] Level 1:colcon.colcon_core.package_identification:_identify(src/onrobot/onrobot_vg_modbus_tcp) by extension 'ignore_ament_install'
[0.296s] Level 1:colcon.colcon_core.package_identification:_identify(src/onrobot/onrobot_vg_modbus_tcp) by extensions ['colcon_pkg']
[0.296s] Level 1:colcon.colcon_core.package_identification:_identify(src/onrobot/onrobot_vg_modbus_tcp) by extension 'colcon_pkg'
[0.296s] Level 1:colcon.colcon_core.package_identification:_identify(src/onrobot/onrobot_vg_modbus_tcp) by extensions ['colcon_meta']
[0.296s] Level 1:colcon.colcon_core.package_identification:_identify(src/onrobot/onrobot_vg_modbus_tcp) by extension 'colcon_meta'
[0.296s] Level 1:colcon.colcon_core.package_identification:_identify(src/onrobot/onrobot_vg_modbus_tcp) by extensions ['ros']
[0.296s] Level 1:colcon.colcon_core.package_identification:_identify(src/onrobot/onrobot_vg_modbus_tcp) by extension 'ros'
[0.296s] DEBUG:colcon.colcon_core.package_identification:Package 'src/onrobot/onrobot_vg_modbus_tcp' with type 'ros.catkin' and name 'onrobot_vg_modbus_tcp'
[0.296s] Level 1:colcon.colcon_core.package_identification:_identify(src/ros2_net_ft_driver) by extensions ['ignore', 'ignore_ament_install']
[0.296s] Level 1:colcon.colcon_core.package_identification:_identify(src/ros2_net_ft_driver) by extension 'ignore'
[0.296s] Level 1:colcon.colcon_core.package_identification:_identify(src/ros2_net_ft_driver) by extension 'ignore_ament_install'
[0.296s] Level 1:colcon.colcon_core.package_identification:_identify(src/ros2_net_ft_driver) by extensions ['colcon_pkg']
[0.297s] Level 1:colcon.colcon_core.package_identification:_identify(src/ros2_net_ft_driver) by extension 'colcon_pkg'
[0.297s] Level 1:colcon.colcon_core.package_identification:_identify(src/ros2_net_ft_driver) by extensions ['colcon_meta']
[0.297s] Level 1:colcon.colcon_core.package_identification:_identify(src/ros2_net_ft_driver) by extension 'colcon_meta'
[0.297s] Level 1:colcon.colcon_core.package_identification:_identify(src/ros2_net_ft_driver) by extensions ['ros']
[0.297s] Level 1:colcon.colcon_core.package_identification:_identify(src/ros2_net_ft_driver) by extension 'ros'
[0.297s] Level 1:colcon.colcon_core.package_identification:_identify(src/ros2_net_ft_driver) by extensions ['cmake', 'python']
[0.297s] Level 1:colcon.colcon_core.package_identification:_identify(src/ros2_net_ft_driver) by extension 'cmake'
[0.297s] Level 1:colcon.colcon_core.package_identification:_identify(src/ros2_net_ft_driver) by extension 'python'
[0.297s] Level 1:colcon.colcon_core.package_identification:_identify(src/ros2_net_ft_driver) by extensions ['python_setup_py']
[0.297s] Level 1:colcon.colcon_core.package_identification:_identify(src/ros2_net_ft_driver) by extension 'python_setup_py'
[0.297s] Level 1:colcon.colcon_core.package_identification:_identify(src/ros2_net_ft_driver/net_ft_description) by extensions ['ignore', 'ignore_ament_install']
[0.297s] Level 1:colcon.colcon_core.package_identification:_identify(src/ros2_net_ft_driver/net_ft_description) by extension 'ignore'
[0.297s] Level 1:colcon.colcon_core.package_identification:_identify(src/ros2_net_ft_driver/net_ft_description) by extension 'ignore_ament_install'
[0.297s] Level 1:colcon.colcon_core.package_identification:_identify(src/ros2_net_ft_driver/net_ft_description) by extensions ['colcon_pkg']
[0.297s] Level 1:colcon.colcon_core.package_identification:_identify(src/ros2_net_ft_driver/net_ft_description) by extension 'colcon_pkg'
[0.297s] Level 1:colcon.colcon_core.package_identification:_identify(src/ros2_net_ft_driver/net_ft_description) by extensions ['colcon_meta']
[0.297s] Level 1:colcon.colcon_core.package_identification:_identify(src/ros2_net_ft_driver/net_ft_description) by extension 'colcon_meta'
[0.297s] Level 1:colcon.colcon_core.package_identification:_identify(src/ros2_net_ft_driver/net_ft_description) by extensions ['ros']
[0.297s] Level 1:colcon.colcon_core.package_identification:_identify(src/ros2_net_ft_driver/net_ft_description) by extension 'ros'
[0.297s] DEBUG:colcon.colcon_core.package_identification:Package 'src/ros2_net_ft_driver/net_ft_description' with type 'ros.ament_cmake' and name 'net_ft_description'
[0.298s] Level 1:colcon.colcon_core.package_identification:_identify(src/ros2_net_ft_driver/net_ft_diagnostic_broadcaster) by extensions ['ignore', 'ignore_ament_install']
[0.298s] Level 1:colcon.colcon_core.package_identification:_identify(src/ros2_net_ft_driver/net_ft_diagnostic_broadcaster) by extension 'ignore'
[0.298s] Level 1:colcon.colcon_core.package_identification:_identify(src/ros2_net_ft_driver/net_ft_diagnostic_broadcaster) by extension 'ignore_ament_install'
[0.298s] Level 1:colcon.colcon_core.package_identification:_identify(src/ros2_net_ft_driver/net_ft_diagnostic_broadcaster) by extensions ['colcon_pkg']
[0.298s] Level 1:colcon.colcon_core.package_identification:_identify(src/ros2_net_ft_driver/net_ft_diagnostic_broadcaster) by extension 'colcon_pkg'
[0.298s] Level 1:colcon.colcon_core.package_identification:_identify(src/ros2_net_ft_driver/net_ft_diagnostic_broadcaster) by extensions ['colcon_meta']
[0.298s] Level 1:colcon.colcon_core.package_identification:_identify(src/ros2_net_ft_driver/net_ft_diagnostic_broadcaster) by extension 'colcon_meta'
[0.298s] Level 1:colcon.colcon_core.package_identification:_identify(src/ros2_net_ft_driver/net_ft_diagnostic_broadcaster) by extensions ['ros']
[0.298s] Level 1:colcon.colcon_core.package_identification:_identify(src/ros2_net_ft_driver/net_ft_diagnostic_broadcaster) by extension 'ros'
[0.298s] DEBUG:colcon.colcon_core.package_identification:Package 'src/ros2_net_ft_driver/net_ft_diagnostic_broadcaster' with type 'ros.ament_cmake' and name 'net_ft_diagnostic_broadcaster'
[0.299s] Level 1:colcon.colcon_core.package_identification:_identify(src/ros2_net_ft_driver/net_ft_driver) by extensions ['ignore', 'ignore_ament_install']
[0.299s] Level 1:colcon.colcon_core.package_identification:_identify(src/ros2_net_ft_driver/net_ft_driver) by extension 'ignore'
[0.299s] Level 1:colcon.colcon_core.package_identification:_identify(src/ros2_net_ft_driver/net_ft_driver) by extension 'ignore_ament_install'
[0.299s] Level 1:colcon.colcon_core.package_identification:_identify(src/ros2_net_ft_driver/net_ft_driver) by extensions ['colcon_pkg']
[0.299s] Level 1:colcon.colcon_core.package_identification:_identify(src/ros2_net_ft_driver/net_ft_driver) by extension 'colcon_pkg'
[0.299s] Level 1:colcon.colcon_core.package_identification:_identify(src/ros2_net_ft_driver/net_ft_driver) by extensions ['colcon_meta']
[0.299s] Level 1:colcon.colcon_core.package_identification:_identify(src/ros2_net_ft_driver/net_ft_driver) by extension 'colcon_meta'
[0.299s] Level 1:colcon.colcon_core.package_identification:_identify(src/ros2_net_ft_driver/net_ft_driver) by extensions ['ros']
[0.299s] Level 1:colcon.colcon_core.package_identification:_identify(src/ros2_net_ft_driver/net_ft_driver) by extension 'ros'
[0.299s] DEBUG:colcon.colcon_core.package_identification:Package 'src/ros2_net_ft_driver/net_ft_driver' with type 'ros.ament_cmake' and name 'net_ft_driver'
[0.300s] Level 1:colcon.colcon_core.package_identification:_identify(src/ur10e_flex_moveit_config) by extensions ['ignore', 'ignore_ament_install']
[0.300s] Level 1:colcon.colcon_core.package_identification:_identify(src/ur10e_flex_moveit_config) by extension 'ignore'
[0.300s] Level 1:colcon.colcon_core.package_identification:_identify(src/ur10e_flex_moveit_config) by extension 'ignore_ament_install'
[0.300s] Level 1:colcon.colcon_core.package_identification:_identify(src/ur10e_flex_moveit_config) by extensions ['colcon_pkg']
[0.300s] Level 1:colcon.colcon_core.package_identification:_identify(src/ur10e_flex_moveit_config) by extension 'colcon_pkg'
[0.300s] Level 1:colcon.colcon_core.package_identification:_identify(src/ur10e_flex_moveit_config) by extensions ['colcon_meta']
[0.300s] Level 1:colcon.colcon_core.package_identification:_identify(src/ur10e_flex_moveit_config) by extension 'colcon_meta'
[0.300s] Level 1:colcon.colcon_core.package_identification:_identify(src/ur10e_flex_moveit_config) by extensions ['ros']
[0.300s] Level 1:colcon.colcon_core.package_identification:_identify(src/ur10e_flex_moveit_config) by extension 'ros'
[0.300s] DEBUG:colcon.colcon_core.package_identification:Package 'src/ur10e_flex_moveit_config' with type 'ros.ament_cmake' and name 'ur10e_flex_moveit_config'
[0.301s] Level 1:colcon.colcon_core.package_identification:_identify(src/ur10e_gazebo_sim) by extensions ['ignore', 'ignore_ament_install']
[0.301s] Level 1:colcon.colcon_core.package_identification:_identify(src/ur10e_gazebo_sim) by extension 'ignore'
[0.301s] Level 1:colcon.colcon_core.package_identification:_identify(src/ur10e_gazebo_sim) by extension 'ignore_ament_install'
[0.301s] Level 1:colcon.colcon_core.package_identification:_identify(src/ur10e_gazebo_sim) by extensions ['colcon_pkg']
[0.301s] Level 1:colcon.colcon_core.package_identification:_identify(src/ur10e_gazebo_sim) by extension 'colcon_pkg'
[0.301s] Level 1:colcon.colcon_core.package_identification:_identify(src/ur10e_gazebo_sim) by extensions ['colcon_meta']
[0.301s] Level 1:colcon.colcon_core.package_identification:_identify(src/ur10e_gazebo_sim) by extension 'colcon_meta'
[0.301s] Level 1:colcon.colcon_core.package_identification:_identify(src/ur10e_gazebo_sim) by extensions ['ros']
[0.301s] Level 1:colcon.colcon_core.package_identification:_identify(src/ur10e_gazebo_sim) by extension 'ros'
[0.301s] DEBUG:colcon.colcon_core.package_identification:Package 'src/ur10e_gazebo_sim' with type 'ros.ament_cmake' and name 'ur10e_gazebo_sim'
[0.302s] Level 1:colcon.colcon_core.package_discovery:discover_packages(recursive) using defaults
[0.302s] Level 1:colcon.colcon_core.package_discovery:discover_packages(ignore) discover
[0.302s] Level 1:colcon.colcon_core.package_discovery:discover_packages(ignore) using defaults
[0.302s] Level 1:colcon.colcon_core.package_discovery:discover_packages(path) discover
[0.302s] Level 1:colcon.colcon_core.package_discovery:discover_packages(path) using defaults
[0.302s] WARNING:colcon.colcon_core.package_selection:ignoring unknown package 'ros2_net_ft_driver' in --packages-select
[0.319s] INFO:colcon.colcon_core.package_selection:Skipping not selected package 'net_ft_description' in 'src/ros2_net_ft_driver/net_ft_description'
[0.319s] INFO:colcon.colcon_core.package_selection:Skipping not selected package 'net_ft_diagnostic_broadcaster' in 'src/ros2_net_ft_driver/net_ft_diagnostic_broadcaster'
[0.319s] INFO:colcon.colcon_core.package_selection:Skipping not selected package 'net_ft_driver' in 'src/ros2_net_ft_driver/net_ft_driver'
[0.319s] INFO:colcon.colcon_core.package_selection:Skipping not selected package 'onrobot_rg_description' in 'src/onrobot/onrobot_rg_description'
[0.319s] INFO:colcon.colcon_core.package_selection:Skipping not selected package 'onrobot_rg_gazebo' in 'src/onrobot/onrobot_rg_gazebo'
[0.319s] INFO:colcon.colcon_core.package_selection:Skipping not selected package 'onrobot_rg_modbus_tcp' in 'src/onrobot/onrobot_rg_modbus_tcp'
[0.319s] INFO:colcon.colcon_core.package_selection:Skipping not selected package 'onrobot_vg_description' in 'src/onrobot/onrobot_vg_description'
[0.319s] INFO:colcon.colcon_core.package_selection:Skipping not selected package 'onrobot_vg_modbus_tcp' in 'src/onrobot/onrobot_vg_modbus_tcp'
[0.319s] INFO:colcon.colcon_core.package_selection:Skipping not selected package 'ur_description' in 'src/Universal_Robots_ROS2_Description'
[0.319s] INFO:colcon.colcon_core.package_selection:Skipping not selected package 'onrobot_rg_control' in 'src/onrobot/onrobot_rg_control'
[0.319s] INFO:colcon.colcon_core.package_selection:Skipping not selected package 'onrobot_vg_control' in 'src/onrobot/onrobot_vg_control'
[0.319s] INFO:colcon.colcon_core.package_selection:Skipping not selected package 'ur10e_gazebo_sim' in 'src/ur10e_gazebo_sim'
[0.319s] INFO:colcon.colcon_core.package_selection:Skipping not selected package 'ur_simulation_gazebo' in 'src/Universal_Robots_ROS2_Gazebo_Simulation/ur_simulation_gazebo'
[0.319s] INFO:colcon.colcon_core.package_selection:Skipping not selected package 'onrobot' in 'src/onrobot/onrobot'
[0.319s] INFO:colcon.colcon_core.package_selection:Skipping not selected package 'ur10e_flex_moveit_config' in 'src/ur10e_flex_moveit_config'
[0.319s] Level 1:colcon.colcon_core.package_discovery:discover_packages(prefix_path) check parameters
[0.320s] Level 1:colcon.colcon_core.package_discovery:discover_packages(prefix_path) discover
[0.323s] DEBUG:colcon.colcon_installed_package_information.package_discovery:Found 5 installed packages in /home/matteo-melzer/gazebo_test/install
[0.324s] DEBUG:colcon.colcon_installed_package_information.package_discovery:Found 60 installed packages in /home/matteo-melzer/ws_moveit/install
[0.325s] DEBUG:colcon.colcon_installed_package_information.package_discovery:Found 5 installed packages in /home/matteo-melzer/ros2_ws/install
[0.327s] DEBUG:colcon.colcon_installed_package_information.package_discovery:Found 394 installed packages in /opt/ros/humble
[0.330s] Level 1:colcon.colcon_core.package_discovery:discover_packages(prefix_path) using defaults
[0.376s] INFO:colcon.colcon_core.executor:Executing jobs using 'parallel' executor
[0.377s] DEBUG:colcon.colcon_parallel_executor.executor.parallel:run_until_complete
[0.377s] DEBUG:colcon.colcon_parallel_executor.executor.parallel:closing loop
[0.377s] DEBUG:colcon.colcon_parallel_executor.executor.parallel:loop closed
[0.377s] DEBUG:colcon.colcon_parallel_executor.executor.parallel:run_until_complete finished with '0'
[0.377s] DEBUG:colcon.colcon_core.event_reactor:joining thread
[0.382s] INFO:colcon.colcon_core.plugin_system:Skipping extension 'colcon_notification.desktop_notification.terminal_notifier': Not used on non-Darwin systems
[0.382s] INFO:colcon.colcon_core.plugin_system:Skipping extension 'colcon_notification.desktop_notification.win32': Not used on non-Windows systems
[0.382s] INFO:colcon.colcon_notification.desktop_notification:Sending desktop notification using 'notify2'
[0.392s] DEBUG:colcon.colcon_core.event_reactor:joined thread
[0.394s] INFO:colcon.colcon_core.plugin_system:Skipping extension 'colcon_core.shell.bat': Not used on non-Windows systems
[0.394s] INFO:colcon.colcon_core.shell:Creating prefix script '/home/matteo-melzer/gazebo_test/install/local_setup.ps1'
[0.395s] INFO:colcon.colcon_core.shell:Creating prefix util module '/home/matteo-melzer/gazebo_test/install/_local_setup_util_ps1.py'
[0.397s] INFO:colcon.colcon_core.shell:Creating prefix chain script '/home/matteo-melzer/gazebo_test/install/setup.ps1'
[0.400s] INFO:colcon.colcon_core.shell:Creating prefix script '/home/matteo-melzer/gazebo_test/install/local_setup.sh'
[0.400s] INFO:colcon.colcon_core.shell:Creating prefix util module '/home/matteo-melzer/gazebo_test/install/_local_setup_util_sh.py'
[0.401s] INFO:colcon.colcon_core.shell:Creating prefix chain script '/home/matteo-melzer/gazebo_test/install/setup.sh'
[0.406s] INFO:colcon.colcon_core.shell:Creating prefix script '/home/matteo-melzer/gazebo_test/install/local_setup.bash'
[0.406s] INFO:colcon.colcon_core.shell:Creating prefix chain script '/home/matteo-melzer/gazebo_test/install/setup.bash'
[0.410s] INFO:colcon.colcon_core.shell:Creating prefix script '/home/matteo-melzer/gazebo_test/install/local_setup.zsh'
[0.410s] INFO:colcon.colcon_core.shell:Creating prefix chain script '/home/matteo-melzer/gazebo_test/install/setup.zsh'
