[1.313s] Invoking command in '/home/matteo-melzer/gazebo_test/build/onrobot_rg_modbus_tcp': PYTHONPATH=/home/matteo-melzer/gazebo_test/build/onrobot_rg_modbus_tcp/prefix_override:/usr/lib/python3/dist-packages/colcon_core/task/python/colcon_distutils_commands:/home/matteo-melzer/gazebo_test/install/onrobot_rg_modbus_tcp/lib/python3.10/site-packages:${PYTHONPATH} /usr/bin/python3 -W ignore:setup.py install is deprecated -W ignore:easy_install command is deprecated setup.py develop --editable --build-directory /home/matteo-melzer/gazebo_test/build/onrobot_rg_modbus_tcp/build --no-deps symlink_data
[1.837s] running develop
[2.193s] running egg_info
[2.193s] creating onrobot_rg_modbus_tcp.egg-info
[2.193s] writing onrobot_rg_modbus_tcp.egg-info/PKG-INFO
[2.194s] writing dependency_links to onrobot_rg_modbus_tcp.egg-info/dependency_links.txt
[2.194s] writing entry points to onrobot_rg_modbus_tcp.egg-info/entry_points.txt
[2.195s] writing requirements to onrobot_rg_modbus_tcp.egg-info/requires.txt
[2.195s] writing top-level names to onrobot_rg_modbus_tcp.egg-info/top_level.txt
[2.196s] writing manifest file 'onrobot_rg_modbus_tcp.egg-info/SOURCES.txt'
[2.198s] reading manifest file 'onrobot_rg_modbus_tcp.egg-info/SOURCES.txt'
[2.203s] writing manifest file 'onrobot_rg_modbus_tcp.egg-info/SOURCES.txt'
[2.208s] running build_ext
[2.208s] Creating /home/matteo-melzer/gazebo_test/install/onrobot_rg_modbus_tcp/lib/python3.10/site-packages/onrobot-rg-modbus-tcp.egg-link (link to .)
[2.208s] 
[2.208s] Installed /home/matteo-melzer/gazebo_test/build/onrobot_rg_modbus_tcp
[2.209s] running symlink_data
[2.209s] creating /home/matteo-melzer/gazebo_test/install/onrobot_rg_modbus_tcp/share/ament_index
[2.209s] creating /home/matteo-melzer/gazebo_test/install/onrobot_rg_modbus_tcp/share/ament_index/resource_index
[2.210s] creating /home/matteo-melzer/gazebo_test/install/onrobot_rg_modbus_tcp/share/ament_index/resource_index/packages
[2.210s] symbolically linking /home/matteo-melzer/gazebo_test/build/onrobot_rg_modbus_tcp/resource/onrobot_rg_modbus_tcp -> /home/matteo-melzer/gazebo_test/install/onrobot_rg_modbus_tcp/share/ament_index/resource_index/packages
[2.210s] symbolically linking /home/matteo-melzer/gazebo_test/build/onrobot_rg_modbus_tcp/package.xml -> /home/matteo-melzer/gazebo_test/install/onrobot_rg_modbus_tcp/share/onrobot_rg_modbus_tcp
[2.277s] Invoked command in '/home/matteo-melzer/gazebo_test/build/onrobot_rg_modbus_tcp' returned '0': PYTHONPATH=/home/matteo-melzer/gazebo_test/build/onrobot_rg_modbus_tcp/prefix_override:/usr/lib/python3/dist-packages/colcon_core/task/python/colcon_distutils_commands:/home/matteo-melzer/gazebo_test/install/onrobot_rg_modbus_tcp/lib/python3.10/site-packages:${PYTHONPATH} /usr/bin/python3 -W ignore:setup.py install is deprecated -W ignore:easy_install command is deprecated setup.py develop --editable --build-directory /home/matteo-melzer/gazebo_test/build/onrobot_rg_modbus_tcp/build --no-deps symlink_data
