[1.010s] Invoking command in '/home/matteo-melzer/gazebo_test/build/onrobot_rg_modbus_tcp': PYTHONPATH=/home/matteo-melzer/gazebo_test/build/onrobot_rg_modbus_tcp/prefix_override:/usr/lib/python3/dist-packages/colcon_core/task/python/colcon_distutils_commands:/home/matteo-melzer/gazebo_test/install/onrobot_rg_modbus_tcp/lib/python3.10/site-packages:${PYTHONPATH} /usr/bin/python3 -W ignore:setup.py install is deprecated -W ignore:easy_install command is deprecated setup.py develop --editable --build-directory /home/matteo-melzer/gazebo_test/build/onrobot_rg_modbus_tcp/build --no-deps symlink_data
[1.505s] running develop
[1.815s] running egg_info
[1.815s] creating onrobot_rg_modbus_tcp.egg-info
[1.816s] writing onrobot_rg_modbus_tcp.egg-info/PKG-INFO
[1.818s] writing dependency_links to onrobot_rg_modbus_tcp.egg-info/dependency_links.txt
[1.818s] writing entry points to onrobot_rg_modbus_tcp.egg-info/entry_points.txt
[1.818s] writing requirements to onrobot_rg_modbus_tcp.egg-info/requires.txt
[1.818s] writing top-level names to onrobot_rg_modbus_tcp.egg-info/top_level.txt
[1.818s] writing manifest file 'onrobot_rg_modbus_tcp.egg-info/SOURCES.txt'
[1.820s] reading manifest file 'onrobot_rg_modbus_tcp.egg-info/SOURCES.txt'
[1.825s] writing manifest file 'onrobot_rg_modbus_tcp.egg-info/SOURCES.txt'
[1.826s] running build_ext
[1.826s] Creating /home/matteo-melzer/gazebo_test/install/onrobot_rg_modbus_tcp/lib/python3.10/site-packages/onrobot-rg-modbus-tcp.egg-link (link to .)
[1.827s] 
[1.829s] Installed /home/matteo-melzer/gazebo_test/build/onrobot_rg_modbus_tcp
[1.829s] running symlink_data
[1.830s] creating /home/matteo-melzer/gazebo_test/install/onrobot_rg_modbus_tcp/share/ament_index
[1.830s] creating /home/matteo-melzer/gazebo_test/install/onrobot_rg_modbus_tcp/share/ament_index/resource_index
[1.830s] creating /home/matteo-melzer/gazebo_test/install/onrobot_rg_modbus_tcp/share/ament_index/resource_index/packages
[1.830s] symbolically linking /home/matteo-melzer/gazebo_test/build/onrobot_rg_modbus_tcp/resource/onrobot_rg_modbus_tcp -> /home/matteo-melzer/gazebo_test/install/onrobot_rg_modbus_tcp/share/ament_index/resource_index/packages
[1.830s] symbolically linking /home/matteo-melzer/gazebo_test/build/onrobot_rg_modbus_tcp/package.xml -> /home/matteo-melzer/gazebo_test/install/onrobot_rg_modbus_tcp/share/onrobot_rg_modbus_tcp
[1.888s] Invoked command in '/home/matteo-melzer/gazebo_test/build/onrobot_rg_modbus_tcp' returned '0': PYTHONPATH=/home/matteo-melzer/gazebo_test/build/onrobot_rg_modbus_tcp/prefix_override:/usr/lib/python3/dist-packages/colcon_core/task/python/colcon_distutils_commands:/home/matteo-melzer/gazebo_test/install/onrobot_rg_modbus_tcp/lib/python3.10/site-packages:${PYTHONPATH} /usr/bin/python3 -W ignore:setup.py install is deprecated -W ignore:easy_install command is deprecated setup.py develop --editable --build-directory /home/matteo-melzer/gazebo_test/build/onrobot_rg_modbus_tcp/build --no-deps symlink_data
