[0.055s] Invoking command in '/home/matteo-melzer/gazebo_test/build/onrobot_rg_description': CMAKE_PREFIX_PATH=${CMAKE_PREFIX_PATH}:/home/matteo-melzer/gazebo_test/install/onrobot_rg_modbus_tcp:/home/matteo-melzer/gazebo_test/install/onrobot_rg_control:/home/matteo-melzer/gazebo_test/install/onrobot_driver:/home/matteo-melzer/ros2_ws/install/py_srvcli:/home/matteo-melzer/ros2_ws/install/py_pubsub:/home/matteo-melzer/ws_moveit/install/moveit_configs_utils:/home/matteo-melzer/ws_moveit/install/launch_param_builder:/opt/ros/humble /usr/bin/cmake /home/matteo-melzer/gazebo_test/src/onrobot-ros2/onrobot_rg_description -DCMAKE_INSTALL_PREFIX=/home/matteo-melzer/gazebo_test/install/onrobot_rg_description
[0.093s] -- Found ament_cmake: 1.3.11 (/opt/ros/humble/share/ament_cmake/cmake)
[0.321s] -- Override CMake install command with custom implementation using symlinks instead of copying resources
[0.513s] -- Configuring done
[0.528s] -- Generating done
[0.541s] -- Build files have been written to: /home/matteo-melzer/gazebo_test/build/onrobot_rg_description
[0.555s] Invoked command in '/home/matteo-melzer/gazebo_test/build/onrobot_rg_description' returned '0': CMAKE_PREFIX_PATH=${CMAKE_PREFIX_PATH}:/home/matteo-melzer/gazebo_test/install/onrobot_rg_modbus_tcp:/home/matteo-melzer/gazebo_test/install/onrobot_rg_control:/home/matteo-melzer/gazebo_test/install/onrobot_driver:/home/matteo-melzer/ros2_ws/install/py_srvcli:/home/matteo-melzer/ros2_ws/install/py_pubsub:/home/matteo-melzer/ws_moveit/install/moveit_configs_utils:/home/matteo-melzer/ws_moveit/install/launch_param_builder:/opt/ros/humble /usr/bin/cmake /home/matteo-melzer/gazebo_test/src/onrobot-ros2/onrobot_rg_description -DCMAKE_INSTALL_PREFIX=/home/matteo-melzer/gazebo_test/install/onrobot_rg_description
[0.558s] Invoking command in '/home/matteo-melzer/gazebo_test/build/onrobot_rg_description': CMAKE_PREFIX_PATH=${CMAKE_PREFIX_PATH}:/home/matteo-melzer/gazebo_test/install/onrobot_rg_modbus_tcp:/home/matteo-melzer/gazebo_test/install/onrobot_rg_control:/home/matteo-melzer/gazebo_test/install/onrobot_driver:/home/matteo-melzer/ros2_ws/install/py_srvcli:/home/matteo-melzer/ros2_ws/install/py_pubsub:/home/matteo-melzer/ws_moveit/install/moveit_configs_utils:/home/matteo-melzer/ws_moveit/install/launch_param_builder:/opt/ros/humble /usr/bin/cmake --build /home/matteo-melzer/gazebo_test/build/onrobot_rg_description -- -j2 -l2
[1.037s] Invoked command in '/home/matteo-melzer/gazebo_test/build/onrobot_rg_description' returned '0': CMAKE_PREFIX_PATH=${CMAKE_PREFIX_PATH}:/home/matteo-melzer/gazebo_test/install/onrobot_rg_modbus_tcp:/home/matteo-melzer/gazebo_test/install/onrobot_rg_control:/home/matteo-melzer/gazebo_test/install/onrobot_driver:/home/matteo-melzer/ros2_ws/install/py_srvcli:/home/matteo-melzer/ros2_ws/install/py_pubsub:/home/matteo-melzer/ws_moveit/install/moveit_configs_utils:/home/matteo-melzer/ws_moveit/install/launch_param_builder:/opt/ros/humble /usr/bin/cmake --build /home/matteo-melzer/gazebo_test/build/onrobot_rg_description -- -j2 -l2
[1.045s] Invoking command in '/home/matteo-melzer/gazebo_test/build/onrobot_rg_description': CMAKE_PREFIX_PATH=${CMAKE_PREFIX_PATH}:/home/matteo-melzer/gazebo_test/install/onrobot_rg_modbus_tcp:/home/matteo-melzer/gazebo_test/install/onrobot_rg_control:/home/matteo-melzer/gazebo_test/install/onrobot_driver:/home/matteo-melzer/ros2_ws/install/py_srvcli:/home/matteo-melzer/ros2_ws/install/py_pubsub:/home/matteo-melzer/ws_moveit/install/moveit_configs_utils:/home/matteo-melzer/ws_moveit/install/launch_param_builder:/opt/ros/humble /usr/bin/cmake --install /home/matteo-melzer/gazebo_test/build/onrobot_rg_description
[1.065s] -- Install configuration: ""
[1.066s] -- Execute custom install script
[1.067s] -- Up-to-date symlink: /home/matteo-melzer/gazebo_test/install/onrobot_rg_description/share/ament_index/resource_index/package_run_dependencies/onrobot_rg_description
[1.070s] -- Up-to-date symlink: /home/matteo-melzer/gazebo_test/install/onrobot_rg_description/share/ament_index/resource_index/parent_prefix_path/onrobot_rg_description
[1.071s] -- Up-to-date symlink: /home/matteo-melzer/gazebo_test/install/onrobot_rg_description/share/onrobot_rg_description/environment/ament_prefix_path.sh
[1.072s] -- Up-to-date symlink: /home/matteo-melzer/gazebo_test/install/onrobot_rg_description/share/onrobot_rg_description/environment/ament_prefix_path.dsv
[1.073s] -- Up-to-date symlink: /home/matteo-melzer/gazebo_test/install/onrobot_rg_description/share/onrobot_rg_description/environment/path.sh
[1.074s] -- Up-to-date symlink: /home/matteo-melzer/gazebo_test/install/onrobot_rg_description/share/onrobot_rg_description/environment/path.dsv
[1.075s] -- Up-to-date symlink: /home/matteo-melzer/gazebo_test/install/onrobot_rg_description/share/onrobot_rg_description/local_setup.bash
[1.076s] -- Up-to-date symlink: /home/matteo-melzer/gazebo_test/install/onrobot_rg_description/share/onrobot_rg_description/local_setup.sh
[1.077s] -- Up-to-date symlink: /home/matteo-melzer/gazebo_test/install/onrobot_rg_description/share/onrobot_rg_description/local_setup.zsh
[1.078s] -- Up-to-date symlink: /home/matteo-melzer/gazebo_test/install/onrobot_rg_description/share/onrobot_rg_description/local_setup.dsv
[1.080s] -- Symlinking: /home/matteo-melzer/gazebo_test/install/onrobot_rg_description/share/onrobot_rg_description/package.dsv
[1.132s] -- Up-to-date symlink: /home/matteo-melzer/gazebo_test/install/onrobot_rg_description/share/ament_index/resource_index/packages/onrobot_rg_description
[1.133s] -- Up-to-date symlink: /home/matteo-melzer/gazebo_test/install/onrobot_rg_description/share/onrobot_rg_description/cmake/onrobot_rg_descriptionConfig.cmake
[1.134s] -- Up-to-date symlink: /home/matteo-melzer/gazebo_test/install/onrobot_rg_description/share/onrobot_rg_description/cmake/onrobot_rg_descriptionConfig-version.cmake
[1.136s] -- Up-to-date symlink: /home/matteo-melzer/gazebo_test/install/onrobot_rg_description/share/onrobot_rg_description/package.xml
[1.137s] -- Up-to-date symlink: /home/matteo-melzer/gazebo_test/install/onrobot_rg_description/share/onrobot_rg_description/meshes/rg2/collision/base_link.stl
[1.138s] -- Up-to-date symlink: /home/matteo-melzer/gazebo_test/install/onrobot_rg_description/share/onrobot_rg_description/meshes/rg2/collision/inner_finger.stl
[1.138s] -- Up-to-date symlink: /home/matteo-melzer/gazebo_test/install/onrobot_rg_description/share/onrobot_rg_description/meshes/rg2/collision/inner_knuckle.stl
[1.139s] -- Up-to-date symlink: /home/matteo-melzer/gazebo_test/install/onrobot_rg_description/share/onrobot_rg_description/meshes/rg2/collision/outer_knuckle.stl
[1.139s] -- Up-to-date symlink: /home/matteo-melzer/gazebo_test/install/onrobot_rg_description/share/onrobot_rg_description/meshes/rg2/visual/base_link.stl
[1.140s] -- Up-to-date symlink: /home/matteo-melzer/gazebo_test/install/onrobot_rg_description/share/onrobot_rg_description/meshes/rg2/visual/inner_finger.stl
[1.140s] -- Up-to-date symlink: /home/matteo-melzer/gazebo_test/install/onrobot_rg_description/share/onrobot_rg_description/meshes/rg2/visual/inner_knuckle.stl
[1.142s] -- Up-to-date symlink: /home/matteo-melzer/gazebo_test/install/onrobot_rg_description/share/onrobot_rg_description/meshes/rg2/visual/outer_knuckle.stl
[1.146s] -- Up-to-date symlink: /home/matteo-melzer/gazebo_test/install/onrobot_rg_description/share/onrobot_rg_description/meshes/rg6/collision/base.stl
[1.146s] -- Up-to-date symlink: /home/matteo-melzer/gazebo_test/install/onrobot_rg_description/share/onrobot_rg_description/meshes/rg6/collision/base_link.stl
[1.147s] -- Up-to-date symlink: /home/matteo-melzer/gazebo_test/install/onrobot_rg_description/share/onrobot_rg_description/meshes/rg6/collision/inner_finger.stl
[1.147s] -- Up-to-date symlink: /home/matteo-melzer/gazebo_test/install/onrobot_rg_description/share/onrobot_rg_description/meshes/rg6/collision/inner_knuckle.stl
[1.147s] -- Up-to-date symlink: /home/matteo-melzer/gazebo_test/install/onrobot_rg_description/share/onrobot_rg_description/meshes/rg6/collision/outer_knuckle.stl
[1.147s] -- Up-to-date symlink: /home/matteo-melzer/gazebo_test/install/onrobot_rg_description/share/onrobot_rg_description/meshes/rg6/visual/base.stl
[1.147s] -- Up-to-date symlink: /home/matteo-melzer/gazebo_test/install/onrobot_rg_description/share/onrobot_rg_description/meshes/rg6/visual/base_link.stl
[1.147s] -- Up-to-date symlink: /home/matteo-melzer/gazebo_test/install/onrobot_rg_description/share/onrobot_rg_description/meshes/rg6/visual/inner_finger.stl
[1.147s] -- Up-to-date symlink: /home/matteo-melzer/gazebo_test/install/onrobot_rg_description/share/onrobot_rg_description/meshes/rg6/visual/inner_knuckle.stl
[1.147s] -- Up-to-date symlink: /home/matteo-melzer/gazebo_test/install/onrobot_rg_description/share/onrobot_rg_description/meshes/rg6/visual/outer_knuckle.stl
[1.151s] -- Up-to-date symlink: /home/matteo-melzer/gazebo_test/install/onrobot_rg_description/share/onrobot_rg_description/urdf/onrobot_rg2.xacro
[1.151s] -- Up-to-date symlink: /home/matteo-melzer/gazebo_test/install/onrobot_rg_description/share/onrobot_rg_description/urdf/onrobot_rg2_gazebo.xacro
[1.151s] -- Up-to-date symlink: /home/matteo-melzer/gazebo_test/install/onrobot_rg_description/share/onrobot_rg_description/urdf/onrobot_rg2_model.xacro
[1.156s] -- Up-to-date symlink: /home/matteo-melzer/gazebo_test/install/onrobot_rg_description/share/onrobot_rg_description/urdf/onrobot_rg2_model_macro.xacro
[1.156s] -- Up-to-date symlink: /home/matteo-melzer/gazebo_test/install/onrobot_rg_description/share/onrobot_rg_description/urdf/onrobot_rg2_transmission.xacro
[1.156s] -- Up-to-date symlink: /home/matteo-melzer/gazebo_test/install/onrobot_rg_description/share/onrobot_rg_description/urdf/onrobot_rg6.urdf
[1.156s] -- Up-to-date symlink: /home/matteo-melzer/gazebo_test/install/onrobot_rg_description/share/onrobot_rg_description/urdf/onrobot_rg6.xacro
[1.156s] -- Up-to-date symlink: /home/matteo-melzer/gazebo_test/install/onrobot_rg_description/share/onrobot_rg_description/urdf/onrobot_rg6/.thumbs/256x256/onrobot_rg6.usd.png
[1.158s] -- Up-to-date symlink: /home/matteo-melzer/gazebo_test/install/onrobot_rg_description/share/onrobot_rg_description/urdf/onrobot_rg6/configuration/.thumbs/256x256/onrobot_rg6_base.usd.png
[1.158s] -- Up-to-date symlink: /home/matteo-melzer/gazebo_test/install/onrobot_rg_description/share/onrobot_rg_description/urdf/onrobot_rg6/configuration/.thumbs/256x256/onrobot_rg6_physics.usd.png
[1.158s] -- Up-to-date symlink: /home/matteo-melzer/gazebo_test/install/onrobot_rg_description/share/onrobot_rg_description/urdf/onrobot_rg6/configuration/onrobot_rg6_base.usd
[1.158s] -- Up-to-date symlink: /home/matteo-melzer/gazebo_test/install/onrobot_rg_description/share/onrobot_rg_description/urdf/onrobot_rg6/configuration/onrobot_rg6_physics.usd
[1.159s] -- Up-to-date symlink: /home/matteo-melzer/gazebo_test/install/onrobot_rg_description/share/onrobot_rg_description/urdf/onrobot_rg6/configuration/onrobot_rg6_sensor.usd
[1.159s] -- Up-to-date symlink: /home/matteo-melzer/gazebo_test/install/onrobot_rg_description/share/onrobot_rg_description/urdf/onrobot_rg6/onrobot_rg6.usd
[1.161s] -- Up-to-date symlink: /home/matteo-melzer/gazebo_test/install/onrobot_rg_description/share/onrobot_rg_description/urdf/onrobot_rg6_gazebo.xacro
[1.161s] -- Up-to-date symlink: /home/matteo-melzer/gazebo_test/install/onrobot_rg_description/share/onrobot_rg_description/urdf/onrobot_rg6_model.xacro
[1.161s] -- Up-to-date symlink: /home/matteo-melzer/gazebo_test/install/onrobot_rg_description/share/onrobot_rg_description/urdf/onrobot_rg6_model_macro.xacro
[1.161s] -- Up-to-date symlink: /home/matteo-melzer/gazebo_test/install/onrobot_rg_description/share/onrobot_rg_description/urdf/onrobot_rg6_standalone.xacro
[1.161s] -- Up-to-date symlink: /home/matteo-melzer/gazebo_test/install/onrobot_rg_description/share/onrobot_rg_description/urdf/onrobot_rg6_transmission.xacro
[1.181s] Invoked command in '/home/matteo-melzer/gazebo_test/build/onrobot_rg_description' returned '0': CMAKE_PREFIX_PATH=${CMAKE_PREFIX_PATH}:/home/matteo-melzer/gazebo_test/install/onrobot_rg_modbus_tcp:/home/matteo-melzer/gazebo_test/install/onrobot_rg_control:/home/matteo-melzer/gazebo_test/install/onrobot_driver:/home/matteo-melzer/ros2_ws/install/py_srvcli:/home/matteo-melzer/ros2_ws/install/py_pubsub:/home/matteo-melzer/ws_moveit/install/moveit_configs_utils:/home/matteo-melzer/ws_moveit/install/launch_param_builder:/opt/ros/humble /usr/bin/cmake --install /home/matteo-melzer/gazebo_test/build/onrobot_rg_description
