[0.000000] (-) TimerEvent: {}
[0.000754] (-) JobUnselected: {'identifier': 'librealsense2'}
[0.000784] (-) JobUnselected: {'identifier': 'net_ft_description'}
[0.000797] (-) JobUnselected: {'identifier': 'net_ft_diagnostic_broadcaster'}
[0.000808] (-) JobUnselected: {'identifier': 'net_ft_driver'}
[0.000818] (-) JobUnselected: {'identifier': 'onrobot_control'}
[0.000828] (-) JobUnselected: {'identifier': 'onrobot_description'}
[0.000837] (-) JobUnselected: {'identifier': 'onrobot_driver'}
[0.000846] (-) JobUnselected: {'identifier': 'onrobot_rg_control'}
[0.000855] (-) JobUnselected: {'identifier': 'onrobot_rg_description'}
[0.000864] (-) JobUnselected: {'identifier': 'onrobot_rg_modbus_tcp'}
[0.000873] (-) JobUnselected: {'identifier': 'onrobot_rg_msgs'}
[0.000882] (-) JobUnselected: {'identifier': 'realsense2_camera'}
[0.000890] (-) JobUnselected: {'identifier': 'realsense2_camera_msgs'}
[0.000899] (-) JobUnselected: {'identifier': 'realsense2_description'}
[0.000908] (-) JobUnselected: {'identifier': 'ur10e_flex_moveit_config'}
[0.000916] (-) JobUnselected: {'identifier': 'ur10e_ft_rg2_moveit_config'}
[0.000925] (-) JobUnselected: {'identifier': 'ur10e_gazebo_sim'}
[0.000934] (-) JobUnselected: {'identifier': 'ur_description'}
[0.000943] (-) JobUnselected: {'identifier': 'ur_simulation_gazebo'}
[0.000952] (-) EventReactorShutdown: {}
