[0.019s] Invoking command in '/home/matteo-melzer/gazebo_test/build/net_ft_driver': CMAKE_PREFIX_PATH=${CMAKE_PREFIX_PATH}:/home/matteo-melzer/ros2_ws/install/py_srvcli:/home/matteo-melzer/ros2_ws/install/py_pubsub:/home/matteo-melzer/ws_moveit/install/moveit_configs_utils:/home/matteo-melzer/ws_moveit/install/launch_param_builder:/opt/ros/humble /usr/bin/cmake /home/matteo-melzer/gazebo_test/src/ros2_net_ft_driver/net_ft_driver -DAMENT_CMAKE_SYMLINK_INSTALL=1 -DCMAKE_INSTALL_PREFIX=/home/matteo-melzer/gazebo_test/install/net_ft_driver
[0.096s] -- The C compiler identification is GNU 11.4.0
[0.161s] -- The CXX compiler identification is GNU 11.4.0
[0.167s] -- Detecting C compiler ABI info
[0.269s] -- Detecting C compiler ABI info - done
[0.273s] -- Check for working C compiler: /usr/bin/cc - skipped
[0.274s] -- Detecting C compile features
[0.275s] -- Detecting C compile features - done
[0.278s] -- Detecting CXX compiler ABI info
[0.415s] -- Detecting CXX compiler ABI info - done
[0.419s] -- Check for working CXX compiler: /usr/bin/c++ - skipped
[0.419s] -- Detecting CXX compile features
[0.420s] -- Detecting CXX compile features - done
[0.432s] -- Found ament_cmake: 1.3.11 (/opt/ros/humble/share/ament_cmake/cmake)
[0.636s] -- Found Python3: /usr/bin/python3 (found version "3.10.12") found components: Interpreter 
[0.697s] -- Override CMake install command with custom implementation using symlinks instead of copying resources
[0.852s] -- Found asio_cmake_module: 1.2.0 (/opt/ros/humble/share/asio_cmake_module/cmake)
[0.863s] -- Found tinyxml2_vendor: 0.7.6 (/opt/ros/humble/share/tinyxml2_vendor/cmake)
[0.866s] -- Found ASIO: /usr/include  
[0.873s] -- Found PkgConfig: /usr/bin/pkg-config (found version "0.29.2") 
[0.874s] -- Checking for module 'curlpp'
[0.900s] --   Found curlpp, version 0.8.1
[0.967s] -- Found hardware_interface: 2.51.0 (/opt/ros/humble/share/hardware_interface/cmake)
[1.087s] -- Found rosidl_generator_c: 3.1.6 (/opt/ros/humble/share/rosidl_generator_c/cmake)
[1.130s] -- Found rosidl_adapter: 3.1.6 (/opt/ros/humble/share/rosidl_adapter/cmake)
[1.192s] -- Found rosidl_generator_cpp: 3.1.6 (/opt/ros/humble/share/rosidl_generator_cpp/cmake)
[1.249s] -- Using all available rosidl_typesupport_c: rosidl_typesupport_fastrtps_c;rosidl_typesupport_introspection_c
[1.289s] -- Using all available rosidl_typesupport_cpp: rosidl_typesupport_fastrtps_cpp;rosidl_typesupport_introspection_cpp
[1.705s] -- Found rmw_implementation_cmake: 6.1.2 (/opt/ros/humble/share/rmw_implementation_cmake/cmake)
[1.719s] -- Found rmw_fastrtps_cpp: 6.2.7 (/opt/ros/humble/share/rmw_fastrtps_cpp/cmake)
[1.785s] -- Found TinyXML2 via Config file: TinyXML2_DIR-NOTFOUND
[1.878s] -- Found OpenSSL: /usr/lib/x86_64-linux-gnu/libcrypto.so (found version "3.0.2")  
[1.880s] -- Found TinyXML2 via Config file: TinyXML2_DIR-NOTFOUND
[1.900s] -- Found FastRTPS: /opt/ros/humble/include  
[1.903s] -- Found TinyXML2 via Config file: TinyXML2_DIR-NOTFOUND
[1.913s] -- Found TinyXML2 via Config file: TinyXML2_DIR-NOTFOUND
[1.930s] -- Using RMW implementation 'rmw_fastrtps_cpp' as default
[1.961s] -- Looking for pthread.h
[2.062s] -- Looking for pthread.h - found
[2.062s] -- Performing Test CMAKE_HAVE_LIBC_PTHREAD
[2.165s] -- Performing Test CMAKE_HAVE_LIBC_PTHREAD - Success
[2.167s] -- Found Threads: TRUE  
[2.235s] -- Found TinyXML2 via Config file: TinyXML2_DIR-NOTFOUND
[2.321s] -- Configuring done
[2.346s] -- Generating done
[2.350s] -- Build files have been written to: /home/matteo-melzer/gazebo_test/build/net_ft_driver
[2.360s] Invoked command in '/home/matteo-melzer/gazebo_test/build/net_ft_driver' returned '0': CMAKE_PREFIX_PATH=${CMAKE_PREFIX_PATH}:/home/matteo-melzer/ros2_ws/install/py_srvcli:/home/matteo-melzer/ros2_ws/install/py_pubsub:/home/matteo-melzer/ws_moveit/install/moveit_configs_utils:/home/matteo-melzer/ws_moveit/install/launch_param_builder:/opt/ros/humble /usr/bin/cmake /home/matteo-melzer/gazebo_test/src/ros2_net_ft_driver/net_ft_driver -DAMENT_CMAKE_SYMLINK_INSTALL=1 -DCMAKE_INSTALL_PREFIX=/home/matteo-melzer/gazebo_test/install/net_ft_driver
[2.361s] Invoking command in '/home/matteo-melzer/gazebo_test/build/net_ft_driver': CMAKE_PREFIX_PATH=${CMAKE_PREFIX_PATH}:/home/matteo-melzer/ros2_ws/install/py_srvcli:/home/matteo-melzer/ros2_ws/install/py_pubsub:/home/matteo-melzer/ws_moveit/install/moveit_configs_utils:/home/matteo-melzer/ws_moveit/install/launch_param_builder:/opt/ros/humble /usr/bin/cmake --build /home/matteo-melzer/gazebo_test/build/net_ft_driver -- -j2 -l2
[2.441s] [ 16%] [32mBuilding CXX object CMakeFiles/net_ft_driver.dir/src/hardware_interface.cpp.o[0m
[2.458s] [ 33%] [32mBuilding CXX object CMakeFiles/net_ft_driver.dir/src/interfaces/net_ft_interface.cpp.o[0m
[5.550s] [ 50%] [32mBuilding CXX object CMakeFiles/net_ft_driver.dir/src/interfaces/ati_ft_interface.cpp.o[0m
[7.652s] [ 66%] [32mBuilding CXX object CMakeFiles/net_ft_driver.dir/src/interfaces/ati_axia_ft_interface.cpp.o[0m
[7.803s] [ 83%] [32mBuilding CXX object CMakeFiles/net_ft_driver.dir/src/interfaces/onrobot_ft_interface.cpp.o[0m
[9.201s] [100%] [32m[1mLinking CXX shared library libnet_ft_driver.so[0m
[9.403s] [100%] Built target net_ft_driver
[9.421s] Invoked command in '/home/matteo-melzer/gazebo_test/build/net_ft_driver' returned '0': CMAKE_PREFIX_PATH=${CMAKE_PREFIX_PATH}:/home/matteo-melzer/ros2_ws/install/py_srvcli:/home/matteo-melzer/ros2_ws/install/py_pubsub:/home/matteo-melzer/ws_moveit/install/moveit_configs_utils:/home/matteo-melzer/ws_moveit/install/launch_param_builder:/opt/ros/humble /usr/bin/cmake --build /home/matteo-melzer/gazebo_test/build/net_ft_driver -- -j2 -l2
[9.421s] Invoking command in '/home/matteo-melzer/gazebo_test/build/net_ft_driver': CMAKE_PREFIX_PATH=${CMAKE_PREFIX_PATH}:/home/matteo-melzer/ros2_ws/install/py_srvcli:/home/matteo-melzer/ros2_ws/install/py_pubsub:/home/matteo-melzer/ws_moveit/install/moveit_configs_utils:/home/matteo-melzer/ws_moveit/install/launch_param_builder:/opt/ros/humble /usr/bin/cmake --install /home/matteo-melzer/gazebo_test/build/net_ft_driver
[9.434s] -- Install configuration: ""
[9.434s] -- Execute custom install script
[9.435s] -- Symlinking: /home/matteo-melzer/gazebo_test/install/net_ft_driver/share/net_ft_driver//hardware_interface_plugin.xml
[9.447s] -- Symlinking: /home/matteo-melzer/gazebo_test/install/net_ft_driver/lib/libnet_ft_driver.so
[9.463s] -- Symlinking: /home/matteo-melzer/gazebo_test/install/net_ft_driver/include/net_ft_driver/hardware_interface.hpp
[9.477s] -- Symlinking: /home/matteo-melzer/gazebo_test/install/net_ft_driver/include/net_ft_driver/interfaces/ati_axia_ft_interface.hpp
[9.492s] -- Symlinking: /home/matteo-melzer/gazebo_test/install/net_ft_driver/include/net_ft_driver/interfaces/ati_ft_interface.hpp
[9.505s] -- Symlinking: /home/matteo-melzer/gazebo_test/install/net_ft_driver/include/net_ft_driver/interfaces/net_ft_interface.hpp
[9.518s] -- Symlinking: /home/matteo-melzer/gazebo_test/install/net_ft_driver/include/net_ft_driver/interfaces/onrobot_ft_interface.hpp
[9.533s] -- Symlinking: /home/matteo-melzer/gazebo_test/install/net_ft_driver/include/net_ft_driver/visibility_control.h
[9.549s] -- Symlinking: /home/matteo-melzer/gazebo_test/install/net_ft_driver/share/net_ft_driver/config/net_ft_broadcaster.yaml
[9.563s] -- Symlinking: /home/matteo-melzer/gazebo_test/install/net_ft_driver/share/net_ft_driver/launch/net_ft_broadcaster.launch.py
[9.578s] -- Symlinking: /home/matteo-melzer/gazebo_test/install/net_ft_driver/share/net_ft_driver/environment/library_path.sh
[9.592s] -- Symlinking: /home/matteo-melzer/gazebo_test/install/net_ft_driver/share/net_ft_driver/environment/library_path.dsv
[9.607s] -- Symlinking: /home/matteo-melzer/gazebo_test/install/net_ft_driver/share/ament_index/resource_index/package_run_dependencies/net_ft_driver
[9.622s] -- Symlinking: /home/matteo-melzer/gazebo_test/install/net_ft_driver/share/ament_index/resource_index/parent_prefix_path/net_ft_driver
[9.635s] -- Symlinking: /home/matteo-melzer/gazebo_test/install/net_ft_driver/share/net_ft_driver/environment/ament_prefix_path.sh
[9.649s] -- Symlinking: /home/matteo-melzer/gazebo_test/install/net_ft_driver/share/net_ft_driver/environment/ament_prefix_path.dsv
[9.664s] -- Symlinking: /home/matteo-melzer/gazebo_test/install/net_ft_driver/share/net_ft_driver/environment/path.sh
[9.678s] -- Symlinking: /home/matteo-melzer/gazebo_test/install/net_ft_driver/share/net_ft_driver/environment/path.dsv
[9.692s] -- Symlinking: /home/matteo-melzer/gazebo_test/install/net_ft_driver/share/net_ft_driver/local_setup.bash
[9.708s] -- Symlinking: /home/matteo-melzer/gazebo_test/install/net_ft_driver/share/net_ft_driver/local_setup.sh
[9.723s] -- Symlinking: /home/matteo-melzer/gazebo_test/install/net_ft_driver/share/net_ft_driver/local_setup.zsh
[9.736s] -- Symlinking: /home/matteo-melzer/gazebo_test/install/net_ft_driver/share/net_ft_driver/local_setup.dsv
[9.749s] -- Symlinking: /home/matteo-melzer/gazebo_test/install/net_ft_driver/share/net_ft_driver/package.dsv
[9.762s] -- Symlinking: /home/matteo-melzer/gazebo_test/install/net_ft_driver/share/ament_index/resource_index/packages/net_ft_driver
[9.776s] -- Symlinking: /home/matteo-melzer/gazebo_test/install/net_ft_driver/share/ament_index/resource_index/hardware_interface__pluginlib__plugin/net_ft_driver
[9.790s] -- Symlinking: /home/matteo-melzer/gazebo_test/install/net_ft_driver/share/net_ft_driver/cmake/ament_cmake_export_include_directories-extras.cmake
[9.802s] -- Symlinking: /home/matteo-melzer/gazebo_test/install/net_ft_driver/share/net_ft_driver/cmake/ament_cmake_export_libraries-extras.cmake
[9.814s] -- Symlinking: /home/matteo-melzer/gazebo_test/install/net_ft_driver/share/net_ft_driver/cmake/ament_cmake_export_dependencies-extras.cmake
[9.826s] -- Symlinking: /home/matteo-melzer/gazebo_test/install/net_ft_driver/share/net_ft_driver/cmake/net_ft_driverConfig.cmake
[9.839s] -- Symlinking: /home/matteo-melzer/gazebo_test/install/net_ft_driver/share/net_ft_driver/cmake/net_ft_driverConfig-version.cmake
[9.851s] -- Symlinking: /home/matteo-melzer/gazebo_test/install/net_ft_driver/share/net_ft_driver/package.xml
[9.867s] Invoked command in '/home/matteo-melzer/gazebo_test/build/net_ft_driver' returned '0': CMAKE_PREFIX_PATH=${CMAKE_PREFIX_PATH}:/home/matteo-melzer/ros2_ws/install/py_srvcli:/home/matteo-melzer/ros2_ws/install/py_pubsub:/home/matteo-melzer/ws_moveit/install/moveit_configs_utils:/home/matteo-melzer/ws_moveit/install/launch_param_builder:/opt/ros/humble /usr/bin/cmake --install /home/matteo-melzer/gazebo_test/build/net_ft_driver
