[0.065s] Invoking command in '/home/matteo-melzer/gazebo_test/build/onrobot_rg_msgs': CMAKE_PREFIX_PATH=${CMAKE_PREFIX_PATH}:/home/matteo-melzer/gazebo_test/install/onrobot_rg_modbus_tcp:/home/matteo-melzer/gazebo_test/install/onrobot_rg_control:/home/matteo-melzer/gazebo_test/install/onrobot_driver:/home/matteo-melzer/ros2_ws/install/py_srvcli:/home/matteo-melzer/ros2_ws/install/py_pubsub:/home/matteo-melzer/ws_moveit/install/moveit_configs_utils:/home/matteo-melzer/ws_moveit/install/launch_param_builder:/opt/ros/humble /usr/bin/cmake --build /home/matteo-melzer/gazebo_test/build/onrobot_rg_msgs -- -j2 -l2
[0.332s] [  1%] Built target onrobot_rg_msgs__cpp
[0.443s] [ 12%] Built target onrobot_rg_msgs__rosidl_generator_c
[0.551s] [ 12%] Built target ament_cmake_python_symlink_onrobot_rg_msgs
[0.634s] [ 23%] Built target onrobot_rg_msgs__rosidl_typesupport_cpp
[0.742s] [ 34%] Built target onrobot_rg_msgs__rosidl_typesupport_fastrtps_c
[0.846s] [ 45%] Built target onrobot_rg_msgs__rosidl_typesupport_fastrtps_cpp
[0.926s] [ 56%] Built target onrobot_rg_msgs__rosidl_typesupport_introspection_c
[1.040s] [ 67%] Built target onrobot_rg_msgs__rosidl_typesupport_c
[1.171s] [ 78%] Built target onrobot_rg_msgs__rosidl_typesupport_introspection_cpp
[1.567s] running egg_info
[1.567s] writing onrobot_rg_msgs.egg-info/PKG-INFO
[1.567s] writing dependency_links to onrobot_rg_msgs.egg-info/dependency_links.txt
[1.567s] writing top-level names to onrobot_rg_msgs.egg-info/top_level.txt
[1.570s] reading manifest file 'onrobot_rg_msgs.egg-info/SOURCES.txt'
[1.570s] writing manifest file 'onrobot_rg_msgs.egg-info/SOURCES.txt'
[1.626s] [ 78%] Built target ament_cmake_python_build_onrobot_rg_msgs_egg
[1.681s] [ 78%] Built target onrobot_rg_msgs
[1.754s] [ 80%] Built target onrobot_rg_msgs__py
[1.844s] [ 89%] Built target onrobot_rg_msgs__rosidl_generator_py
[1.888s] [ 92%] Built target onrobot_rg_msgs__rosidl_typesupport_fastrtps_c__pyext
[1.959s] [ 96%] Built target onrobot_rg_msgs__rosidl_typesupport_introspection_c__pyext
[2.080s] [100%] Built target onrobot_rg_msgs__rosidl_typesupport_c__pyext
[2.137s] Invoked command in '/home/matteo-melzer/gazebo_test/build/onrobot_rg_msgs' returned '0': CMAKE_PREFIX_PATH=${CMAKE_PREFIX_PATH}:/home/matteo-melzer/gazebo_test/install/onrobot_rg_modbus_tcp:/home/matteo-melzer/gazebo_test/install/onrobot_rg_control:/home/matteo-melzer/gazebo_test/install/onrobot_driver:/home/matteo-melzer/ros2_ws/install/py_srvcli:/home/matteo-melzer/ros2_ws/install/py_pubsub:/home/matteo-melzer/ws_moveit/install/moveit_configs_utils:/home/matteo-melzer/ws_moveit/install/launch_param_builder:/opt/ros/humble /usr/bin/cmake --build /home/matteo-melzer/gazebo_test/build/onrobot_rg_msgs -- -j2 -l2
[2.152s] Invoking command in '/home/matteo-melzer/gazebo_test/build/onrobot_rg_msgs': CMAKE_PREFIX_PATH=${CMAKE_PREFIX_PATH}:/home/matteo-melzer/gazebo_test/install/onrobot_rg_modbus_tcp:/home/matteo-melzer/gazebo_test/install/onrobot_rg_control:/home/matteo-melzer/gazebo_test/install/onrobot_driver:/home/matteo-melzer/ros2_ws/install/py_srvcli:/home/matteo-melzer/ros2_ws/install/py_pubsub:/home/matteo-melzer/ws_moveit/install/moveit_configs_utils:/home/matteo-melzer/ws_moveit/install/launch_param_builder:/opt/ros/humble /usr/bin/cmake --install /home/matteo-melzer/gazebo_test/build/onrobot_rg_msgs
[2.201s] -- Install configuration: ""
[2.201s] -- Execute custom install script
[2.201s] -- Up-to-date symlink: /home/matteo-melzer/gazebo_test/install/onrobot_rg_msgs/share/ament_index/resource_index/rosidl_interfaces/onrobot_rg_msgs
[2.201s] -- Up-to-date symlink: /home/matteo-melzer/gazebo_test/install/onrobot_rg_msgs/include/onrobot_rg_msgs/onrobot_rg_msgs/msg/detail/on_robot_rg_input__functions.h
[2.201s] -- Up-to-date symlink: /home/matteo-melzer/gazebo_test/install/onrobot_rg_msgs/include/onrobot_rg_msgs/onrobot_rg_msgs/msg/detail/on_robot_rg_input__struct.h
[2.201s] -- Up-to-date symlink: /home/matteo-melzer/gazebo_test/install/onrobot_rg_msgs/include/onrobot_rg_msgs/onrobot_rg_msgs/msg/detail/on_robot_rg_input__type_support.h
[2.201s] -- Up-to-date symlink: /home/matteo-melzer/gazebo_test/install/onrobot_rg_msgs/include/onrobot_rg_msgs/onrobot_rg_msgs/msg/detail/on_robot_rg_output__functions.h
[2.201s] -- Up-to-date symlink: /home/matteo-melzer/gazebo_test/install/onrobot_rg_msgs/include/onrobot_rg_msgs/onrobot_rg_msgs/msg/detail/on_robot_rg_output__struct.h
[2.201s] -- Up-to-date symlink: /home/matteo-melzer/gazebo_test/install/onrobot_rg_msgs/include/onrobot_rg_msgs/onrobot_rg_msgs/msg/detail/on_robot_rg_output__type_support.h
[2.201s] -- Up-to-date symlink: /home/matteo-melzer/gazebo_test/install/onrobot_rg_msgs/include/onrobot_rg_msgs/onrobot_rg_msgs/msg/on_robot_rg_input.h
[2.201s] -- Up-to-date symlink: /home/matteo-melzer/gazebo_test/install/onrobot_rg_msgs/include/onrobot_rg_msgs/onrobot_rg_msgs/msg/on_robot_rg_output.h
[2.201s] -- Up-to-date symlink: /home/matteo-melzer/gazebo_test/install/onrobot_rg_msgs/include/onrobot_rg_msgs/onrobot_rg_msgs/msg/rosidl_generator_c__visibility_control.h
[2.201s] -- Up-to-date symlink: /home/matteo-melzer/gazebo_test/install/onrobot_rg_msgs/include/onrobot_rg_msgs/onrobot_rg_msgs/srv/detail/gripper_pose__functions.h
[2.201s] -- Up-to-date symlink: /home/matteo-melzer/gazebo_test/install/onrobot_rg_msgs/include/onrobot_rg_msgs/onrobot_rg_msgs/srv/detail/gripper_pose__struct.h
[2.208s] -- Up-to-date symlink: /home/matteo-melzer/gazebo_test/install/onrobot_rg_msgs/include/onrobot_rg_msgs/onrobot_rg_msgs/srv/detail/gripper_pose__type_support.h
[2.208s] -- Up-to-date symlink: /home/matteo-melzer/gazebo_test/install/onrobot_rg_msgs/include/onrobot_rg_msgs/onrobot_rg_msgs/srv/detail/set_command__functions.h
[2.208s] -- Up-to-date symlink: /home/matteo-melzer/gazebo_test/install/onrobot_rg_msgs/include/onrobot_rg_msgs/onrobot_rg_msgs/srv/detail/set_command__struct.h
[2.208s] -- Up-to-date symlink: /home/matteo-melzer/gazebo_test/install/onrobot_rg_msgs/include/onrobot_rg_msgs/onrobot_rg_msgs/srv/detail/set_command__type_support.h
[2.208s] -- Up-to-date symlink: /home/matteo-melzer/gazebo_test/install/onrobot_rg_msgs/include/onrobot_rg_msgs/onrobot_rg_msgs/srv/gripper_pose.h
[2.208s] -- Up-to-date symlink: /home/matteo-melzer/gazebo_test/install/onrobot_rg_msgs/include/onrobot_rg_msgs/onrobot_rg_msgs/srv/set_command.h
[2.208s] -- Up-to-date symlink: /home/matteo-melzer/gazebo_test/install/onrobot_rg_msgs/share/onrobot_rg_msgs/environment/library_path.sh
[2.208s] -- Up-to-date symlink: /home/matteo-melzer/gazebo_test/install/onrobot_rg_msgs/share/onrobot_rg_msgs/environment/library_path.dsv
[2.208s] -- Up-to-date symlink: /home/matteo-melzer/gazebo_test/install/onrobot_rg_msgs/include/onrobot_rg_msgs/onrobot_rg_msgs/msg/detail/on_robot_rg_input__rosidl_typesupport_fastrtps_c.h
[2.208s] -- Up-to-date symlink: /home/matteo-melzer/gazebo_test/install/onrobot_rg_msgs/include/onrobot_rg_msgs/onrobot_rg_msgs/msg/detail/on_robot_rg_output__rosidl_typesupport_fastrtps_c.h
[2.209s] -- Up-to-date symlink: /home/matteo-melzer/gazebo_test/install/onrobot_rg_msgs/include/onrobot_rg_msgs/onrobot_rg_msgs/msg/rosidl_typesupport_fastrtps_c__visibility_control.h
[2.209s] -- Up-to-date symlink: /home/matteo-melzer/gazebo_test/install/onrobot_rg_msgs/include/onrobot_rg_msgs/onrobot_rg_msgs/srv/detail/gripper_pose__rosidl_typesupport_fastrtps_c.h
[2.210s] -- Up-to-date symlink: /home/matteo-melzer/gazebo_test/install/onrobot_rg_msgs/include/onrobot_rg_msgs/onrobot_rg_msgs/srv/detail/set_command__rosidl_typesupport_fastrtps_c.h
[2.214s] -- Up-to-date symlink: /home/matteo-melzer/gazebo_test/install/onrobot_rg_msgs/include/onrobot_rg_msgs/onrobot_rg_msgs/msg/detail/on_robot_rg_input__builder.hpp
[2.214s] -- Up-to-date symlink: /home/matteo-melzer/gazebo_test/install/onrobot_rg_msgs/include/onrobot_rg_msgs/onrobot_rg_msgs/msg/detail/on_robot_rg_input__struct.hpp
[2.214s] -- Up-to-date symlink: /home/matteo-melzer/gazebo_test/install/onrobot_rg_msgs/include/onrobot_rg_msgs/onrobot_rg_msgs/msg/detail/on_robot_rg_input__traits.hpp
[2.214s] -- Up-to-date symlink: /home/matteo-melzer/gazebo_test/install/onrobot_rg_msgs/include/onrobot_rg_msgs/onrobot_rg_msgs/msg/detail/on_robot_rg_input__type_support.hpp
[2.214s] -- Up-to-date symlink: /home/matteo-melzer/gazebo_test/install/onrobot_rg_msgs/include/onrobot_rg_msgs/onrobot_rg_msgs/msg/detail/on_robot_rg_output__builder.hpp
[2.214s] -- Up-to-date symlink: /home/matteo-melzer/gazebo_test/install/onrobot_rg_msgs/include/onrobot_rg_msgs/onrobot_rg_msgs/msg/detail/on_robot_rg_output__struct.hpp
[2.216s] -- Up-to-date symlink: /home/matteo-melzer/gazebo_test/install/onrobot_rg_msgs/include/onrobot_rg_msgs/onrobot_rg_msgs/msg/detail/on_robot_rg_output__traits.hpp
[2.217s] -- Up-to-date symlink: /home/matteo-melzer/gazebo_test/install/onrobot_rg_msgs/include/onrobot_rg_msgs/onrobot_rg_msgs/msg/detail/on_robot_rg_output__type_support.hpp
[2.217s] -- Up-to-date symlink: /home/matteo-melzer/gazebo_test/install/onrobot_rg_msgs/include/onrobot_rg_msgs/onrobot_rg_msgs/msg/on_robot_rg_input.hpp
[2.217s] -- Up-to-date symlink: /home/matteo-melzer/gazebo_test/install/onrobot_rg_msgs/include/onrobot_rg_msgs/onrobot_rg_msgs/msg/on_robot_rg_output.hpp
[2.217s] -- Up-to-date symlink: /home/matteo-melzer/gazebo_test/install/onrobot_rg_msgs/include/onrobot_rg_msgs/onrobot_rg_msgs/msg/rosidl_generator_cpp__visibility_control.hpp
[2.217s] -- Up-to-date symlink: /home/matteo-melzer/gazebo_test/install/onrobot_rg_msgs/include/onrobot_rg_msgs/onrobot_rg_msgs/srv/detail/gripper_pose__builder.hpp
[2.217s] -- Up-to-date symlink: /home/matteo-melzer/gazebo_test/install/onrobot_rg_msgs/include/onrobot_rg_msgs/onrobot_rg_msgs/srv/detail/gripper_pose__struct.hpp
[2.217s] -- Up-to-date symlink: /home/matteo-melzer/gazebo_test/install/onrobot_rg_msgs/include/onrobot_rg_msgs/onrobot_rg_msgs/srv/detail/gripper_pose__traits.hpp
[2.217s] -- Up-to-date symlink: /home/matteo-melzer/gazebo_test/install/onrobot_rg_msgs/include/onrobot_rg_msgs/onrobot_rg_msgs/srv/detail/gripper_pose__type_support.hpp
[2.217s] -- Up-to-date symlink: /home/matteo-melzer/gazebo_test/install/onrobot_rg_msgs/include/onrobot_rg_msgs/onrobot_rg_msgs/srv/detail/set_command__builder.hpp
[2.217s] -- Up-to-date symlink: /home/matteo-melzer/gazebo_test/install/onrobot_rg_msgs/include/onrobot_rg_msgs/onrobot_rg_msgs/srv/detail/set_command__struct.hpp
[2.217s] -- Up-to-date symlink: /home/matteo-melzer/gazebo_test/install/onrobot_rg_msgs/include/onrobot_rg_msgs/onrobot_rg_msgs/srv/detail/set_command__traits.hpp
[2.217s] -- Up-to-date symlink: /home/matteo-melzer/gazebo_test/install/onrobot_rg_msgs/include/onrobot_rg_msgs/onrobot_rg_msgs/srv/detail/set_command__type_support.hpp
[2.218s] -- Up-to-date symlink: /home/matteo-melzer/gazebo_test/install/onrobot_rg_msgs/include/onrobot_rg_msgs/onrobot_rg_msgs/srv/gripper_pose.hpp
[2.218s] -- Up-to-date symlink: /home/matteo-melzer/gazebo_test/install/onrobot_rg_msgs/include/onrobot_rg_msgs/onrobot_rg_msgs/srv/set_command.hpp
[2.218s] -- Up-to-date symlink: /home/matteo-melzer/gazebo_test/install/onrobot_rg_msgs/include/onrobot_rg_msgs/onrobot_rg_msgs/msg/detail/on_robot_rg_input__rosidl_typesupport_fastrtps_cpp.hpp
[2.218s] -- Up-to-date symlink: /home/matteo-melzer/gazebo_test/install/onrobot_rg_msgs/include/onrobot_rg_msgs/onrobot_rg_msgs/msg/detail/on_robot_rg_output__rosidl_typesupport_fastrtps_cpp.hpp
[2.218s] -- Up-to-date symlink: /home/matteo-melzer/gazebo_test/install/onrobot_rg_msgs/include/onrobot_rg_msgs/onrobot_rg_msgs/msg/rosidl_typesupport_fastrtps_cpp__visibility_control.h
[2.218s] -- Up-to-date symlink: /home/matteo-melzer/gazebo_test/install/onrobot_rg_msgs/include/onrobot_rg_msgs/onrobot_rg_msgs/srv/detail/gripper_pose__rosidl_typesupport_fastrtps_cpp.hpp
[2.218s] -- Up-to-date symlink: /home/matteo-melzer/gazebo_test/install/onrobot_rg_msgs/include/onrobot_rg_msgs/onrobot_rg_msgs/srv/detail/set_command__rosidl_typesupport_fastrtps_cpp.hpp
[2.218s] -- Up-to-date symlink: /home/matteo-melzer/gazebo_test/install/onrobot_rg_msgs/include/onrobot_rg_msgs/onrobot_rg_msgs/msg/detail/on_robot_rg_input__rosidl_typesupport_introspection_c.h
[2.227s] -- Up-to-date symlink: /home/matteo-melzer/gazebo_test/install/onrobot_rg_msgs/include/onrobot_rg_msgs/onrobot_rg_msgs/msg/detail/on_robot_rg_output__rosidl_typesupport_introspection_c.h
[2.228s] -- Up-to-date symlink: /home/matteo-melzer/gazebo_test/install/onrobot_rg_msgs/include/onrobot_rg_msgs/onrobot_rg_msgs/msg/rosidl_typesupport_introspection_c__visibility_control.h
[2.228s] -- Up-to-date symlink: /home/matteo-melzer/gazebo_test/install/onrobot_rg_msgs/include/onrobot_rg_msgs/onrobot_rg_msgs/srv/detail/gripper_pose__rosidl_typesupport_introspection_c.h
[2.228s] -- Up-to-date symlink: /home/matteo-melzer/gazebo_test/install/onrobot_rg_msgs/include/onrobot_rg_msgs/onrobot_rg_msgs/srv/detail/set_command__rosidl_typesupport_introspection_c.h
[2.228s] -- Up-to-date symlink: /home/matteo-melzer/gazebo_test/install/onrobot_rg_msgs/include/onrobot_rg_msgs/onrobot_rg_msgs/msg/detail/on_robot_rg_input__rosidl_typesupport_introspection_cpp.hpp
[2.228s] -- Up-to-date symlink: /home/matteo-melzer/gazebo_test/install/onrobot_rg_msgs/include/onrobot_rg_msgs/onrobot_rg_msgs/msg/detail/on_robot_rg_output__rosidl_typesupport_introspection_cpp.hpp
[2.228s] -- Up-to-date symlink: /home/matteo-melzer/gazebo_test/install/onrobot_rg_msgs/include/onrobot_rg_msgs/onrobot_rg_msgs/srv/detail/gripper_pose__rosidl_typesupport_introspection_cpp.hpp
[2.229s] -- Up-to-date symlink: /home/matteo-melzer/gazebo_test/install/onrobot_rg_msgs/include/onrobot_rg_msgs/onrobot_rg_msgs/srv/detail/set_command__rosidl_typesupport_introspection_cpp.hpp
[2.229s] -- Up-to-date symlink: /home/matteo-melzer/gazebo_test/install/onrobot_rg_msgs/share/onrobot_rg_msgs/environment/pythonpath.sh
[2.229s] -- Up-to-date symlink: /home/matteo-melzer/gazebo_test/install/onrobot_rg_msgs/share/onrobot_rg_msgs/environment/pythonpath.dsv
[2.229s] -- Up-to-date symlink: /home/matteo-melzer/gazebo_test/install/onrobot_rg_msgs/local/lib/python3.10/dist-packages/onrobot_rg_msgs-1.0.0-py3.10.egg-info/PKG-INFO
[2.229s] -- Up-to-date symlink: /home/matteo-melzer/gazebo_test/install/onrobot_rg_msgs/local/lib/python3.10/dist-packages/onrobot_rg_msgs-1.0.0-py3.10.egg-info/SOURCES.txt
[2.229s] -- Up-to-date symlink: /home/matteo-melzer/gazebo_test/install/onrobot_rg_msgs/local/lib/python3.10/dist-packages/onrobot_rg_msgs-1.0.0-py3.10.egg-info/dependency_links.txt
[2.229s] -- Up-to-date symlink: /home/matteo-melzer/gazebo_test/install/onrobot_rg_msgs/local/lib/python3.10/dist-packages/onrobot_rg_msgs-1.0.0-py3.10.egg-info/top_level.txt
[2.229s] -- Up-to-date symlink: /home/matteo-melzer/gazebo_test/install/onrobot_rg_msgs/local/lib/python3.10/dist-packages/onrobot_rg_msgs/__init__.py
[2.229s] -- Up-to-date symlink: /home/matteo-melzer/gazebo_test/install/onrobot_rg_msgs/local/lib/python3.10/dist-packages/onrobot_rg_msgs/_onrobot_rg_msgs_s.ep.rosidl_typesupport_c.c
[2.229s] -- Up-to-date symlink: /home/matteo-melzer/gazebo_test/install/onrobot_rg_msgs/local/lib/python3.10/dist-packages/onrobot_rg_msgs/_onrobot_rg_msgs_s.ep.rosidl_typesupport_fastrtps_c.c
[2.229s] -- Up-to-date symlink: /home/matteo-melzer/gazebo_test/install/onrobot_rg_msgs/local/lib/python3.10/dist-packages/onrobot_rg_msgs/_onrobot_rg_msgs_s.ep.rosidl_typesupport_introspection_c.c
[2.229s] -- Up-to-date symlink: /home/matteo-melzer/gazebo_test/install/onrobot_rg_msgs/local/lib/python3.10/dist-packages/onrobot_rg_msgs/libonrobot_rg_msgs__rosidl_generator_py.so
[2.229s] -- Up-to-date symlink: /home/matteo-melzer/gazebo_test/install/onrobot_rg_msgs/local/lib/python3.10/dist-packages/onrobot_rg_msgs/msg/__init__.py
[2.229s] -- Up-to-date symlink: /home/matteo-melzer/gazebo_test/install/onrobot_rg_msgs/local/lib/python3.10/dist-packages/onrobot_rg_msgs/msg/_on_robot_rg_input.py
[2.229s] -- Up-to-date symlink: /home/matteo-melzer/gazebo_test/install/onrobot_rg_msgs/local/lib/python3.10/dist-packages/onrobot_rg_msgs/msg/_on_robot_rg_input_s.c
[2.229s] -- Up-to-date symlink: /home/matteo-melzer/gazebo_test/install/onrobot_rg_msgs/local/lib/python3.10/dist-packages/onrobot_rg_msgs/msg/_on_robot_rg_output.py
[2.229s] -- Up-to-date symlink: /home/matteo-melzer/gazebo_test/install/onrobot_rg_msgs/local/lib/python3.10/dist-packages/onrobot_rg_msgs/msg/_on_robot_rg_output_s.c
[2.229s] -- Up-to-date symlink: /home/matteo-melzer/gazebo_test/install/onrobot_rg_msgs/local/lib/python3.10/dist-packages/onrobot_rg_msgs/onrobot_rg_msgs_s__rosidl_typesupport_c.cpython-310-x86_64-linux-gnu.so
[2.229s] -- Up-to-date symlink: /home/matteo-melzer/gazebo_test/install/onrobot_rg_msgs/local/lib/python3.10/dist-packages/onrobot_rg_msgs/onrobot_rg_msgs_s__rosidl_typesupport_fastrtps_c.cpython-310-x86_64-linux-gnu.so
[2.229s] -- Up-to-date symlink: /home/matteo-melzer/gazebo_test/install/onrobot_rg_msgs/local/lib/python3.10/dist-packages/onrobot_rg_msgs/onrobot_rg_msgs_s__rosidl_typesupport_introspection_c.cpython-310-x86_64-linux-gnu.so
[2.230s] -- Up-to-date symlink: /home/matteo-melzer/gazebo_test/install/onrobot_rg_msgs/local/lib/python3.10/dist-packages/onrobot_rg_msgs/srv/__init__.py
[2.230s] -- Up-to-date symlink: /home/matteo-melzer/gazebo_test/install/onrobot_rg_msgs/local/lib/python3.10/dist-packages/onrobot_rg_msgs/srv/_gripper_pose.py
[2.230s] -- Up-to-date symlink: /home/matteo-melzer/gazebo_test/install/onrobot_rg_msgs/local/lib/python3.10/dist-packages/onrobot_rg_msgs/srv/_gripper_pose_s.c
[2.230s] -- Up-to-date symlink: /home/matteo-melzer/gazebo_test/install/onrobot_rg_msgs/local/lib/python3.10/dist-packages/onrobot_rg_msgs/srv/_set_command.py
[2.230s] -- Up-to-date symlink: /home/matteo-melzer/gazebo_test/install/onrobot_rg_msgs/local/lib/python3.10/dist-packages/onrobot_rg_msgs/srv/_set_command_s.c
[2.230s] -- Up-to-date symlink: /home/matteo-melzer/gazebo_test/install/onrobot_rg_msgs/local/lib/python3.10/dist-packages/onrobot_rg_msgs/onrobot_rg_msgs_s__rosidl_typesupport_fastrtps_c.cpython-310-x86_64-linux-gnu.so
[2.230s] -- Up-to-date symlink: /home/matteo-melzer/gazebo_test/install/onrobot_rg_msgs/local/lib/python3.10/dist-packages/onrobot_rg_msgs/onrobot_rg_msgs_s__rosidl_typesupport_introspection_c.cpython-310-x86_64-linux-gnu.so
[2.230s] -- Up-to-date symlink: /home/matteo-melzer/gazebo_test/install/onrobot_rg_msgs/local/lib/python3.10/dist-packages/onrobot_rg_msgs/onrobot_rg_msgs_s__rosidl_typesupport_c.cpython-310-x86_64-linux-gnu.so
[2.230s] -- Up-to-date symlink: /home/matteo-melzer/gazebo_test/install/onrobot_rg_msgs/share/onrobot_rg_msgs/msg/OnRobotRGInput.idl
[2.230s] -- Up-to-date symlink: /home/matteo-melzer/gazebo_test/install/onrobot_rg_msgs/share/onrobot_rg_msgs/msg/OnRobotRGOutput.idl
[2.230s] -- Up-to-date symlink: /home/matteo-melzer/gazebo_test/install/onrobot_rg_msgs/share/onrobot_rg_msgs/srv/SetCommand.idl
[2.235s] -- Up-to-date symlink: /home/matteo-melzer/gazebo_test/install/onrobot_rg_msgs/share/onrobot_rg_msgs/srv/GripperPose.idl
[2.237s] -- Up-to-date symlink: /home/matteo-melzer/gazebo_test/install/onrobot_rg_msgs/share/onrobot_rg_msgs/msg/OnRobotRGInput.msg
[2.237s] -- Up-to-date symlink: /home/matteo-melzer/gazebo_test/install/onrobot_rg_msgs/share/onrobot_rg_msgs/msg/OnRobotRGOutput.msg
[2.237s] -- Up-to-date symlink: /home/matteo-melzer/gazebo_test/install/onrobot_rg_msgs/share/onrobot_rg_msgs/srv/SetCommand.srv
[2.238s] -- Up-to-date symlink: /home/matteo-melzer/gazebo_test/install/onrobot_rg_msgs/share/onrobot_rg_msgs/srv/SetCommand_Request.msg
[2.238s] -- Up-to-date symlink: /home/matteo-melzer/gazebo_test/install/onrobot_rg_msgs/share/onrobot_rg_msgs/srv/SetCommand_Response.msg
[2.238s] -- Up-to-date symlink: /home/matteo-melzer/gazebo_test/install/onrobot_rg_msgs/share/onrobot_rg_msgs/srv/GripperPose.srv
[2.238s] -- Up-to-date symlink: /home/matteo-melzer/gazebo_test/install/onrobot_rg_msgs/share/onrobot_rg_msgs/srv/GripperPose_Request.msg
[2.239s] -- Up-to-date symlink: /home/matteo-melzer/gazebo_test/install/onrobot_rg_msgs/share/onrobot_rg_msgs/srv/GripperPose_Response.msg
[2.239s] -- Up-to-date symlink: /home/matteo-melzer/gazebo_test/install/onrobot_rg_msgs/share/ament_index/resource_index/package_run_dependencies/onrobot_rg_msgs
[2.239s] -- Up-to-date symlink: /home/matteo-melzer/gazebo_test/install/onrobot_rg_msgs/share/ament_index/resource_index/parent_prefix_path/onrobot_rg_msgs
[2.239s] -- Up-to-date symlink: /home/matteo-melzer/gazebo_test/install/onrobot_rg_msgs/share/onrobot_rg_msgs/environment/ament_prefix_path.sh
[2.239s] -- Up-to-date symlink: /home/matteo-melzer/gazebo_test/install/onrobot_rg_msgs/share/onrobot_rg_msgs/environment/ament_prefix_path.dsv
[2.239s] -- Up-to-date symlink: /home/matteo-melzer/gazebo_test/install/onrobot_rg_msgs/share/onrobot_rg_msgs/environment/path.sh
[2.239s] -- Up-to-date symlink: /home/matteo-melzer/gazebo_test/install/onrobot_rg_msgs/share/onrobot_rg_msgs/environment/path.dsv
[2.239s] -- Up-to-date symlink: /home/matteo-melzer/gazebo_test/install/onrobot_rg_msgs/share/onrobot_rg_msgs/local_setup.bash
[2.239s] -- Up-to-date symlink: /home/matteo-melzer/gazebo_test/install/onrobot_rg_msgs/share/onrobot_rg_msgs/local_setup.sh
[2.239s] -- Up-to-date symlink: /home/matteo-melzer/gazebo_test/install/onrobot_rg_msgs/share/onrobot_rg_msgs/local_setup.zsh
[2.239s] -- Up-to-date symlink: /home/matteo-melzer/gazebo_test/install/onrobot_rg_msgs/share/onrobot_rg_msgs/local_setup.dsv
[2.239s] -- Symlinking: /home/matteo-melzer/gazebo_test/install/onrobot_rg_msgs/share/onrobot_rg_msgs/package.dsv
[2.265s] -- Up-to-date symlink: /home/matteo-melzer/gazebo_test/install/onrobot_rg_msgs/share/ament_index/resource_index/packages/onrobot_rg_msgs
[2.265s] -- Up-to-date symlink: /home/matteo-melzer/gazebo_test/install/onrobot_rg_msgs/share/onrobot_rg_msgs/cmake/rosidl_cmake-extras.cmake
[2.266s] -- Up-to-date symlink: /home/matteo-melzer/gazebo_test/install/onrobot_rg_msgs/share/onrobot_rg_msgs/cmake/ament_cmake_export_dependencies-extras.cmake
[2.268s] -- Up-to-date symlink: /home/matteo-melzer/gazebo_test/install/onrobot_rg_msgs/share/onrobot_rg_msgs/cmake/ament_cmake_export_include_directories-extras.cmake
[2.268s] -- Up-to-date symlink: /home/matteo-melzer/gazebo_test/install/onrobot_rg_msgs/share/onrobot_rg_msgs/cmake/ament_cmake_export_libraries-extras.cmake
[2.269s] -- Up-to-date symlink: /home/matteo-melzer/gazebo_test/install/onrobot_rg_msgs/share/onrobot_rg_msgs/cmake/ament_cmake_export_targets-extras.cmake
[2.269s] -- Up-to-date symlink: /home/matteo-melzer/gazebo_test/install/onrobot_rg_msgs/share/onrobot_rg_msgs/cmake/rosidl_cmake_export_typesupport_targets-extras.cmake
[2.269s] -- Up-to-date symlink: /home/matteo-melzer/gazebo_test/install/onrobot_rg_msgs/share/onrobot_rg_msgs/cmake/rosidl_cmake_export_typesupport_libraries-extras.cmake
[2.272s] -- Up-to-date symlink: /home/matteo-melzer/gazebo_test/install/onrobot_rg_msgs/share/onrobot_rg_msgs/cmake/onrobot_rg_msgsConfig.cmake
[2.272s] -- Up-to-date symlink: /home/matteo-melzer/gazebo_test/install/onrobot_rg_msgs/share/onrobot_rg_msgs/cmake/onrobot_rg_msgsConfig-version.cmake
[2.272s] -- Up-to-date symlink: /home/matteo-melzer/gazebo_test/install/onrobot_rg_msgs/share/onrobot_rg_msgs/package.xml
[2.272s] -- Up-to-date: /home/matteo-melzer/gazebo_test/install/onrobot_rg_msgs/lib/libonrobot_rg_msgs__rosidl_generator_c.so
[2.272s] -- Up-to-date: /home/matteo-melzer/gazebo_test/install/onrobot_rg_msgs/lib/libonrobot_rg_msgs__rosidl_typesupport_fastrtps_c.so
[2.282s] -- Up-to-date: /home/matteo-melzer/gazebo_test/install/onrobot_rg_msgs/lib/libonrobot_rg_msgs__rosidl_typesupport_fastrtps_cpp.so
[2.282s] -- Up-to-date: /home/matteo-melzer/gazebo_test/install/onrobot_rg_msgs/lib/libonrobot_rg_msgs__rosidl_typesupport_introspection_c.so
[2.282s] -- Up-to-date: /home/matteo-melzer/gazebo_test/install/onrobot_rg_msgs/lib/libonrobot_rg_msgs__rosidl_typesupport_c.so
[2.282s] -- Up-to-date: /home/matteo-melzer/gazebo_test/install/onrobot_rg_msgs/lib/libonrobot_rg_msgs__rosidl_typesupport_introspection_cpp.so
[2.282s] -- Up-to-date: /home/matteo-melzer/gazebo_test/install/onrobot_rg_msgs/lib/libonrobot_rg_msgs__rosidl_typesupport_cpp.so
[2.360s] Listing '/home/matteo-melzer/gazebo_test/install/onrobot_rg_msgs/local/lib/python3.10/dist-packages/onrobot_rg_msgs'...
[2.360s] Listing '/home/matteo-melzer/gazebo_test/install/onrobot_rg_msgs/local/lib/python3.10/dist-packages/onrobot_rg_msgs/msg'...
[2.360s] Listing '/home/matteo-melzer/gazebo_test/install/onrobot_rg_msgs/local/lib/python3.10/dist-packages/onrobot_rg_msgs/srv'...
[2.370s] -- Up-to-date: /home/matteo-melzer/gazebo_test/install/onrobot_rg_msgs/lib/libonrobot_rg_msgs__rosidl_generator_py.so
[2.371s] -- Up-to-date: /home/matteo-melzer/gazebo_test/install/onrobot_rg_msgs/share/onrobot_rg_msgs/cmake/export_onrobot_rg_msgs__rosidl_generator_cExport.cmake
[2.371s] -- Up-to-date: /home/matteo-melzer/gazebo_test/install/onrobot_rg_msgs/share/onrobot_rg_msgs/cmake/export_onrobot_rg_msgs__rosidl_generator_cExport-noconfig.cmake
[2.376s] -- Up-to-date: /home/matteo-melzer/gazebo_test/install/onrobot_rg_msgs/share/onrobot_rg_msgs/cmake/export_onrobot_rg_msgs__rosidl_typesupport_fastrtps_cExport.cmake
[2.376s] -- Up-to-date: /home/matteo-melzer/gazebo_test/install/onrobot_rg_msgs/share/onrobot_rg_msgs/cmake/export_onrobot_rg_msgs__rosidl_typesupport_fastrtps_cExport-noconfig.cmake
[2.376s] -- Up-to-date: /home/matteo-melzer/gazebo_test/install/onrobot_rg_msgs/share/onrobot_rg_msgs/cmake/export_onrobot_rg_msgs__rosidl_generator_cppExport.cmake
[2.376s] -- Up-to-date: /home/matteo-melzer/gazebo_test/install/onrobot_rg_msgs/share/onrobot_rg_msgs/cmake/export_onrobot_rg_msgs__rosidl_typesupport_fastrtps_cppExport.cmake
[2.376s] -- Up-to-date: /home/matteo-melzer/gazebo_test/install/onrobot_rg_msgs/share/onrobot_rg_msgs/cmake/export_onrobot_rg_msgs__rosidl_typesupport_fastrtps_cppExport-noconfig.cmake
[2.376s] -- Up-to-date: /home/matteo-melzer/gazebo_test/install/onrobot_rg_msgs/share/onrobot_rg_msgs/cmake/onrobot_rg_msgs__rosidl_typesupport_introspection_cExport.cmake
[2.377s] -- Up-to-date: /home/matteo-melzer/gazebo_test/install/onrobot_rg_msgs/share/onrobot_rg_msgs/cmake/onrobot_rg_msgs__rosidl_typesupport_introspection_cExport-noconfig.cmake
[2.377s] -- Up-to-date: /home/matteo-melzer/gazebo_test/install/onrobot_rg_msgs/share/onrobot_rg_msgs/cmake/onrobot_rg_msgs__rosidl_typesupport_cExport.cmake
[2.377s] -- Up-to-date: /home/matteo-melzer/gazebo_test/install/onrobot_rg_msgs/share/onrobot_rg_msgs/cmake/onrobot_rg_msgs__rosidl_typesupport_cExport-noconfig.cmake
[2.377s] -- Up-to-date: /home/matteo-melzer/gazebo_test/install/onrobot_rg_msgs/share/onrobot_rg_msgs/cmake/onrobot_rg_msgs__rosidl_typesupport_introspection_cppExport.cmake
[2.377s] -- Up-to-date: /home/matteo-melzer/gazebo_test/install/onrobot_rg_msgs/share/onrobot_rg_msgs/cmake/onrobot_rg_msgs__rosidl_typesupport_introspection_cppExport-noconfig.cmake
[2.377s] -- Up-to-date: /home/matteo-melzer/gazebo_test/install/onrobot_rg_msgs/share/onrobot_rg_msgs/cmake/onrobot_rg_msgs__rosidl_typesupport_cppExport.cmake
[2.377s] -- Up-to-date: /home/matteo-melzer/gazebo_test/install/onrobot_rg_msgs/share/onrobot_rg_msgs/cmake/onrobot_rg_msgs__rosidl_typesupport_cppExport-noconfig.cmake
[2.380s] -- Up-to-date: /home/matteo-melzer/gazebo_test/install/onrobot_rg_msgs/share/onrobot_rg_msgs/cmake/export_onrobot_rg_msgs__rosidl_generator_pyExport.cmake
[2.380s] -- Up-to-date: /home/matteo-melzer/gazebo_test/install/onrobot_rg_msgs/share/onrobot_rg_msgs/cmake/export_onrobot_rg_msgs__rosidl_generator_pyExport-noconfig.cmake
[2.386s] Invoked command in '/home/matteo-melzer/gazebo_test/build/onrobot_rg_msgs' returned '0': CMAKE_PREFIX_PATH=${CMAKE_PREFIX_PATH}:/home/matteo-melzer/gazebo_test/install/onrobot_rg_modbus_tcp:/home/matteo-melzer/gazebo_test/install/onrobot_rg_control:/home/matteo-melzer/gazebo_test/install/onrobot_driver:/home/matteo-melzer/ros2_ws/install/py_srvcli:/home/matteo-melzer/ros2_ws/install/py_pubsub:/home/matteo-melzer/ws_moveit/install/moveit_configs_utils:/home/matteo-melzer/ws_moveit/install/launch_param_builder:/opt/ros/humble /usr/bin/cmake --install /home/matteo-melzer/gazebo_test/build/onrobot_rg_msgs
