[0.017s] Invoking command in '/home/matteo-melzer/gazebo_test/build/onrobot_rg_msgs': CMAKE_PREFIX_PATH=${CMAKE_PREFIX_PATH}:/home/matteo-melzer/gazebo_test/install/onrobot_rg_modbus_tcp:/home/matteo-melzer/gazebo_test/install/onrobot_rg_control:/home/matteo-melzer/gazebo_test/install/onrobot_driver:/home/matteo-melzer/ros2_ws/install/py_srvcli:/home/matteo-melzer/ros2_ws/install/py_pubsub:/home/matteo-melzer/ws_moveit/install/moveit_configs_utils:/home/matteo-melzer/ws_moveit/install/launch_param_builder:/opt/ros/humble /usr/bin/cmake /home/matteo-melzer/gazebo_test/src/onrobot-ros2/onrobot_rg_msgs -DAMENT_CMAKE_SYMLINK_INSTALL=1 -DCMAKE_INSTALL_PREFIX=/home/matteo-melzer/gazebo_test/install/onrobot_rg_msgs
[0.092s] -- The C compiler identification is GNU 11.4.0
[0.166s] -- The CXX compiler identification is GNU 11.4.0
[0.174s] -- Detecting C compiler ABI info
[0.293s] -- Detecting C compiler ABI info - done
[0.299s] -- Check for working C compiler: /usr/bin/cc - skipped
[0.299s] -- Detecting C compile features
[0.300s] -- Detecting C compile features - done
[0.302s] -- Detecting CXX compiler ABI info
[0.430s] -- Detecting CXX compiler ABI info - done
[0.436s] -- Check for working CXX compiler: /usr/bin/c++ - skipped
[0.436s] -- Detecting CXX compile features
[0.437s] -- Detecting CXX compile features - done
[0.449s] -- Found ament_cmake: 1.3.11 (/opt/ros/humble/share/ament_cmake/cmake)
[0.646s] -- Found Python3: /usr/bin/python3 (found version "3.10.12") found components: Interpreter 
[0.734s] -- Override CMake install command with custom implementation using symlinks instead of copying resources
[0.948s] -- Found std_msgs: 4.9.0 (/opt/ros/humble/share/std_msgs/cmake)
[1.068s] -- Found rosidl_generator_c: 3.1.6 (/opt/ros/humble/share/rosidl_generator_c/cmake)
[1.091s] -- Found rosidl_adapter: 3.1.6 (/opt/ros/humble/share/rosidl_adapter/cmake)
[1.117s] -- Found rosidl_generator_cpp: 3.1.6 (/opt/ros/humble/share/rosidl_generator_cpp/cmake)
[1.156s] -- Using all available rosidl_typesupport_c: rosidl_typesupport_fastrtps_c;rosidl_typesupport_introspection_c
[1.199s] -- Using all available rosidl_typesupport_cpp: rosidl_typesupport_fastrtps_cpp;rosidl_typesupport_introspection_cpp
[1.269s] -- Found geometry_msgs: 4.9.0 (/opt/ros/humble/share/geometry_msgs/cmake)
[1.298s] -- Found rosidl_default_generators: 1.2.0 (/opt/ros/humble/share/rosidl_default_generators/cmake)
[1.675s] -- Found ament_cmake_ros: 0.10.0 (/opt/ros/humble/share/ament_cmake_ros/cmake)
[2.189s] -- Using all available rosidl_typesupport_c: rosidl_typesupport_fastrtps_c;rosidl_typesupport_introspection_c
[2.378s] -- Using all available rosidl_typesupport_cpp: rosidl_typesupport_fastrtps_cpp;rosidl_typesupport_introspection_cpp
[2.426s] -- Found PythonInterp: /usr/bin/python3 (found suitable version "3.10.12", minimum required is "3.6") 
[2.444s] -- Found python_cmake_module: 0.10.0 (/opt/ros/humble/share/python_cmake_module/cmake)
[2.473s] -- Found PythonLibs: /usr/lib/x86_64-linux-gnu/libpython3.10.so (found suitable version "3.10.12", minimum required is "3.5") 
[2.473s] -- Using PYTHON_EXECUTABLE: /usr/bin/python3
[2.473s] -- Using PYTHON_INCLUDE_DIRS: /usr/include/python3.10
[2.473s] -- Using PYTHON_LIBRARIES: /usr/lib/x86_64-linux-gnu/libpython3.10.so
[2.499s] -- Found PythonExtra: .so  
[2.639s] -- Configuring done
[2.676s] -- Generating done
[2.686s] -- Build files have been written to: /home/matteo-melzer/gazebo_test/build/onrobot_rg_msgs
[2.696s] Invoked command in '/home/matteo-melzer/gazebo_test/build/onrobot_rg_msgs' returned '0': CMAKE_PREFIX_PATH=${CMAKE_PREFIX_PATH}:/home/matteo-melzer/gazebo_test/install/onrobot_rg_modbus_tcp:/home/matteo-melzer/gazebo_test/install/onrobot_rg_control:/home/matteo-melzer/gazebo_test/install/onrobot_driver:/home/matteo-melzer/ros2_ws/install/py_srvcli:/home/matteo-melzer/ros2_ws/install/py_pubsub:/home/matteo-melzer/ws_moveit/install/moveit_configs_utils:/home/matteo-melzer/ws_moveit/install/launch_param_builder:/opt/ros/humble /usr/bin/cmake /home/matteo-melzer/gazebo_test/src/onrobot-ros2/onrobot_rg_msgs -DAMENT_CMAKE_SYMLINK_INSTALL=1 -DCMAKE_INSTALL_PREFIX=/home/matteo-melzer/gazebo_test/install/onrobot_rg_msgs
[2.700s] Invoking command in '/home/matteo-melzer/gazebo_test/build/onrobot_rg_msgs': CMAKE_PREFIX_PATH=${CMAKE_PREFIX_PATH}:/home/matteo-melzer/gazebo_test/install/onrobot_rg_modbus_tcp:/home/matteo-melzer/gazebo_test/install/onrobot_rg_control:/home/matteo-melzer/gazebo_test/install/onrobot_driver:/home/matteo-melzer/ros2_ws/install/py_srvcli:/home/matteo-melzer/ros2_ws/install/py_pubsub:/home/matteo-melzer/ws_moveit/install/moveit_configs_utils:/home/matteo-melzer/ws_moveit/install/launch_param_builder:/opt/ros/humble /usr/bin/cmake --build /home/matteo-melzer/gazebo_test/build/onrobot_rg_msgs -- -j2 -l2
[2.778s] [  1%] [34m[1mGenerating C code for ROS interfaces[0m
[2.797s] [  3%] [34m[1mGenerating C++ code for ROS interfaces[0m
[3.742s] [  5%] [32mBuilding C object CMakeFiles/onrobot_rg_msgs__rosidl_generator_c.dir/rosidl_generator_c/onrobot_rg_msgs/msg/detail/on_robot_rg_input__functions.c.o[0m
[3.791s] [  5%] Built target onrobot_rg_msgs__cpp
[3.810s] [  7%] [32mBuilding C object CMakeFiles/onrobot_rg_msgs__rosidl_generator_c.dir/rosidl_generator_c/onrobot_rg_msgs/msg/detail/on_robot_rg_output__functions.c.o[0m
[3.841s] [  7%] Built target ament_cmake_python_symlink_onrobot_rg_msgs
[3.856s] [  9%] [32mBuilding C object CMakeFiles/onrobot_rg_msgs__rosidl_generator_c.dir/rosidl_generator_c/onrobot_rg_msgs/srv/detail/set_command__functions.c.o[0m
[3.865s] [ 10%] [34m[1mGenerating C++ type support dispatch for ROS interfaces[0m
[3.918s] [ 12%] [32mBuilding C object CMakeFiles/onrobot_rg_msgs__rosidl_generator_c.dir/rosidl_generator_c/onrobot_rg_msgs/srv/detail/gripper_pose__functions.c.o[0m
[3.981s] [ 14%] [32m[1mLinking C shared library libonrobot_rg_msgs__rosidl_generator_c.so[0m
[4.033s] [ 14%] Built target onrobot_rg_msgs__rosidl_generator_c
[4.050s] [ 16%] [34m[1mGenerating C++ type support for eProsima Fast-RTPS[0m
[4.234s] [ 18%] [32mBuilding CXX object CMakeFiles/onrobot_rg_msgs__rosidl_typesupport_cpp.dir/rosidl_typesupport_cpp/onrobot_rg_msgs/msg/on_robot_rg_input__type_support.cpp.o[0m
[4.480s] [ 20%] [32mBuilding CXX object CMakeFiles/onrobot_rg_msgs__rosidl_typesupport_cpp.dir/rosidl_typesupport_cpp/onrobot_rg_msgs/msg/on_robot_rg_output__type_support.cpp.o[0m
[4.544s] [ 21%] [32mBuilding CXX object CMakeFiles/onrobot_rg_msgs__rosidl_typesupport_fastrtps_cpp.dir/rosidl_typesupport_fastrtps_cpp/onrobot_rg_msgs/msg/detail/dds_fastrtps/on_robot_rg_input__type_support.cpp.o[0m
[4.713s] [ 23%] [32mBuilding CXX object CMakeFiles/onrobot_rg_msgs__rosidl_typesupport_cpp.dir/rosidl_typesupport_cpp/onrobot_rg_msgs/srv/set_command__type_support.cpp.o[0m
[4.864s] [ 25%] [32mBuilding CXX object CMakeFiles/onrobot_rg_msgs__rosidl_typesupport_fastrtps_cpp.dir/rosidl_typesupport_fastrtps_cpp/onrobot_rg_msgs/msg/detail/dds_fastrtps/on_robot_rg_output__type_support.cpp.o[0m
[4.951s] [ 27%] [32mBuilding CXX object CMakeFiles/onrobot_rg_msgs__rosidl_typesupport_cpp.dir/rosidl_typesupport_cpp/onrobot_rg_msgs/srv/gripper_pose__type_support.cpp.o[0m
[5.182s] [ 29%] [32mBuilding CXX object CMakeFiles/onrobot_rg_msgs__rosidl_typesupport_fastrtps_cpp.dir/rosidl_typesupport_fastrtps_cpp/onrobot_rg_msgs/srv/detail/dds_fastrtps/set_command__type_support.cpp.o[0m
[5.194s] [ 30%] [32m[1mLinking CXX shared library libonrobot_rg_msgs__rosidl_typesupport_cpp.so[0m
[5.253s] [ 30%] Built target onrobot_rg_msgs__rosidl_typesupport_cpp
[5.275s] [ 32%] [34m[1mGenerating C introspection for ROS interfaces[0m
[5.524s] [ 34%] [32mBuilding CXX object CMakeFiles/onrobot_rg_msgs__rosidl_typesupport_fastrtps_cpp.dir/rosidl_typesupport_fastrtps_cpp/onrobot_rg_msgs/srv/detail/dds_fastrtps/gripper_pose__type_support.cpp.o[0m
[5.769s] [ 36%] [32mBuilding C object CMakeFiles/onrobot_rg_msgs__rosidl_typesupport_introspection_c.dir/rosidl_typesupport_introspection_c/onrobot_rg_msgs/msg/detail/on_robot_rg_input__type_support.c.o[0m
[5.818s] [ 38%] [32mBuilding C object CMakeFiles/onrobot_rg_msgs__rosidl_typesupport_introspection_c.dir/rosidl_typesupport_introspection_c/onrobot_rg_msgs/msg/detail/on_robot_rg_output__type_support.c.o[0m
[5.847s] [ 40%] [32m[1mLinking CXX shared library libonrobot_rg_msgs__rosidl_typesupport_fastrtps_cpp.so[0m
[5.862s] [ 41%] [32mBuilding C object CMakeFiles/onrobot_rg_msgs__rosidl_typesupport_introspection_c.dir/rosidl_typesupport_introspection_c/onrobot_rg_msgs/srv/detail/set_command__type_support.c.o[0m
[5.911s] [ 43%] [32mBuilding C object CMakeFiles/onrobot_rg_msgs__rosidl_typesupport_introspection_c.dir/rosidl_typesupport_introspection_c/onrobot_rg_msgs/srv/detail/gripper_pose__type_support.c.o[0m
[5.919s] [ 43%] Built target onrobot_rg_msgs__rosidl_typesupport_fastrtps_cpp
[5.936s] [ 45%] [34m[1mGenerating C type support dispatch for ROS interfaces[0m
[5.955s] [ 47%] [32m[1mLinking C shared library libonrobot_rg_msgs__rosidl_typesupport_introspection_c.so[0m
[6.002s] [ 47%] Built target onrobot_rg_msgs__rosidl_typesupport_introspection_c
[6.020s] [ 49%] [34m[1mGenerating C++ introspection for ROS interfaces[0m
[6.288s] [ 50%] [32mBuilding CXX object CMakeFiles/onrobot_rg_msgs__rosidl_typesupport_c.dir/rosidl_typesupport_c/onrobot_rg_msgs/msg/on_robot_rg_input__type_support.cpp.o[0m
[6.338s] [ 52%] [32mBuilding CXX object CMakeFiles/onrobot_rg_msgs__rosidl_typesupport_c.dir/rosidl_typesupport_c/onrobot_rg_msgs/msg/on_robot_rg_output__type_support.cpp.o[0m
[6.379s] [ 54%] [32mBuilding CXX object CMakeFiles/onrobot_rg_msgs__rosidl_typesupport_c.dir/rosidl_typesupport_c/onrobot_rg_msgs/srv/set_command__type_support.cpp.o[0m
[6.424s] [ 56%] [32mBuilding CXX object CMakeFiles/onrobot_rg_msgs__rosidl_typesupport_c.dir/rosidl_typesupport_c/onrobot_rg_msgs/srv/gripper_pose__type_support.cpp.o[0m
[6.463s] [ 58%] [32m[1mLinking CXX shared library libonrobot_rg_msgs__rosidl_typesupport_c.so[0m
[6.494s] [ 60%] [32mBuilding CXX object CMakeFiles/onrobot_rg_msgs__rosidl_typesupport_introspection_cpp.dir/rosidl_typesupport_introspection_cpp/onrobot_rg_msgs/msg/detail/on_robot_rg_input__type_support.cpp.o[0m
[6.513s] [ 60%] Built target onrobot_rg_msgs__rosidl_typesupport_c
[6.747s] running egg_info
[6.748s] creating onrobot_rg_msgs.egg-info
[6.749s] writing onrobot_rg_msgs.egg-info/PKG-INFO
[6.749s] writing dependency_links to onrobot_rg_msgs.egg-info/dependency_links.txt
[6.749s] writing top-level names to onrobot_rg_msgs.egg-info/top_level.txt
[6.749s] writing manifest file 'onrobot_rg_msgs.egg-info/SOURCES.txt'
[6.751s] reading manifest file 'onrobot_rg_msgs.egg-info/SOURCES.txt'
[6.751s] writing manifest file 'onrobot_rg_msgs.egg-info/SOURCES.txt'
[6.780s] [ 60%] Built target ament_cmake_python_build_onrobot_rg_msgs_egg
[6.796s] [ 61%] [32mBuilding CXX object CMakeFiles/onrobot_rg_msgs__rosidl_typesupport_introspection_cpp.dir/rosidl_typesupport_introspection_cpp/onrobot_rg_msgs/msg/detail/on_robot_rg_output__type_support.cpp.o[0m
[6.805s] [ 63%] [32mBuilding CXX object CMakeFiles/onrobot_rg_msgs__rosidl_typesupport_introspection_cpp.dir/rosidl_typesupport_introspection_cpp/onrobot_rg_msgs/srv/detail/set_command__type_support.cpp.o[0m
[7.101s] [ 65%] [32mBuilding CXX object CMakeFiles/onrobot_rg_msgs__rosidl_typesupport_introspection_cpp.dir/rosidl_typesupport_introspection_cpp/onrobot_rg_msgs/srv/detail/gripper_pose__type_support.cpp.o[0m
[7.109s] [ 67%] [34m[1mGenerating C type support for eProsima Fast-RTPS[0m
[7.458s] [ 69%] [32m[1mLinking CXX shared library libonrobot_rg_msgs__rosidl_typesupport_introspection_cpp.so[0m
[7.599s] [ 69%] Built target onrobot_rg_msgs__rosidl_typesupport_introspection_cpp
[7.647s] [ 72%] [32mBuilding CXX object CMakeFiles/onrobot_rg_msgs__rosidl_typesupport_fastrtps_c.dir/rosidl_typesupport_fastrtps_c/onrobot_rg_msgs/msg/detail/on_robot_rg_output__type_support_c.cpp.o[0m
[7.648s] [ 72%] [32mBuilding CXX object CMakeFiles/onrobot_rg_msgs__rosidl_typesupport_fastrtps_c.dir/rosidl_typesupport_fastrtps_c/onrobot_rg_msgs/msg/detail/on_robot_rg_input__type_support_c.cpp.o[0m
[7.956s] [ 74%] [32mBuilding CXX object CMakeFiles/onrobot_rg_msgs__rosidl_typesupport_fastrtps_c.dir/rosidl_typesupport_fastrtps_c/onrobot_rg_msgs/srv/detail/set_command__type_support_c.cpp.o[0m
[7.962s] [ 76%] [32mBuilding CXX object CMakeFiles/onrobot_rg_msgs__rosidl_typesupport_fastrtps_c.dir/rosidl_typesupport_fastrtps_c/onrobot_rg_msgs/srv/detail/gripper_pose__type_support_c.cpp.o[0m
[8.276s] [ 78%] [32m[1mLinking CXX shared library libonrobot_rg_msgs__rosidl_typesupport_fastrtps_c.so[0m
[8.364s] [ 78%] Built target onrobot_rg_msgs__rosidl_typesupport_fastrtps_c
[8.402s] [ 78%] Built target onrobot_rg_msgs
[8.442s] [ 80%] [34m[1mGenerating Python code for ROS interfaces[0m
[9.150s] [ 80%] Built target onrobot_rg_msgs__py
[9.189s] [ 81%] [32mBuilding C object CMakeFiles/onrobot_rg_msgs__rosidl_generator_py.dir/rosidl_generator_py/onrobot_rg_msgs/msg/_on_robot_rg_input_s.c.o[0m
[9.190s] [ 83%] [32mBuilding C object CMakeFiles/onrobot_rg_msgs__rosidl_generator_py.dir/rosidl_generator_py/onrobot_rg_msgs/msg/_on_robot_rg_output_s.c.o[0m
[9.346s] [ 87%] [32mBuilding C object CMakeFiles/onrobot_rg_msgs__rosidl_generator_py.dir/rosidl_generator_py/onrobot_rg_msgs/srv/_gripper_pose_s.c.o[0m
[9.346s] [ 87%] [32mBuilding C object CMakeFiles/onrobot_rg_msgs__rosidl_generator_py.dir/rosidl_generator_py/onrobot_rg_msgs/srv/_set_command_s.c.o[0m
[9.447s] [ 89%] [32m[1mLinking C shared library rosidl_generator_py/onrobot_rg_msgs/libonrobot_rg_msgs__rosidl_generator_py.so[0m
[9.505s] [ 89%] Built target onrobot_rg_msgs__rosidl_generator_py
[9.542s] [ 90%] [32mBuilding C object CMakeFiles/onrobot_rg_msgs__rosidl_typesupport_fastrtps_c__pyext.dir/rosidl_generator_py/onrobot_rg_msgs/_onrobot_rg_msgs_s.ep.rosidl_typesupport_fastrtps_c.c.o[0m
[9.542s] [ 92%] [32mBuilding C object CMakeFiles/onrobot_rg_msgs__rosidl_typesupport_introspection_c__pyext.dir/rosidl_generator_py/onrobot_rg_msgs/_onrobot_rg_msgs_s.ep.rosidl_typesupport_introspection_c.c.o[0m
[9.655s] [ 94%] [32m[1mLinking C shared library rosidl_generator_py/onrobot_rg_msgs/onrobot_rg_msgs_s__rosidl_typesupport_fastrtps_c.cpython-310-x86_64-linux-gnu.so[0m
[9.655s] [ 96%] [32m[1mLinking C shared library rosidl_generator_py/onrobot_rg_msgs/onrobot_rg_msgs_s__rosidl_typesupport_introspection_c.cpython-310-x86_64-linux-gnu.so[0m
[9.709s] [ 96%] Built target onrobot_rg_msgs__rosidl_typesupport_introspection_c__pyext
[9.712s] [ 96%] Built target onrobot_rg_msgs__rosidl_typesupport_fastrtps_c__pyext
[9.749s] [ 98%] [32mBuilding C object CMakeFiles/onrobot_rg_msgs__rosidl_typesupport_c__pyext.dir/rosidl_generator_py/onrobot_rg_msgs/_onrobot_rg_msgs_s.ep.rosidl_typesupport_c.c.o[0m
[9.859s] [100%] [32m[1mLinking C shared library rosidl_generator_py/onrobot_rg_msgs/onrobot_rg_msgs_s__rosidl_typesupport_c.cpython-310-x86_64-linux-gnu.so[0m
[9.915s] [100%] Built target onrobot_rg_msgs__rosidl_typesupport_c__pyext
[9.935s] Invoked command in '/home/matteo-melzer/gazebo_test/build/onrobot_rg_msgs' returned '0': CMAKE_PREFIX_PATH=${CMAKE_PREFIX_PATH}:/home/matteo-melzer/gazebo_test/install/onrobot_rg_modbus_tcp:/home/matteo-melzer/gazebo_test/install/onrobot_rg_control:/home/matteo-melzer/gazebo_test/install/onrobot_driver:/home/matteo-melzer/ros2_ws/install/py_srvcli:/home/matteo-melzer/ros2_ws/install/py_pubsub:/home/matteo-melzer/ws_moveit/install/moveit_configs_utils:/home/matteo-melzer/ws_moveit/install/launch_param_builder:/opt/ros/humble /usr/bin/cmake --build /home/matteo-melzer/gazebo_test/build/onrobot_rg_msgs -- -j2 -l2
[9.937s] Invoking command in '/home/matteo-melzer/gazebo_test/build/onrobot_rg_msgs': CMAKE_PREFIX_PATH=${CMAKE_PREFIX_PATH}:/home/matteo-melzer/gazebo_test/install/onrobot_rg_modbus_tcp:/home/matteo-melzer/gazebo_test/install/onrobot_rg_control:/home/matteo-melzer/gazebo_test/install/onrobot_driver:/home/matteo-melzer/ros2_ws/install/py_srvcli:/home/matteo-melzer/ros2_ws/install/py_pubsub:/home/matteo-melzer/ws_moveit/install/moveit_configs_utils:/home/matteo-melzer/ws_moveit/install/launch_param_builder:/opt/ros/humble /usr/bin/cmake --install /home/matteo-melzer/gazebo_test/build/onrobot_rg_msgs
[9.949s] -- Install configuration: ""
[9.950s] -- Execute custom install script
[9.950s] -- Symlinking: /home/matteo-melzer/gazebo_test/install/onrobot_rg_msgs/share/ament_index/resource_index/rosidl_interfaces/onrobot_rg_msgs
[9.965s] -- Symlinking: /home/matteo-melzer/gazebo_test/install/onrobot_rg_msgs/include/onrobot_rg_msgs/onrobot_rg_msgs/msg/detail/on_robot_rg_input__functions.h
[9.980s] -- Symlinking: /home/matteo-melzer/gazebo_test/install/onrobot_rg_msgs/include/onrobot_rg_msgs/onrobot_rg_msgs/msg/detail/on_robot_rg_input__struct.h
[9.994s] -- Symlinking: /home/matteo-melzer/gazebo_test/install/onrobot_rg_msgs/include/onrobot_rg_msgs/onrobot_rg_msgs/msg/detail/on_robot_rg_input__type_support.h
[10.007s] -- Symlinking: /home/matteo-melzer/gazebo_test/install/onrobot_rg_msgs/include/onrobot_rg_msgs/onrobot_rg_msgs/msg/detail/on_robot_rg_output__functions.h
[10.023s] -- Symlinking: /home/matteo-melzer/gazebo_test/install/onrobot_rg_msgs/include/onrobot_rg_msgs/onrobot_rg_msgs/msg/detail/on_robot_rg_output__struct.h
[10.037s] -- Symlinking: /home/matteo-melzer/gazebo_test/install/onrobot_rg_msgs/include/onrobot_rg_msgs/onrobot_rg_msgs/msg/detail/on_robot_rg_output__type_support.h
[10.051s] -- Symlinking: /home/matteo-melzer/gazebo_test/install/onrobot_rg_msgs/include/onrobot_rg_msgs/onrobot_rg_msgs/msg/on_robot_rg_input.h
[10.065s] -- Symlinking: /home/matteo-melzer/gazebo_test/install/onrobot_rg_msgs/include/onrobot_rg_msgs/onrobot_rg_msgs/msg/on_robot_rg_output.h
[10.078s] -- Symlinking: /home/matteo-melzer/gazebo_test/install/onrobot_rg_msgs/include/onrobot_rg_msgs/onrobot_rg_msgs/msg/rosidl_generator_c__visibility_control.h
[10.092s] -- Symlinking: /home/matteo-melzer/gazebo_test/install/onrobot_rg_msgs/include/onrobot_rg_msgs/onrobot_rg_msgs/srv/detail/gripper_pose__functions.h
[10.106s] -- Symlinking: /home/matteo-melzer/gazebo_test/install/onrobot_rg_msgs/include/onrobot_rg_msgs/onrobot_rg_msgs/srv/detail/gripper_pose__struct.h
[10.120s] -- Symlinking: /home/matteo-melzer/gazebo_test/install/onrobot_rg_msgs/include/onrobot_rg_msgs/onrobot_rg_msgs/srv/detail/gripper_pose__type_support.h
[10.135s] -- Symlinking: /home/matteo-melzer/gazebo_test/install/onrobot_rg_msgs/include/onrobot_rg_msgs/onrobot_rg_msgs/srv/detail/set_command__functions.h
[10.149s] -- Symlinking: /home/matteo-melzer/gazebo_test/install/onrobot_rg_msgs/include/onrobot_rg_msgs/onrobot_rg_msgs/srv/detail/set_command__struct.h
[10.163s] -- Symlinking: /home/matteo-melzer/gazebo_test/install/onrobot_rg_msgs/include/onrobot_rg_msgs/onrobot_rg_msgs/srv/detail/set_command__type_support.h
[10.177s] -- Symlinking: /home/matteo-melzer/gazebo_test/install/onrobot_rg_msgs/include/onrobot_rg_msgs/onrobot_rg_msgs/srv/gripper_pose.h
[10.191s] -- Symlinking: /home/matteo-melzer/gazebo_test/install/onrobot_rg_msgs/include/onrobot_rg_msgs/onrobot_rg_msgs/srv/set_command.h
[10.207s] -- Symlinking: /home/matteo-melzer/gazebo_test/install/onrobot_rg_msgs/share/onrobot_rg_msgs/environment/library_path.sh
[10.224s] -- Symlinking: /home/matteo-melzer/gazebo_test/install/onrobot_rg_msgs/share/onrobot_rg_msgs/environment/library_path.dsv
[10.240s] -- Symlinking: /home/matteo-melzer/gazebo_test/install/onrobot_rg_msgs/include/onrobot_rg_msgs/onrobot_rg_msgs/msg/detail/on_robot_rg_input__rosidl_typesupport_fastrtps_c.h
[10.254s] -- Symlinking: /home/matteo-melzer/gazebo_test/install/onrobot_rg_msgs/include/onrobot_rg_msgs/onrobot_rg_msgs/msg/detail/on_robot_rg_output__rosidl_typesupport_fastrtps_c.h
[10.268s] -- Symlinking: /home/matteo-melzer/gazebo_test/install/onrobot_rg_msgs/include/onrobot_rg_msgs/onrobot_rg_msgs/msg/rosidl_typesupport_fastrtps_c__visibility_control.h
[10.282s] -- Symlinking: /home/matteo-melzer/gazebo_test/install/onrobot_rg_msgs/include/onrobot_rg_msgs/onrobot_rg_msgs/srv/detail/gripper_pose__rosidl_typesupport_fastrtps_c.h
[10.297s] -- Symlinking: /home/matteo-melzer/gazebo_test/install/onrobot_rg_msgs/include/onrobot_rg_msgs/onrobot_rg_msgs/srv/detail/set_command__rosidl_typesupport_fastrtps_c.h
[10.314s] -- Symlinking: /home/matteo-melzer/gazebo_test/install/onrobot_rg_msgs/include/onrobot_rg_msgs/onrobot_rg_msgs/msg/detail/on_robot_rg_input__builder.hpp
[10.328s] -- Symlinking: /home/matteo-melzer/gazebo_test/install/onrobot_rg_msgs/include/onrobot_rg_msgs/onrobot_rg_msgs/msg/detail/on_robot_rg_input__struct.hpp
[10.342s] -- Symlinking: /home/matteo-melzer/gazebo_test/install/onrobot_rg_msgs/include/onrobot_rg_msgs/onrobot_rg_msgs/msg/detail/on_robot_rg_input__traits.hpp
[10.358s] -- Symlinking: /home/matteo-melzer/gazebo_test/install/onrobot_rg_msgs/include/onrobot_rg_msgs/onrobot_rg_msgs/msg/detail/on_robot_rg_input__type_support.hpp
[10.373s] -- Symlinking: /home/matteo-melzer/gazebo_test/install/onrobot_rg_msgs/include/onrobot_rg_msgs/onrobot_rg_msgs/msg/detail/on_robot_rg_output__builder.hpp
[10.387s] -- Symlinking: /home/matteo-melzer/gazebo_test/install/onrobot_rg_msgs/include/onrobot_rg_msgs/onrobot_rg_msgs/msg/detail/on_robot_rg_output__struct.hpp
[10.401s] -- Symlinking: /home/matteo-melzer/gazebo_test/install/onrobot_rg_msgs/include/onrobot_rg_msgs/onrobot_rg_msgs/msg/detail/on_robot_rg_output__traits.hpp
[10.416s] -- Symlinking: /home/matteo-melzer/gazebo_test/install/onrobot_rg_msgs/include/onrobot_rg_msgs/onrobot_rg_msgs/msg/detail/on_robot_rg_output__type_support.hpp
[10.429s] -- Symlinking: /home/matteo-melzer/gazebo_test/install/onrobot_rg_msgs/include/onrobot_rg_msgs/onrobot_rg_msgs/msg/on_robot_rg_input.hpp
[10.444s] -- Symlinking: /home/matteo-melzer/gazebo_test/install/onrobot_rg_msgs/include/onrobot_rg_msgs/onrobot_rg_msgs/msg/on_robot_rg_output.hpp
[10.459s] -- Symlinking: /home/matteo-melzer/gazebo_test/install/onrobot_rg_msgs/include/onrobot_rg_msgs/onrobot_rg_msgs/msg/rosidl_generator_cpp__visibility_control.hpp
[10.474s] -- Symlinking: /home/matteo-melzer/gazebo_test/install/onrobot_rg_msgs/include/onrobot_rg_msgs/onrobot_rg_msgs/srv/detail/gripper_pose__builder.hpp
[10.491s] -- Symlinking: /home/matteo-melzer/gazebo_test/install/onrobot_rg_msgs/include/onrobot_rg_msgs/onrobot_rg_msgs/srv/detail/gripper_pose__struct.hpp
[10.505s] -- Symlinking: /home/matteo-melzer/gazebo_test/install/onrobot_rg_msgs/include/onrobot_rg_msgs/onrobot_rg_msgs/srv/detail/gripper_pose__traits.hpp
[10.519s] -- Symlinking: /home/matteo-melzer/gazebo_test/install/onrobot_rg_msgs/include/onrobot_rg_msgs/onrobot_rg_msgs/srv/detail/gripper_pose__type_support.hpp
[10.532s] -- Symlinking: /home/matteo-melzer/gazebo_test/install/onrobot_rg_msgs/include/onrobot_rg_msgs/onrobot_rg_msgs/srv/detail/set_command__builder.hpp
[10.545s] -- Symlinking: /home/matteo-melzer/gazebo_test/install/onrobot_rg_msgs/include/onrobot_rg_msgs/onrobot_rg_msgs/srv/detail/set_command__struct.hpp
[10.559s] -- Symlinking: /home/matteo-melzer/gazebo_test/install/onrobot_rg_msgs/include/onrobot_rg_msgs/onrobot_rg_msgs/srv/detail/set_command__traits.hpp
[10.572s] -- Symlinking: /home/matteo-melzer/gazebo_test/install/onrobot_rg_msgs/include/onrobot_rg_msgs/onrobot_rg_msgs/srv/detail/set_command__type_support.hpp
[10.587s] -- Symlinking: /home/matteo-melzer/gazebo_test/install/onrobot_rg_msgs/include/onrobot_rg_msgs/onrobot_rg_msgs/srv/gripper_pose.hpp
[10.602s] -- Symlinking: /home/matteo-melzer/gazebo_test/install/onrobot_rg_msgs/include/onrobot_rg_msgs/onrobot_rg_msgs/srv/set_command.hpp
[10.618s] -- Symlinking: /home/matteo-melzer/gazebo_test/install/onrobot_rg_msgs/include/onrobot_rg_msgs/onrobot_rg_msgs/msg/detail/on_robot_rg_input__rosidl_typesupport_fastrtps_cpp.hpp
[10.632s] -- Symlinking: /home/matteo-melzer/gazebo_test/install/onrobot_rg_msgs/include/onrobot_rg_msgs/onrobot_rg_msgs/msg/detail/on_robot_rg_output__rosidl_typesupport_fastrtps_cpp.hpp
[10.646s] -- Symlinking: /home/matteo-melzer/gazebo_test/install/onrobot_rg_msgs/include/onrobot_rg_msgs/onrobot_rg_msgs/msg/rosidl_typesupport_fastrtps_cpp__visibility_control.h
[10.659s] -- Symlinking: /home/matteo-melzer/gazebo_test/install/onrobot_rg_msgs/include/onrobot_rg_msgs/onrobot_rg_msgs/srv/detail/gripper_pose__rosidl_typesupport_fastrtps_cpp.hpp
[10.672s] -- Symlinking: /home/matteo-melzer/gazebo_test/install/onrobot_rg_msgs/include/onrobot_rg_msgs/onrobot_rg_msgs/srv/detail/set_command__rosidl_typesupport_fastrtps_cpp.hpp
[10.686s] -- Symlinking: /home/matteo-melzer/gazebo_test/install/onrobot_rg_msgs/include/onrobot_rg_msgs/onrobot_rg_msgs/msg/detail/on_robot_rg_input__rosidl_typesupport_introspection_c.h
[10.699s] -- Symlinking: /home/matteo-melzer/gazebo_test/install/onrobot_rg_msgs/include/onrobot_rg_msgs/onrobot_rg_msgs/msg/detail/on_robot_rg_output__rosidl_typesupport_introspection_c.h
[10.712s] -- Symlinking: /home/matteo-melzer/gazebo_test/install/onrobot_rg_msgs/include/onrobot_rg_msgs/onrobot_rg_msgs/msg/rosidl_typesupport_introspection_c__visibility_control.h
[10.725s] -- Symlinking: /home/matteo-melzer/gazebo_test/install/onrobot_rg_msgs/include/onrobot_rg_msgs/onrobot_rg_msgs/srv/detail/gripper_pose__rosidl_typesupport_introspection_c.h
[10.740s] -- Symlinking: /home/matteo-melzer/gazebo_test/install/onrobot_rg_msgs/include/onrobot_rg_msgs/onrobot_rg_msgs/srv/detail/set_command__rosidl_typesupport_introspection_c.h
[10.754s] -- Symlinking: /home/matteo-melzer/gazebo_test/install/onrobot_rg_msgs/include/onrobot_rg_msgs/onrobot_rg_msgs/msg/detail/on_robot_rg_input__rosidl_typesupport_introspection_cpp.hpp
[10.767s] -- Symlinking: /home/matteo-melzer/gazebo_test/install/onrobot_rg_msgs/include/onrobot_rg_msgs/onrobot_rg_msgs/msg/detail/on_robot_rg_output__rosidl_typesupport_introspection_cpp.hpp
[10.779s] -- Symlinking: /home/matteo-melzer/gazebo_test/install/onrobot_rg_msgs/include/onrobot_rg_msgs/onrobot_rg_msgs/srv/detail/gripper_pose__rosidl_typesupport_introspection_cpp.hpp
[10.792s] -- Symlinking: /home/matteo-melzer/gazebo_test/install/onrobot_rg_msgs/include/onrobot_rg_msgs/onrobot_rg_msgs/srv/detail/set_command__rosidl_typesupport_introspection_cpp.hpp
[10.804s] -- Symlinking: /home/matteo-melzer/gazebo_test/install/onrobot_rg_msgs/share/onrobot_rg_msgs/environment/pythonpath.sh
[10.819s] -- Symlinking: /home/matteo-melzer/gazebo_test/install/onrobot_rg_msgs/share/onrobot_rg_msgs/environment/pythonpath.dsv
[10.832s] -- Symlinking: /home/matteo-melzer/gazebo_test/install/onrobot_rg_msgs/local/lib/python3.10/dist-packages/onrobot_rg_msgs-1.0.0-py3.10.egg-info/PKG-INFO
[10.847s] -- Symlinking: /home/matteo-melzer/gazebo_test/install/onrobot_rg_msgs/local/lib/python3.10/dist-packages/onrobot_rg_msgs-1.0.0-py3.10.egg-info/SOURCES.txt
[10.861s] -- Symlinking: /home/matteo-melzer/gazebo_test/install/onrobot_rg_msgs/local/lib/python3.10/dist-packages/onrobot_rg_msgs-1.0.0-py3.10.egg-info/dependency_links.txt
[10.875s] -- Symlinking: /home/matteo-melzer/gazebo_test/install/onrobot_rg_msgs/local/lib/python3.10/dist-packages/onrobot_rg_msgs-1.0.0-py3.10.egg-info/top_level.txt
[10.891s] -- Symlinking: /home/matteo-melzer/gazebo_test/install/onrobot_rg_msgs/local/lib/python3.10/dist-packages/onrobot_rg_msgs/__init__.py
[10.905s] -- Symlinking: /home/matteo-melzer/gazebo_test/install/onrobot_rg_msgs/local/lib/python3.10/dist-packages/onrobot_rg_msgs/_onrobot_rg_msgs_s.ep.rosidl_typesupport_c.c
[10.921s] -- Symlinking: /home/matteo-melzer/gazebo_test/install/onrobot_rg_msgs/local/lib/python3.10/dist-packages/onrobot_rg_msgs/_onrobot_rg_msgs_s.ep.rosidl_typesupport_fastrtps_c.c
[10.935s] -- Symlinking: /home/matteo-melzer/gazebo_test/install/onrobot_rg_msgs/local/lib/python3.10/dist-packages/onrobot_rg_msgs/_onrobot_rg_msgs_s.ep.rosidl_typesupport_introspection_c.c
[10.952s] -- Symlinking: /home/matteo-melzer/gazebo_test/install/onrobot_rg_msgs/local/lib/python3.10/dist-packages/onrobot_rg_msgs/libonrobot_rg_msgs__rosidl_generator_py.so
[10.967s] -- Symlinking: /home/matteo-melzer/gazebo_test/install/onrobot_rg_msgs/local/lib/python3.10/dist-packages/onrobot_rg_msgs/msg/__init__.py
[10.982s] -- Symlinking: /home/matteo-melzer/gazebo_test/install/onrobot_rg_msgs/local/lib/python3.10/dist-packages/onrobot_rg_msgs/msg/_on_robot_rg_input.py
[10.997s] -- Symlinking: /home/matteo-melzer/gazebo_test/install/onrobot_rg_msgs/local/lib/python3.10/dist-packages/onrobot_rg_msgs/msg/_on_robot_rg_input_s.c
[11.014s] -- Symlinking: /home/matteo-melzer/gazebo_test/install/onrobot_rg_msgs/local/lib/python3.10/dist-packages/onrobot_rg_msgs/msg/_on_robot_rg_output.py
[11.033s] -- Symlinking: /home/matteo-melzer/gazebo_test/install/onrobot_rg_msgs/local/lib/python3.10/dist-packages/onrobot_rg_msgs/msg/_on_robot_rg_output_s.c
[11.050s] -- Symlinking: /home/matteo-melzer/gazebo_test/install/onrobot_rg_msgs/local/lib/python3.10/dist-packages/onrobot_rg_msgs/onrobot_rg_msgs_s__rosidl_typesupport_c.cpython-310-x86_64-linux-gnu.so
[11.065s] -- Symlinking: /home/matteo-melzer/gazebo_test/install/onrobot_rg_msgs/local/lib/python3.10/dist-packages/onrobot_rg_msgs/onrobot_rg_msgs_s__rosidl_typesupport_fastrtps_c.cpython-310-x86_64-linux-gnu.so
[11.078s] -- Symlinking: /home/matteo-melzer/gazebo_test/install/onrobot_rg_msgs/local/lib/python3.10/dist-packages/onrobot_rg_msgs/onrobot_rg_msgs_s__rosidl_typesupport_introspection_c.cpython-310-x86_64-linux-gnu.so
[11.092s] -- Symlinking: /home/matteo-melzer/gazebo_test/install/onrobot_rg_msgs/local/lib/python3.10/dist-packages/onrobot_rg_msgs/srv/__init__.py
[11.105s] -- Symlinking: /home/matteo-melzer/gazebo_test/install/onrobot_rg_msgs/local/lib/python3.10/dist-packages/onrobot_rg_msgs/srv/_gripper_pose.py
[11.119s] -- Symlinking: /home/matteo-melzer/gazebo_test/install/onrobot_rg_msgs/local/lib/python3.10/dist-packages/onrobot_rg_msgs/srv/_gripper_pose_s.c
[11.133s] -- Symlinking: /home/matteo-melzer/gazebo_test/install/onrobot_rg_msgs/local/lib/python3.10/dist-packages/onrobot_rg_msgs/srv/_set_command.py
[11.149s] -- Symlinking: /home/matteo-melzer/gazebo_test/install/onrobot_rg_msgs/local/lib/python3.10/dist-packages/onrobot_rg_msgs/srv/_set_command_s.c
[11.164s] -- Up-to-date symlink: /home/matteo-melzer/gazebo_test/install/onrobot_rg_msgs/local/lib/python3.10/dist-packages/onrobot_rg_msgs/onrobot_rg_msgs_s__rosidl_typesupport_fastrtps_c.cpython-310-x86_64-linux-gnu.so
[11.164s] -- Up-to-date symlink: /home/matteo-melzer/gazebo_test/install/onrobot_rg_msgs/local/lib/python3.10/dist-packages/onrobot_rg_msgs/onrobot_rg_msgs_s__rosidl_typesupport_introspection_c.cpython-310-x86_64-linux-gnu.so
[11.164s] -- Up-to-date symlink: /home/matteo-melzer/gazebo_test/install/onrobot_rg_msgs/local/lib/python3.10/dist-packages/onrobot_rg_msgs/onrobot_rg_msgs_s__rosidl_typesupport_c.cpython-310-x86_64-linux-gnu.so
[11.165s] -- Symlinking: /home/matteo-melzer/gazebo_test/install/onrobot_rg_msgs/share/onrobot_rg_msgs/msg/OnRobotRGInput.idl
[11.179s] -- Symlinking: /home/matteo-melzer/gazebo_test/install/onrobot_rg_msgs/share/onrobot_rg_msgs/msg/OnRobotRGOutput.idl
[11.193s] -- Symlinking: /home/matteo-melzer/gazebo_test/install/onrobot_rg_msgs/share/onrobot_rg_msgs/srv/SetCommand.idl
[11.207s] -- Symlinking: /home/matteo-melzer/gazebo_test/install/onrobot_rg_msgs/share/onrobot_rg_msgs/srv/GripperPose.idl
[11.221s] -- Symlinking: /home/matteo-melzer/gazebo_test/install/onrobot_rg_msgs/share/onrobot_rg_msgs/msg/OnRobotRGInput.msg
[11.236s] -- Symlinking: /home/matteo-melzer/gazebo_test/install/onrobot_rg_msgs/share/onrobot_rg_msgs/msg/OnRobotRGOutput.msg
[11.252s] -- Symlinking: /home/matteo-melzer/gazebo_test/install/onrobot_rg_msgs/share/onrobot_rg_msgs/srv/SetCommand.srv
[11.267s] -- Symlinking: /home/matteo-melzer/gazebo_test/install/onrobot_rg_msgs/share/onrobot_rg_msgs/srv/SetCommand_Request.msg
[11.281s] -- Symlinking: /home/matteo-melzer/gazebo_test/install/onrobot_rg_msgs/share/onrobot_rg_msgs/srv/SetCommand_Response.msg
[11.295s] -- Symlinking: /home/matteo-melzer/gazebo_test/install/onrobot_rg_msgs/share/onrobot_rg_msgs/srv/GripperPose.srv
[11.310s] -- Symlinking: /home/matteo-melzer/gazebo_test/install/onrobot_rg_msgs/share/onrobot_rg_msgs/srv/GripperPose_Request.msg
[11.326s] -- Symlinking: /home/matteo-melzer/gazebo_test/install/onrobot_rg_msgs/share/onrobot_rg_msgs/srv/GripperPose_Response.msg
[11.341s] -- Symlinking: /home/matteo-melzer/gazebo_test/install/onrobot_rg_msgs/share/ament_index/resource_index/package_run_dependencies/onrobot_rg_msgs
[11.357s] -- Symlinking: /home/matteo-melzer/gazebo_test/install/onrobot_rg_msgs/share/ament_index/resource_index/parent_prefix_path/onrobot_rg_msgs
[11.374s] -- Symlinking: /home/matteo-melzer/gazebo_test/install/onrobot_rg_msgs/share/onrobot_rg_msgs/environment/ament_prefix_path.sh
[11.387s] -- Symlinking: /home/matteo-melzer/gazebo_test/install/onrobot_rg_msgs/share/onrobot_rg_msgs/environment/ament_prefix_path.dsv
[11.401s] -- Symlinking: /home/matteo-melzer/gazebo_test/install/onrobot_rg_msgs/share/onrobot_rg_msgs/environment/path.sh
[11.416s] -- Symlinking: /home/matteo-melzer/gazebo_test/install/onrobot_rg_msgs/share/onrobot_rg_msgs/environment/path.dsv
[11.430s] -- Symlinking: /home/matteo-melzer/gazebo_test/install/onrobot_rg_msgs/share/onrobot_rg_msgs/local_setup.bash
[11.445s] -- Symlinking: /home/matteo-melzer/gazebo_test/install/onrobot_rg_msgs/share/onrobot_rg_msgs/local_setup.sh
[11.460s] -- Symlinking: /home/matteo-melzer/gazebo_test/install/onrobot_rg_msgs/share/onrobot_rg_msgs/local_setup.zsh
[11.476s] -- Symlinking: /home/matteo-melzer/gazebo_test/install/onrobot_rg_msgs/share/onrobot_rg_msgs/local_setup.dsv
[11.492s] -- Symlinking: /home/matteo-melzer/gazebo_test/install/onrobot_rg_msgs/share/onrobot_rg_msgs/package.dsv
[11.505s] -- Symlinking: /home/matteo-melzer/gazebo_test/install/onrobot_rg_msgs/share/ament_index/resource_index/packages/onrobot_rg_msgs
[11.520s] -- Symlinking: /home/matteo-melzer/gazebo_test/install/onrobot_rg_msgs/share/onrobot_rg_msgs/cmake/rosidl_cmake-extras.cmake
[11.534s] -- Symlinking: /home/matteo-melzer/gazebo_test/install/onrobot_rg_msgs/share/onrobot_rg_msgs/cmake/ament_cmake_export_dependencies-extras.cmake
[11.548s] -- Symlinking: /home/matteo-melzer/gazebo_test/install/onrobot_rg_msgs/share/onrobot_rg_msgs/cmake/ament_cmake_export_include_directories-extras.cmake
[11.561s] -- Symlinking: /home/matteo-melzer/gazebo_test/install/onrobot_rg_msgs/share/onrobot_rg_msgs/cmake/ament_cmake_export_libraries-extras.cmake
[11.575s] -- Symlinking: /home/matteo-melzer/gazebo_test/install/onrobot_rg_msgs/share/onrobot_rg_msgs/cmake/ament_cmake_export_targets-extras.cmake
[11.592s] -- Symlinking: /home/matteo-melzer/gazebo_test/install/onrobot_rg_msgs/share/onrobot_rg_msgs/cmake/rosidl_cmake_export_typesupport_targets-extras.cmake
[11.608s] -- Symlinking: /home/matteo-melzer/gazebo_test/install/onrobot_rg_msgs/share/onrobot_rg_msgs/cmake/rosidl_cmake_export_typesupport_libraries-extras.cmake
[11.623s] -- Symlinking: /home/matteo-melzer/gazebo_test/install/onrobot_rg_msgs/share/onrobot_rg_msgs/cmake/onrobot_rg_msgsConfig.cmake
[11.637s] -- Symlinking: /home/matteo-melzer/gazebo_test/install/onrobot_rg_msgs/share/onrobot_rg_msgs/cmake/onrobot_rg_msgsConfig-version.cmake
[11.652s] -- Symlinking: /home/matteo-melzer/gazebo_test/install/onrobot_rg_msgs/share/onrobot_rg_msgs/package.xml
[11.665s] -- Installing: /home/matteo-melzer/gazebo_test/install/onrobot_rg_msgs/lib/libonrobot_rg_msgs__rosidl_generator_c.so
[11.665s] -- Set runtime path of "/home/matteo-melzer/gazebo_test/install/onrobot_rg_msgs/lib/libonrobot_rg_msgs__rosidl_generator_c.so" to ""
[11.666s] -- Installing: /home/matteo-melzer/gazebo_test/install/onrobot_rg_msgs/lib/libonrobot_rg_msgs__rosidl_typesupport_fastrtps_c.so
[11.666s] -- Set runtime path of "/home/matteo-melzer/gazebo_test/install/onrobot_rg_msgs/lib/libonrobot_rg_msgs__rosidl_typesupport_fastrtps_c.so" to ""
[11.666s] -- Installing: /home/matteo-melzer/gazebo_test/install/onrobot_rg_msgs/lib/libonrobot_rg_msgs__rosidl_typesupport_fastrtps_cpp.so
[11.667s] -- Set runtime path of "/home/matteo-melzer/gazebo_test/install/onrobot_rg_msgs/lib/libonrobot_rg_msgs__rosidl_typesupport_fastrtps_cpp.so" to ""
[11.667s] -- Installing: /home/matteo-melzer/gazebo_test/install/onrobot_rg_msgs/lib/libonrobot_rg_msgs__rosidl_typesupport_introspection_c.so
[11.667s] -- Set runtime path of "/home/matteo-melzer/gazebo_test/install/onrobot_rg_msgs/lib/libonrobot_rg_msgs__rosidl_typesupport_introspection_c.so" to ""
[11.667s] -- Installing: /home/matteo-melzer/gazebo_test/install/onrobot_rg_msgs/lib/libonrobot_rg_msgs__rosidl_typesupport_c.so
[11.668s] -- Set runtime path of "/home/matteo-melzer/gazebo_test/install/onrobot_rg_msgs/lib/libonrobot_rg_msgs__rosidl_typesupport_c.so" to ""
[11.668s] -- Installing: /home/matteo-melzer/gazebo_test/install/onrobot_rg_msgs/lib/libonrobot_rg_msgs__rosidl_typesupport_introspection_cpp.so
[11.669s] -- Set runtime path of "/home/matteo-melzer/gazebo_test/install/onrobot_rg_msgs/lib/libonrobot_rg_msgs__rosidl_typesupport_introspection_cpp.so" to ""
[11.669s] -- Installing: /home/matteo-melzer/gazebo_test/install/onrobot_rg_msgs/lib/libonrobot_rg_msgs__rosidl_typesupport_cpp.so
[11.670s] -- Set runtime path of "/home/matteo-melzer/gazebo_test/install/onrobot_rg_msgs/lib/libonrobot_rg_msgs__rosidl_typesupport_cpp.so" to ""
[11.713s] Listing '/home/matteo-melzer/gazebo_test/install/onrobot_rg_msgs/local/lib/python3.10/dist-packages/onrobot_rg_msgs'...
[11.713s] Compiling '/home/matteo-melzer/gazebo_test/install/onrobot_rg_msgs/local/lib/python3.10/dist-packages/onrobot_rg_msgs/__init__.py'...
[11.714s] Listing '/home/matteo-melzer/gazebo_test/install/onrobot_rg_msgs/local/lib/python3.10/dist-packages/onrobot_rg_msgs/msg'...
[11.714s] Compiling '/home/matteo-melzer/gazebo_test/install/onrobot_rg_msgs/local/lib/python3.10/dist-packages/onrobot_rg_msgs/msg/__init__.py'...
[11.714s] Compiling '/home/matteo-melzer/gazebo_test/install/onrobot_rg_msgs/local/lib/python3.10/dist-packages/onrobot_rg_msgs/msg/_on_robot_rg_input.py'...
[11.714s] Compiling '/home/matteo-melzer/gazebo_test/install/onrobot_rg_msgs/local/lib/python3.10/dist-packages/onrobot_rg_msgs/msg/_on_robot_rg_output.py'...
[11.714s] Listing '/home/matteo-melzer/gazebo_test/install/onrobot_rg_msgs/local/lib/python3.10/dist-packages/onrobot_rg_msgs/srv'...
[11.714s] Compiling '/home/matteo-melzer/gazebo_test/install/onrobot_rg_msgs/local/lib/python3.10/dist-packages/onrobot_rg_msgs/srv/__init__.py'...
[11.714s] Compiling '/home/matteo-melzer/gazebo_test/install/onrobot_rg_msgs/local/lib/python3.10/dist-packages/onrobot_rg_msgs/srv/_gripper_pose.py'...
[11.714s] Compiling '/home/matteo-melzer/gazebo_test/install/onrobot_rg_msgs/local/lib/python3.10/dist-packages/onrobot_rg_msgs/srv/_set_command.py'...
[11.719s] -- Installing: /home/matteo-melzer/gazebo_test/install/onrobot_rg_msgs/lib/libonrobot_rg_msgs__rosidl_generator_py.so
[11.719s] -- Set runtime path of "/home/matteo-melzer/gazebo_test/install/onrobot_rg_msgs/lib/libonrobot_rg_msgs__rosidl_generator_py.so" to ""
[11.719s] -- Installing: /home/matteo-melzer/gazebo_test/install/onrobot_rg_msgs/share/onrobot_rg_msgs/cmake/export_onrobot_rg_msgs__rosidl_generator_cExport.cmake
[11.719s] -- Installing: /home/matteo-melzer/gazebo_test/install/onrobot_rg_msgs/share/onrobot_rg_msgs/cmake/export_onrobot_rg_msgs__rosidl_generator_cExport-noconfig.cmake
[11.719s] -- Installing: /home/matteo-melzer/gazebo_test/install/onrobot_rg_msgs/share/onrobot_rg_msgs/cmake/export_onrobot_rg_msgs__rosidl_typesupport_fastrtps_cExport.cmake
[11.719s] -- Installing: /home/matteo-melzer/gazebo_test/install/onrobot_rg_msgs/share/onrobot_rg_msgs/cmake/export_onrobot_rg_msgs__rosidl_typesupport_fastrtps_cExport-noconfig.cmake
[11.719s] -- Installing: /home/matteo-melzer/gazebo_test/install/onrobot_rg_msgs/share/onrobot_rg_msgs/cmake/export_onrobot_rg_msgs__rosidl_generator_cppExport.cmake
[11.719s] -- Installing: /home/matteo-melzer/gazebo_test/install/onrobot_rg_msgs/share/onrobot_rg_msgs/cmake/export_onrobot_rg_msgs__rosidl_typesupport_fastrtps_cppExport.cmake
[11.720s] -- Installing: /home/matteo-melzer/gazebo_test/install/onrobot_rg_msgs/share/onrobot_rg_msgs/cmake/export_onrobot_rg_msgs__rosidl_typesupport_fastrtps_cppExport-noconfig.cmake
[11.720s] -- Installing: /home/matteo-melzer/gazebo_test/install/onrobot_rg_msgs/share/onrobot_rg_msgs/cmake/onrobot_rg_msgs__rosidl_typesupport_introspection_cExport.cmake
[11.720s] -- Installing: /home/matteo-melzer/gazebo_test/install/onrobot_rg_msgs/share/onrobot_rg_msgs/cmake/onrobot_rg_msgs__rosidl_typesupport_introspection_cExport-noconfig.cmake
[11.720s] -- Installing: /home/matteo-melzer/gazebo_test/install/onrobot_rg_msgs/share/onrobot_rg_msgs/cmake/onrobot_rg_msgs__rosidl_typesupport_cExport.cmake
[11.721s] -- Installing: /home/matteo-melzer/gazebo_test/install/onrobot_rg_msgs/share/onrobot_rg_msgs/cmake/onrobot_rg_msgs__rosidl_typesupport_cExport-noconfig.cmake
[11.721s] -- Installing: /home/matteo-melzer/gazebo_test/install/onrobot_rg_msgs/share/onrobot_rg_msgs/cmake/onrobot_rg_msgs__rosidl_typesupport_introspection_cppExport.cmake
[11.721s] -- Installing: /home/matteo-melzer/gazebo_test/install/onrobot_rg_msgs/share/onrobot_rg_msgs/cmake/onrobot_rg_msgs__rosidl_typesupport_introspection_cppExport-noconfig.cmake
[11.722s] -- Installing: /home/matteo-melzer/gazebo_test/install/onrobot_rg_msgs/share/onrobot_rg_msgs/cmake/onrobot_rg_msgs__rosidl_typesupport_cppExport.cmake
[11.722s] -- Installing: /home/matteo-melzer/gazebo_test/install/onrobot_rg_msgs/share/onrobot_rg_msgs/cmake/onrobot_rg_msgs__rosidl_typesupport_cppExport-noconfig.cmake
[11.722s] -- Installing: /home/matteo-melzer/gazebo_test/install/onrobot_rg_msgs/share/onrobot_rg_msgs/cmake/export_onrobot_rg_msgs__rosidl_generator_pyExport.cmake
[11.722s] -- Installing: /home/matteo-melzer/gazebo_test/install/onrobot_rg_msgs/share/onrobot_rg_msgs/cmake/export_onrobot_rg_msgs__rosidl_generator_pyExport-noconfig.cmake
[11.726s] Invoked command in '/home/matteo-melzer/gazebo_test/build/onrobot_rg_msgs' returned '0': CMAKE_PREFIX_PATH=${CMAKE_PREFIX_PATH}:/home/matteo-melzer/gazebo_test/install/onrobot_rg_modbus_tcp:/home/matteo-melzer/gazebo_test/install/onrobot_rg_control:/home/matteo-melzer/gazebo_test/install/onrobot_driver:/home/matteo-melzer/ros2_ws/install/py_srvcli:/home/matteo-melzer/ros2_ws/install/py_pubsub:/home/matteo-melzer/ws_moveit/install/moveit_configs_utils:/home/matteo-melzer/ws_moveit/install/launch_param_builder:/opt/ros/humble /usr/bin/cmake --install /home/matteo-melzer/gazebo_test/build/onrobot_rg_msgs
