[0.021s] Invoking command in '/home/matteo-melzer/gazebo_test/build/onrobot_rg_description': CMAKE_PREFIX_PATH=${CMAKE_PREFIX_PATH}:/home/matteo-melzer/gazebo_test/install/onrobot_rg_modbus_tcp:/home/matteo-melzer/gazebo_test/install/onrobot_rg_control:/home/matteo-melzer/gazebo_test/install/onrobot_driver:/home/matteo-melzer/ros2_ws/install/py_srvcli:/home/matteo-melzer/ros2_ws/install/py_pubsub:/home/matteo-melzer/ws_moveit/install/moveit_configs_utils:/home/matteo-melzer/ws_moveit/install/launch_param_builder:/opt/ros/humble /usr/bin/cmake --build /home/matteo-melzer/gazebo_test/build/onrobot_rg_description -- -j2 -l2
[0.081s] Invoked command in '/home/matteo-melzer/gazebo_test/build/onrobot_rg_description' returned '0': CMAKE_PREFIX_PATH=${CMAKE_PREFIX_PATH}:/home/matteo-melzer/gazebo_test/install/onrobot_rg_modbus_tcp:/home/matteo-melzer/gazebo_test/install/onrobot_rg_control:/home/matteo-melzer/gazebo_test/install/onrobot_driver:/home/matteo-melzer/ros2_ws/install/py_srvcli:/home/matteo-melzer/ros2_ws/install/py_pubsub:/home/matteo-melzer/ws_moveit/install/moveit_configs_utils:/home/matteo-melzer/ws_moveit/install/launch_param_builder:/opt/ros/humble /usr/bin/cmake --build /home/matteo-melzer/gazebo_test/build/onrobot_rg_description -- -j2 -l2
[0.085s] Invoking command in '/home/matteo-melzer/gazebo_test/build/onrobot_rg_description': CMAKE_PREFIX_PATH=${CMAKE_PREFIX_PATH}:/home/matteo-melzer/gazebo_test/install/onrobot_rg_modbus_tcp:/home/matteo-melzer/gazebo_test/install/onrobot_rg_control:/home/matteo-melzer/gazebo_test/install/onrobot_driver:/home/matteo-melzer/ros2_ws/install/py_srvcli:/home/matteo-melzer/ros2_ws/install/py_pubsub:/home/matteo-melzer/ws_moveit/install/moveit_configs_utils:/home/matteo-melzer/ws_moveit/install/launch_param_builder:/opt/ros/humble /usr/bin/cmake --install /home/matteo-melzer/gazebo_test/build/onrobot_rg_description
[0.097s] -- Install configuration: ""
[0.098s] -- Execute custom install script
[0.099s] -- Up-to-date symlink: /home/matteo-melzer/gazebo_test/install/onrobot_rg_description/share/ament_index/resource_index/package_run_dependencies/onrobot_rg_description
[0.100s] -- Up-to-date symlink: /home/matteo-melzer/gazebo_test/install/onrobot_rg_description/share/ament_index/resource_index/parent_prefix_path/onrobot_rg_description
[0.100s] -- Up-to-date symlink: /home/matteo-melzer/gazebo_test/install/onrobot_rg_description/share/onrobot_rg_description/environment/ament_prefix_path.sh
[0.101s] -- Up-to-date symlink: /home/matteo-melzer/gazebo_test/install/onrobot_rg_description/share/onrobot_rg_description/environment/ament_prefix_path.dsv
[0.102s] -- Up-to-date symlink: /home/matteo-melzer/gazebo_test/install/onrobot_rg_description/share/onrobot_rg_description/environment/path.sh
[0.103s] -- Up-to-date symlink: /home/matteo-melzer/gazebo_test/install/onrobot_rg_description/share/onrobot_rg_description/environment/path.dsv
[0.104s] -- Up-to-date symlink: /home/matteo-melzer/gazebo_test/install/onrobot_rg_description/share/onrobot_rg_description/local_setup.bash
[0.104s] -- Up-to-date symlink: /home/matteo-melzer/gazebo_test/install/onrobot_rg_description/share/onrobot_rg_description/local_setup.sh
[0.105s] -- Up-to-date symlink: /home/matteo-melzer/gazebo_test/install/onrobot_rg_description/share/onrobot_rg_description/local_setup.zsh
[0.105s] -- Up-to-date symlink: /home/matteo-melzer/gazebo_test/install/onrobot_rg_description/share/onrobot_rg_description/local_setup.dsv
[0.106s] -- Symlinking: /home/matteo-melzer/gazebo_test/install/onrobot_rg_description/share/onrobot_rg_description/package.dsv
[0.122s] -- Up-to-date symlink: /home/matteo-melzer/gazebo_test/install/onrobot_rg_description/share/ament_index/resource_index/packages/onrobot_rg_description
[0.122s] -- Up-to-date symlink: /home/matteo-melzer/gazebo_test/install/onrobot_rg_description/share/onrobot_rg_description/cmake/onrobot_rg_descriptionConfig.cmake
[0.123s] -- Up-to-date symlink: /home/matteo-melzer/gazebo_test/install/onrobot_rg_description/share/onrobot_rg_description/cmake/onrobot_rg_descriptionConfig-version.cmake
[0.124s] -- Up-to-date symlink: /home/matteo-melzer/gazebo_test/install/onrobot_rg_description/share/onrobot_rg_description/package.xml
[0.125s] -- Up-to-date symlink: /home/matteo-melzer/gazebo_test/install/onrobot_rg_description/share/onrobot_rg_description/meshes/rg2/collision/base_link.stl
[0.126s] -- Up-to-date symlink: /home/matteo-melzer/gazebo_test/install/onrobot_rg_description/share/onrobot_rg_description/meshes/rg2/collision/inner_finger.stl
[0.126s] -- Up-to-date symlink: /home/matteo-melzer/gazebo_test/install/onrobot_rg_description/share/onrobot_rg_description/meshes/rg2/collision/inner_knuckle.stl
[0.127s] -- Up-to-date symlink: /home/matteo-melzer/gazebo_test/install/onrobot_rg_description/share/onrobot_rg_description/meshes/rg2/collision/outer_knuckle.stl
[0.127s] -- Up-to-date symlink: /home/matteo-melzer/gazebo_test/install/onrobot_rg_description/share/onrobot_rg_description/meshes/rg2/visual/base_link.stl
[0.127s] -- Up-to-date symlink: /home/matteo-melzer/gazebo_test/install/onrobot_rg_description/share/onrobot_rg_description/meshes/rg2/visual/inner_finger.stl
[0.127s] -- Up-to-date symlink: /home/matteo-melzer/gazebo_test/install/onrobot_rg_description/share/onrobot_rg_description/meshes/rg2/visual/inner_knuckle.stl
[0.127s] -- Up-to-date symlink: /home/matteo-melzer/gazebo_test/install/onrobot_rg_description/share/onrobot_rg_description/meshes/rg2/visual/outer_knuckle.stl
[0.128s] -- Up-to-date symlink: /home/matteo-melzer/gazebo_test/install/onrobot_rg_description/share/onrobot_rg_description/meshes/rg6/collision/base.stl
[0.129s] -- Up-to-date symlink: /home/matteo-melzer/gazebo_test/install/onrobot_rg_description/share/onrobot_rg_description/meshes/rg6/collision/base_link.stl
[0.129s] -- Up-to-date symlink: /home/matteo-melzer/gazebo_test/install/onrobot_rg_description/share/onrobot_rg_description/meshes/rg6/collision/inner_finger.stl
[0.131s] -- Up-to-date symlink: /home/matteo-melzer/gazebo_test/install/onrobot_rg_description/share/onrobot_rg_description/meshes/rg6/collision/inner_knuckle.stl
[0.132s] -- Up-to-date symlink: /home/matteo-melzer/gazebo_test/install/onrobot_rg_description/share/onrobot_rg_description/meshes/rg6/collision/outer_knuckle.stl
[0.132s] -- Up-to-date symlink: /home/matteo-melzer/gazebo_test/install/onrobot_rg_description/share/onrobot_rg_description/meshes/rg6/visual/base.stl
[0.134s] -- Up-to-date symlink: /home/matteo-melzer/gazebo_test/install/onrobot_rg_description/share/onrobot_rg_description/meshes/rg6/visual/base_link.stl
[0.136s] -- Up-to-date symlink: /home/matteo-melzer/gazebo_test/install/onrobot_rg_description/share/onrobot_rg_description/meshes/rg6/visual/inner_finger.stl
[0.136s] -- Up-to-date symlink: /home/matteo-melzer/gazebo_test/install/onrobot_rg_description/share/onrobot_rg_description/meshes/rg6/visual/inner_knuckle.stl
[0.138s] -- Up-to-date symlink: /home/matteo-melzer/gazebo_test/install/onrobot_rg_description/share/onrobot_rg_description/meshes/rg6/visual/outer_knuckle.stl
[0.138s] -- Up-to-date symlink: /home/matteo-melzer/gazebo_test/install/onrobot_rg_description/share/onrobot_rg_description/urdf/onrobot_rg2.xacro
[0.140s] -- Up-to-date symlink: /home/matteo-melzer/gazebo_test/install/onrobot_rg_description/share/onrobot_rg_description/urdf/onrobot_rg2_gazebo.xacro
[0.140s] -- Up-to-date symlink: /home/matteo-melzer/gazebo_test/install/onrobot_rg_description/share/onrobot_rg_description/urdf/onrobot_rg2_model.xacro
[0.142s] -- Up-to-date symlink: /home/matteo-melzer/gazebo_test/install/onrobot_rg_description/share/onrobot_rg_description/urdf/onrobot_rg2_model_macro.xacro
[0.142s] -- Up-to-date symlink: /home/matteo-melzer/gazebo_test/install/onrobot_rg_description/share/onrobot_rg_description/urdf/onrobot_rg2_transmission.xacro
[0.143s] -- Up-to-date symlink: /home/matteo-melzer/gazebo_test/install/onrobot_rg_description/share/onrobot_rg_description/urdf/onrobot_rg6.urdf
[0.146s] -- Up-to-date symlink: /home/matteo-melzer/gazebo_test/install/onrobot_rg_description/share/onrobot_rg_description/urdf/onrobot_rg6.xacro
[0.147s] -- Up-to-date symlink: /home/matteo-melzer/gazebo_test/install/onrobot_rg_description/share/onrobot_rg_description/urdf/onrobot_rg6/.thumbs/256x256/onrobot_rg6.usd.png
[0.148s] -- Up-to-date symlink: /home/matteo-melzer/gazebo_test/install/onrobot_rg_description/share/onrobot_rg_description/urdf/onrobot_rg6/configuration/.thumbs/256x256/onrobot_rg6_base.usd.png
[0.148s] -- Up-to-date symlink: /home/matteo-melzer/gazebo_test/install/onrobot_rg_description/share/onrobot_rg_description/urdf/onrobot_rg6/configuration/.thumbs/256x256/onrobot_rg6_physics.usd.png
[0.150s] -- Up-to-date symlink: /home/matteo-melzer/gazebo_test/install/onrobot_rg_description/share/onrobot_rg_description/urdf/onrobot_rg6/configuration/onrobot_rg6_base.usd
[0.151s] -- Up-to-date symlink: /home/matteo-melzer/gazebo_test/install/onrobot_rg_description/share/onrobot_rg_description/urdf/onrobot_rg6/configuration/onrobot_rg6_physics.usd
[0.153s] -- Up-to-date symlink: /home/matteo-melzer/gazebo_test/install/onrobot_rg_description/share/onrobot_rg_description/urdf/onrobot_rg6/configuration/onrobot_rg6_sensor.usd
[0.153s] -- Up-to-date symlink: /home/matteo-melzer/gazebo_test/install/onrobot_rg_description/share/onrobot_rg_description/urdf/onrobot_rg6/onrobot_rg6.usd
[0.154s] -- Up-to-date symlink: /home/matteo-melzer/gazebo_test/install/onrobot_rg_description/share/onrobot_rg_description/urdf/onrobot_rg6_gazebo.xacro
[0.155s] -- Up-to-date symlink: /home/matteo-melzer/gazebo_test/install/onrobot_rg_description/share/onrobot_rg_description/urdf/onrobot_rg6_model.xacro
[0.159s] -- Up-to-date symlink: /home/matteo-melzer/gazebo_test/install/onrobot_rg_description/share/onrobot_rg_description/urdf/onrobot_rg6_model_macro.xacro
[0.160s] -- Up-to-date symlink: /home/matteo-melzer/gazebo_test/install/onrobot_rg_description/share/onrobot_rg_description/urdf/onrobot_rg6_standalone.xacro
[0.161s] -- Up-to-date symlink: /home/matteo-melzer/gazebo_test/install/onrobot_rg_description/share/onrobot_rg_description/urdf/onrobot_rg6_transmission.xacro
[0.161s] Invoked command in '/home/matteo-melzer/gazebo_test/build/onrobot_rg_description' returned '0': CMAKE_PREFIX_PATH=${CMAKE_PREFIX_PATH}:/home/matteo-melzer/gazebo_test/install/onrobot_rg_modbus_tcp:/home/matteo-melzer/gazebo_test/install/onrobot_rg_control:/home/matteo-melzer/gazebo_test/install/onrobot_driver:/home/matteo-melzer/ros2_ws/install/py_srvcli:/home/matteo-melzer/ros2_ws/install/py_pubsub:/home/matteo-melzer/ws_moveit/install/moveit_configs_utils:/home/matteo-melzer/ws_moveit/install/launch_param_builder:/opt/ros/humble /usr/bin/cmake --install /home/matteo-melzer/gazebo_test/build/onrobot_rg_description
