[0.020s] Invoking command in '/home/matteo-melzer/gazebo_test/build/net_ft_diagnostic_broadcaster': CMAKE_PREFIX_PATH=${CMAKE_PREFIX_PATH}:/home/matteo-melzer/ros2_ws/install/py_srvcli:/home/matteo-melzer/ros2_ws/install/py_pubsub:/home/matteo-melzer/ws_moveit/install/moveit_configs_utils:/home/matteo-melzer/ws_moveit/install/launch_param_builder:/opt/ros/humble /usr/bin/cmake /home/matteo-melzer/gazebo_test/src/ros2_net_ft_driver/net_ft_diagnostic_broadcaster -DCMAKE_INSTALL_PREFIX=/home/matteo-melzer/gazebo_test/install/net_ft_diagnostic_broadcaster
[0.040s] -- Found ament_cmake: 1.3.11 (/opt/ros/humble/share/ament_cmake/cmake)
[0.199s] -- Found controller_interface: 2.51.0 (/opt/ros/humble/share/controller_interface/cmake)
[0.226s] -- Found rosidl_generator_c: 3.1.6 (/opt/ros/humble/share/rosidl_generator_c/cmake)
[0.228s] -- Found rosidl_adapter: 3.1.6 (/opt/ros/humble/share/rosidl_adapter/cmake)
[0.234s] -- Found rosidl_generator_cpp: 3.1.6 (/opt/ros/humble/share/rosidl_generator_cpp/cmake)
[0.244s] -- Using all available rosidl_typesupport_c: rosidl_typesupport_fastrtps_c;rosidl_typesupport_introspection_c
[0.255s] -- Using all available rosidl_typesupport_cpp: rosidl_typesupport_fastrtps_cpp;rosidl_typesupport_introspection_cpp
[0.429s] -- Found rmw_implementation_cmake: 6.1.2 (/opt/ros/humble/share/rmw_implementation_cmake/cmake)
[0.429s] -- Found rmw_fastrtps_cpp: 6.2.7 (/opt/ros/humble/share/rmw_fastrtps_cpp/cmake)
[0.440s] -- Found TinyXML2 via Config file: TinyXML2_DIR-NOTFOUND
[0.453s] -- Found TinyXML2 via Config file: TinyXML2_DIR-NOTFOUND
[0.475s] -- Found TinyXML2 via Config file: TinyXML2_DIR-NOTFOUND
[0.486s] -- Found TinyXML2 via Config file: TinyXML2_DIR-NOTFOUND
[0.501s] -- Using RMW implementation 'rmw_fastrtps_cpp' as default
[0.539s] -- Found diagnostic_msgs: 4.9.0 (/opt/ros/humble/share/diagnostic_msgs/cmake)
[0.575s] -- Configuring incomplete, errors occurred!
[0.575s] [31mCMake Error at CMakeLists.txt:20 (find_package):
[0.575s]   By not providing "Finddiagnostic_updater.cmake" in CMAKE_MODULE_PATH this
[0.575s]   project has asked CMake to find a package configuration file provided by
[0.575s]   "diagnostic_updater", but CMake did not find one.
[0.575s] 
[0.575s]   Could not find a package configuration file provided by
[0.575s]   "diagnostic_updater" with any of the following names:
[0.575s] 
[0.575s]     diagnostic_updaterConfig.cmake
[0.575s]     diagnostic_updater-config.cmake
[0.575s] 
[0.575s]   Add the installation prefix of "diagnostic_updater" to CMAKE_PREFIX_PATH or
[0.575s]   set "diagnostic_updater_DIR" to a directory containing one of the above
[0.575s]   files.  If "diagnostic_updater" provides a separate development package or
[0.575s]   SDK, be sure it has been installed.
[0.576s] 
[0.576s] [0m
[0.576s] See also "/home/matteo-melzer/gazebo_test/build/net_ft_diagnostic_broadcaster/CMakeFiles/CMakeOutput.log".
