-- Install configuration: ""
-- Up-to-date: /home/matteo-melzer/gazebo_test/install/ur10e_gazebo_sim/share/ur10e_gazebo_sim/launch
-- Installing: /home/matteo-melzer/gazebo_test/install/ur10e_gazebo_sim/share/ur10e_gazebo_sim/launch/view_ur10e.launch.py
-- Up-to-date: /home/matteo-melzer/gazebo_test/install/ur10e_gazebo_sim/share/ur10e_gazebo_sim/urdf
-- Up-to-date: /home/matteo-melzer/gazebo_test/install/ur10e_gazebo_sim/share/ur10e_gazebo_sim/urdf/ur10e.ros2_control.xacro
-- Up-to-date: /home/matteo-melzer/gazebo_test/install/ur10e_gazebo_sim/share/ur10e_gazebo_sim/urdf/ur10e_macro.xacro
-- Installing: /home/matteo-melzer/gazebo_test/install/ur10e_gazebo_sim/share/ur10e_gazebo_sim/urdf/ur10e_flex.urdf.xacro
-- Up-to-date: /home/matteo-melzer/gazebo_test/install/ur10e_gazebo_sim/share/ur10e_gazebo_sim/urdf/simple_table.urdf.xacro
-- Up-to-date: /home/matteo-melzer/gazebo_test/install/ur10e_gazebo_sim/share/ur10e_gazebo_sim/config
-- Up-to-date: /home/matteo-melzer/gazebo_test/install/ur10e_gazebo_sim/share/ur10e_gazebo_sim/config/ur10e_controllers.yaml
-- Up-to-date: /home/matteo-melzer/gazebo_test/install/ur10e_gazebo_sim/share/ur10e_gazebo_sim/config/initial_positions.yaml
-- Up-to-date: /home/matteo-melzer/gazebo_test/install/ur10e_gazebo_sim/share/ament_index/resource_index/package_run_dependencies/ur10e_gazebo_sim
-- Up-to-date: /home/matteo-melzer/gazebo_test/install/ur10e_gazebo_sim/share/ament_index/resource_index/parent_prefix_path/ur10e_gazebo_sim
-- Up-to-date: /home/matteo-melzer/gazebo_test/install/ur10e_gazebo_sim/share/ur10e_gazebo_sim/environment/ament_prefix_path.sh
-- Up-to-date: /home/matteo-melzer/gazebo_test/install/ur10e_gazebo_sim/share/ur10e_gazebo_sim/environment/ament_prefix_path.dsv
-- Up-to-date: /home/matteo-melzer/gazebo_test/install/ur10e_gazebo_sim/share/ur10e_gazebo_sim/environment/path.sh
-- Up-to-date: /home/matteo-melzer/gazebo_test/install/ur10e_gazebo_sim/share/ur10e_gazebo_sim/environment/path.dsv
-- Up-to-date: /home/matteo-melzer/gazebo_test/install/ur10e_gazebo_sim/share/ur10e_gazebo_sim/local_setup.bash
-- Up-to-date: /home/matteo-melzer/gazebo_test/install/ur10e_gazebo_sim/share/ur10e_gazebo_sim/local_setup.sh
-- Up-to-date: /home/matteo-melzer/gazebo_test/install/ur10e_gazebo_sim/share/ur10e_gazebo_sim/local_setup.zsh
-- Up-to-date: /home/matteo-melzer/gazebo_test/install/ur10e_gazebo_sim/share/ur10e_gazebo_sim/local_setup.dsv
-- Up-to-date: /home/matteo-melzer/gazebo_test/install/ur10e_gazebo_sim/share/ur10e_gazebo_sim/package.dsv
-- Up-to-date: /home/matteo-melzer/gazebo_test/install/ur10e_gazebo_sim/share/ament_index/resource_index/packages/ur10e_gazebo_sim
-- Up-to-date: /home/matteo-melzer/gazebo_test/install/ur10e_gazebo_sim/share/ur10e_gazebo_sim/cmake/ur10e_gazebo_simConfig.cmake
-- Up-to-date: /home/matteo-melzer/gazebo_test/install/ur10e_gazebo_sim/share/ur10e_gazebo_sim/cmake/ur10e_gazebo_simConfig-version.cmake
-- Up-to-date: /home/matteo-melzer/gazebo_test/install/ur10e_gazebo_sim/share/ur10e_gazebo_sim/package.xml
