[0.725s] Invoking command in '/home/matteo-melzer/gazebo_test/build/onrobot_rg_modbus_tcp': PYTHONPATH=/home/matteo-melzer/gazebo_test/build/onrobot_rg_modbus_tcp/prefix_override:/usr/lib/python3/dist-packages/colcon_core/task/python/colcon_distutils_commands:/home/matteo-melzer/gazebo_test/install/onrobot_rg_modbus_tcp/lib/python3.10/site-packages:${PYTHONPATH} /usr/bin/python3 -W ignore:setup.py install is deprecated -W ignore:easy_install command is deprecated setup.py develop --editable --build-directory /home/matteo-melzer/gazebo_test/build/onrobot_rg_modbus_tcp/build --no-deps symlink_data
[0.990s] running develop
[1.175s] running egg_info
[1.175s] creating onrobot_rg_modbus_tcp.egg-info
[1.176s] writing onrobot_rg_modbus_tcp.egg-info/PKG-INFO
[1.176s] writing dependency_links to onrobot_rg_modbus_tcp.egg-info/dependency_links.txt
[1.177s] writing entry points to onrobot_rg_modbus_tcp.egg-info/entry_points.txt
[1.177s] writing requirements to onrobot_rg_modbus_tcp.egg-info/requires.txt
[1.177s] writing top-level names to onrobot_rg_modbus_tcp.egg-info/top_level.txt
[1.177s] writing manifest file 'onrobot_rg_modbus_tcp.egg-info/SOURCES.txt'
[1.178s] reading manifest file 'onrobot_rg_modbus_tcp.egg-info/SOURCES.txt'
[1.179s] writing manifest file 'onrobot_rg_modbus_tcp.egg-info/SOURCES.txt'
[1.181s] running build_ext
[1.181s] Creating /home/matteo-melzer/gazebo_test/install/onrobot_rg_modbus_tcp/lib/python3.10/site-packages/onrobot-rg-modbus-tcp.egg-link (link to .)
[1.182s] 
[1.182s] Installed /home/matteo-melzer/gazebo_test/build/onrobot_rg_modbus_tcp
[1.182s] running symlink_data
[1.182s] creating /home/matteo-melzer/gazebo_test/install/onrobot_rg_modbus_tcp/share/ament_index
[1.182s] creating /home/matteo-melzer/gazebo_test/install/onrobot_rg_modbus_tcp/share/ament_index/resource_index
[1.183s] creating /home/matteo-melzer/gazebo_test/install/onrobot_rg_modbus_tcp/share/ament_index/resource_index/packages
[1.183s] symbolically linking /home/matteo-melzer/gazebo_test/build/onrobot_rg_modbus_tcp/resource/onrobot_rg_modbus_tcp -> /home/matteo-melzer/gazebo_test/install/onrobot_rg_modbus_tcp/share/ament_index/resource_index/packages
[1.183s] symbolically linking /home/matteo-melzer/gazebo_test/build/onrobot_rg_modbus_tcp/package.xml -> /home/matteo-melzer/gazebo_test/install/onrobot_rg_modbus_tcp/share/onrobot_rg_modbus_tcp
[1.207s] Invoked command in '/home/matteo-melzer/gazebo_test/build/onrobot_rg_modbus_tcp' returned '0': PYTHONPATH=/home/matteo-melzer/gazebo_test/build/onrobot_rg_modbus_tcp/prefix_override:/usr/lib/python3/dist-packages/colcon_core/task/python/colcon_distutils_commands:/home/matteo-melzer/gazebo_test/install/onrobot_rg_modbus_tcp/lib/python3.10/site-packages:${PYTHONPATH} /usr/bin/python3 -W ignore:setup.py install is deprecated -W ignore:easy_install command is deprecated setup.py develop --editable --build-directory /home/matteo-melzer/gazebo_test/build/onrobot_rg_modbus_tcp/build --no-deps symlink_data
