running develop
Removing /home/matteo-melzer/gazebo_test/install/onrobot_rg_control/lib/python3.10/site-packages/onrobot-rg-control.egg-link (link to .)
running egg_info
writing ../../../build/onrobot_rg_control/onrobot_rg_control.egg-info/PKG-INFO
writing dependency_links to ../../../build/onrobot_rg_control/onrobot_rg_control.egg-info/dependency_links.txt
writing entry points to ../../../build/onrobot_rg_control/onrobot_rg_control.egg-info/entry_points.txt
writing requirements to ../../../build/onrobot_rg_control/onrobot_rg_control.egg-info/requires.txt
writing top-level names to ../../../build/onrobot_rg_control/onrobot_rg_control.egg-info/top_level.txt
reading manifest file '../../../build/onrobot_rg_control/onrobot_rg_control.egg-info/SOURCES.txt'
writing manifest file '../../../build/onrobot_rg_control/onrobot_rg_control.egg-info/SOURCES.txt'
running build
running build_py
creating /home/matteo-melzer/gazebo_test/build/onrobot_rg_control/build
creating /home/matteo-melzer/gazebo_test/build/onrobot_rg_control/build/lib
creating /home/matteo-melzer/gazebo_test/build/onrobot_rg_control/build/lib/onrobot_rg_control
copying onrobot_rg_control/OnRobotRGController.py -> /home/matteo-melzer/gazebo_test/build/onrobot_rg_control/build/lib/onrobot_rg_control
copying onrobot_rg_control/_OnRobotRGIsaacSimController.py -> /home/matteo-melzer/gazebo_test/build/onrobot_rg_control/build/lib/onrobot_rg_control
copying onrobot_rg_control/_baseOnRobotRG.py -> /home/matteo-melzer/gazebo_test/build/onrobot_rg_control/build/lib/onrobot_rg_control
copying onrobot_rg_control/_OnRobotRGStatusListener.py -> /home/matteo-melzer/gazebo_test/build/onrobot_rg_control/build/lib/onrobot_rg_control
copying onrobot_rg_control/__init__.py -> /home/matteo-melzer/gazebo_test/build/onrobot_rg_control/build/lib/onrobot_rg_control
copying onrobot_rg_control/OnRobotRGControllerServer.py -> /home/matteo-melzer/gazebo_test/build/onrobot_rg_control/build/lib/onrobot_rg_control
creating /home/matteo-melzer/gazebo_test/build/onrobot_rg_control/build/lib/onrobot_rg_control/onrobot_rg_communication
copying onrobot_rg_control/onrobot_rg_communication/comBase.py -> /home/matteo-melzer/gazebo_test/build/onrobot_rg_control/build/lib/onrobot_rg_control/onrobot_rg_communication
copying onrobot_rg_control/onrobot_rg_communication/__init__.py -> /home/matteo-melzer/gazebo_test/build/onrobot_rg_control/build/lib/onrobot_rg_control/onrobot_rg_communication
copying onrobot_rg_control/onrobot_rg_communication/comModbusTcp.py -> /home/matteo-melzer/gazebo_test/build/onrobot_rg_control/build/lib/onrobot_rg_control/onrobot_rg_communication
copying onrobot_rg_control/onrobot_rg_communication/comIsaacSim.py -> /home/matteo-melzer/gazebo_test/build/onrobot_rg_control/build/lib/onrobot_rg_control/onrobot_rg_communication
running install
running install_lib
creating /home/matteo-melzer/gazebo_test/install/onrobot_rg_control/lib/python3.10/site-packages/onrobot_rg_control
copying /home/matteo-melzer/gazebo_test/build/onrobot_rg_control/build/lib/onrobot_rg_control/OnRobotRGController.py -> /home/matteo-melzer/gazebo_test/install/onrobot_rg_control/lib/python3.10/site-packages/onrobot_rg_control
copying /home/matteo-melzer/gazebo_test/build/onrobot_rg_control/build/lib/onrobot_rg_control/_OnRobotRGIsaacSimController.py -> /home/matteo-melzer/gazebo_test/install/onrobot_rg_control/lib/python3.10/site-packages/onrobot_rg_control
copying /home/matteo-melzer/gazebo_test/build/onrobot_rg_control/build/lib/onrobot_rg_control/_baseOnRobotRG.py -> /home/matteo-melzer/gazebo_test/install/onrobot_rg_control/lib/python3.10/site-packages/onrobot_rg_control
creating /home/matteo-melzer/gazebo_test/install/onrobot_rg_control/lib/python3.10/site-packages/onrobot_rg_control/onrobot_rg_communication
copying /home/matteo-melzer/gazebo_test/build/onrobot_rg_control/build/lib/onrobot_rg_control/onrobot_rg_communication/comBase.py -> /home/matteo-melzer/gazebo_test/install/onrobot_rg_control/lib/python3.10/site-packages/onrobot_rg_control/onrobot_rg_communication
copying /home/matteo-melzer/gazebo_test/build/onrobot_rg_control/build/lib/onrobot_rg_control/onrobot_rg_communication/__init__.py -> /home/matteo-melzer/gazebo_test/install/onrobot_rg_control/lib/python3.10/site-packages/onrobot_rg_control/onrobot_rg_communication
copying /home/matteo-melzer/gazebo_test/build/onrobot_rg_control/build/lib/onrobot_rg_control/onrobot_rg_communication/comModbusTcp.py -> /home/matteo-melzer/gazebo_test/install/onrobot_rg_control/lib/python3.10/site-packages/onrobot_rg_control/onrobot_rg_communication
copying /home/matteo-melzer/gazebo_test/build/onrobot_rg_control/build/lib/onrobot_rg_control/onrobot_rg_communication/comIsaacSim.py -> /home/matteo-melzer/gazebo_test/install/onrobot_rg_control/lib/python3.10/site-packages/onrobot_rg_control/onrobot_rg_communication
copying /home/matteo-melzer/gazebo_test/build/onrobot_rg_control/build/lib/onrobot_rg_control/_OnRobotRGStatusListener.py -> /home/matteo-melzer/gazebo_test/install/onrobot_rg_control/lib/python3.10/site-packages/onrobot_rg_control
copying /home/matteo-melzer/gazebo_test/build/onrobot_rg_control/build/lib/onrobot_rg_control/__init__.py -> /home/matteo-melzer/gazebo_test/install/onrobot_rg_control/lib/python3.10/site-packages/onrobot_rg_control
copying /home/matteo-melzer/gazebo_test/build/onrobot_rg_control/build/lib/onrobot_rg_control/OnRobotRGControllerServer.py -> /home/matteo-melzer/gazebo_test/install/onrobot_rg_control/lib/python3.10/site-packages/onrobot_rg_control
byte-compiling /home/matteo-melzer/gazebo_test/install/onrobot_rg_control/lib/python3.10/site-packages/onrobot_rg_control/OnRobotRGController.py to OnRobotRGController.cpython-310.pyc
byte-compiling /home/matteo-melzer/gazebo_test/install/onrobot_rg_control/lib/python3.10/site-packages/onrobot_rg_control/_OnRobotRGIsaacSimController.py to _OnRobotRGIsaacSimController.cpython-310.pyc
byte-compiling /home/matteo-melzer/gazebo_test/install/onrobot_rg_control/lib/python3.10/site-packages/onrobot_rg_control/_baseOnRobotRG.py to _baseOnRobotRG.cpython-310.pyc
byte-compiling /home/matteo-melzer/gazebo_test/install/onrobot_rg_control/lib/python3.10/site-packages/onrobot_rg_control/onrobot_rg_communication/comBase.py to comBase.cpython-310.pyc
byte-compiling /home/matteo-melzer/gazebo_test/install/onrobot_rg_control/lib/python3.10/site-packages/onrobot_rg_control/onrobot_rg_communication/__init__.py to __init__.cpython-310.pyc
byte-compiling /home/matteo-melzer/gazebo_test/install/onrobot_rg_control/lib/python3.10/site-packages/onrobot_rg_control/onrobot_rg_communication/comModbusTcp.py to comModbusTcp.cpython-310.pyc
byte-compiling /home/matteo-melzer/gazebo_test/install/onrobot_rg_control/lib/python3.10/site-packages/onrobot_rg_control/onrobot_rg_communication/comIsaacSim.py to comIsaacSim.cpython-310.pyc
byte-compiling /home/matteo-melzer/gazebo_test/install/onrobot_rg_control/lib/python3.10/site-packages/onrobot_rg_control/_OnRobotRGStatusListener.py to _OnRobotRGStatusListener.cpython-310.pyc
byte-compiling /home/matteo-melzer/gazebo_test/install/onrobot_rg_control/lib/python3.10/site-packages/onrobot_rg_control/__init__.py to __init__.cpython-310.pyc
byte-compiling /home/matteo-melzer/gazebo_test/install/onrobot_rg_control/lib/python3.10/site-packages/onrobot_rg_control/OnRobotRGControllerServer.py to OnRobotRGControllerServer.cpython-310.pyc
running install_data
copying resource/onrobot_rg_control -> /home/matteo-melzer/gazebo_test/install/onrobot_rg_control/share/ament_index/resource_index/packages
copying package.xml -> /home/matteo-melzer/gazebo_test/install/onrobot_rg_control/share/onrobot_rg_control
copying launch/bringup.launch.py -> /home/matteo-melzer/gazebo_test/install/onrobot_rg_control/share/onrobot_rg_control/launch
running install_egg_info
Copying ../../../build/onrobot_rg_control/onrobot_rg_control.egg-info to /home/matteo-melzer/gazebo_test/install/onrobot_rg_control/lib/python3.10/site-packages/onrobot_rg_control-2.0.0-py3.10.egg-info
running install_scripts
Installing OnRobotRGController script to /home/matteo-melzer/gazebo_test/install/onrobot_rg_control/lib/onrobot_rg_control
Installing OnRobotRGControllerServer script to /home/matteo-melzer/gazebo_test/install/onrobot_rg_control/lib/onrobot_rg_control
writing list of installed files to '/home/matteo-melzer/gazebo_test/build/onrobot_rg_control/install.log'
