[0.035s] Invoking command in '/home/matteo-melzer/gazebo_test/build/onrobot_rg_description': CMAKE_PREFIX_PATH=${CMAKE_PREFIX_PATH}:/home/matteo-melzer/gazebo_test/install/onrobot_rg_modbus_tcp:/home/matteo-melzer/gazebo_test/install/onrobot_rg_control:/home/matteo-melzer/gazebo_test/install/onrobot_driver:/home/matteo-melzer/ros2_ws/install/py_srvcli:/home/matteo-melzer/ros2_ws/install/py_pubsub:/home/matteo-melzer/ws_moveit/install/moveit_configs_utils:/home/matteo-melzer/ws_moveit/install/launch_param_builder:/opt/ros/humble /usr/bin/cmake /home/matteo-melzer/gazebo_test/src/onrobot-ros2/onrobot_rg_description -DAMENT_CMAKE_SYMLINK_INSTALL=1 -DCMAKE_INSTALL_PREFIX=/home/matteo-melzer/gazebo_test/install/onrobot_rg_description
[0.228s] -- The C compiler identification is GNU 11.4.0
[0.384s] -- The CXX compiler identification is GNU 11.4.0
[0.402s] -- Detecting C compiler ABI info
[0.660s] -- Detecting C compiler ABI info - done
[0.675s] -- Check for working C compiler: /usr/bin/cc - skipped
[0.676s] -- Detecting C compile features
[0.676s] -- Detecting C compile features - done
[0.684s] -- Detecting CXX compiler ABI info
[0.933s] -- Detecting CXX compiler ABI info - done
[0.947s] -- Check for working CXX compiler: /usr/bin/c++ - skipped
[0.948s] -- Detecting CXX compile features
[0.948s] -- Detecting CXX compile features - done
[0.976s] -- Found ament_cmake: 1.3.11 (/opt/ros/humble/share/ament_cmake/cmake)
[1.407s] -- Found Python3: /usr/bin/python3 (found version "3.10.12") found components: Interpreter 
[1.499s] -- Override CMake install command with custom implementation using symlinks instead of copying resources
[1.794s] -- Configuring done
[1.802s] -- Generating done
[1.809s] -- Build files have been written to: /home/matteo-melzer/gazebo_test/build/onrobot_rg_description
[1.817s] Invoked command in '/home/matteo-melzer/gazebo_test/build/onrobot_rg_description' returned '0': CMAKE_PREFIX_PATH=${CMAKE_PREFIX_PATH}:/home/matteo-melzer/gazebo_test/install/onrobot_rg_modbus_tcp:/home/matteo-melzer/gazebo_test/install/onrobot_rg_control:/home/matteo-melzer/gazebo_test/install/onrobot_driver:/home/matteo-melzer/ros2_ws/install/py_srvcli:/home/matteo-melzer/ros2_ws/install/py_pubsub:/home/matteo-melzer/ws_moveit/install/moveit_configs_utils:/home/matteo-melzer/ws_moveit/install/launch_param_builder:/opt/ros/humble /usr/bin/cmake /home/matteo-melzer/gazebo_test/src/onrobot-ros2/onrobot_rg_description -DAMENT_CMAKE_SYMLINK_INSTALL=1 -DCMAKE_INSTALL_PREFIX=/home/matteo-melzer/gazebo_test/install/onrobot_rg_description
[1.822s] Invoking command in '/home/matteo-melzer/gazebo_test/build/onrobot_rg_description': CMAKE_PREFIX_PATH=${CMAKE_PREFIX_PATH}:/home/matteo-melzer/gazebo_test/install/onrobot_rg_modbus_tcp:/home/matteo-melzer/gazebo_test/install/onrobot_rg_control:/home/matteo-melzer/gazebo_test/install/onrobot_driver:/home/matteo-melzer/ros2_ws/install/py_srvcli:/home/matteo-melzer/ros2_ws/install/py_pubsub:/home/matteo-melzer/ws_moveit/install/moveit_configs_utils:/home/matteo-melzer/ws_moveit/install/launch_param_builder:/opt/ros/humble /usr/bin/cmake --build /home/matteo-melzer/gazebo_test/build/onrobot_rg_description -- -j2 -l2
[1.955s] Invoked command in '/home/matteo-melzer/gazebo_test/build/onrobot_rg_description' returned '0': CMAKE_PREFIX_PATH=${CMAKE_PREFIX_PATH}:/home/matteo-melzer/gazebo_test/install/onrobot_rg_modbus_tcp:/home/matteo-melzer/gazebo_test/install/onrobot_rg_control:/home/matteo-melzer/gazebo_test/install/onrobot_driver:/home/matteo-melzer/ros2_ws/install/py_srvcli:/home/matteo-melzer/ros2_ws/install/py_pubsub:/home/matteo-melzer/ws_moveit/install/moveit_configs_utils:/home/matteo-melzer/ws_moveit/install/launch_param_builder:/opt/ros/humble /usr/bin/cmake --build /home/matteo-melzer/gazebo_test/build/onrobot_rg_description -- -j2 -l2
[1.955s] Invoking command in '/home/matteo-melzer/gazebo_test/build/onrobot_rg_description': CMAKE_PREFIX_PATH=${CMAKE_PREFIX_PATH}:/home/matteo-melzer/gazebo_test/install/onrobot_rg_modbus_tcp:/home/matteo-melzer/gazebo_test/install/onrobot_rg_control:/home/matteo-melzer/gazebo_test/install/onrobot_driver:/home/matteo-melzer/ros2_ws/install/py_srvcli:/home/matteo-melzer/ros2_ws/install/py_pubsub:/home/matteo-melzer/ws_moveit/install/moveit_configs_utils:/home/matteo-melzer/ws_moveit/install/launch_param_builder:/opt/ros/humble /usr/bin/cmake --install /home/matteo-melzer/gazebo_test/build/onrobot_rg_description
[1.987s] -- Install configuration: ""
[1.987s] -- Execute custom install script
[1.989s] -- Symlinking: /home/matteo-melzer/gazebo_test/install/onrobot_rg_description/share/ament_index/resource_index/package_run_dependencies/onrobot_rg_description
[2.019s] -- Symlinking: /home/matteo-melzer/gazebo_test/install/onrobot_rg_description/share/ament_index/resource_index/parent_prefix_path/onrobot_rg_description
[2.065s] -- Symlinking: /home/matteo-melzer/gazebo_test/install/onrobot_rg_description/share/onrobot_rg_description/environment/ament_prefix_path.sh
[2.106s] -- Symlinking: /home/matteo-melzer/gazebo_test/install/onrobot_rg_description/share/onrobot_rg_description/environment/ament_prefix_path.dsv
[2.144s] -- Symlinking: /home/matteo-melzer/gazebo_test/install/onrobot_rg_description/share/onrobot_rg_description/environment/path.sh
[2.173s] -- Symlinking: /home/matteo-melzer/gazebo_test/install/onrobot_rg_description/share/onrobot_rg_description/environment/path.dsv
[2.208s] -- Symlinking: /home/matteo-melzer/gazebo_test/install/onrobot_rg_description/share/onrobot_rg_description/local_setup.bash
[2.243s] -- Symlinking: /home/matteo-melzer/gazebo_test/install/onrobot_rg_description/share/onrobot_rg_description/local_setup.sh
[2.275s] -- Symlinking: /home/matteo-melzer/gazebo_test/install/onrobot_rg_description/share/onrobot_rg_description/local_setup.zsh
[2.308s] -- Symlinking: /home/matteo-melzer/gazebo_test/install/onrobot_rg_description/share/onrobot_rg_description/local_setup.dsv
[2.339s] -- Symlinking: /home/matteo-melzer/gazebo_test/install/onrobot_rg_description/share/onrobot_rg_description/package.dsv
[2.367s] -- Symlinking: /home/matteo-melzer/gazebo_test/install/onrobot_rg_description/share/ament_index/resource_index/packages/onrobot_rg_description
[2.397s] -- Symlinking: /home/matteo-melzer/gazebo_test/install/onrobot_rg_description/share/onrobot_rg_description/cmake/onrobot_rg_descriptionConfig.cmake
[2.425s] -- Symlinking: /home/matteo-melzer/gazebo_test/install/onrobot_rg_description/share/onrobot_rg_description/cmake/onrobot_rg_descriptionConfig-version.cmake
[2.453s] -- Symlinking: /home/matteo-melzer/gazebo_test/install/onrobot_rg_description/share/onrobot_rg_description/package.xml
[2.480s] -- Symlinking: /home/matteo-melzer/gazebo_test/install/onrobot_rg_description/share/onrobot_rg_description/meshes/rg2/collision/base_link.stl
[2.508s] -- Symlinking: /home/matteo-melzer/gazebo_test/install/onrobot_rg_description/share/onrobot_rg_description/meshes/rg2/collision/inner_finger.stl
[2.533s] -- Symlinking: /home/matteo-melzer/gazebo_test/install/onrobot_rg_description/share/onrobot_rg_description/meshes/rg2/collision/inner_knuckle.stl
[2.560s] -- Symlinking: /home/matteo-melzer/gazebo_test/install/onrobot_rg_description/share/onrobot_rg_description/meshes/rg2/collision/outer_knuckle.stl
[2.585s] -- Symlinking: /home/matteo-melzer/gazebo_test/install/onrobot_rg_description/share/onrobot_rg_description/meshes/rg2/visual/base_link.stl
[2.614s] -- Symlinking: /home/matteo-melzer/gazebo_test/install/onrobot_rg_description/share/onrobot_rg_description/meshes/rg2/visual/inner_finger.stl
[2.649s] -- Symlinking: /home/matteo-melzer/gazebo_test/install/onrobot_rg_description/share/onrobot_rg_description/meshes/rg2/visual/inner_knuckle.stl
[2.681s] -- Symlinking: /home/matteo-melzer/gazebo_test/install/onrobot_rg_description/share/onrobot_rg_description/meshes/rg2/visual/outer_knuckle.stl
[2.714s] -- Symlinking: /home/matteo-melzer/gazebo_test/install/onrobot_rg_description/share/onrobot_rg_description/meshes/rg6/collision/base.stl
[2.757s] -- Symlinking: /home/matteo-melzer/gazebo_test/install/onrobot_rg_description/share/onrobot_rg_description/meshes/rg6/collision/base_link.stl
[2.789s] -- Symlinking: /home/matteo-melzer/gazebo_test/install/onrobot_rg_description/share/onrobot_rg_description/meshes/rg6/collision/inner_finger.stl
[2.820s] -- Symlinking: /home/matteo-melzer/gazebo_test/install/onrobot_rg_description/share/onrobot_rg_description/meshes/rg6/collision/inner_knuckle.stl
[2.854s] -- Symlinking: /home/matteo-melzer/gazebo_test/install/onrobot_rg_description/share/onrobot_rg_description/meshes/rg6/collision/outer_knuckle.stl
[2.880s] -- Symlinking: /home/matteo-melzer/gazebo_test/install/onrobot_rg_description/share/onrobot_rg_description/meshes/rg6/visual/base.stl
[2.904s] -- Symlinking: /home/matteo-melzer/gazebo_test/install/onrobot_rg_description/share/onrobot_rg_description/meshes/rg6/visual/base_link.stl
[2.933s] -- Symlinking: /home/matteo-melzer/gazebo_test/install/onrobot_rg_description/share/onrobot_rg_description/meshes/rg6/visual/inner_finger.stl
[2.990s] -- Symlinking: /home/matteo-melzer/gazebo_test/install/onrobot_rg_description/share/onrobot_rg_description/meshes/rg6/visual/inner_knuckle.stl
[3.027s] -- Symlinking: /home/matteo-melzer/gazebo_test/install/onrobot_rg_description/share/onrobot_rg_description/meshes/rg6/visual/outer_knuckle.stl
[3.070s] -- Symlinking: /home/matteo-melzer/gazebo_test/install/onrobot_rg_description/share/onrobot_rg_description/urdf/onrobot_rg2.xacro
[3.107s] -- Symlinking: /home/matteo-melzer/gazebo_test/install/onrobot_rg_description/share/onrobot_rg_description/urdf/onrobot_rg2_gazebo.xacro
[3.130s] -- Symlinking: /home/matteo-melzer/gazebo_test/install/onrobot_rg_description/share/onrobot_rg_description/urdf/onrobot_rg2_model.xacro
[3.171s] -- Symlinking: /home/matteo-melzer/gazebo_test/install/onrobot_rg_description/share/onrobot_rg_description/urdf/onrobot_rg2_model_macro.xacro
[3.212s] -- Symlinking: /home/matteo-melzer/gazebo_test/install/onrobot_rg_description/share/onrobot_rg_description/urdf/onrobot_rg2_transmission.xacro
[3.245s] -- Symlinking: /home/matteo-melzer/gazebo_test/install/onrobot_rg_description/share/onrobot_rg_description/urdf/onrobot_rg6.urdf
[3.268s] -- Symlinking: /home/matteo-melzer/gazebo_test/install/onrobot_rg_description/share/onrobot_rg_description/urdf/onrobot_rg6.xacro
[3.293s] -- Symlinking: /home/matteo-melzer/gazebo_test/install/onrobot_rg_description/share/onrobot_rg_description/urdf/onrobot_rg6/.thumbs/256x256/onrobot_rg6.usd.png
[3.332s] -- Symlinking: /home/matteo-melzer/gazebo_test/install/onrobot_rg_description/share/onrobot_rg_description/urdf/onrobot_rg6/configuration/.thumbs/256x256/onrobot_rg6_base.usd.png
[3.377s] -- Symlinking: /home/matteo-melzer/gazebo_test/install/onrobot_rg_description/share/onrobot_rg_description/urdf/onrobot_rg6/configuration/.thumbs/256x256/onrobot_rg6_physics.usd.png
[3.409s] -- Symlinking: /home/matteo-melzer/gazebo_test/install/onrobot_rg_description/share/onrobot_rg_description/urdf/onrobot_rg6/configuration/onrobot_rg6_base.usd
[3.445s] -- Symlinking: /home/matteo-melzer/gazebo_test/install/onrobot_rg_description/share/onrobot_rg_description/urdf/onrobot_rg6/configuration/onrobot_rg6_physics.usd
[3.471s] -- Symlinking: /home/matteo-melzer/gazebo_test/install/onrobot_rg_description/share/onrobot_rg_description/urdf/onrobot_rg6/configuration/onrobot_rg6_sensor.usd
[3.489s] -- Symlinking: /home/matteo-melzer/gazebo_test/install/onrobot_rg_description/share/onrobot_rg_description/urdf/onrobot_rg6/onrobot_rg6.usd
[3.512s] -- Symlinking: /home/matteo-melzer/gazebo_test/install/onrobot_rg_description/share/onrobot_rg_description/urdf/onrobot_rg6_gazebo.xacro
[3.526s] -- Symlinking: /home/matteo-melzer/gazebo_test/install/onrobot_rg_description/share/onrobot_rg_description/urdf/onrobot_rg6_model.xacro
[3.541s] -- Symlinking: /home/matteo-melzer/gazebo_test/install/onrobot_rg_description/share/onrobot_rg_description/urdf/onrobot_rg6_model_macro.xacro
[3.558s] -- Symlinking: /home/matteo-melzer/gazebo_test/install/onrobot_rg_description/share/onrobot_rg_description/urdf/onrobot_rg6_standalone.xacro
[3.574s] -- Symlinking: /home/matteo-melzer/gazebo_test/install/onrobot_rg_description/share/onrobot_rg_description/urdf/onrobot_rg6_transmission.xacro
[3.597s] Invoked command in '/home/matteo-melzer/gazebo_test/build/onrobot_rg_description' returned '0': CMAKE_PREFIX_PATH=${CMAKE_PREFIX_PATH}:/home/matteo-melzer/gazebo_test/install/onrobot_rg_modbus_tcp:/home/matteo-melzer/gazebo_test/install/onrobot_rg_control:/home/matteo-melzer/gazebo_test/install/onrobot_driver:/home/matteo-melzer/ros2_ws/install/py_srvcli:/home/matteo-melzer/ros2_ws/install/py_pubsub:/home/matteo-melzer/ws_moveit/install/moveit_configs_utils:/home/matteo-melzer/ws_moveit/install/launch_param_builder:/opt/ros/humble /usr/bin/cmake --install /home/matteo-melzer/gazebo_test/build/onrobot_rg_description
