[0.025s] Invoking command in '/home/matteo-melzer/gazebo_test/build/ur_description': CMAKE_PREFIX_PATH=${CMAKE_PREFIX_PATH}:/home/matteo-melzer/gazebo_test/install/onrobot_rg_modbus_tcp:/home/matteo-melzer/gazebo_test/install/onrobot_rg_control:/home/matteo-melzer/gazebo_test/install/onrobot_driver:/home/matteo-melzer/ros2_ws/install/py_srvcli:/home/matteo-melzer/ros2_ws/install/py_pubsub:/home/matteo-melzer/ws_moveit/install/moveit_configs_utils:/home/matteo-melzer/ws_moveit/install/launch_param_builder:/opt/ros/humble /usr/bin/cmake /home/matteo-melzer/gazebo_test/src/Universal_Robots_ROS2_Description -DAMENT_CMAKE_SYMLINK_INSTALL=1 -DCMAKE_INSTALL_PREFIX=/home/matteo-melzer/gazebo_test/install/ur_description
[0.097s] -- The C compiler identification is GNU 11.4.0
[0.160s] -- The CXX compiler identification is GNU 11.4.0
[0.167s] -- Detecting C compiler ABI info
[0.266s] -- Detecting C compiler ABI info - done
[0.277s] -- Check for working C compiler: /usr/bin/cc - skipped
[0.278s] -- Detecting C compile features
[0.278s] -- Detecting C compile features - done
[0.280s] -- Detecting CXX compiler ABI info
[0.440s] -- Detecting CXX compiler ABI info - done
[0.448s] -- Check for working CXX compiler: /usr/bin/c++ - skipped
[0.448s] -- Detecting CXX compile features
[0.448s] -- Detecting CXX compile features - done
[0.458s] -- Found ament_cmake: 1.3.11 (/opt/ros/humble/share/ament_cmake/cmake)
[0.625s] -- Found Python3: /usr/bin/python3 (found version "3.10.12") found components: Interpreter 
[0.688s] -- Override CMake install command with custom implementation using symlinks instead of copying resources
[0.837s] -- Found ament_cmake_pytest: 1.3.11 (/opt/ros/humble/share/ament_cmake_pytest/cmake)
[1.606s] -- Configuring done
[1.612s] -- Generating done
[1.613s] -- Build files have been written to: /home/matteo-melzer/gazebo_test/build/ur_description
[1.617s] Invoked command in '/home/matteo-melzer/gazebo_test/build/ur_description' returned '0': CMAKE_PREFIX_PATH=${CMAKE_PREFIX_PATH}:/home/matteo-melzer/gazebo_test/install/onrobot_rg_modbus_tcp:/home/matteo-melzer/gazebo_test/install/onrobot_rg_control:/home/matteo-melzer/gazebo_test/install/onrobot_driver:/home/matteo-melzer/ros2_ws/install/py_srvcli:/home/matteo-melzer/ros2_ws/install/py_pubsub:/home/matteo-melzer/ws_moveit/install/moveit_configs_utils:/home/matteo-melzer/ws_moveit/install/launch_param_builder:/opt/ros/humble /usr/bin/cmake /home/matteo-melzer/gazebo_test/src/Universal_Robots_ROS2_Description -DAMENT_CMAKE_SYMLINK_INSTALL=1 -DCMAKE_INSTALL_PREFIX=/home/matteo-melzer/gazebo_test/install/ur_description
[1.617s] Invoking command in '/home/matteo-melzer/gazebo_test/build/ur_description': CMAKE_PREFIX_PATH=${CMAKE_PREFIX_PATH}:/home/matteo-melzer/gazebo_test/install/onrobot_rg_modbus_tcp:/home/matteo-melzer/gazebo_test/install/onrobot_rg_control:/home/matteo-melzer/gazebo_test/install/onrobot_driver:/home/matteo-melzer/ros2_ws/install/py_srvcli:/home/matteo-melzer/ros2_ws/install/py_pubsub:/home/matteo-melzer/ws_moveit/install/moveit_configs_utils:/home/matteo-melzer/ws_moveit/install/launch_param_builder:/opt/ros/humble /usr/bin/cmake --build /home/matteo-melzer/gazebo_test/build/ur_description -- -j2 -l2
[1.696s] Invoked command in '/home/matteo-melzer/gazebo_test/build/ur_description' returned '0': CMAKE_PREFIX_PATH=${CMAKE_PREFIX_PATH}:/home/matteo-melzer/gazebo_test/install/onrobot_rg_modbus_tcp:/home/matteo-melzer/gazebo_test/install/onrobot_rg_control:/home/matteo-melzer/gazebo_test/install/onrobot_driver:/home/matteo-melzer/ros2_ws/install/py_srvcli:/home/matteo-melzer/ros2_ws/install/py_pubsub:/home/matteo-melzer/ws_moveit/install/moveit_configs_utils:/home/matteo-melzer/ws_moveit/install/launch_param_builder:/opt/ros/humble /usr/bin/cmake --build /home/matteo-melzer/gazebo_test/build/ur_description -- -j2 -l2
[1.706s] Invoking command in '/home/matteo-melzer/gazebo_test/build/ur_description': CMAKE_PREFIX_PATH=${CMAKE_PREFIX_PATH}:/home/matteo-melzer/gazebo_test/install/onrobot_rg_modbus_tcp:/home/matteo-melzer/gazebo_test/install/onrobot_rg_control:/home/matteo-melzer/gazebo_test/install/onrobot_driver:/home/matteo-melzer/ros2_ws/install/py_srvcli:/home/matteo-melzer/ros2_ws/install/py_pubsub:/home/matteo-melzer/ws_moveit/install/moveit_configs_utils:/home/matteo-melzer/ws_moveit/install/launch_param_builder:/opt/ros/humble /usr/bin/cmake --install /home/matteo-melzer/gazebo_test/build/ur_description
[1.719s] -- Install configuration: ""
[1.719s] -- Execute custom install script
[1.720s] -- Symlinking: /home/matteo-melzer/gazebo_test/install/ur_description/share/ur_description/config/initial_positions.yaml
[1.735s] -- Symlinking: /home/matteo-melzer/gazebo_test/install/ur_description/share/ur_description/config/ur10/default_kinematics.yaml
[1.757s] -- Symlinking: /home/matteo-melzer/gazebo_test/install/ur_description/share/ur_description/config/ur10/joint_limits.yaml
[1.770s] -- Symlinking: /home/matteo-melzer/gazebo_test/install/ur_description/share/ur_description/config/ur10/physical_parameters.yaml
[1.784s] -- Symlinking: /home/matteo-melzer/gazebo_test/install/ur_description/share/ur_description/config/ur10/visual_parameters.yaml
[1.797s] -- Symlinking: /home/matteo-melzer/gazebo_test/install/ur_description/share/ur_description/config/ur10e/default_kinematics.yaml
[1.809s] -- Symlinking: /home/matteo-melzer/gazebo_test/install/ur_description/share/ur_description/config/ur10e/joint_limits.yaml
[1.821s] -- Symlinking: /home/matteo-melzer/gazebo_test/install/ur_description/share/ur_description/config/ur10e/physical_parameters.yaml
[1.834s] -- Symlinking: /home/matteo-melzer/gazebo_test/install/ur_description/share/ur_description/config/ur10e/visual_parameters.yaml
[1.846s] -- Symlinking: /home/matteo-melzer/gazebo_test/install/ur_description/share/ur_description/config/ur12e/default_kinematics.yaml
[1.860s] -- Symlinking: /home/matteo-melzer/gazebo_test/install/ur_description/share/ur_description/config/ur12e/joint_limits.yaml
[1.872s] -- Symlinking: /home/matteo-melzer/gazebo_test/install/ur_description/share/ur_description/config/ur12e/physical_parameters.yaml
[1.884s] -- Symlinking: /home/matteo-melzer/gazebo_test/install/ur_description/share/ur_description/config/ur12e/visual_parameters.yaml
[1.897s] -- Symlinking: /home/matteo-melzer/gazebo_test/install/ur_description/share/ur_description/config/ur15/default_kinematics.yaml
[1.910s] -- Symlinking: /home/matteo-melzer/gazebo_test/install/ur_description/share/ur_description/config/ur15/joint_limits.yaml
[1.923s] -- Symlinking: /home/matteo-melzer/gazebo_test/install/ur_description/share/ur_description/config/ur15/physical_parameters.yaml
[1.935s] -- Symlinking: /home/matteo-melzer/gazebo_test/install/ur_description/share/ur_description/config/ur15/visual_parameters.yaml
[1.947s] -- Symlinking: /home/matteo-melzer/gazebo_test/install/ur_description/share/ur_description/config/ur16e/default_kinematics.yaml
[1.961s] -- Symlinking: /home/matteo-melzer/gazebo_test/install/ur_description/share/ur_description/config/ur16e/joint_limits.yaml
[1.973s] -- Symlinking: /home/matteo-melzer/gazebo_test/install/ur_description/share/ur_description/config/ur16e/physical_parameters.yaml
[1.985s] -- Symlinking: /home/matteo-melzer/gazebo_test/install/ur_description/share/ur_description/config/ur16e/visual_parameters.yaml
[1.999s] -- Symlinking: /home/matteo-melzer/gazebo_test/install/ur_description/share/ur_description/config/ur18/default_kinematics.yaml
[2.011s] -- Symlinking: /home/matteo-melzer/gazebo_test/install/ur_description/share/ur_description/config/ur18/joint_limits.yaml
[2.023s] -- Symlinking: /home/matteo-melzer/gazebo_test/install/ur_description/share/ur_description/config/ur18/physical_parameters.yaml
[2.035s] -- Symlinking: /home/matteo-melzer/gazebo_test/install/ur_description/share/ur_description/config/ur18/visual_parameters.yaml
[2.047s] -- Symlinking: /home/matteo-melzer/gazebo_test/install/ur_description/share/ur_description/config/ur20/default_kinematics.yaml
[2.062s] -- Symlinking: /home/matteo-melzer/gazebo_test/install/ur_description/share/ur_description/config/ur20/joint_limits.yaml
[2.074s] -- Symlinking: /home/matteo-melzer/gazebo_test/install/ur_description/share/ur_description/config/ur20/physical_parameters.yaml
[2.086s] -- Symlinking: /home/matteo-melzer/gazebo_test/install/ur_description/share/ur_description/config/ur20/visual_parameters.yaml
[2.102s] -- Symlinking: /home/matteo-melzer/gazebo_test/install/ur_description/share/ur_description/config/ur3/default_kinematics.yaml
[2.115s] -- Symlinking: /home/matteo-melzer/gazebo_test/install/ur_description/share/ur_description/config/ur3/joint_limits.yaml
[2.131s] -- Symlinking: /home/matteo-melzer/gazebo_test/install/ur_description/share/ur_description/config/ur3/physical_parameters.yaml
[2.148s] -- Symlinking: /home/matteo-melzer/gazebo_test/install/ur_description/share/ur_description/config/ur3/visual_parameters.yaml
[2.163s] -- Symlinking: /home/matteo-melzer/gazebo_test/install/ur_description/share/ur_description/config/ur30/default_kinematics.yaml
[2.179s] -- Symlinking: /home/matteo-melzer/gazebo_test/install/ur_description/share/ur_description/config/ur30/joint_limits.yaml
[2.193s] -- Symlinking: /home/matteo-melzer/gazebo_test/install/ur_description/share/ur_description/config/ur30/physical_parameters.yaml
[2.207s] -- Symlinking: /home/matteo-melzer/gazebo_test/install/ur_description/share/ur_description/config/ur30/visual_parameters.yaml
[2.221s] -- Symlinking: /home/matteo-melzer/gazebo_test/install/ur_description/share/ur_description/config/ur3e/default_kinematics.yaml
[2.235s] -- Symlinking: /home/matteo-melzer/gazebo_test/install/ur_description/share/ur_description/config/ur3e/joint_limits.yaml
[2.261s] -- Symlinking: /home/matteo-melzer/gazebo_test/install/ur_description/share/ur_description/config/ur3e/physical_parameters.yaml
[2.275s] -- Symlinking: /home/matteo-melzer/gazebo_test/install/ur_description/share/ur_description/config/ur3e/visual_parameters.yaml
[2.289s] -- Symlinking: /home/matteo-melzer/gazebo_test/install/ur_description/share/ur_description/config/ur5/default_kinematics.yaml
[2.304s] -- Symlinking: /home/matteo-melzer/gazebo_test/install/ur_description/share/ur_description/config/ur5/joint_limits.yaml
[2.318s] -- Symlinking: /home/matteo-melzer/gazebo_test/install/ur_description/share/ur_description/config/ur5/physical_parameters.yaml
[2.331s] -- Symlinking: /home/matteo-melzer/gazebo_test/install/ur_description/share/ur_description/config/ur5/visual_parameters.yaml
[2.343s] -- Symlinking: /home/matteo-melzer/gazebo_test/install/ur_description/share/ur_description/config/ur5e/default_kinematics.yaml
[2.357s] -- Symlinking: /home/matteo-melzer/gazebo_test/install/ur_description/share/ur_description/config/ur5e/joint_limits.yaml
[2.372s] -- Symlinking: /home/matteo-melzer/gazebo_test/install/ur_description/share/ur_description/config/ur5e/physical_parameters.yaml
[2.384s] -- Symlinking: /home/matteo-melzer/gazebo_test/install/ur_description/share/ur_description/config/ur5e/visual_parameters.yaml
[2.398s] -- Symlinking: /home/matteo-melzer/gazebo_test/install/ur_description/share/ur_description/config/ur7e/default_kinematics.yaml
[2.408s] -- Symlinking: /home/matteo-melzer/gazebo_test/install/ur_description/share/ur_description/config/ur7e/joint_limits.yaml
[2.420s] -- Symlinking: /home/matteo-melzer/gazebo_test/install/ur_description/share/ur_description/config/ur7e/physical_parameters.yaml
[2.433s] -- Symlinking: /home/matteo-melzer/gazebo_test/install/ur_description/share/ur_description/config/ur7e/visual_parameters.yaml
[2.445s] -- Symlinking: /home/matteo-melzer/gazebo_test/install/ur_description/share/ur_description/config/ur8long/default_kinematics.yaml
[2.460s] -- Symlinking: /home/matteo-melzer/gazebo_test/install/ur_description/share/ur_description/config/ur8long/joint_limits.yaml
[2.472s] -- Symlinking: /home/matteo-melzer/gazebo_test/install/ur_description/share/ur_description/config/ur8long/physical_parameters.yaml
[2.484s] -- Symlinking: /home/matteo-melzer/gazebo_test/install/ur_description/share/ur_description/config/ur8long/visual_parameters.yaml
[2.496s] -- Symlinking: /home/matteo-melzer/gazebo_test/install/ur_description/share/ur_description/launch/view_ur.launch.py
[2.510s] -- Symlinking: /home/matteo-melzer/gazebo_test/install/ur_description/share/ur_description/meshes/ur10/collision/base.stl
[2.522s] -- Symlinking: /home/matteo-melzer/gazebo_test/install/ur_description/share/ur_description/meshes/ur10/collision/forearm.stl
[2.538s] -- Symlinking: /home/matteo-melzer/gazebo_test/install/ur_description/share/ur_description/meshes/ur10/collision/shoulder.stl
[2.555s] -- Symlinking: /home/matteo-melzer/gazebo_test/install/ur_description/share/ur_description/meshes/ur10/collision/upperarm.stl
[2.568s] -- Symlinking: /home/matteo-melzer/gazebo_test/install/ur_description/share/ur_description/meshes/ur10/collision/wrist1.stl
[2.581s] -- Symlinking: /home/matteo-melzer/gazebo_test/install/ur_description/share/ur_description/meshes/ur10/collision/wrist2.stl
[2.597s] -- Symlinking: /home/matteo-melzer/gazebo_test/install/ur_description/share/ur_description/meshes/ur10/collision/wrist3.stl
[2.611s] -- Symlinking: /home/matteo-melzer/gazebo_test/install/ur_description/share/ur_description/meshes/ur10/visual/base.dae
[2.625s] -- Symlinking: /home/matteo-melzer/gazebo_test/install/ur_description/share/ur_description/meshes/ur10/visual/forearm.dae
[2.637s] -- Symlinking: /home/matteo-melzer/gazebo_test/install/ur_description/share/ur_description/meshes/ur10/visual/shoulder.dae
[2.655s] -- Symlinking: /home/matteo-melzer/gazebo_test/install/ur_description/share/ur_description/meshes/ur10/visual/upperarm.dae
[2.669s] -- Symlinking: /home/matteo-melzer/gazebo_test/install/ur_description/share/ur_description/meshes/ur10/visual/wrist1.dae
[2.683s] -- Symlinking: /home/matteo-melzer/gazebo_test/install/ur_description/share/ur_description/meshes/ur10/visual/wrist2.dae
[2.697s] -- Symlinking: /home/matteo-melzer/gazebo_test/install/ur_description/share/ur_description/meshes/ur10/visual/wrist3.dae
[2.712s] -- Symlinking: /home/matteo-melzer/gazebo_test/install/ur_description/share/ur_description/meshes/ur10e/collision/base.stl
[2.726s] -- Symlinking: /home/matteo-melzer/gazebo_test/install/ur_description/share/ur_description/meshes/ur10e/collision/forearm.stl
[2.740s] -- Symlinking: /home/matteo-melzer/gazebo_test/install/ur_description/share/ur_description/meshes/ur10e/collision/shoulder.stl
[2.769s] -- Symlinking: /home/matteo-melzer/gazebo_test/install/ur_description/share/ur_description/meshes/ur10e/collision/upperarm.stl
[2.801s] -- Symlinking: /home/matteo-melzer/gazebo_test/install/ur_description/share/ur_description/meshes/ur10e/collision/wrist1.stl
[2.831s] -- Symlinking: /home/matteo-melzer/gazebo_test/install/ur_description/share/ur_description/meshes/ur10e/collision/wrist2.stl
[2.873s] -- Symlinking: /home/matteo-melzer/gazebo_test/install/ur_description/share/ur_description/meshes/ur10e/collision/wrist3.stl
[2.915s] -- Symlinking: /home/matteo-melzer/gazebo_test/install/ur_description/share/ur_description/meshes/ur10e/visual/base.dae
[2.985s] -- Symlinking: /home/matteo-melzer/gazebo_test/install/ur_description/share/ur_description/meshes/ur10e/visual/forearm.dae
[3.030s] -- Symlinking: /home/matteo-melzer/gazebo_test/install/ur_description/share/ur_description/meshes/ur10e/visual/shoulder.dae
[3.058s] -- Symlinking: /home/matteo-melzer/gazebo_test/install/ur_description/share/ur_description/meshes/ur10e/visual/upperarm.dae
[3.089s] -- Symlinking: /home/matteo-melzer/gazebo_test/install/ur_description/share/ur_description/meshes/ur10e/visual/wrist1.dae
[3.120s] -- Symlinking: /home/matteo-melzer/gazebo_test/install/ur_description/share/ur_description/meshes/ur10e/visual/wrist2.dae
[3.146s] -- Symlinking: /home/matteo-melzer/gazebo_test/install/ur_description/share/ur_description/meshes/ur10e/visual/wrist3.dae
[3.176s] -- Symlinking: /home/matteo-melzer/gazebo_test/install/ur_description/share/ur_description/meshes/ur15/LICENSE.txt
[3.208s] -- Symlinking: /home/matteo-melzer/gazebo_test/install/ur_description/share/ur_description/meshes/ur15/collision/base.stl
[3.239s] -- Symlinking: /home/matteo-melzer/gazebo_test/install/ur_description/share/ur_description/meshes/ur15/collision/forearm.stl
[3.267s] -- Symlinking: /home/matteo-melzer/gazebo_test/install/ur_description/share/ur_description/meshes/ur15/collision/shoulder.stl
[3.295s] -- Symlinking: /home/matteo-melzer/gazebo_test/install/ur_description/share/ur_description/meshes/ur15/collision/upperarm.stl
[3.324s] -- Symlinking: /home/matteo-melzer/gazebo_test/install/ur_description/share/ur_description/meshes/ur15/collision/wrist1.stl
[3.349s] -- Symlinking: /home/matteo-melzer/gazebo_test/install/ur_description/share/ur_description/meshes/ur15/collision/wrist2.stl
[3.367s] -- Symlinking: /home/matteo-melzer/gazebo_test/install/ur_description/share/ur_description/meshes/ur15/collision/wrist3.stl
[3.394s] -- Symlinking: /home/matteo-melzer/gazebo_test/install/ur_description/share/ur_description/meshes/ur15/visual/UR15_DIFF_8bit_2K.jpg
[3.416s] -- Symlinking: /home/matteo-melzer/gazebo_test/install/ur_description/share/ur_description/meshes/ur15/visual/base.dae
[3.440s] -- Symlinking: /home/matteo-melzer/gazebo_test/install/ur_description/share/ur_description/meshes/ur15/visual/forearm.dae
[3.455s] -- Symlinking: /home/matteo-melzer/gazebo_test/install/ur_description/share/ur_description/meshes/ur15/visual/shoulder.dae
[3.469s] -- Symlinking: /home/matteo-melzer/gazebo_test/install/ur_description/share/ur_description/meshes/ur15/visual/upperarm.dae
[3.495s] -- Symlinking: /home/matteo-melzer/gazebo_test/install/ur_description/share/ur_description/meshes/ur15/visual/wrist1.dae
[3.523s] -- Symlinking: /home/matteo-melzer/gazebo_test/install/ur_description/share/ur_description/meshes/ur15/visual/wrist2.dae
[3.551s] -- Symlinking: /home/matteo-melzer/gazebo_test/install/ur_description/share/ur_description/meshes/ur15/visual/wrist3.dae
[3.586s] -- Symlinking: /home/matteo-melzer/gazebo_test/install/ur_description/share/ur_description/meshes/ur16e/collision/forearm.stl
[3.606s] -- Symlinking: /home/matteo-melzer/gazebo_test/install/ur_description/share/ur_description/meshes/ur16e/collision/upperarm.stl
[3.635s] -- Symlinking: /home/matteo-melzer/gazebo_test/install/ur_description/share/ur_description/meshes/ur16e/visual/forearm.dae
[3.664s] -- Symlinking: /home/matteo-melzer/gazebo_test/install/ur_description/share/ur_description/meshes/ur16e/visual/upperarm.dae
[3.694s] -- Symlinking: /home/matteo-melzer/gazebo_test/install/ur_description/share/ur_description/meshes/ur18/LICENSE.txt
[3.714s] -- Symlinking: /home/matteo-melzer/gazebo_test/install/ur_description/share/ur_description/meshes/ur18/collision/forearm.stl
[3.725s] -- Symlinking: /home/matteo-melzer/gazebo_test/install/ur_description/share/ur_description/meshes/ur18/collision/upperarm.stl
[3.737s] -- Symlinking: /home/matteo-melzer/gazebo_test/install/ur_description/share/ur_description/meshes/ur18/visual/UR18_DIFF_8bit_2K.jpg
[3.749s] -- Symlinking: /home/matteo-melzer/gazebo_test/install/ur_description/share/ur_description/meshes/ur18/visual/forearm.dae
[3.764s] -- Symlinking: /home/matteo-melzer/gazebo_test/install/ur_description/share/ur_description/meshes/ur18/visual/upperarm.dae
[3.776s] -- Symlinking: /home/matteo-melzer/gazebo_test/install/ur_description/share/ur_description/meshes/ur20/LICENSE.txt
[3.789s] -- Symlinking: /home/matteo-melzer/gazebo_test/install/ur_description/share/ur_description/meshes/ur20/collision/base.stl
[3.805s] -- Symlinking: /home/matteo-melzer/gazebo_test/install/ur_description/share/ur_description/meshes/ur20/collision/forearm.stl
[3.815s] -- Symlinking: /home/matteo-melzer/gazebo_test/install/ur_description/share/ur_description/meshes/ur20/collision/shoulder.stl
[3.827s] -- Symlinking: /home/matteo-melzer/gazebo_test/install/ur_description/share/ur_description/meshes/ur20/collision/upperarm.stl
[3.839s] -- Symlinking: /home/matteo-melzer/gazebo_test/install/ur_description/share/ur_description/meshes/ur20/collision/wrist1.stl
[3.851s] -- Symlinking: /home/matteo-melzer/gazebo_test/install/ur_description/share/ur_description/meshes/ur20/collision/wrist2.stl
[3.876s] -- Symlinking: /home/matteo-melzer/gazebo_test/install/ur_description/share/ur_description/meshes/ur20/collision/wrist3.stl
[3.900s] -- Symlinking: /home/matteo-melzer/gazebo_test/install/ur_description/share/ur_description/meshes/ur20/visual/UR20_DIFF_8bit_2K.png
[3.923s] -- Symlinking: /home/matteo-melzer/gazebo_test/install/ur_description/share/ur_description/meshes/ur20/visual/base.dae
[3.954s] -- Symlinking: /home/matteo-melzer/gazebo_test/install/ur_description/share/ur_description/meshes/ur20/visual/forearm.dae
[3.976s] -- Symlinking: /home/matteo-melzer/gazebo_test/install/ur_description/share/ur_description/meshes/ur20/visual/shoulder.dae
[3.989s] -- Symlinking: /home/matteo-melzer/gazebo_test/install/ur_description/share/ur_description/meshes/ur20/visual/upperarm.dae
[4.015s] -- Symlinking: /home/matteo-melzer/gazebo_test/install/ur_description/share/ur_description/meshes/ur20/visual/wrist1.dae
[4.030s] -- Symlinking: /home/matteo-melzer/gazebo_test/install/ur_description/share/ur_description/meshes/ur20/visual/wrist2.dae
[4.044s] -- Symlinking: /home/matteo-melzer/gazebo_test/install/ur_description/share/ur_description/meshes/ur20/visual/wrist3.dae
[4.092s] -- Symlinking: /home/matteo-melzer/gazebo_test/install/ur_description/share/ur_description/meshes/ur3/collision/base.stl
[4.105s] -- Symlinking: /home/matteo-melzer/gazebo_test/install/ur_description/share/ur_description/meshes/ur3/collision/forearm.stl
[4.126s] -- Symlinking: /home/matteo-melzer/gazebo_test/install/ur_description/share/ur_description/meshes/ur3/collision/shoulder.stl
[4.148s] -- Symlinking: /home/matteo-melzer/gazebo_test/install/ur_description/share/ur_description/meshes/ur3/collision/upperarm.stl
[4.170s] -- Symlinking: /home/matteo-melzer/gazebo_test/install/ur_description/share/ur_description/meshes/ur3/collision/wrist1.stl
[4.186s] -- Symlinking: /home/matteo-melzer/gazebo_test/install/ur_description/share/ur_description/meshes/ur3/collision/wrist2.stl
[4.217s] -- Symlinking: /home/matteo-melzer/gazebo_test/install/ur_description/share/ur_description/meshes/ur3/collision/wrist3.stl
[4.234s] -- Symlinking: /home/matteo-melzer/gazebo_test/install/ur_description/share/ur_description/meshes/ur3/visual/base.dae
[4.264s] -- Symlinking: /home/matteo-melzer/gazebo_test/install/ur_description/share/ur_description/meshes/ur3/visual/forearm.dae
[4.287s] -- Symlinking: /home/matteo-melzer/gazebo_test/install/ur_description/share/ur_description/meshes/ur3/visual/shoulder.dae
[4.305s] -- Symlinking: /home/matteo-melzer/gazebo_test/install/ur_description/share/ur_description/meshes/ur3/visual/upperarm.dae
[4.325s] -- Symlinking: /home/matteo-melzer/gazebo_test/install/ur_description/share/ur_description/meshes/ur3/visual/wrist1.dae
[4.362s] -- Symlinking: /home/matteo-melzer/gazebo_test/install/ur_description/share/ur_description/meshes/ur3/visual/wrist2.dae
[4.389s] -- Symlinking: /home/matteo-melzer/gazebo_test/install/ur_description/share/ur_description/meshes/ur3/visual/wrist3.dae
[4.405s] -- Symlinking: /home/matteo-melzer/gazebo_test/install/ur_description/share/ur_description/meshes/ur30/LICENSE.txt
[4.425s] -- Symlinking: /home/matteo-melzer/gazebo_test/install/ur_description/share/ur_description/meshes/ur30/collision/forearm.stl
[4.446s] -- Symlinking: /home/matteo-melzer/gazebo_test/install/ur_description/share/ur_description/meshes/ur30/collision/upperarm.stl
[4.467s] -- Symlinking: /home/matteo-melzer/gazebo_test/install/ur_description/share/ur_description/meshes/ur30/visual/UR30_DIFF_8bit_2K.png
[4.482s] -- Symlinking: /home/matteo-melzer/gazebo_test/install/ur_description/share/ur_description/meshes/ur30/visual/forearm.dae
[4.498s] -- Symlinking: /home/matteo-melzer/gazebo_test/install/ur_description/share/ur_description/meshes/ur30/visual/upperarm.dae
[4.512s] -- Symlinking: /home/matteo-melzer/gazebo_test/install/ur_description/share/ur_description/meshes/ur3e/collision/base.stl
[4.527s] -- Symlinking: /home/matteo-melzer/gazebo_test/install/ur_description/share/ur_description/meshes/ur3e/collision/forearm.stl
[4.544s] -- Symlinking: /home/matteo-melzer/gazebo_test/install/ur_description/share/ur_description/meshes/ur3e/collision/shoulder.stl
[4.573s] -- Symlinking: /home/matteo-melzer/gazebo_test/install/ur_description/share/ur_description/meshes/ur3e/collision/upperarm.stl
[4.603s] -- Symlinking: /home/matteo-melzer/gazebo_test/install/ur_description/share/ur_description/meshes/ur3e/collision/wrist1.stl
[4.633s] -- Symlinking: /home/matteo-melzer/gazebo_test/install/ur_description/share/ur_description/meshes/ur3e/collision/wrist2.stl
[4.650s] -- Symlinking: /home/matteo-melzer/gazebo_test/install/ur_description/share/ur_description/meshes/ur3e/collision/wrist3.stl
[4.667s] -- Symlinking: /home/matteo-melzer/gazebo_test/install/ur_description/share/ur_description/meshes/ur3e/visual/base.dae
[4.692s] -- Symlinking: /home/matteo-melzer/gazebo_test/install/ur_description/share/ur_description/meshes/ur3e/visual/forearm.dae
[4.720s] -- Symlinking: /home/matteo-melzer/gazebo_test/install/ur_description/share/ur_description/meshes/ur3e/visual/shoulder.dae
[4.739s] -- Symlinking: /home/matteo-melzer/gazebo_test/install/ur_description/share/ur_description/meshes/ur3e/visual/upperarm.dae
[4.751s] -- Symlinking: /home/matteo-melzer/gazebo_test/install/ur_description/share/ur_description/meshes/ur3e/visual/wrist1.dae
[4.782s] -- Symlinking: /home/matteo-melzer/gazebo_test/install/ur_description/share/ur_description/meshes/ur3e/visual/wrist2.dae
[4.798s] -- Symlinking: /home/matteo-melzer/gazebo_test/install/ur_description/share/ur_description/meshes/ur3e/visual/wrist3.dae
[4.810s] -- Symlinking: /home/matteo-melzer/gazebo_test/install/ur_description/share/ur_description/meshes/ur5/collision/base.stl
[4.833s] -- Symlinking: /home/matteo-melzer/gazebo_test/install/ur_description/share/ur_description/meshes/ur5/collision/forearm.stl
[4.854s] -- Symlinking: /home/matteo-melzer/gazebo_test/install/ur_description/share/ur_description/meshes/ur5/collision/shoulder.stl
[4.873s] -- Symlinking: /home/matteo-melzer/gazebo_test/install/ur_description/share/ur_description/meshes/ur5/collision/upperarm.stl
[4.886s] -- Symlinking: /home/matteo-melzer/gazebo_test/install/ur_description/share/ur_description/meshes/ur5/collision/wrist1.stl
[4.906s] -- Symlinking: /home/matteo-melzer/gazebo_test/install/ur_description/share/ur_description/meshes/ur5/collision/wrist2.stl
[4.925s] -- Symlinking: /home/matteo-melzer/gazebo_test/install/ur_description/share/ur_description/meshes/ur5/collision/wrist3.stl
[4.948s] -- Symlinking: /home/matteo-melzer/gazebo_test/install/ur_description/share/ur_description/meshes/ur5/visual/base.dae
[4.977s] -- Symlinking: /home/matteo-melzer/gazebo_test/install/ur_description/share/ur_description/meshes/ur5/visual/forearm.dae
[5.015s] -- Symlinking: /home/matteo-melzer/gazebo_test/install/ur_description/share/ur_description/meshes/ur5/visual/shoulder.dae
[5.035s] -- Symlinking: /home/matteo-melzer/gazebo_test/install/ur_description/share/ur_description/meshes/ur5/visual/upperarm.dae
[5.052s] -- Symlinking: /home/matteo-melzer/gazebo_test/install/ur_description/share/ur_description/meshes/ur5/visual/wrist1.dae
[5.071s] -- Symlinking: /home/matteo-melzer/gazebo_test/install/ur_description/share/ur_description/meshes/ur5/visual/wrist2.dae
[5.083s] -- Symlinking: /home/matteo-melzer/gazebo_test/install/ur_description/share/ur_description/meshes/ur5/visual/wrist3.dae
[5.106s] -- Symlinking: /home/matteo-melzer/gazebo_test/install/ur_description/share/ur_description/meshes/ur5e/collision/base.stl
[5.126s] -- Symlinking: /home/matteo-melzer/gazebo_test/install/ur_description/share/ur_description/meshes/ur5e/collision/forearm.stl
[5.155s] -- Symlinking: /home/matteo-melzer/gazebo_test/install/ur_description/share/ur_description/meshes/ur5e/collision/shoulder.stl
[5.176s] -- Symlinking: /home/matteo-melzer/gazebo_test/install/ur_description/share/ur_description/meshes/ur5e/collision/upperarm.stl
[5.193s] -- Symlinking: /home/matteo-melzer/gazebo_test/install/ur_description/share/ur_description/meshes/ur5e/collision/wrist1.stl
[5.222s] -- Symlinking: /home/matteo-melzer/gazebo_test/install/ur_description/share/ur_description/meshes/ur5e/collision/wrist2.stl
[5.252s] -- Symlinking: /home/matteo-melzer/gazebo_test/install/ur_description/share/ur_description/meshes/ur5e/collision/wrist3.stl
[5.280s] -- Symlinking: /home/matteo-melzer/gazebo_test/install/ur_description/share/ur_description/meshes/ur5e/visual/base.dae
[5.310s] -- Symlinking: /home/matteo-melzer/gazebo_test/install/ur_description/share/ur_description/meshes/ur5e/visual/forearm.dae
[5.337s] -- Symlinking: /home/matteo-melzer/gazebo_test/install/ur_description/share/ur_description/meshes/ur5e/visual/shoulder.dae
[5.369s] -- Symlinking: /home/matteo-melzer/gazebo_test/install/ur_description/share/ur_description/meshes/ur5e/visual/upperarm.dae
[5.398s] -- Symlinking: /home/matteo-melzer/gazebo_test/install/ur_description/share/ur_description/meshes/ur5e/visual/wrist1.dae
[5.419s] -- Symlinking: /home/matteo-melzer/gazebo_test/install/ur_description/share/ur_description/meshes/ur5e/visual/wrist2.dae
[5.436s] -- Symlinking: /home/matteo-melzer/gazebo_test/install/ur_description/share/ur_description/meshes/ur5e/visual/wrist3.dae
[5.465s] -- Symlinking: /home/matteo-melzer/gazebo_test/install/ur_description/share/ur_description/meshes/ur8long/LICENSE.txt
[5.493s] -- Symlinking: /home/matteo-melzer/gazebo_test/install/ur_description/share/ur_description/meshes/ur8long/collision/forearm.stl
[5.514s] -- Symlinking: /home/matteo-melzer/gazebo_test/install/ur_description/share/ur_description/meshes/ur8long/collision/upperarm.stl
[5.528s] -- Symlinking: /home/matteo-melzer/gazebo_test/install/ur_description/share/ur_description/meshes/ur8long/visual/UR8Long_DIFF_8bit_2K.jpg
[5.548s] -- Symlinking: /home/matteo-melzer/gazebo_test/install/ur_description/share/ur_description/meshes/ur8long/visual/forearm.dae
[5.567s] -- Symlinking: /home/matteo-melzer/gazebo_test/install/ur_description/share/ur_description/meshes/ur8long/visual/upperarm.dae
[5.581s] -- Symlinking: /home/matteo-melzer/gazebo_test/install/ur_description/share/ur_description/rviz/view_robot.rviz
[5.597s] -- Symlinking: /home/matteo-melzer/gazebo_test/install/ur_description/share/ur_description/urdf/inc/ur_common.xacro
[5.635s] -- Symlinking: /home/matteo-melzer/gazebo_test/install/ur_description/share/ur_description/urdf/inc/ur_transmissions.xacro
[5.663s] -- Symlinking: /home/matteo-melzer/gazebo_test/install/ur_description/share/ur_description/urdf/ur.ros2_control.xacro
[5.683s] -- Symlinking: /home/matteo-melzer/gazebo_test/install/ur_description/share/ur_description/urdf/ur.urdf.xacro
[5.698s] -- Symlinking: /home/matteo-melzer/gazebo_test/install/ur_description/share/ur_description/urdf/ur_macro.xacro
[5.726s] -- Symlinking: /home/matteo-melzer/gazebo_test/install/ur_description/share/ur_description/test/test_ur_urdf_xacro.py
[5.753s] -- Symlinking: /home/matteo-melzer/gazebo_test/install/ur_description/share/ur_description/test/test_view_ur_launch.py
[5.783s] -- Symlinking: /home/matteo-melzer/gazebo_test/install/ur_description/share/ament_index/resource_index/package_run_dependencies/ur_description
[5.810s] -- Symlinking: /home/matteo-melzer/gazebo_test/install/ur_description/share/ament_index/resource_index/parent_prefix_path/ur_description
[5.841s] -- Symlinking: /home/matteo-melzer/gazebo_test/install/ur_description/share/ur_description/environment/ament_prefix_path.sh
[5.861s] -- Symlinking: /home/matteo-melzer/gazebo_test/install/ur_description/share/ur_description/environment/ament_prefix_path.dsv
[5.877s] -- Symlinking: /home/matteo-melzer/gazebo_test/install/ur_description/share/ur_description/environment/path.sh
[5.894s] -- Symlinking: /home/matteo-melzer/gazebo_test/install/ur_description/share/ur_description/environment/path.dsv
[5.918s] -- Symlinking: /home/matteo-melzer/gazebo_test/install/ur_description/share/ur_description/local_setup.bash
[5.955s] -- Symlinking: /home/matteo-melzer/gazebo_test/install/ur_description/share/ur_description/local_setup.sh
[5.977s] -- Symlinking: /home/matteo-melzer/gazebo_test/install/ur_description/share/ur_description/local_setup.zsh
[6.010s] -- Symlinking: /home/matteo-melzer/gazebo_test/install/ur_description/share/ur_description/local_setup.dsv
[6.043s] -- Symlinking: /home/matteo-melzer/gazebo_test/install/ur_description/share/ur_description/package.dsv
[6.064s] -- Symlinking: /home/matteo-melzer/gazebo_test/install/ur_description/share/ament_index/resource_index/packages/ur_description
[6.078s] -- Symlinking: /home/matteo-melzer/gazebo_test/install/ur_description/share/ur_description/cmake/ur_descriptionConfig.cmake
[6.103s] -- Symlinking: /home/matteo-melzer/gazebo_test/install/ur_description/share/ur_description/cmake/ur_descriptionConfig-version.cmake
[6.142s] -- Symlinking: /home/matteo-melzer/gazebo_test/install/ur_description/share/ur_description/package.xml
[6.174s] Invoked command in '/home/matteo-melzer/gazebo_test/build/ur_description' returned '0': CMAKE_PREFIX_PATH=${CMAKE_PREFIX_PATH}:/home/matteo-melzer/gazebo_test/install/onrobot_rg_modbus_tcp:/home/matteo-melzer/gazebo_test/install/onrobot_rg_control:/home/matteo-melzer/gazebo_test/install/onrobot_driver:/home/matteo-melzer/ros2_ws/install/py_srvcli:/home/matteo-melzer/ros2_ws/install/py_pubsub:/home/matteo-melzer/ws_moveit/install/moveit_configs_utils:/home/matteo-melzer/ws_moveit/install/launch_param_builder:/opt/ros/humble /usr/bin/cmake --install /home/matteo-melzer/gazebo_test/build/ur_description
