-- The C compiler identification is GNU 11.4.0
-- The CXX compiler identification is GNU 11.4.0
-- Detecting C compiler ABI info
-- Detecting C compiler ABI info - done
-- Check for working C compiler: /usr/bin/cc - skipped
-- Detecting C compile features
-- Detecting C compile features - done
-- Detecting CXX compiler ABI info
-- Detecting CXX compiler ABI info - done
-- Check for working CXX compiler: /usr/bin/c++ - skipped
-- Detecting CXX compile features
-- Detecting CXX compile features - done
-- Found ament_cmake: 1.3.11 (/opt/ros/humble/share/ament_cmake/cmake)
-- Found Python3: /usr/bin/python3 (found version "3.10.12") found components: Interpreter 
[31mCMake Error at CMakeLists.txt:20 (find_package):
  By not providing "Findasio_cmake_module.cmake" in CMAKE_MODULE_PATH this
  project has asked CMake to find a package configuration file provided by
  "asio_cmake_module", but CMake did not find one.

  Could not find a package configuration file provided by "asio_cmake_module"
  with any of the following names:

    asio_cmake_moduleConfig.cmake
    asio_cmake_module-config.cmake

  Add the installation prefix of "asio_cmake_module" to CMAKE_PREFIX_PATH or
-- Configuring incomplete, errors occurred!
See also "/home/matteo-melzer/gazebo_test/build/net_ft_driver/CMakeFiles/CMakeOutput.log".
  set "asio_cmake_module_DIR" to a directory containing one of the above
  files.  If "asio_cmake_module" provides a separate development package or
  SDK, be sure it has been installed.

[0m
