[0.021s] Invoking command in '/home/matteo-melzer/gazebo_test/build/net_ft_driver': CMAKE_PREFIX_PATH=${CMAKE_PREFIX_PATH}:/home/matteo-melzer/ros2_ws/install/py_srvcli:/home/matteo-melzer/ros2_ws/install/py_pubsub:/home/matteo-melzer/ws_moveit/install/moveit_configs_utils:/home/matteo-melzer/ws_moveit/install/launch_param_builder:/opt/ros/humble /usr/bin/cmake /home/matteo-melzer/gazebo_test/src/ros2_net_ft_driver/net_ft_driver -DCMAKE_INSTALL_PREFIX=/home/matteo-melzer/gazebo_test/install/net_ft_driver
[0.111s] -- The C compiler identification is GNU 11.4.0
[0.209s] -- The CXX compiler identification is GNU 11.4.0
[0.219s] -- Detecting C compiler ABI info
[0.346s] -- Detecting C compiler ABI info - done
[0.356s] -- Check for working C compiler: /usr/bin/cc - skipped
[0.357s] -- Detecting C compile features
[0.359s] -- Detecting C compile features - done
[0.366s] -- Detecting CXX compiler ABI info
[0.513s] -- Detecting CXX compiler ABI info - done
[0.518s] -- Check for working CXX compiler: /usr/bin/c++ - skipped
[0.518s] -- Detecting CXX compile features
[0.519s] -- Detecting CXX compile features - done
[0.532s] -- Found ament_cmake: 1.3.11 (/opt/ros/humble/share/ament_cmake/cmake)
[0.847s] -- Found Python3: /usr/bin/python3 (found version "3.10.12") found components: Interpreter 
[1.188s] [31mCMake Error at CMakeLists.txt:20 (find_package):
[1.188s]   By not providing "Findasio_cmake_module.cmake" in CMAKE_MODULE_PATH this
[1.189s]   project has asked CMake to find a package configuration file provided by
[1.190s]   "asio_cmake_module", but CMake did not find one.
[1.191s] 
[1.192s]   Could not find a package configuration file provided by "asio_cmake_module"
[1.192s]   with any of the following names:
[1.192s] 
[1.192s]     asio_cmake_moduleConfig.cmake
[1.192s]     asio_cmake_module-config.cmake
[1.192s] 
[1.192s]   Add the installation prefix of "asio_cmake_module" to CMAKE_PREFIX_PATH or
[1.193s] -- Configuring incomplete, errors occurred!
[1.193s] See also "/home/matteo-melzer/gazebo_test/build/net_ft_driver/CMakeFiles/CMakeOutput.log".
[1.193s]   set "asio_cmake_module_DIR" to a directory containing one of the above
[1.193s]   files.  If "asio_cmake_module" provides a separate development package or
[1.193s]   SDK, be sure it has been installed.
[1.193s] 
[1.193s] [0m
[1.195s] Invoked command in '/home/matteo-melzer/gazebo_test/build/net_ft_driver' returned '1': CMAKE_PREFIX_PATH=${CMAKE_PREFIX_PATH}:/home/matteo-melzer/ros2_ws/install/py_srvcli:/home/matteo-melzer/ros2_ws/install/py_pubsub:/home/matteo-melzer/ws_moveit/install/moveit_configs_utils:/home/matteo-melzer/ws_moveit/install/launch_param_builder:/opt/ros/humble /usr/bin/cmake /home/matteo-melzer/gazebo_test/src/ros2_net_ft_driver/net_ft_driver -DCMAKE_INSTALL_PREFIX=/home/matteo-melzer/gazebo_test/install/net_ft_driver
