[0.055s] Invoking command in '/home/matteo-melzer/gazebo_test/build/onrobot_description': CMAKE_PREFIX_PATH=${CMAKE_PREFIX_PATH}:/home/matteo-melzer/gazebo_test/install/onrobot_rg_modbus_tcp:/home/matteo-melzer/gazebo_test/install/onrobot_rg_control:/home/matteo-melzer/gazebo_test/install/onrobot_driver:/home/matteo-melzer/ros2_ws/install/py_srvcli:/home/matteo-melzer/ros2_ws/install/py_pubsub:/home/matteo-melzer/ws_moveit/install/moveit_configs_utils:/home/matteo-melzer/ws_moveit/install/launch_param_builder:/opt/ros/humble /usr/bin/cmake --build /home/matteo-melzer/gazebo_test/build/onrobot_description -- -j2 -l2
[0.379s] Invoked command in '/home/matteo-melzer/gazebo_test/build/onrobot_description' returned '0': CMAKE_PREFIX_PATH=${CMAKE_PREFIX_PATH}:/home/matteo-melzer/gazebo_test/install/onrobot_rg_modbus_tcp:/home/matteo-melzer/gazebo_test/install/onrobot_rg_control:/home/matteo-melzer/gazebo_test/install/onrobot_driver:/home/matteo-melzer/ros2_ws/install/py_srvcli:/home/matteo-melzer/ros2_ws/install/py_pubsub:/home/matteo-melzer/ws_moveit/install/moveit_configs_utils:/home/matteo-melzer/ws_moveit/install/launch_param_builder:/opt/ros/humble /usr/bin/cmake --build /home/matteo-melzer/gazebo_test/build/onrobot_description -- -j2 -l2
[0.381s] Invoking command in '/home/matteo-melzer/gazebo_test/build/onrobot_description': CMAKE_PREFIX_PATH=${CMAKE_PREFIX_PATH}:/home/matteo-melzer/gazebo_test/install/onrobot_rg_modbus_tcp:/home/matteo-melzer/gazebo_test/install/onrobot_rg_control:/home/matteo-melzer/gazebo_test/install/onrobot_driver:/home/matteo-melzer/ros2_ws/install/py_srvcli:/home/matteo-melzer/ros2_ws/install/py_pubsub:/home/matteo-melzer/ws_moveit/install/moveit_configs_utils:/home/matteo-melzer/ws_moveit/install/launch_param_builder:/opt/ros/humble /usr/bin/cmake --install /home/matteo-melzer/gazebo_test/build/onrobot_description
[0.394s] -- Install configuration: ""
[0.395s] -- Execute custom install script
[0.396s] -- Up-to-date symlink: /home/matteo-melzer/gazebo_test/install/onrobot_description/share/onrobot_description/launch/test.launch.py
[0.397s] -- Up-to-date symlink: /home/matteo-melzer/gazebo_test/install/onrobot_description/share/onrobot_description/launch/test_gazebo.launch.py
[0.412s] -- Up-to-date symlink: /home/matteo-melzer/gazebo_test/install/onrobot_description/share/onrobot_description/config/rg2_v1.yaml
[0.412s] -- Up-to-date symlink: /home/matteo-melzer/gazebo_test/install/onrobot_description/share/onrobot_description/config/rg6_v1.yaml
[0.412s] -- Up-to-date symlink: /home/matteo-melzer/gazebo_test/install/onrobot_description/share/onrobot_description/config/rg6_v2.yaml
[0.412s] -- Up-to-date symlink: /home/matteo-melzer/gazebo_test/install/onrobot_description/share/onrobot_description/urdf/materials.urdf.xacro
[0.412s] -- Up-to-date symlink: /home/matteo-melzer/gazebo_test/install/onrobot_description/share/onrobot_description/urdf/onrobot_rg.gazebo.xacro
[0.412s] -- Up-to-date symlink: /home/matteo-melzer/gazebo_test/install/onrobot_description/share/onrobot_description/urdf/onrobot_rg.srdf.xacro
[0.412s] -- Up-to-date symlink: /home/matteo-melzer/gazebo_test/install/onrobot_description/share/onrobot_description/urdf/onrobot_rg.transmission.xacro
[0.412s] -- Up-to-date symlink: /home/matteo-melzer/gazebo_test/install/onrobot_description/share/onrobot_description/urdf/onrobot_rg.urdf.xacro
[0.412s] -- Up-to-date symlink: /home/matteo-melzer/gazebo_test/install/onrobot_description/share/onrobot_description/urdf/onrobot_ros2_control.urdf.xacro
[0.412s] -- Up-to-date symlink: /home/matteo-melzer/gazebo_test/install/onrobot_description/share/onrobot_description/urdf/test.urdf.xacro
[0.412s] -- Up-to-date symlink: /home/matteo-melzer/gazebo_test/install/onrobot_description/share/onrobot_description/meshes/rg2_v1/collision/body.stl
[0.412s] -- Up-to-date symlink: /home/matteo-melzer/gazebo_test/install/onrobot_description/share/onrobot_description/meshes/rg2_v1/collision/finger_tip.stl
[0.412s] -- Up-to-date symlink: /home/matteo-melzer/gazebo_test/install/onrobot_description/share/onrobot_description/meshes/rg2_v1/collision/finger_tip_1.stl
[0.412s] -- Up-to-date symlink: /home/matteo-melzer/gazebo_test/install/onrobot_description/share/onrobot_description/meshes/rg2_v1/collision/finger_tip_2.stl
[0.412s] -- Up-to-date symlink: /home/matteo-melzer/gazebo_test/install/onrobot_description/share/onrobot_description/meshes/rg2_v1/collision/flex_finger.stl
[0.415s] -- Up-to-date symlink: /home/matteo-melzer/gazebo_test/install/onrobot_description/share/onrobot_description/meshes/rg2_v1/collision/moment_arm.stl
[0.415s] -- Up-to-date symlink: /home/matteo-melzer/gazebo_test/install/onrobot_description/share/onrobot_description/meshes/rg2_v1/collision/single_bracket.stl
[0.415s] -- Up-to-date symlink: /home/matteo-melzer/gazebo_test/install/onrobot_description/share/onrobot_description/meshes/rg2_v1/collision/truss_arm.stl
[0.415s] -- Up-to-date symlink: /home/matteo-melzer/gazebo_test/install/onrobot_description/share/onrobot_description/meshes/rg2_v1/visual/body.stl
[0.415s] -- Up-to-date symlink: /home/matteo-melzer/gazebo_test/install/onrobot_description/share/onrobot_description/meshes/rg2_v1/visual/finger_tip.stl
[0.415s] -- Up-to-date symlink: /home/matteo-melzer/gazebo_test/install/onrobot_description/share/onrobot_description/meshes/rg2_v1/visual/flex_finger.stl
[0.415s] -- Up-to-date symlink: /home/matteo-melzer/gazebo_test/install/onrobot_description/share/onrobot_description/meshes/rg2_v1/visual/moment_arm.stl
[0.415s] -- Up-to-date symlink: /home/matteo-melzer/gazebo_test/install/onrobot_description/share/onrobot_description/meshes/rg2_v1/visual/single_bracket.stl
[0.415s] -- Up-to-date symlink: /home/matteo-melzer/gazebo_test/install/onrobot_description/share/onrobot_description/meshes/rg2_v1/visual/truss_arm.stl
[0.415s] -- Up-to-date symlink: /home/matteo-melzer/gazebo_test/install/onrobot_description/share/onrobot_description/meshes/rg6_v1/collision/body.stl
[0.415s] -- Up-to-date symlink: /home/matteo-melzer/gazebo_test/install/onrobot_description/share/onrobot_description/meshes/rg6_v1/collision/body_.stl
[0.415s] -- Up-to-date symlink: /home/matteo-melzer/gazebo_test/install/onrobot_description/share/onrobot_description/meshes/rg6_v1/collision/finger_tip_1.stl
[0.415s] -- Up-to-date symlink: /home/matteo-melzer/gazebo_test/install/onrobot_description/share/onrobot_description/meshes/rg6_v1/collision/finger_tip_2.stl
[0.415s] -- Up-to-date symlink: /home/matteo-melzer/gazebo_test/install/onrobot_description/share/onrobot_description/meshes/rg6_v1/collision/flex_finger.stl
[0.415s] -- Up-to-date symlink: /home/matteo-melzer/gazebo_test/install/onrobot_description/share/onrobot_description/meshes/rg6_v1/collision/moment_arm.stl
[0.415s] -- Up-to-date symlink: /home/matteo-melzer/gazebo_test/install/onrobot_description/share/onrobot_description/meshes/rg6_v1/collision/safety_shield.stl
[0.416s] -- Up-to-date symlink: /home/matteo-melzer/gazebo_test/install/onrobot_description/share/onrobot_description/meshes/rg6_v1/collision/single_bracket.stl
[0.416s] -- Up-to-date symlink: /home/matteo-melzer/gazebo_test/install/onrobot_description/share/onrobot_description/meshes/rg6_v1/collision/truss_arm.stl
[0.416s] -- Up-to-date symlink: /home/matteo-melzer/gazebo_test/install/onrobot_description/share/onrobot_description/meshes/rg6_v1/visual/body.stl
[0.416s] -- Up-to-date symlink: /home/matteo-melzer/gazebo_test/install/onrobot_description/share/onrobot_description/meshes/rg6_v1/visual/finger_tip.stl
[0.416s] -- Up-to-date symlink: /home/matteo-melzer/gazebo_test/install/onrobot_description/share/onrobot_description/meshes/rg6_v1/visual/flex_finger.stl
[0.416s] -- Up-to-date symlink: /home/matteo-melzer/gazebo_test/install/onrobot_description/share/onrobot_description/meshes/rg6_v1/visual/moment_arm.stl
[0.416s] -- Up-to-date symlink: /home/matteo-melzer/gazebo_test/install/onrobot_description/share/onrobot_description/meshes/rg6_v1/visual/safety_shield.stl
[0.416s] -- Up-to-date symlink: /home/matteo-melzer/gazebo_test/install/onrobot_description/share/onrobot_description/meshes/rg6_v1/visual/single_bracket.stl
[0.416s] -- Up-to-date symlink: /home/matteo-melzer/gazebo_test/install/onrobot_description/share/onrobot_description/meshes/rg6_v1/visual/truss_arm.stl
[0.416s] -- Up-to-date symlink: /home/matteo-melzer/gazebo_test/install/onrobot_description/share/onrobot_description/meshes/rg6_v2/collision/body.stl
[0.416s] -- Up-to-date symlink: /home/matteo-melzer/gazebo_test/install/onrobot_description/share/onrobot_description/meshes/rg6_v2/collision/finger_tip_1.stl
[0.416s] -- Up-to-date symlink: /home/matteo-melzer/gazebo_test/install/onrobot_description/share/onrobot_description/meshes/rg6_v2/collision/finger_tip_2.stl
[0.416s] -- Up-to-date symlink: /home/matteo-melzer/gazebo_test/install/onrobot_description/share/onrobot_description/meshes/rg6_v2/collision/flex_finger.stl
[0.428s] -- Up-to-date symlink: /home/matteo-melzer/gazebo_test/install/onrobot_description/share/onrobot_description/meshes/rg6_v2/collision/moment_arm.stl
[0.429s] -- Up-to-date symlink: /home/matteo-melzer/gazebo_test/install/onrobot_description/share/onrobot_description/meshes/rg6_v2/collision/safety_shield.stl
[0.429s] -- Up-to-date symlink: /home/matteo-melzer/gazebo_test/install/onrobot_description/share/onrobot_description/meshes/rg6_v2/collision/single_bracket.stl
[0.429s] -- Up-to-date symlink: /home/matteo-melzer/gazebo_test/install/onrobot_description/share/onrobot_description/meshes/rg6_v2/collision/truss_arm.stl
[0.429s] -- Up-to-date symlink: /home/matteo-melzer/gazebo_test/install/onrobot_description/share/onrobot_description/meshes/rg6_v2/visual/body.stl
[0.429s] -- Up-to-date symlink: /home/matteo-melzer/gazebo_test/install/onrobot_description/share/onrobot_description/meshes/rg6_v2/visual/finger_tip.stl
[0.429s] -- Up-to-date symlink: /home/matteo-melzer/gazebo_test/install/onrobot_description/share/onrobot_description/meshes/rg6_v2/visual/flex_finger.stl
[0.429s] -- Up-to-date symlink: /home/matteo-melzer/gazebo_test/install/onrobot_description/share/onrobot_description/meshes/rg6_v2/visual/moment_arm.stl
[0.429s] -- Up-to-date symlink: /home/matteo-melzer/gazebo_test/install/onrobot_description/share/onrobot_description/meshes/rg6_v2/visual/safety_shield.stl
[0.429s] -- Up-to-date symlink: /home/matteo-melzer/gazebo_test/install/onrobot_description/share/onrobot_description/meshes/rg6_v2/visual/single_bracket.stl
[0.430s] -- Up-to-date symlink: /home/matteo-melzer/gazebo_test/install/onrobot_description/share/onrobot_description/meshes/rg6_v2/visual/truss_arm.stl
[0.430s] -- Up-to-date symlink: /home/matteo-melzer/gazebo_test/install/onrobot_description/share/onrobot_description/rviz/urdf.rviz
[0.430s] -- Up-to-date symlink: /home/matteo-melzer/gazebo_test/install/onrobot_description/share/onrobot_description/world/test.sdf
[0.430s] -- Up-to-date symlink: /home/matteo-melzer/gazebo_test/install/onrobot_description/share/ament_index/resource_index/package_run_dependencies/onrobot_description
[0.430s] -- Up-to-date symlink: /home/matteo-melzer/gazebo_test/install/onrobot_description/share/ament_index/resource_index/parent_prefix_path/onrobot_description
[0.430s] -- Up-to-date symlink: /home/matteo-melzer/gazebo_test/install/onrobot_description/share/onrobot_description/environment/ament_prefix_path.sh
[0.430s] -- Up-to-date symlink: /home/matteo-melzer/gazebo_test/install/onrobot_description/share/onrobot_description/environment/ament_prefix_path.dsv
[0.430s] -- Up-to-date symlink: /home/matteo-melzer/gazebo_test/install/onrobot_description/share/onrobot_description/environment/path.sh
[0.430s] -- Up-to-date symlink: /home/matteo-melzer/gazebo_test/install/onrobot_description/share/onrobot_description/environment/path.dsv
[0.430s] -- Up-to-date symlink: /home/matteo-melzer/gazebo_test/install/onrobot_description/share/onrobot_description/local_setup.bash
[0.430s] -- Up-to-date symlink: /home/matteo-melzer/gazebo_test/install/onrobot_description/share/onrobot_description/local_setup.sh
[0.430s] -- Up-to-date symlink: /home/matteo-melzer/gazebo_test/install/onrobot_description/share/onrobot_description/local_setup.zsh
[0.430s] -- Up-to-date symlink: /home/matteo-melzer/gazebo_test/install/onrobot_description/share/onrobot_description/local_setup.dsv
[0.430s] -- Symlinking: /home/matteo-melzer/gazebo_test/install/onrobot_description/share/onrobot_description/package.dsv
[0.449s] -- Up-to-date symlink: /home/matteo-melzer/gazebo_test/install/onrobot_description/share/ament_index/resource_index/packages/onrobot_description
[0.449s] -- Up-to-date symlink: /home/matteo-melzer/gazebo_test/install/onrobot_description/share/onrobot_description/cmake/onrobot_descriptionConfig.cmake
[0.449s] -- Up-to-date symlink: /home/matteo-melzer/gazebo_test/install/onrobot_description/share/onrobot_description/cmake/onrobot_descriptionConfig-version.cmake
[0.450s] -- Up-to-date symlink: /home/matteo-melzer/gazebo_test/install/onrobot_description/share/onrobot_description/package.xml
[0.452s] Invoked command in '/home/matteo-melzer/gazebo_test/build/onrobot_description' returned '0': CMAKE_PREFIX_PATH=${CMAKE_PREFIX_PATH}:/home/matteo-melzer/gazebo_test/install/onrobot_rg_modbus_tcp:/home/matteo-melzer/gazebo_test/install/onrobot_rg_control:/home/matteo-melzer/gazebo_test/install/onrobot_driver:/home/matteo-melzer/ros2_ws/install/py_srvcli:/home/matteo-melzer/ros2_ws/install/py_pubsub:/home/matteo-melzer/ws_moveit/install/moveit_configs_utils:/home/matteo-melzer/ws_moveit/install/launch_param_builder:/opt/ros/humble /usr/bin/cmake --install /home/matteo-melzer/gazebo_test/build/onrobot_description
