[0.292s] Invoking command in '/home/matteo-melzer/gazebo_test/build/onrobot_rg_description': CMAKE_PREFIX_PATH=${CMAKE_PREFIX_PATH}:/home/matteo-melzer/gazebo_test/install/onrobot_rg_modbus_tcp:/home/matteo-melzer/gazebo_test/install/onrobot_rg_control:/home/matteo-melzer/gazebo_test/install/onrobot_driver:/home/matteo-melzer/ros2_ws/install/py_srvcli:/home/matteo-melzer/ros2_ws/install/py_pubsub:/home/matteo-melzer/ws_moveit/install/moveit_configs_utils:/home/matteo-melzer/ws_moveit/install/launch_param_builder:/opt/ros/humble /usr/bin/cmake --build /home/matteo-melzer/gazebo_test/build/onrobot_rg_description -- -j2 -l2
[0.363s] Invoked command in '/home/matteo-melzer/gazebo_test/build/onrobot_rg_description' returned '0': CMAKE_PREFIX_PATH=${CMAKE_PREFIX_PATH}:/home/matteo-melzer/gazebo_test/install/onrobot_rg_modbus_tcp:/home/matteo-melzer/gazebo_test/install/onrobot_rg_control:/home/matteo-melzer/gazebo_test/install/onrobot_driver:/home/matteo-melzer/ros2_ws/install/py_srvcli:/home/matteo-melzer/ros2_ws/install/py_pubsub:/home/matteo-melzer/ws_moveit/install/moveit_configs_utils:/home/matteo-melzer/ws_moveit/install/launch_param_builder:/opt/ros/humble /usr/bin/cmake --build /home/matteo-melzer/gazebo_test/build/onrobot_rg_description -- -j2 -l2
[0.364s] Invoking command in '/home/matteo-melzer/gazebo_test/build/onrobot_rg_description': CMAKE_PREFIX_PATH=${CMAKE_PREFIX_PATH}:/home/matteo-melzer/gazebo_test/install/onrobot_rg_modbus_tcp:/home/matteo-melzer/gazebo_test/install/onrobot_rg_control:/home/matteo-melzer/gazebo_test/install/onrobot_driver:/home/matteo-melzer/ros2_ws/install/py_srvcli:/home/matteo-melzer/ros2_ws/install/py_pubsub:/home/matteo-melzer/ws_moveit/install/moveit_configs_utils:/home/matteo-melzer/ws_moveit/install/launch_param_builder:/opt/ros/humble /usr/bin/cmake --install /home/matteo-melzer/gazebo_test/build/onrobot_rg_description
[0.376s] -- Install configuration: ""
[0.377s] -- Execute custom install script
[0.378s] -- Up-to-date symlink: /home/matteo-melzer/gazebo_test/install/onrobot_rg_description/share/ament_index/resource_index/package_run_dependencies/onrobot_rg_description
[0.379s] -- Up-to-date symlink: /home/matteo-melzer/gazebo_test/install/onrobot_rg_description/share/ament_index/resource_index/parent_prefix_path/onrobot_rg_description
[0.379s] -- Up-to-date symlink: /home/matteo-melzer/gazebo_test/install/onrobot_rg_description/share/onrobot_rg_description/environment/ament_prefix_path.sh
[0.380s] -- Up-to-date symlink: /home/matteo-melzer/gazebo_test/install/onrobot_rg_description/share/onrobot_rg_description/environment/ament_prefix_path.dsv
[0.381s] -- Up-to-date symlink: /home/matteo-melzer/gazebo_test/install/onrobot_rg_description/share/onrobot_rg_description/environment/path.sh
[0.382s] -- Up-to-date symlink: /home/matteo-melzer/gazebo_test/install/onrobot_rg_description/share/onrobot_rg_description/environment/path.dsv
[0.382s] -- Up-to-date symlink: /home/matteo-melzer/gazebo_test/install/onrobot_rg_description/share/onrobot_rg_description/local_setup.bash
[0.383s] -- Up-to-date symlink: /home/matteo-melzer/gazebo_test/install/onrobot_rg_description/share/onrobot_rg_description/local_setup.sh
[0.384s] -- Up-to-date symlink: /home/matteo-melzer/gazebo_test/install/onrobot_rg_description/share/onrobot_rg_description/local_setup.zsh
[0.385s] -- Up-to-date symlink: /home/matteo-melzer/gazebo_test/install/onrobot_rg_description/share/onrobot_rg_description/local_setup.dsv
[0.385s] -- Symlinking: /home/matteo-melzer/gazebo_test/install/onrobot_rg_description/share/onrobot_rg_description/package.dsv
[0.401s] -- Up-to-date symlink: /home/matteo-melzer/gazebo_test/install/onrobot_rg_description/share/ament_index/resource_index/packages/onrobot_rg_description
[0.402s] -- Up-to-date symlink: /home/matteo-melzer/gazebo_test/install/onrobot_rg_description/share/onrobot_rg_description/cmake/onrobot_rg_descriptionConfig.cmake
[0.403s] -- Up-to-date symlink: /home/matteo-melzer/gazebo_test/install/onrobot_rg_description/share/onrobot_rg_description/cmake/onrobot_rg_descriptionConfig-version.cmake
[0.404s] -- Up-to-date symlink: /home/matteo-melzer/gazebo_test/install/onrobot_rg_description/share/onrobot_rg_description/package.xml
[0.404s] -- Up-to-date symlink: /home/matteo-melzer/gazebo_test/install/onrobot_rg_description/share/onrobot_rg_description/meshes/rg2/collision/base_link.stl
[0.405s] -- Up-to-date symlink: /home/matteo-melzer/gazebo_test/install/onrobot_rg_description/share/onrobot_rg_description/meshes/rg2/collision/inner_finger.stl
[0.406s] -- Up-to-date symlink: /home/matteo-melzer/gazebo_test/install/onrobot_rg_description/share/onrobot_rg_description/meshes/rg2/collision/inner_knuckle.stl
[0.406s] -- Up-to-date symlink: /home/matteo-melzer/gazebo_test/install/onrobot_rg_description/share/onrobot_rg_description/meshes/rg2/collision/outer_knuckle.stl
[0.407s] -- Up-to-date symlink: /home/matteo-melzer/gazebo_test/install/onrobot_rg_description/share/onrobot_rg_description/meshes/rg2/visual/base_link.stl
[0.408s] -- Up-to-date symlink: /home/matteo-melzer/gazebo_test/install/onrobot_rg_description/share/onrobot_rg_description/meshes/rg2/visual/inner_finger.stl
[0.408s] -- Up-to-date symlink: /home/matteo-melzer/gazebo_test/install/onrobot_rg_description/share/onrobot_rg_description/meshes/rg2/visual/inner_knuckle.stl
[0.409s] -- Up-to-date symlink: /home/matteo-melzer/gazebo_test/install/onrobot_rg_description/share/onrobot_rg_description/meshes/rg2/visual/outer_knuckle.stl
[0.409s] -- Up-to-date symlink: /home/matteo-melzer/gazebo_test/install/onrobot_rg_description/share/onrobot_rg_description/meshes/rg6/collision/base.stl
[0.410s] -- Up-to-date symlink: /home/matteo-melzer/gazebo_test/install/onrobot_rg_description/share/onrobot_rg_description/meshes/rg6/collision/base_link.stl
[0.410s] -- Up-to-date symlink: /home/matteo-melzer/gazebo_test/install/onrobot_rg_description/share/onrobot_rg_description/meshes/rg6/collision/inner_finger.stl
[0.411s] -- Up-to-date symlink: /home/matteo-melzer/gazebo_test/install/onrobot_rg_description/share/onrobot_rg_description/meshes/rg6/collision/inner_knuckle.stl
[0.412s] -- Up-to-date symlink: /home/matteo-melzer/gazebo_test/install/onrobot_rg_description/share/onrobot_rg_description/meshes/rg6/collision/outer_knuckle.stl
[0.413s] -- Up-to-date symlink: /home/matteo-melzer/gazebo_test/install/onrobot_rg_description/share/onrobot_rg_description/meshes/rg6/visual/base.stl
[0.414s] -- Up-to-date symlink: /home/matteo-melzer/gazebo_test/install/onrobot_rg_description/share/onrobot_rg_description/meshes/rg6/visual/base_link.stl
[0.414s] -- Up-to-date symlink: /home/matteo-melzer/gazebo_test/install/onrobot_rg_description/share/onrobot_rg_description/meshes/rg6/visual/inner_finger.stl
[0.415s] -- Up-to-date symlink: /home/matteo-melzer/gazebo_test/install/onrobot_rg_description/share/onrobot_rg_description/meshes/rg6/visual/inner_knuckle.stl
[0.416s] -- Up-to-date symlink: /home/matteo-melzer/gazebo_test/install/onrobot_rg_description/share/onrobot_rg_description/meshes/rg6/visual/outer_knuckle.stl
[0.416s] -- Up-to-date symlink: /home/matteo-melzer/gazebo_test/install/onrobot_rg_description/share/onrobot_rg_description/urdf/onrobot_rg2.xacro
[0.417s] -- Up-to-date symlink: /home/matteo-melzer/gazebo_test/install/onrobot_rg_description/share/onrobot_rg_description/urdf/onrobot_rg2_gazebo.xacro
[0.418s] -- Up-to-date symlink: /home/matteo-melzer/gazebo_test/install/onrobot_rg_description/share/onrobot_rg_description/urdf/onrobot_rg2_model.xacro
[0.418s] -- Up-to-date symlink: /home/matteo-melzer/gazebo_test/install/onrobot_rg_description/share/onrobot_rg_description/urdf/onrobot_rg2_model_macro.xacro
[0.419s] -- Up-to-date symlink: /home/matteo-melzer/gazebo_test/install/onrobot_rg_description/share/onrobot_rg_description/urdf/onrobot_rg2_transmission.xacro
[0.420s] -- Up-to-date symlink: /home/matteo-melzer/gazebo_test/install/onrobot_rg_description/share/onrobot_rg_description/urdf/onrobot_rg6.urdf
[0.420s] -- Up-to-date symlink: /home/matteo-melzer/gazebo_test/install/onrobot_rg_description/share/onrobot_rg_description/urdf/onrobot_rg6.xacro
[0.421s] -- Up-to-date symlink: /home/matteo-melzer/gazebo_test/install/onrobot_rg_description/share/onrobot_rg_description/urdf/onrobot_rg6/.thumbs/256x256/onrobot_rg6.usd.png
[0.421s] -- Up-to-date symlink: /home/matteo-melzer/gazebo_test/install/onrobot_rg_description/share/onrobot_rg_description/urdf/onrobot_rg6/configuration/.thumbs/256x256/onrobot_rg6_base.usd.png
[0.422s] -- Up-to-date symlink: /home/matteo-melzer/gazebo_test/install/onrobot_rg_description/share/onrobot_rg_description/urdf/onrobot_rg6/configuration/.thumbs/256x256/onrobot_rg6_physics.usd.png
[0.422s] -- Up-to-date symlink: /home/matteo-melzer/gazebo_test/install/onrobot_rg_description/share/onrobot_rg_description/urdf/onrobot_rg6/configuration/onrobot_rg6_base.usd
[0.423s] -- Up-to-date symlink: /home/matteo-melzer/gazebo_test/install/onrobot_rg_description/share/onrobot_rg_description/urdf/onrobot_rg6/configuration/onrobot_rg6_physics.usd
[0.424s] -- Up-to-date symlink: /home/matteo-melzer/gazebo_test/install/onrobot_rg_description/share/onrobot_rg_description/urdf/onrobot_rg6/configuration/onrobot_rg6_sensor.usd
[0.424s] -- Up-to-date symlink: /home/matteo-melzer/gazebo_test/install/onrobot_rg_description/share/onrobot_rg_description/urdf/onrobot_rg6/onrobot_rg6.usd
[0.425s] -- Up-to-date symlink: /home/matteo-melzer/gazebo_test/install/onrobot_rg_description/share/onrobot_rg_description/urdf/onrobot_rg6_gazebo.xacro
[0.425s] -- Up-to-date symlink: /home/matteo-melzer/gazebo_test/install/onrobot_rg_description/share/onrobot_rg_description/urdf/onrobot_rg6_model.xacro
[0.426s] -- Up-to-date symlink: /home/matteo-melzer/gazebo_test/install/onrobot_rg_description/share/onrobot_rg_description/urdf/onrobot_rg6_model_macro.xacro
[0.428s] -- Up-to-date symlink: /home/matteo-melzer/gazebo_test/install/onrobot_rg_description/share/onrobot_rg_description/urdf/onrobot_rg6_standalone.xacro
[0.428s] -- Up-to-date symlink: /home/matteo-melzer/gazebo_test/install/onrobot_rg_description/share/onrobot_rg_description/urdf/onrobot_rg6_transmission.xacro
[0.432s] Invoked command in '/home/matteo-melzer/gazebo_test/build/onrobot_rg_description' returned '0': CMAKE_PREFIX_PATH=${CMAKE_PREFIX_PATH}:/home/matteo-melzer/gazebo_test/install/onrobot_rg_modbus_tcp:/home/matteo-melzer/gazebo_test/install/onrobot_rg_control:/home/matteo-melzer/gazebo_test/install/onrobot_driver:/home/matteo-melzer/ros2_ws/install/py_srvcli:/home/matteo-melzer/ros2_ws/install/py_pubsub:/home/matteo-melzer/ws_moveit/install/moveit_configs_utils:/home/matteo-melzer/ws_moveit/install/launch_param_builder:/opt/ros/humble /usr/bin/cmake --install /home/matteo-melzer/gazebo_test/build/onrobot_rg_description
