[0.000000] (-) TimerEvent: {}
[0.000967] (-) JobUnselected: {'identifier': 'librealsense2'}
[0.001019] (-) JobUnselected: {'identifier': 'net_ft_description'}
[0.001036] (-) JobUnselected: {'identifier': 'net_ft_diagnostic_broadcaster'}
[0.001048] (-) JobUnselected: {'identifier': 'net_ft_driver'}
[0.001059] (-) JobUnselected: {'identifier': 'onrobot_control'}
[0.001069] (-) JobUnselected: {'identifier': 'onrobot_description'}
[0.001078] (-) JobUnselected: {'identifier': 'onrobot_driver'}
[0.001207] (-) JobUnselected: {'identifier': 'onrobot_rg_control'}
[0.001680] (-) JobUnselected: {'identifier': 'onrobot_rg_description'}
[0.001713] (-) JobUnselected: {'identifier': 'onrobot_rg_modbus_tcp'}
[0.001745] (-) JobUnselected: {'identifier': 'onrobot_rg_msgs'}
[0.001767] (-) JobUnselected: {'identifier': 'realsense2_camera'}
[0.001787] (-) JobUnselected: {'identifier': 'realsense2_camera_msgs'}
[0.001804] (-) JobUnselected: {'identifier': 'realsense2_description'}
[0.001821] (-) JobUnselected: {'identifier': 'ur10e_flex_moveit_config'}
[0.001833] (-) JobUnselected: {'identifier': 'ur10e_ft_rg2_moveit_config'}
[0.001843] (-) JobUnselected: {'identifier': 'ur10e_gazebo_sim'}
[0.001852] (-) JobUnselected: {'identifier': 'ur_description'}
[0.001861] (-) JobUnselected: {'identifier': 'ur_simulation_gazebo'}
[0.002052] (-) EventReactorShutdown: {}
