[0.252s] DEBUG:colcon:Command line arguments: ['/usr/bin/colcon', 'build', '--packages-select', 'ur_gazebo_sim']
[0.252s] DEBUG:colcon:Parsed command line arguments: Namespace(log_base=None, log_level=None, verb_name='build', build_base='build', install_base='install', merge_install=False, symlink_install=False, test_result_base=None, continue_on_error=False, executor='parallel', parallel_workers=2, event_handlers=None, ignore_user_meta=False, metas=['./colcon.meta'], base_paths=['.'], packages_ignore=None, packages_ignore_regex=None, paths=None, packages_up_to=None, packages_up_to_regex=None, packages_above=None, packages_above_and_dependencies=None, packages_above_depth=None, packages_select_by_dep=None, packages_skip_by_dep=None, packages_skip_up_to=None, packages_select_build_failed=False, packages_skip_build_finished=False, packages_select_test_failures=False, packages_skip_test_passed=False, packages_select=['ur_gazebo_sim'], packages_skip=None, packages_select_regex=None, packages_skip_regex=None, packages_start=None, packages_end=None, allow_overriding=[], cmake_args=None, cmake_target=None, cmake_target_skip_unavailable=False, cmake_clean_cache=False, cmake_clean_first=False, cmake_force_configure=False, ament_cmake_args=None, catkin_cmake_args=None, catkin_skip_building_tests=False, mixin_files=None, mixin=None, verb_parser=<colcon_mixin.mixin.mixin_argument.MixinArgumentDecorator object at 0x7e0c23b796c0>, verb_extension=<colcon_core.verb.build.BuildVerb object at 0x7e0c23cfec20>, main=<bound method BuildVerb.main of <colcon_core.verb.build.BuildVerb object at 0x7e0c23cfec20>>, mixin_verb=('build',))
[0.619s] Level 1:colcon.colcon_core.package_discovery:discover_packages(colcon_meta) check parameters
[0.619s] Level 1:colcon.colcon_core.package_discovery:discover_packages(recursive) check parameters
[0.620s] Level 1:colcon.colcon_core.package_discovery:discover_packages(ignore) check parameters
[0.620s] Level 1:colcon.colcon_core.package_discovery:discover_packages(path) check parameters
[0.620s] Level 1:colcon.colcon_core.package_discovery:discover_packages(colcon_meta) discover
[0.620s] Level 1:colcon.colcon_core.package_discovery:discover_packages(recursive) discover
[0.620s] INFO:colcon.colcon_core.package_discovery:Crawling recursively for packages in '/home/matteo-melzer/gazebo_test'
[0.620s] Level 1:colcon.colcon_core.package_identification:_identify(.) by extensions ['ignore', 'ignore_ament_install']
[0.620s] Level 1:colcon.colcon_core.package_identification:_identify(.) by extension 'ignore'
[0.620s] Level 1:colcon.colcon_core.package_identification:_identify(.) by extension 'ignore_ament_install'
[0.620s] Level 1:colcon.colcon_core.package_identification:_identify(.) by extensions ['colcon_pkg']
[0.620s] Level 1:colcon.colcon_core.package_identification:_identify(.) by extension 'colcon_pkg'
[0.620s] Level 1:colcon.colcon_core.package_identification:_identify(.) by extensions ['colcon_meta']
[0.620s] Level 1:colcon.colcon_core.package_identification:_identify(.) by extension 'colcon_meta'
[0.620s] Level 1:colcon.colcon_core.package_identification:_identify(.) by extensions ['ros']
[0.620s] Level 1:colcon.colcon_core.package_identification:_identify(.) by extension 'ros'
[0.632s] Level 1:colcon.colcon_core.package_identification:_identify(.) by extensions ['cmake', 'python']
[0.632s] Level 1:colcon.colcon_core.package_identification:_identify(.) by extension 'cmake'
[0.632s] Level 1:colcon.colcon_core.package_identification:_identify(.) by extension 'python'
[0.632s] Level 1:colcon.colcon_core.package_identification:_identify(.) by extensions ['python_setup_py']
[0.632s] Level 1:colcon.colcon_core.package_identification:_identify(.) by extension 'python_setup_py'
[0.632s] Level 1:colcon.colcon_core.package_identification:_identify(build) by extensions ['ignore', 'ignore_ament_install']
[0.632s] Level 1:colcon.colcon_core.package_identification:_identify(build) by extension 'ignore'
[0.632s] Level 1:colcon.colcon_core.package_identification:_identify(build) ignored
[0.632s] Level 1:colcon.colcon_core.package_identification:_identify(install) by extensions ['ignore', 'ignore_ament_install']
[0.632s] Level 1:colcon.colcon_core.package_identification:_identify(install) by extension 'ignore'
[0.632s] Level 1:colcon.colcon_core.package_identification:_identify(install) ignored
[0.633s] Level 1:colcon.colcon_core.package_identification:_identify(log) by extensions ['ignore', 'ignore_ament_install']
[0.633s] Level 1:colcon.colcon_core.package_identification:_identify(log) by extension 'ignore'
[0.633s] Level 1:colcon.colcon_core.package_identification:_identify(log) ignored
[0.633s] Level 1:colcon.colcon_core.package_identification:_identify(src) by extensions ['ignore', 'ignore_ament_install']
[0.633s] Level 1:colcon.colcon_core.package_identification:_identify(src) by extension 'ignore'
[0.633s] Level 1:colcon.colcon_core.package_identification:_identify(src) by extension 'ignore_ament_install'
[0.633s] Level 1:colcon.colcon_core.package_identification:_identify(src) by extensions ['colcon_pkg']
[0.633s] Level 1:colcon.colcon_core.package_identification:_identify(src) by extension 'colcon_pkg'
[0.633s] Level 1:colcon.colcon_core.package_identification:_identify(src) by extensions ['colcon_meta']
[0.633s] Level 1:colcon.colcon_core.package_identification:_identify(src) by extension 'colcon_meta'
[0.633s] Level 1:colcon.colcon_core.package_identification:_identify(src) by extensions ['ros']
[0.633s] Level 1:colcon.colcon_core.package_identification:_identify(src) by extension 'ros'
[0.633s] Level 1:colcon.colcon_core.package_identification:_identify(src) by extensions ['cmake', 'python']
[0.633s] Level 1:colcon.colcon_core.package_identification:_identify(src) by extension 'cmake'
[0.633s] Level 1:colcon.colcon_core.package_identification:_identify(src) by extension 'python'
[0.633s] Level 1:colcon.colcon_core.package_identification:_identify(src) by extensions ['python_setup_py']
[0.633s] Level 1:colcon.colcon_core.package_identification:_identify(src) by extension 'python_setup_py'
[0.634s] Level 1:colcon.colcon_core.package_identification:_identify(src/Universal_Robots_ROS2_Description) by extensions ['ignore', 'ignore_ament_install']
[0.634s] Level 1:colcon.colcon_core.package_identification:_identify(src/Universal_Robots_ROS2_Description) by extension 'ignore'
[0.634s] Level 1:colcon.colcon_core.package_identification:_identify(src/Universal_Robots_ROS2_Description) by extension 'ignore_ament_install'
[0.634s] Level 1:colcon.colcon_core.package_identification:_identify(src/Universal_Robots_ROS2_Description) by extensions ['colcon_pkg']
[0.634s] Level 1:colcon.colcon_core.package_identification:_identify(src/Universal_Robots_ROS2_Description) by extension 'colcon_pkg'
[0.634s] Level 1:colcon.colcon_core.package_identification:_identify(src/Universal_Robots_ROS2_Description) by extensions ['colcon_meta']
[0.634s] Level 1:colcon.colcon_core.package_identification:_identify(src/Universal_Robots_ROS2_Description) by extension 'colcon_meta'
[0.634s] Level 1:colcon.colcon_core.package_identification:_identify(src/Universal_Robots_ROS2_Description) by extensions ['ros']
[0.634s] Level 1:colcon.colcon_core.package_identification:_identify(src/Universal_Robots_ROS2_Description) by extension 'ros'
[0.644s] DEBUG:colcon.colcon_core.package_identification:Package 'src/Universal_Robots_ROS2_Description' with type 'ros.ament_cmake' and name 'ur_description'
[0.645s] Level 1:colcon.colcon_core.package_identification:_identify(src/Universal_Robots_ROS2_Gazebo_Simulation) by extensions ['ignore', 'ignore_ament_install']
[0.645s] Level 1:colcon.colcon_core.package_identification:_identify(src/Universal_Robots_ROS2_Gazebo_Simulation) by extension 'ignore'
[0.645s] Level 1:colcon.colcon_core.package_identification:_identify(src/Universal_Robots_ROS2_Gazebo_Simulation) by extension 'ignore_ament_install'
[0.645s] Level 1:colcon.colcon_core.package_identification:_identify(src/Universal_Robots_ROS2_Gazebo_Simulation) by extensions ['colcon_pkg']
[0.645s] Level 1:colcon.colcon_core.package_identification:_identify(src/Universal_Robots_ROS2_Gazebo_Simulation) by extension 'colcon_pkg'
[0.645s] Level 1:colcon.colcon_core.package_identification:_identify(src/Universal_Robots_ROS2_Gazebo_Simulation) by extensions ['colcon_meta']
[0.645s] Level 1:colcon.colcon_core.package_identification:_identify(src/Universal_Robots_ROS2_Gazebo_Simulation) by extension 'colcon_meta'
[0.645s] Level 1:colcon.colcon_core.package_identification:_identify(src/Universal_Robots_ROS2_Gazebo_Simulation) by extensions ['ros']
[0.645s] Level 1:colcon.colcon_core.package_identification:_identify(src/Universal_Robots_ROS2_Gazebo_Simulation) by extension 'ros'
[0.645s] Level 1:colcon.colcon_core.package_identification:_identify(src/Universal_Robots_ROS2_Gazebo_Simulation) by extensions ['cmake', 'python']
[0.645s] Level 1:colcon.colcon_core.package_identification:_identify(src/Universal_Robots_ROS2_Gazebo_Simulation) by extension 'cmake'
[0.645s] Level 1:colcon.colcon_core.package_identification:_identify(src/Universal_Robots_ROS2_Gazebo_Simulation) by extension 'python'
[0.645s] Level 1:colcon.colcon_core.package_identification:_identify(src/Universal_Robots_ROS2_Gazebo_Simulation) by extensions ['python_setup_py']
[0.645s] Level 1:colcon.colcon_core.package_identification:_identify(src/Universal_Robots_ROS2_Gazebo_Simulation) by extension 'python_setup_py'
[0.645s] Level 1:colcon.colcon_core.package_identification:_identify(src/Universal_Robots_ROS2_Gazebo_Simulation/ur_simulation_gazebo) by extensions ['ignore', 'ignore_ament_install']
[0.645s] Level 1:colcon.colcon_core.package_identification:_identify(src/Universal_Robots_ROS2_Gazebo_Simulation/ur_simulation_gazebo) by extension 'ignore'
[0.645s] Level 1:colcon.colcon_core.package_identification:_identify(src/Universal_Robots_ROS2_Gazebo_Simulation/ur_simulation_gazebo) by extension 'ignore_ament_install'
[0.645s] Level 1:colcon.colcon_core.package_identification:_identify(src/Universal_Robots_ROS2_Gazebo_Simulation/ur_simulation_gazebo) by extensions ['colcon_pkg']
[0.645s] Level 1:colcon.colcon_core.package_identification:_identify(src/Universal_Robots_ROS2_Gazebo_Simulation/ur_simulation_gazebo) by extension 'colcon_pkg'
[0.645s] Level 1:colcon.colcon_core.package_identification:_identify(src/Universal_Robots_ROS2_Gazebo_Simulation/ur_simulation_gazebo) by extensions ['colcon_meta']
[0.645s] Level 1:colcon.colcon_core.package_identification:_identify(src/Universal_Robots_ROS2_Gazebo_Simulation/ur_simulation_gazebo) by extension 'colcon_meta'
[0.646s] Level 1:colcon.colcon_core.package_identification:_identify(src/Universal_Robots_ROS2_Gazebo_Simulation/ur_simulation_gazebo) by extensions ['ros']
[0.646s] Level 1:colcon.colcon_core.package_identification:_identify(src/Universal_Robots_ROS2_Gazebo_Simulation/ur_simulation_gazebo) by extension 'ros'
[0.646s] DEBUG:colcon.colcon_core.package_identification:Package 'src/Universal_Robots_ROS2_Gazebo_Simulation/ur_simulation_gazebo' with type 'ros.ament_cmake' and name 'ur_simulation_gazebo'
[0.646s] Level 1:colcon.colcon_core.package_identification:_identify(src/librealsense) by extensions ['ignore', 'ignore_ament_install']
[0.646s] Level 1:colcon.colcon_core.package_identification:_identify(src/librealsense) by extension 'ignore'
[0.646s] Level 1:colcon.colcon_core.package_identification:_identify(src/librealsense) by extension 'ignore_ament_install'
[0.647s] Level 1:colcon.colcon_core.package_identification:_identify(src/librealsense) by extensions ['colcon_pkg']
[0.647s] Level 1:colcon.colcon_core.package_identification:_identify(src/librealsense) by extension 'colcon_pkg'
[0.647s] Level 1:colcon.colcon_core.package_identification:_identify(src/librealsense) by extensions ['colcon_meta']
[0.647s] Level 1:colcon.colcon_core.package_identification:_identify(src/librealsense) by extension 'colcon_meta'
[0.647s] Level 1:colcon.colcon_core.package_identification:_identify(src/librealsense) by extensions ['ros']
[0.647s] Level 1:colcon.colcon_core.package_identification:_identify(src/librealsense) by extension 'ros'
[0.648s] DEBUG:colcon.colcon_core.package_identification:Package 'src/librealsense' with type 'ros.cmake' and name 'librealsense2'
[0.648s] Level 1:colcon.colcon_core.package_identification:_identify(src/onrobot-ros2) by extensions ['ignore', 'ignore_ament_install']
[0.648s] Level 1:colcon.colcon_core.package_identification:_identify(src/onrobot-ros2) by extension 'ignore'
[0.648s] Level 1:colcon.colcon_core.package_identification:_identify(src/onrobot-ros2) by extension 'ignore_ament_install'
[0.648s] Level 1:colcon.colcon_core.package_identification:_identify(src/onrobot-ros2) by extensions ['colcon_pkg']
[0.648s] Level 1:colcon.colcon_core.package_identification:_identify(src/onrobot-ros2) by extension 'colcon_pkg'
[0.648s] Level 1:colcon.colcon_core.package_identification:_identify(src/onrobot-ros2) by extensions ['colcon_meta']
[0.648s] Level 1:colcon.colcon_core.package_identification:_identify(src/onrobot-ros2) by extension 'colcon_meta'
[0.648s] Level 1:colcon.colcon_core.package_identification:_identify(src/onrobot-ros2) by extensions ['ros']
[0.648s] Level 1:colcon.colcon_core.package_identification:_identify(src/onrobot-ros2) by extension 'ros'
[0.648s] Level 1:colcon.colcon_core.package_identification:_identify(src/onrobot-ros2) by extensions ['cmake', 'python']
[0.648s] Level 1:colcon.colcon_core.package_identification:_identify(src/onrobot-ros2) by extension 'cmake'
[0.649s] Level 1:colcon.colcon_core.package_identification:_identify(src/onrobot-ros2) by extension 'python'
[0.649s] Level 1:colcon.colcon_core.package_identification:_identify(src/onrobot-ros2) by extensions ['python_setup_py']
[0.649s] Level 1:colcon.colcon_core.package_identification:_identify(src/onrobot-ros2) by extension 'python_setup_py'
[0.649s] Level 1:colcon.colcon_core.package_identification:_identify(src/onrobot-ros2/_onrobot_rg_modbus_tcp) by extensions ['ignore', 'ignore_ament_install']
[0.649s] Level 1:colcon.colcon_core.package_identification:_identify(src/onrobot-ros2/_onrobot_rg_modbus_tcp) by extension 'ignore'
[0.649s] Level 1:colcon.colcon_core.package_identification:_identify(src/onrobot-ros2/_onrobot_rg_modbus_tcp) by extension 'ignore_ament_install'
[0.649s] Level 1:colcon.colcon_core.package_identification:_identify(src/onrobot-ros2/_onrobot_rg_modbus_tcp) by extensions ['colcon_pkg']
[0.649s] Level 1:colcon.colcon_core.package_identification:_identify(src/onrobot-ros2/_onrobot_rg_modbus_tcp) by extension 'colcon_pkg'
[0.649s] Level 1:colcon.colcon_core.package_identification:_identify(src/onrobot-ros2/_onrobot_rg_modbus_tcp) by extensions ['colcon_meta']
[0.649s] Level 1:colcon.colcon_core.package_identification:_identify(src/onrobot-ros2/_onrobot_rg_modbus_tcp) by extension 'colcon_meta'
[0.649s] Level 1:colcon.colcon_core.package_identification:_identify(src/onrobot-ros2/_onrobot_rg_modbus_tcp) by extensions ['ros']
[0.649s] Level 1:colcon.colcon_core.package_identification:_identify(src/onrobot-ros2/_onrobot_rg_modbus_tcp) by extension 'ros'
[0.650s] DEBUG:colcon.colcon_core.package_identification:Package 'src/onrobot-ros2/_onrobot_rg_modbus_tcp' with type 'ros.ament_python' and name 'onrobot_rg_modbus_tcp'
[0.650s] Level 1:colcon.colcon_core.package_identification:_identify(src/onrobot-ros2/onrobot_rg_control) by extensions ['ignore', 'ignore_ament_install']
[0.650s] Level 1:colcon.colcon_core.package_identification:_identify(src/onrobot-ros2/onrobot_rg_control) by extension 'ignore'
[0.650s] Level 1:colcon.colcon_core.package_identification:_identify(src/onrobot-ros2/onrobot_rg_control) by extension 'ignore_ament_install'
[0.650s] Level 1:colcon.colcon_core.package_identification:_identify(src/onrobot-ros2/onrobot_rg_control) by extensions ['colcon_pkg']
[0.650s] Level 1:colcon.colcon_core.package_identification:_identify(src/onrobot-ros2/onrobot_rg_control) by extension 'colcon_pkg'
[0.650s] Level 1:colcon.colcon_core.package_identification:_identify(src/onrobot-ros2/onrobot_rg_control) by extensions ['colcon_meta']
[0.650s] Level 1:colcon.colcon_core.package_identification:_identify(src/onrobot-ros2/onrobot_rg_control) by extension 'colcon_meta'
[0.650s] Level 1:colcon.colcon_core.package_identification:_identify(src/onrobot-ros2/onrobot_rg_control) by extensions ['ros']
[0.650s] Level 1:colcon.colcon_core.package_identification:_identify(src/onrobot-ros2/onrobot_rg_control) by extension 'ros'
[0.651s] DEBUG:colcon.colcon_core.package_identification:Package 'src/onrobot-ros2/onrobot_rg_control' with type 'ros.ament_python' and name 'onrobot_rg_control'
[0.651s] Level 1:colcon.colcon_core.package_identification:_identify(src/onrobot-ros2/onrobot_rg_description) by extensions ['ignore', 'ignore_ament_install']
[0.651s] Level 1:colcon.colcon_core.package_identification:_identify(src/onrobot-ros2/onrobot_rg_description) by extension 'ignore'
[0.651s] Level 1:colcon.colcon_core.package_identification:_identify(src/onrobot-ros2/onrobot_rg_description) by extension 'ignore_ament_install'
[0.651s] Level 1:colcon.colcon_core.package_identification:_identify(src/onrobot-ros2/onrobot_rg_description) by extensions ['colcon_pkg']
[0.651s] Level 1:colcon.colcon_core.package_identification:_identify(src/onrobot-ros2/onrobot_rg_description) by extension 'colcon_pkg'
[0.651s] Level 1:colcon.colcon_core.package_identification:_identify(src/onrobot-ros2/onrobot_rg_description) by extensions ['colcon_meta']
[0.651s] Level 1:colcon.colcon_core.package_identification:_identify(src/onrobot-ros2/onrobot_rg_description) by extension 'colcon_meta'
[0.651s] Level 1:colcon.colcon_core.package_identification:_identify(src/onrobot-ros2/onrobot_rg_description) by extensions ['ros']
[0.651s] Level 1:colcon.colcon_core.package_identification:_identify(src/onrobot-ros2/onrobot_rg_description) by extension 'ros'
[0.652s] DEBUG:colcon.colcon_core.package_identification:Package 'src/onrobot-ros2/onrobot_rg_description' with type 'ros.ament_cmake' and name 'onrobot_rg_description'
[0.652s] Level 1:colcon.colcon_core.package_identification:_identify(src/onrobot-ros2/onrobot_rg_msgs) by extensions ['ignore', 'ignore_ament_install']
[0.652s] Level 1:colcon.colcon_core.package_identification:_identify(src/onrobot-ros2/onrobot_rg_msgs) by extension 'ignore'
[0.652s] Level 1:colcon.colcon_core.package_identification:_identify(src/onrobot-ros2/onrobot_rg_msgs) by extension 'ignore_ament_install'
[0.652s] Level 1:colcon.colcon_core.package_identification:_identify(src/onrobot-ros2/onrobot_rg_msgs) by extensions ['colcon_pkg']
[0.652s] Level 1:colcon.colcon_core.package_identification:_identify(src/onrobot-ros2/onrobot_rg_msgs) by extension 'colcon_pkg'
[0.652s] Level 1:colcon.colcon_core.package_identification:_identify(src/onrobot-ros2/onrobot_rg_msgs) by extensions ['colcon_meta']
[0.652s] Level 1:colcon.colcon_core.package_identification:_identify(src/onrobot-ros2/onrobot_rg_msgs) by extension 'colcon_meta'
[0.652s] Level 1:colcon.colcon_core.package_identification:_identify(src/onrobot-ros2/onrobot_rg_msgs) by extensions ['ros']
[0.652s] Level 1:colcon.colcon_core.package_identification:_identify(src/onrobot-ros2/onrobot_rg_msgs) by extension 'ros'
[0.652s] DEBUG:colcon.colcon_core.package_identification:Package 'src/onrobot-ros2/onrobot_rg_msgs' with type 'ros.ament_cmake' and name 'onrobot_rg_msgs'
[0.653s] Level 1:colcon.colcon_core.package_identification:_identify(src/onrobot_ros) by extensions ['ignore', 'ignore_ament_install']
[0.653s] Level 1:colcon.colcon_core.package_identification:_identify(src/onrobot_ros) by extension 'ignore'
[0.653s] Level 1:colcon.colcon_core.package_identification:_identify(src/onrobot_ros) by extension 'ignore_ament_install'
[0.653s] Level 1:colcon.colcon_core.package_identification:_identify(src/onrobot_ros) by extensions ['colcon_pkg']
[0.653s] Level 1:colcon.colcon_core.package_identification:_identify(src/onrobot_ros) by extension 'colcon_pkg'
[0.653s] Level 1:colcon.colcon_core.package_identification:_identify(src/onrobot_ros) by extensions ['colcon_meta']
[0.653s] Level 1:colcon.colcon_core.package_identification:_identify(src/onrobot_ros) by extension 'colcon_meta'
[0.653s] Level 1:colcon.colcon_core.package_identification:_identify(src/onrobot_ros) by extensions ['ros']
[0.653s] Level 1:colcon.colcon_core.package_identification:_identify(src/onrobot_ros) by extension 'ros'
[0.653s] Level 1:colcon.colcon_core.package_identification:_identify(src/onrobot_ros) by extensions ['cmake', 'python']
[0.653s] Level 1:colcon.colcon_core.package_identification:_identify(src/onrobot_ros) by extension 'cmake'
[0.653s] Level 1:colcon.colcon_core.package_identification:_identify(src/onrobot_ros) by extension 'python'
[0.653s] Level 1:colcon.colcon_core.package_identification:_identify(src/onrobot_ros) by extensions ['python_setup_py']
[0.653s] Level 1:colcon.colcon_core.package_identification:_identify(src/onrobot_ros) by extension 'python_setup_py'
[0.653s] Level 1:colcon.colcon_core.package_identification:_identify(src/onrobot_ros/onrobot_control) by extensions ['ignore', 'ignore_ament_install']
[0.653s] Level 1:colcon.colcon_core.package_identification:_identify(src/onrobot_ros/onrobot_control) by extension 'ignore'
[0.653s] Level 1:colcon.colcon_core.package_identification:_identify(src/onrobot_ros/onrobot_control) by extension 'ignore_ament_install'
[0.653s] Level 1:colcon.colcon_core.package_identification:_identify(src/onrobot_ros/onrobot_control) by extensions ['colcon_pkg']
[0.653s] Level 1:colcon.colcon_core.package_identification:_identify(src/onrobot_ros/onrobot_control) by extension 'colcon_pkg'
[0.653s] Level 1:colcon.colcon_core.package_identification:_identify(src/onrobot_ros/onrobot_control) by extensions ['colcon_meta']
[0.653s] Level 1:colcon.colcon_core.package_identification:_identify(src/onrobot_ros/onrobot_control) by extension 'colcon_meta'
[0.653s] Level 1:colcon.colcon_core.package_identification:_identify(src/onrobot_ros/onrobot_control) by extensions ['ros']
[0.654s] Level 1:colcon.colcon_core.package_identification:_identify(src/onrobot_ros/onrobot_control) by extension 'ros'
[0.654s] DEBUG:colcon.colcon_core.package_identification:Package 'src/onrobot_ros/onrobot_control' with type 'ros.ament_cmake' and name 'onrobot_control'
[0.654s] Level 1:colcon.colcon_core.package_identification:_identify(src/onrobot_ros/onrobot_description) by extensions ['ignore', 'ignore_ament_install']
[0.654s] Level 1:colcon.colcon_core.package_identification:_identify(src/onrobot_ros/onrobot_description) by extension 'ignore'
[0.654s] Level 1:colcon.colcon_core.package_identification:_identify(src/onrobot_ros/onrobot_description) by extension 'ignore_ament_install'
[0.654s] Level 1:colcon.colcon_core.package_identification:_identify(src/onrobot_ros/onrobot_description) by extensions ['colcon_pkg']
[0.654s] Level 1:colcon.colcon_core.package_identification:_identify(src/onrobot_ros/onrobot_description) by extension 'colcon_pkg'
[0.654s] Level 1:colcon.colcon_core.package_identification:_identify(src/onrobot_ros/onrobot_description) by extensions ['colcon_meta']
[0.654s] Level 1:colcon.colcon_core.package_identification:_identify(src/onrobot_ros/onrobot_description) by extension 'colcon_meta'
[0.654s] Level 1:colcon.colcon_core.package_identification:_identify(src/onrobot_ros/onrobot_description) by extensions ['ros']
[0.654s] Level 1:colcon.colcon_core.package_identification:_identify(src/onrobot_ros/onrobot_description) by extension 'ros'
[0.655s] DEBUG:colcon.colcon_core.package_identification:Package 'src/onrobot_ros/onrobot_description' with type 'ros.ament_cmake' and name 'onrobot_description'
[0.655s] Level 1:colcon.colcon_core.package_identification:_identify(src/onrobot_ros/onrobot_driver) by extensions ['ignore', 'ignore_ament_install']
[0.655s] Level 1:colcon.colcon_core.package_identification:_identify(src/onrobot_ros/onrobot_driver) by extension 'ignore'
[0.655s] Level 1:colcon.colcon_core.package_identification:_identify(src/onrobot_ros/onrobot_driver) by extension 'ignore_ament_install'
[0.655s] Level 1:colcon.colcon_core.package_identification:_identify(src/onrobot_ros/onrobot_driver) by extensions ['colcon_pkg']
[0.655s] Level 1:colcon.colcon_core.package_identification:_identify(src/onrobot_ros/onrobot_driver) by extension 'colcon_pkg'
[0.655s] Level 1:colcon.colcon_core.package_identification:_identify(src/onrobot_ros/onrobot_driver) by extensions ['colcon_meta']
[0.655s] Level 1:colcon.colcon_core.package_identification:_identify(src/onrobot_ros/onrobot_driver) by extension 'colcon_meta'
[0.655s] Level 1:colcon.colcon_core.package_identification:_identify(src/onrobot_ros/onrobot_driver) by extensions ['ros']
[0.655s] Level 1:colcon.colcon_core.package_identification:_identify(src/onrobot_ros/onrobot_driver) by extension 'ros'
[0.655s] DEBUG:colcon.colcon_core.package_identification:Package 'src/onrobot_ros/onrobot_driver' with type 'ros.ament_python' and name 'onrobot_driver'
[0.656s] Level 1:colcon.colcon_core.package_identification:_identify(src/realsense-ros) by extensions ['ignore', 'ignore_ament_install']
[0.656s] Level 1:colcon.colcon_core.package_identification:_identify(src/realsense-ros) by extension 'ignore'
[0.656s] Level 1:colcon.colcon_core.package_identification:_identify(src/realsense-ros) by extension 'ignore_ament_install'
[0.656s] Level 1:colcon.colcon_core.package_identification:_identify(src/realsense-ros) by extensions ['colcon_pkg']
[0.656s] Level 1:colcon.colcon_core.package_identification:_identify(src/realsense-ros) by extension 'colcon_pkg'
[0.656s] Level 1:colcon.colcon_core.package_identification:_identify(src/realsense-ros) by extensions ['colcon_meta']
[0.656s] Level 1:colcon.colcon_core.package_identification:_identify(src/realsense-ros) by extension 'colcon_meta'
[0.656s] Level 1:colcon.colcon_core.package_identification:_identify(src/realsense-ros) by extensions ['ros']
[0.656s] Level 1:colcon.colcon_core.package_identification:_identify(src/realsense-ros) by extension 'ros'
[0.656s] Level 1:colcon.colcon_core.package_identification:_identify(src/realsense-ros) by extensions ['cmake', 'python']
[0.656s] Level 1:colcon.colcon_core.package_identification:_identify(src/realsense-ros) by extension 'cmake'
[0.656s] Level 1:colcon.colcon_core.package_identification:_identify(src/realsense-ros) by extension 'python'
[0.656s] Level 1:colcon.colcon_core.package_identification:_identify(src/realsense-ros) by extensions ['python_setup_py']
[0.656s] Level 1:colcon.colcon_core.package_identification:_identify(src/realsense-ros) by extension 'python_setup_py'
[0.657s] Level 1:colcon.colcon_core.package_identification:_identify(src/realsense-ros/realsense2_camera) by extensions ['ignore', 'ignore_ament_install']
[0.657s] Level 1:colcon.colcon_core.package_identification:_identify(src/realsense-ros/realsense2_camera) by extension 'ignore'
[0.657s] Level 1:colcon.colcon_core.package_identification:_identify(src/realsense-ros/realsense2_camera) by extension 'ignore_ament_install'
[0.657s] Level 1:colcon.colcon_core.package_identification:_identify(src/realsense-ros/realsense2_camera) by extensions ['colcon_pkg']
[0.657s] Level 1:colcon.colcon_core.package_identification:_identify(src/realsense-ros/realsense2_camera) by extension 'colcon_pkg'
[0.657s] Level 1:colcon.colcon_core.package_identification:_identify(src/realsense-ros/realsense2_camera) by extensions ['colcon_meta']
[0.657s] Level 1:colcon.colcon_core.package_identification:_identify(src/realsense-ros/realsense2_camera) by extension 'colcon_meta'
[0.657s] Level 1:colcon.colcon_core.package_identification:_identify(src/realsense-ros/realsense2_camera) by extensions ['ros']
[0.657s] Level 1:colcon.colcon_core.package_identification:_identify(src/realsense-ros/realsense2_camera) by extension 'ros'
[0.661s] DEBUG:colcon.colcon_core.package_identification:Package 'src/realsense-ros/realsense2_camera' with type 'ros.ament_cmake' and name 'realsense2_camera'
[0.661s] Level 1:colcon.colcon_core.package_identification:_identify(src/realsense-ros/realsense2_camera_msgs) by extensions ['ignore', 'ignore_ament_install']
[0.661s] Level 1:colcon.colcon_core.package_identification:_identify(src/realsense-ros/realsense2_camera_msgs) by extension 'ignore'
[0.661s] Level 1:colcon.colcon_core.package_identification:_identify(src/realsense-ros/realsense2_camera_msgs) by extension 'ignore_ament_install'
[0.662s] Level 1:colcon.colcon_core.package_identification:_identify(src/realsense-ros/realsense2_camera_msgs) by extensions ['colcon_pkg']
[0.662s] Level 1:colcon.colcon_core.package_identification:_identify(src/realsense-ros/realsense2_camera_msgs) by extension 'colcon_pkg'
[0.662s] Level 1:colcon.colcon_core.package_identification:_identify(src/realsense-ros/realsense2_camera_msgs) by extensions ['colcon_meta']
[0.662s] Level 1:colcon.colcon_core.package_identification:_identify(src/realsense-ros/realsense2_camera_msgs) by extension 'colcon_meta'
[0.662s] Level 1:colcon.colcon_core.package_identification:_identify(src/realsense-ros/realsense2_camera_msgs) by extensions ['ros']
[0.662s] Level 1:colcon.colcon_core.package_identification:_identify(src/realsense-ros/realsense2_camera_msgs) by extension 'ros'
[0.662s] DEBUG:colcon.colcon_core.package_identification:Package 'src/realsense-ros/realsense2_camera_msgs' with type 'ros.ament_cmake' and name 'realsense2_camera_msgs'
[0.662s] Level 1:colcon.colcon_core.package_identification:_identify(src/realsense-ros/realsense2_description) by extensions ['ignore', 'ignore_ament_install']
[0.663s] Level 1:colcon.colcon_core.package_identification:_identify(src/realsense-ros/realsense2_description) by extension 'ignore'
[0.663s] Level 1:colcon.colcon_core.package_identification:_identify(src/realsense-ros/realsense2_description) by extension 'ignore_ament_install'
[0.663s] Level 1:colcon.colcon_core.package_identification:_identify(src/realsense-ros/realsense2_description) by extensions ['colcon_pkg']
[0.663s] Level 1:colcon.colcon_core.package_identification:_identify(src/realsense-ros/realsense2_description) by extension 'colcon_pkg'
[0.663s] Level 1:colcon.colcon_core.package_identification:_identify(src/realsense-ros/realsense2_description) by extensions ['colcon_meta']
[0.663s] Level 1:colcon.colcon_core.package_identification:_identify(src/realsense-ros/realsense2_description) by extension 'colcon_meta'
[0.663s] Level 1:colcon.colcon_core.package_identification:_identify(src/realsense-ros/realsense2_description) by extensions ['ros']
[0.663s] Level 1:colcon.colcon_core.package_identification:_identify(src/realsense-ros/realsense2_description) by extension 'ros'
[0.663s] DEBUG:colcon.colcon_core.package_identification:Package 'src/realsense-ros/realsense2_description' with type 'ros.ament_cmake' and name 'realsense2_description'
[0.664s] Level 1:colcon.colcon_core.package_identification:_identify(src/realsense-ros/scripts) by extensions ['ignore', 'ignore_ament_install']
[0.664s] Level 1:colcon.colcon_core.package_identification:_identify(src/realsense-ros/scripts) by extension 'ignore'
[0.664s] Level 1:colcon.colcon_core.package_identification:_identify(src/realsense-ros/scripts) by extension 'ignore_ament_install'
[0.664s] Level 1:colcon.colcon_core.package_identification:_identify(src/realsense-ros/scripts) by extensions ['colcon_pkg']
[0.664s] Level 1:colcon.colcon_core.package_identification:_identify(src/realsense-ros/scripts) by extension 'colcon_pkg'
[0.664s] Level 1:colcon.colcon_core.package_identification:_identify(src/realsense-ros/scripts) by extensions ['colcon_meta']
[0.664s] Level 1:colcon.colcon_core.package_identification:_identify(src/realsense-ros/scripts) by extension 'colcon_meta'
[0.664s] Level 1:colcon.colcon_core.package_identification:_identify(src/realsense-ros/scripts) by extensions ['ros']
[0.664s] Level 1:colcon.colcon_core.package_identification:_identify(src/realsense-ros/scripts) by extension 'ros'
[0.664s] Level 1:colcon.colcon_core.package_identification:_identify(src/realsense-ros/scripts) by extensions ['cmake', 'python']
[0.664s] Level 1:colcon.colcon_core.package_identification:_identify(src/realsense-ros/scripts) by extension 'cmake'
[0.664s] Level 1:colcon.colcon_core.package_identification:_identify(src/realsense-ros/scripts) by extension 'python'
[0.664s] Level 1:colcon.colcon_core.package_identification:_identify(src/realsense-ros/scripts) by extensions ['python_setup_py']
[0.664s] Level 1:colcon.colcon_core.package_identification:_identify(src/realsense-ros/scripts) by extension 'python_setup_py'
[0.664s] Level 1:colcon.colcon_core.package_identification:_identify(src/ros2_net_ft_driver) by extensions ['ignore', 'ignore_ament_install']
[0.665s] Level 1:colcon.colcon_core.package_identification:_identify(src/ros2_net_ft_driver) by extension 'ignore'
[0.665s] Level 1:colcon.colcon_core.package_identification:_identify(src/ros2_net_ft_driver) by extension 'ignore_ament_install'
[0.665s] Level 1:colcon.colcon_core.package_identification:_identify(src/ros2_net_ft_driver) by extensions ['colcon_pkg']
[0.665s] Level 1:colcon.colcon_core.package_identification:_identify(src/ros2_net_ft_driver) by extension 'colcon_pkg'
[0.665s] Level 1:colcon.colcon_core.package_identification:_identify(src/ros2_net_ft_driver) by extensions ['colcon_meta']
[0.665s] Level 1:colcon.colcon_core.package_identification:_identify(src/ros2_net_ft_driver) by extension 'colcon_meta'
[0.665s] Level 1:colcon.colcon_core.package_identification:_identify(src/ros2_net_ft_driver) by extensions ['ros']
[0.665s] Level 1:colcon.colcon_core.package_identification:_identify(src/ros2_net_ft_driver) by extension 'ros'
[0.665s] Level 1:colcon.colcon_core.package_identification:_identify(src/ros2_net_ft_driver) by extensions ['cmake', 'python']
[0.665s] Level 1:colcon.colcon_core.package_identification:_identify(src/ros2_net_ft_driver) by extension 'cmake'
[0.665s] Level 1:colcon.colcon_core.package_identification:_identify(src/ros2_net_ft_driver) by extension 'python'
[0.665s] Level 1:colcon.colcon_core.package_identification:_identify(src/ros2_net_ft_driver) by extensions ['python_setup_py']
[0.665s] Level 1:colcon.colcon_core.package_identification:_identify(src/ros2_net_ft_driver) by extension 'python_setup_py'
[0.665s] Level 1:colcon.colcon_core.package_identification:_identify(src/ros2_net_ft_driver/net_ft_description) by extensions ['ignore', 'ignore_ament_install']
[0.665s] Level 1:colcon.colcon_core.package_identification:_identify(src/ros2_net_ft_driver/net_ft_description) by extension 'ignore'
[0.665s] Level 1:colcon.colcon_core.package_identification:_identify(src/ros2_net_ft_driver/net_ft_description) by extension 'ignore_ament_install'
[0.665s] Level 1:colcon.colcon_core.package_identification:_identify(src/ros2_net_ft_driver/net_ft_description) by extensions ['colcon_pkg']
[0.666s] Level 1:colcon.colcon_core.package_identification:_identify(src/ros2_net_ft_driver/net_ft_description) by extension 'colcon_pkg'
[0.666s] Level 1:colcon.colcon_core.package_identification:_identify(src/ros2_net_ft_driver/net_ft_description) by extensions ['colcon_meta']
[0.666s] Level 1:colcon.colcon_core.package_identification:_identify(src/ros2_net_ft_driver/net_ft_description) by extension 'colcon_meta'
[0.666s] Level 1:colcon.colcon_core.package_identification:_identify(src/ros2_net_ft_driver/net_ft_description) by extensions ['ros']
[0.666s] Level 1:colcon.colcon_core.package_identification:_identify(src/ros2_net_ft_driver/net_ft_description) by extension 'ros'
[0.666s] DEBUG:colcon.colcon_core.package_identification:Package 'src/ros2_net_ft_driver/net_ft_description' with type 'ros.ament_cmake' and name 'net_ft_description'
[0.666s] Level 1:colcon.colcon_core.package_identification:_identify(src/ros2_net_ft_driver/net_ft_diagnostic_broadcaster) by extensions ['ignore', 'ignore_ament_install']
[0.666s] Level 1:colcon.colcon_core.package_identification:_identify(src/ros2_net_ft_driver/net_ft_diagnostic_broadcaster) by extension 'ignore'
[0.666s] Level 1:colcon.colcon_core.package_identification:_identify(src/ros2_net_ft_driver/net_ft_diagnostic_broadcaster) by extension 'ignore_ament_install'
[0.666s] Level 1:colcon.colcon_core.package_identification:_identify(src/ros2_net_ft_driver/net_ft_diagnostic_broadcaster) by extensions ['colcon_pkg']
[0.666s] Level 1:colcon.colcon_core.package_identification:_identify(src/ros2_net_ft_driver/net_ft_diagnostic_broadcaster) by extension 'colcon_pkg'
[0.666s] Level 1:colcon.colcon_core.package_identification:_identify(src/ros2_net_ft_driver/net_ft_diagnostic_broadcaster) by extensions ['colcon_meta']
[0.666s] Level 1:colcon.colcon_core.package_identification:_identify(src/ros2_net_ft_driver/net_ft_diagnostic_broadcaster) by extension 'colcon_meta'
[0.666s] Level 1:colcon.colcon_core.package_identification:_identify(src/ros2_net_ft_driver/net_ft_diagnostic_broadcaster) by extensions ['ros']
[0.666s] Level 1:colcon.colcon_core.package_identification:_identify(src/ros2_net_ft_driver/net_ft_diagnostic_broadcaster) by extension 'ros'
[0.667s] DEBUG:colcon.colcon_core.package_identification:Package 'src/ros2_net_ft_driver/net_ft_diagnostic_broadcaster' with type 'ros.ament_cmake' and name 'net_ft_diagnostic_broadcaster'
[0.667s] Level 1:colcon.colcon_core.package_identification:_identify(src/ros2_net_ft_driver/net_ft_driver) by extensions ['ignore', 'ignore_ament_install']
[0.667s] Level 1:colcon.colcon_core.package_identification:_identify(src/ros2_net_ft_driver/net_ft_driver) by extension 'ignore'
[0.667s] Level 1:colcon.colcon_core.package_identification:_identify(src/ros2_net_ft_driver/net_ft_driver) by extension 'ignore_ament_install'
[0.667s] Level 1:colcon.colcon_core.package_identification:_identify(src/ros2_net_ft_driver/net_ft_driver) by extensions ['colcon_pkg']
[0.667s] Level 1:colcon.colcon_core.package_identification:_identify(src/ros2_net_ft_driver/net_ft_driver) by extension 'colcon_pkg'
[0.668s] Level 1:colcon.colcon_core.package_identification:_identify(src/ros2_net_ft_driver/net_ft_driver) by extensions ['colcon_meta']
[0.668s] Level 1:colcon.colcon_core.package_identification:_identify(src/ros2_net_ft_driver/net_ft_driver) by extension 'colcon_meta'
[0.668s] Level 1:colcon.colcon_core.package_identification:_identify(src/ros2_net_ft_driver/net_ft_driver) by extensions ['ros']
[0.668s] Level 1:colcon.colcon_core.package_identification:_identify(src/ros2_net_ft_driver/net_ft_driver) by extension 'ros'
[0.668s] DEBUG:colcon.colcon_core.package_identification:Package 'src/ros2_net_ft_driver/net_ft_driver' with type 'ros.ament_cmake' and name 'net_ft_driver'
[0.668s] Level 1:colcon.colcon_core.package_identification:_identify(src/ur10e_flex_moveit_config) by extensions ['ignore', 'ignore_ament_install']
[0.668s] Level 1:colcon.colcon_core.package_identification:_identify(src/ur10e_flex_moveit_config) by extension 'ignore'
[0.668s] Level 1:colcon.colcon_core.package_identification:_identify(src/ur10e_flex_moveit_config) by extension 'ignore_ament_install'
[0.668s] Level 1:colcon.colcon_core.package_identification:_identify(src/ur10e_flex_moveit_config) by extensions ['colcon_pkg']
[0.668s] Level 1:colcon.colcon_core.package_identification:_identify(src/ur10e_flex_moveit_config) by extension 'colcon_pkg'
[0.669s] Level 1:colcon.colcon_core.package_identification:_identify(src/ur10e_flex_moveit_config) by extensions ['colcon_meta']
[0.669s] Level 1:colcon.colcon_core.package_identification:_identify(src/ur10e_flex_moveit_config) by extension 'colcon_meta'
[0.669s] Level 1:colcon.colcon_core.package_identification:_identify(src/ur10e_flex_moveit_config) by extensions ['ros']
[0.669s] Level 1:colcon.colcon_core.package_identification:_identify(src/ur10e_flex_moveit_config) by extension 'ros'
[0.669s] DEBUG:colcon.colcon_core.package_identification:Package 'src/ur10e_flex_moveit_config' with type 'ros.ament_cmake' and name 'ur10e_flex_moveit_config'
[0.669s] Level 1:colcon.colcon_core.package_identification:_identify(src/ur10e_ft_rg2_moveit_config) by extensions ['ignore', 'ignore_ament_install']
[0.669s] Level 1:colcon.colcon_core.package_identification:_identify(src/ur10e_ft_rg2_moveit_config) by extension 'ignore'
[0.669s] Level 1:colcon.colcon_core.package_identification:_identify(src/ur10e_ft_rg2_moveit_config) by extension 'ignore_ament_install'
[0.669s] Level 1:colcon.colcon_core.package_identification:_identify(src/ur10e_ft_rg2_moveit_config) by extensions ['colcon_pkg']
[0.669s] Level 1:colcon.colcon_core.package_identification:_identify(src/ur10e_ft_rg2_moveit_config) by extension 'colcon_pkg'
[0.669s] Level 1:colcon.colcon_core.package_identification:_identify(src/ur10e_ft_rg2_moveit_config) by extensions ['colcon_meta']
[0.669s] Level 1:colcon.colcon_core.package_identification:_identify(src/ur10e_ft_rg2_moveit_config) by extension 'colcon_meta'
[0.670s] Level 1:colcon.colcon_core.package_identification:_identify(src/ur10e_ft_rg2_moveit_config) by extensions ['ros']
[0.670s] Level 1:colcon.colcon_core.package_identification:_identify(src/ur10e_ft_rg2_moveit_config) by extension 'ros'
[0.670s] DEBUG:colcon.colcon_core.package_identification:Package 'src/ur10e_ft_rg2_moveit_config' with type 'ros.ament_cmake' and name 'ur10e_ft_rg2_moveit_config'
[0.670s] Level 1:colcon.colcon_core.package_identification:_identify(src/ur10e_gazebo_sim) by extensions ['ignore', 'ignore_ament_install']
[0.670s] Level 1:colcon.colcon_core.package_identification:_identify(src/ur10e_gazebo_sim) by extension 'ignore'
[0.670s] Level 1:colcon.colcon_core.package_identification:_identify(src/ur10e_gazebo_sim) by extension 'ignore_ament_install'
[0.671s] Level 1:colcon.colcon_core.package_identification:_identify(src/ur10e_gazebo_sim) by extensions ['colcon_pkg']
[0.671s] Level 1:colcon.colcon_core.package_identification:_identify(src/ur10e_gazebo_sim) by extension 'colcon_pkg'
[0.671s] Level 1:colcon.colcon_core.package_identification:_identify(src/ur10e_gazebo_sim) by extensions ['colcon_meta']
[0.671s] Level 1:colcon.colcon_core.package_identification:_identify(src/ur10e_gazebo_sim) by extension 'colcon_meta'
[0.671s] Level 1:colcon.colcon_core.package_identification:_identify(src/ur10e_gazebo_sim) by extensions ['ros']
[0.671s] Level 1:colcon.colcon_core.package_identification:_identify(src/ur10e_gazebo_sim) by extension 'ros'
[0.672s] DEBUG:colcon.colcon_core.package_identification:Package 'src/ur10e_gazebo_sim' with type 'ros.ament_cmake' and name 'ur10e_gazebo_sim'
[0.672s] Level 1:colcon.colcon_core.package_discovery:discover_packages(recursive) using defaults
[0.672s] Level 1:colcon.colcon_core.package_discovery:discover_packages(ignore) discover
[0.672s] Level 1:colcon.colcon_core.package_discovery:discover_packages(ignore) using defaults
[0.672s] Level 1:colcon.colcon_core.package_discovery:discover_packages(path) discover
[0.672s] Level 1:colcon.colcon_core.package_discovery:discover_packages(path) using defaults
[0.672s] WARNING:colcon.colcon_core.package_selection:ignoring unknown package 'ur_gazebo_sim' in --packages-select
[0.715s] INFO:colcon.colcon_core.package_selection:Skipping not selected package 'librealsense2' in 'src/librealsense'
[0.715s] INFO:colcon.colcon_core.package_selection:Skipping not selected package 'net_ft_description' in 'src/ros2_net_ft_driver/net_ft_description'
[0.715s] INFO:colcon.colcon_core.package_selection:Skipping not selected package 'net_ft_diagnostic_broadcaster' in 'src/ros2_net_ft_driver/net_ft_diagnostic_broadcaster'
[0.716s] INFO:colcon.colcon_core.package_selection:Skipping not selected package 'net_ft_driver' in 'src/ros2_net_ft_driver/net_ft_driver'
[0.716s] INFO:colcon.colcon_core.package_selection:Skipping not selected package 'onrobot_control' in 'src/onrobot_ros/onrobot_control'
[0.716s] INFO:colcon.colcon_core.package_selection:Skipping not selected package 'onrobot_description' in 'src/onrobot_ros/onrobot_description'
[0.716s] INFO:colcon.colcon_core.package_selection:Skipping not selected package 'onrobot_driver' in 'src/onrobot_ros/onrobot_driver'
[0.716s] INFO:colcon.colcon_core.package_selection:Skipping not selected package 'onrobot_rg_control' in 'src/onrobot-ros2/onrobot_rg_control'
[0.716s] INFO:colcon.colcon_core.package_selection:Skipping not selected package 'onrobot_rg_description' in 'src/onrobot-ros2/onrobot_rg_description'
[0.716s] INFO:colcon.colcon_core.package_selection:Skipping not selected package 'onrobot_rg_modbus_tcp' in 'src/onrobot-ros2/_onrobot_rg_modbus_tcp'
[0.716s] INFO:colcon.colcon_core.package_selection:Skipping not selected package 'onrobot_rg_msgs' in 'src/onrobot-ros2/onrobot_rg_msgs'
[0.716s] INFO:colcon.colcon_core.package_selection:Skipping not selected package 'realsense2_camera_msgs' in 'src/realsense-ros/realsense2_camera_msgs'
[0.716s] INFO:colcon.colcon_core.package_selection:Skipping not selected package 'ur_description' in 'src/Universal_Robots_ROS2_Description'
[0.716s] INFO:colcon.colcon_core.package_selection:Skipping not selected package 'realsense2_camera' in 'src/realsense-ros/realsense2_camera'
[0.716s] INFO:colcon.colcon_core.package_selection:Skipping not selected package 'realsense2_description' in 'src/realsense-ros/realsense2_description'
[0.716s] INFO:colcon.colcon_core.package_selection:Skipping not selected package 'ur10e_gazebo_sim' in 'src/ur10e_gazebo_sim'
[0.716s] INFO:colcon.colcon_core.package_selection:Skipping not selected package 'ur_simulation_gazebo' in 'src/Universal_Robots_ROS2_Gazebo_Simulation/ur_simulation_gazebo'
[0.716s] INFO:colcon.colcon_core.package_selection:Skipping not selected package 'ur10e_flex_moveit_config' in 'src/ur10e_flex_moveit_config'
[0.716s] INFO:colcon.colcon_core.package_selection:Skipping not selected package 'ur10e_ft_rg2_moveit_config' in 'src/ur10e_ft_rg2_moveit_config'
[0.717s] Level 1:colcon.colcon_core.package_discovery:discover_packages(prefix_path) check parameters
[0.717s] Level 1:colcon.colcon_core.package_discovery:discover_packages(prefix_path) discover
[0.732s] DEBUG:colcon.colcon_installed_package_information.package_discovery:Found 19 installed packages in /home/matteo-melzer/gazebo_test/install
[0.733s] DEBUG:colcon.colcon_installed_package_information.package_discovery:Found 60 installed packages in /home/matteo-melzer/ws_moveit/install
[0.734s] DEBUG:colcon.colcon_installed_package_information.package_discovery:Found 5 installed packages in /home/matteo-melzer/ros2_ws/install
[0.736s] DEBUG:colcon.colcon_installed_package_information.package_discovery:Found 397 installed packages in /opt/ros/humble
[0.738s] Level 1:colcon.colcon_core.package_discovery:discover_packages(prefix_path) using defaults
[0.870s] INFO:colcon.colcon_core.executor:Executing jobs using 'parallel' executor
[0.871s] DEBUG:colcon.colcon_parallel_executor.executor.parallel:run_until_complete
[0.872s] DEBUG:colcon.colcon_parallel_executor.executor.parallel:closing loop
[0.872s] DEBUG:colcon.colcon_parallel_executor.executor.parallel:loop closed
[0.872s] DEBUG:colcon.colcon_parallel_executor.executor.parallel:run_until_complete finished with '0'
[0.872s] DEBUG:colcon.colcon_core.event_reactor:joining thread
[0.881s] INFO:colcon.colcon_core.plugin_system:Skipping extension 'colcon_notification.desktop_notification.terminal_notifier': Not used on non-Darwin systems
[0.882s] INFO:colcon.colcon_core.plugin_system:Skipping extension 'colcon_notification.desktop_notification.win32': Not used on non-Windows systems
[0.882s] INFO:colcon.colcon_notification.desktop_notification:Sending desktop notification using 'notify2'
[0.893s] DEBUG:colcon.colcon_core.event_reactor:joined thread
[0.903s] INFO:colcon.colcon_core.plugin_system:Skipping extension 'colcon_core.shell.bat': Not used on non-Windows systems
[0.903s] INFO:colcon.colcon_core.shell:Creating prefix script '/home/matteo-melzer/gazebo_test/install/local_setup.ps1'
[0.905s] INFO:colcon.colcon_core.shell:Creating prefix util module '/home/matteo-melzer/gazebo_test/install/_local_setup_util_ps1.py'
[0.906s] INFO:colcon.colcon_core.shell:Creating prefix chain script '/home/matteo-melzer/gazebo_test/install/setup.ps1'
[0.912s] INFO:colcon.colcon_core.shell:Creating prefix script '/home/matteo-melzer/gazebo_test/install/local_setup.sh'
[0.913s] INFO:colcon.colcon_core.shell:Creating prefix util module '/home/matteo-melzer/gazebo_test/install/_local_setup_util_sh.py'
[0.913s] INFO:colcon.colcon_core.shell:Creating prefix chain script '/home/matteo-melzer/gazebo_test/install/setup.sh'
[0.917s] INFO:colcon.colcon_core.shell:Creating prefix script '/home/matteo-melzer/gazebo_test/install/local_setup.bash'
[0.918s] INFO:colcon.colcon_core.shell:Creating prefix chain script '/home/matteo-melzer/gazebo_test/install/setup.bash'
[0.923s] INFO:colcon.colcon_core.shell:Creating prefix script '/home/matteo-melzer/gazebo_test/install/local_setup.zsh'
[0.924s] INFO:colcon.colcon_core.shell:Creating prefix chain script '/home/matteo-melzer/gazebo_test/install/setup.zsh'
