[0.000000] (-) TimerEvent: {}
[0.000657] (-) JobUnselected: {'identifier': 'librealsense2'}
[0.000747] (-) JobUnselected: {'identifier': 'net_ft_description'}
[0.000829] (-) JobUnselected: {'identifier': 'net_ft_diagnostic_broadcaster'}
[0.000901] (-) JobUnselected: {'identifier': 'net_ft_driver'}
[0.000980] (-) JobUnselected: {'identifier': 'onrobot_control'}
[0.000998] (-) JobUnselected: {'identifier': 'onrobot_description'}
[0.001011] (-) JobUnselected: {'identifier': 'onrobot_driver'}
[0.001023] (-) JobUnselected: {'identifier': 'onrobot_rg_control'}
[0.001034] (-) JobUnselected: {'identifier': 'onrobot_rg_description'}
[0.001045] (-) JobUnselected: {'identifier': 'onrobot_rg_modbus_tcp'}
[0.001057] (-) JobUnselected: {'identifier': 'onrobot_rg_msgs'}
[0.001068] (-) JobUnselected: {'identifier': 'realsense2_camera'}
[0.001079] (-) JobUnselected: {'identifier': 'realsense2_camera_msgs'}
[0.001094] (-) JobUnselected: {'identifier': 'realsense2_description'}
[0.001105] (-) JobUnselected: {'identifier': 'ur10e_flex_moveit_config'}
[0.001116] (-) JobUnselected: {'identifier': 'ur10e_ft_rg2_moveit_config'}
[0.001127] (-) JobUnselected: {'identifier': 'ur10e_gazebo_sim'}
[0.001137] (-) JobUnselected: {'identifier': 'ur_description'}
[0.001148] (-) JobUnselected: {'identifier': 'ur_simulation_gazebo'}
[0.001161] (-) EventReactorShutdown: {}
