[0.728s] Invoking command in '/home/matteo-melzer/gazebo_test/src/onrobot-ros2/_onrobot_rg_modbus_tcp': PYTHONPATH=/home/matteo-melzer/gazebo_test/build/onrobot_rg_modbus_tcp/prefix_override:/usr/lib/python3/dist-packages/colcon_core/task/python/colcon_distutils_commands:/home/matteo-melzer/gazebo_test/install/onrobot_rg_modbus_tcp/lib/python3.10/site-packages:${PYTHONPATH} /usr/bin/python3 -W ignore:setup.py install is deprecated -W ignore:easy_install command is deprecated setup.py egg_info --egg-base ../../../build/onrobot_rg_modbus_tcp build --build-base /home/matteo-melzer/gazebo_test/build/onrobot_rg_modbus_tcp/build install --record /home/matteo-melzer/gazebo_test/build/onrobot_rg_modbus_tcp/install.log --single-version-externally-managed install_data
[1.077s] running egg_info
[1.078s] writing ../../../build/onrobot_rg_modbus_tcp/onrobot_rg_modbus_tcp.egg-info/PKG-INFO
[1.078s] writing dependency_links to ../../../build/onrobot_rg_modbus_tcp/onrobot_rg_modbus_tcp.egg-info/dependency_links.txt
[1.080s] writing entry points to ../../../build/onrobot_rg_modbus_tcp/onrobot_rg_modbus_tcp.egg-info/entry_points.txt
[1.080s] writing requirements to ../../../build/onrobot_rg_modbus_tcp/onrobot_rg_modbus_tcp.egg-info/requires.txt
[1.080s] writing top-level names to ../../../build/onrobot_rg_modbus_tcp/onrobot_rg_modbus_tcp.egg-info/top_level.txt
[1.083s] reading manifest file '../../../build/onrobot_rg_modbus_tcp/onrobot_rg_modbus_tcp.egg-info/SOURCES.txt'
[1.084s] writing manifest file '../../../build/onrobot_rg_modbus_tcp/onrobot_rg_modbus_tcp.egg-info/SOURCES.txt'
[1.084s] running build
[1.085s] running build_py
[1.085s] running install
[1.086s] running install_lib
[1.086s] running install_data
[1.086s] running install_egg_info
[1.088s] removing '/home/matteo-melzer/gazebo_test/install/onrobot_rg_modbus_tcp/lib/python3.10/site-packages/onrobot_rg_modbus_tcp-1.0.0-py3.10.egg-info' (and everything under it)
[1.090s] Copying ../../../build/onrobot_rg_modbus_tcp/onrobot_rg_modbus_tcp.egg-info to /home/matteo-melzer/gazebo_test/install/onrobot_rg_modbus_tcp/lib/python3.10/site-packages/onrobot_rg_modbus_tcp-1.0.0-py3.10.egg-info
[1.090s] running install_scripts
[1.108s] writing list of installed files to '/home/matteo-melzer/gazebo_test/build/onrobot_rg_modbus_tcp/install.log'
[1.128s] Invoked command in '/home/matteo-melzer/gazebo_test/src/onrobot-ros2/_onrobot_rg_modbus_tcp' returned '0': PYTHONPATH=/home/matteo-melzer/gazebo_test/build/onrobot_rg_modbus_tcp/prefix_override:/usr/lib/python3/dist-packages/colcon_core/task/python/colcon_distutils_commands:/home/matteo-melzer/gazebo_test/install/onrobot_rg_modbus_tcp/lib/python3.10/site-packages:${PYTHONPATH} /usr/bin/python3 -W ignore:setup.py install is deprecated -W ignore:easy_install command is deprecated setup.py egg_info --egg-base ../../../build/onrobot_rg_modbus_tcp build --build-base /home/matteo-melzer/gazebo_test/build/onrobot_rg_modbus_tcp/build install --record /home/matteo-melzer/gazebo_test/build/onrobot_rg_modbus_tcp/install.log --single-version-externally-managed install_data
